
================================================================================
          _____________ ________ _______________ ________     _________         
         / ___________// ______ \\_____   _____// ______ \   / ________)        
        / /_________  / /      \ \     | |     / /      \ \ | (_______          
       |  __________|| |        | |    | |    | |        | | \________ \        
        \ \_________ | |        | |    | |     \ \______/ /___________) |       
         \__________||_|        |_|    |_|      \________//____________/        
                                                                                
====================================[ Qcore ]===================================

 Git hash:   15a3e7daff0cda5fa9af010ccd19a80288182ecf
 Git date:   Fri, 16 Apr 2021 15:57:16 +0100
 Compiler:   GNU 9.1.0
 Build type: Release
 Version:    1.1.0

 Start time: Thu Jun 10 05:05:44 2021

 Data directory: /work/zw18965/.local/qcore/share/entos/1.1.0/data
 Number of threads: 24
 Number of threads was determined by: command line argument

 --------------------------------------------------------------------------------
                                command: optimize                                
 --------------------------------------------------------------------------------
 Using coordinate system:                tric
 Hessian update scheme:                  bfgs

 ------------------------------------------------------------------------------------------------------------
                   energy      change    grad rms    grad max    step rms    step max       trust    time (s)
 ------------------------------------------------------------------------------------------------------------
   1       -76.111281153                5.59e-02    1.05e-01                            2.00e-01        0.55
   2       -76.172123300   -6.08e-02    6.11e-02    1.05e-01    2.00e-01    2.17e-01    2.83e-01        0.29
   3       -76.155907777    1.62e-02    5.24e-02    9.86e-02    2.83e-01    2.68e-01    4.00e-01        0.29
   4       -76.211207562   -5.53e-02    6.66e-02    1.20e-01    4.00e-01    4.42e-01    5.66e-01        0.29
   5       -76.286344398   -7.51e-02    8.53e-02    1.93e-01    5.66e-01    6.76e-01    6.00e-01        0.29
   6       -76.354788983   -6.84e-02    6.68e-02    1.58e-01    6.00e-01    7.31e-01    6.00e-01        0.29
   7       -76.426398191   -7.16e-02    2.59e-02    5.20e-02    3.02e-01    3.21e-01    6.00e-01        0.28
   8       -76.433514965   -7.12e-03    2.78e-02    5.04e-02    3.61e-01    3.98e-01    6.00e-01        0.29
   9       -76.437941907   -4.43e-03    2.78e-02    5.65e-02    1.48e-01    1.79e-01    6.00e-01        0.28
  10       -76.440764756   -2.82e-03    9.73e-03    1.69e-02    6.26e-02    8.38e-02    6.00e-01        0.28
Rejecting step due to low quality: Quality: -16.5432 New trust radius: 0.0987165
  11       -76.386360977    5.44e-02    9.73e-03    1.69e-02    1.97e-01    2.51e-01    9.87e-02        0.27
Rejecting step due to low quality: Quality: -5.14256 New trust radius: 0.0493583
  12       -76.428080917    1.27e-02    9.73e-03    1.69e-02    9.87e-02    1.25e-01    4.94e-02        0.28
Rejecting step due to low quality: Quality: -1.74208 New trust radius: 0.0246791
  13       -76.438258323    2.51e-03    9.73e-03    1.69e-02    4.94e-02    6.27e-02    2.47e-02        0.27
  14       -76.440524557    2.40e-04    1.19e-02    1.94e-02    2.47e-02    3.14e-02    1.23e-02        0.25
  15       -76.441037986   -5.13e-04    5.97e-03    9.68e-03    1.23e-02    1.44e-02    1.75e-02        0.27
  16       -76.441192356   -1.54e-04    7.04e-04    1.40e-03    1.10e-02    1.05e-02    1.75e-02        0.28
  17       -76.441194423   -2.07e-06    4.58e-05    9.54e-05    1.59e-03    2.20e-03    1.75e-02        0.24
  18       -76.441194436   -1.27e-08    2.42e-06    5.87e-06    1.93e-04    2.29e-04    1.75e-02        0.23
 Geometry optimization stopped:          thresholds achieved

 Final energy:                         -76.441194436

 -----------
  Final XYZ 
 -----------
3
Final structure: -76.4412 hartree
O            0.000000026          0.000382894         -0.228324182
H            0.000000177         -0.760627273         -0.809661901
H           -0.000000203          0.760244379         -0.811162238

 Structure in entos input format:

  structure(
    xyz = [
      ['O'  ,          0.000000026,          0.000382894,         -0.228324182],
      ['H'  ,          0.000000177,         -0.760627273,         -0.809661901],
      ['H'  ,         -0.000000203,          0.760244379,         -0.811162238]
    ]
  )

 --------------------------------
  Geometry optimization finished 
 --------------------------------
 Saving results in set 'opt'

 --------------------------------------------------------------------------------
                                 command: hessian                                
 --------------------------------------------------------------------------------

WARNING: semianalytic method is specified for dft hessian, which is not efficient. Try switching to 'method = analytic'


 -------------------------------
  Numerical Geometrical Hessian 
 -------------------------------

 Compute hessian using two-point central differentiation.
 Step size (bohr):                       0.0100

 Frequencies (including translational and rotational modes):
 mode    frequency (cm-1)
    0               59.53 i (imaginary)
    1                0.01 i (imaginary)
    2                0.01 i (imaginary)
    3                0.00 i (imaginary)
    4              128.03
    5              132.04
    6             1634.60
    7             3874.46
    8             3980.53

 Project out translational and rotational motions 

 Degrees of freedom for translational and rotational motions: 6

 Vibrational frequencies:
 mode    frequency (cm-1)
    0             1634.60
    1             3874.46
    2             3980.53

 --------------------------------------------------------------------------------

 End time:                               Thu Jun 10 05:05:54 2021
 Total wall-clock time:                 10.298 seconds
==================================================================================
