
================================================================================
          _____________ ________ _______________ ________     _________         
         / ___________// ______ \\_____   _____// ______ \   / ________)        
        / /_________  / /      \ \     | |     / /      \ \ | (_______          
       |  __________|| |        | |    | |    | |        | | \________ \        
        \ \_________ | |        | |    | |     \ \______/ /___________) |       
         \__________||_|        |_|    |_|      \________//____________/        
                                                                                
====================================[ Qcore ]===================================

 Git hash:   15a3e7daff0cda5fa9af010ccd19a80288182ecf
 Git date:   Fri, 16 Apr 2021 15:57:16 +0100
 Compiler:   GNU 9.1.0
 Build type: Release
 Version:    1.1.0

 Start time: Thu Jun 10 05:05:54 2021

 Data directory: /work/zw18965/.local/qcore/share/entos/1.1.0/data
 Number of threads: 24
 Number of threads was determined by: command line argument

 --------------------------------------------------------------------------------
                                command: optimize                                
 --------------------------------------------------------------------------------
 Using coordinate system:                tric
 Hessian update scheme:                  bfgs

 ------------------------------------------------------------------------------------------------------------
                   energy      change    grad rms    grad max    step rms    step max       trust    time (s)
 ------------------------------------------------------------------------------------------------------------
   1      -152.222217990                5.54e-02    9.03e-02                            2.00e-01        1.10
   2      -152.342908187   -1.21e-01    6.06e-02    1.04e-01    2.00e-01    1.88e-01    2.83e-01        0.80
   3      -152.307607641    3.53e-02    5.20e-02    9.83e-02    2.83e-01    2.92e-01    4.00e-01        0.84
   4      -152.435716421   -1.28e-01    6.62e-02    1.13e-01    4.00e-01    4.53e-01    5.66e-01        0.81
   5      -152.608774686   -1.73e-01    8.49e-02    1.65e-01    5.66e-01    6.75e-01    6.00e-01        0.85
   6      -152.728631963   -1.20e-01    6.27e-02    1.24e-01    6.00e-01    7.33e-01    6.00e-01        0.81
   7      -152.843335704   -1.15e-01    4.03e-02    9.52e-02    3.07e-01    3.04e-01    6.00e-01        0.84
Rejecting step due to low quality: Quality: -4.15173 New trust radius: 0.3
   8      -152.160107215    6.83e-01    4.03e-02    9.52e-02    6.00e-01    7.55e-01    3.00e-01        0.84
   9      -152.802350443    4.10e-02    1.36e-01    4.00e-01    3.00e-01    3.78e-01    1.50e-01        0.84
  10      -152.793472184    8.88e-03    1.30e-01    3.49e-01    1.50e-01    2.26e-01    7.50e-02        0.79
  11      -152.846520491   -5.30e-02    7.46e-02    1.95e-01    7.50e-02    8.76e-02    1.06e-01        0.76
  12      -152.870406016   -2.39e-02    4.84e-02    1.35e-01    1.06e-01    1.35e-01    1.50e-01        0.80
  13      -152.880295114   -9.89e-03    1.35e-02    4.07e-02    1.50e-01    2.08e-01    1.50e-01        0.84
  14      -152.882144634   -1.85e-03    1.06e-02    2.53e-02    5.22e-02    7.54e-02    1.50e-01        0.75
Rejecting step due to low quality: Quality: -1.70059 New trust radius: 0.0285358
  15      -152.880036894    2.11e-03    1.06e-02    2.53e-02    5.71e-02    9.93e-02    2.85e-02        0.77
  16      -152.882207414   -6.28e-05    1.10e-02    2.65e-02    2.85e-02    4.97e-02    1.43e-02        0.75
  17      -152.882571859   -3.64e-04    8.11e-03    1.89e-02    1.43e-02    2.34e-02    1.43e-02        0.73
  18      -152.883035027   -4.63e-04    4.95e-03    1.15e-02    1.43e-02    2.46e-02    2.02e-02        0.77
  19      -152.883293765   -2.59e-04    3.64e-04    7.08e-04    2.02e-02    2.87e-02    2.85e-02        0.74
  20      -152.883300610   -6.85e-06    1.76e-04    4.34e-04    5.37e-03    6.81e-03    2.85e-02        0.75
  21      -152.883309740   -9.13e-06    2.57e-04    4.80e-04    9.35e-03    1.66e-02    2.85e-02        0.74
  22      -152.883330727   -2.10e-05    8.14e-04    1.59e-03    2.85e-02    5.15e-02    4.04e-02        0.77
  23      -152.883346232   -1.55e-05    1.41e-03    2.59e-03    3.45e-02    6.03e-02    5.71e-02        0.77
  24      -152.883376591   -3.04e-05    7.70e-04    1.33e-03    1.73e-02    2.53e-02    5.71e-02        0.74
  25      -152.883410033   -3.34e-05    1.30e-03    3.10e-03    5.71e-02    9.03e-02    8.07e-02        0.78
  26      -152.883454029   -4.40e-05    8.78e-04    2.42e-03    4.36e-02    5.69e-02    8.07e-02        0.78
  27      -152.883454269   -2.40e-07    2.46e-03    6.41e-03    8.07e-02    1.15e-01    4.04e-02        0.75
  28      -152.883528943   -7.47e-05    5.80e-04    1.33e-03    1.13e-02    1.62e-02    4.04e-02        0.72
  29      -152.883562142   -3.32e-05    3.54e-04    7.99e-04    4.04e-02    4.87e-02    5.71e-02        0.71
  30      -152.883599939   -3.78e-05    4.78e-04    1.02e-03    5.71e-02    6.97e-02    8.07e-02        0.75
  31      -152.883636732   -3.68e-05    1.57e-03    4.51e-03    8.07e-02    9.58e-02    1.14e-01        0.75
  32      -152.883689029   -5.23e-05    2.21e-03    6.27e-03    9.13e-02    1.01e-01    1.14e-01        0.79
  33      -152.883805016   -1.16e-04    1.86e-03    4.09e-03    1.14e-01    1.26e-01    1.61e-01        0.79
  34      -152.883930117   -1.25e-04    2.81e-03    6.99e-03    1.61e-01    1.75e-01    2.28e-01        0.77
  35      -152.884185425   -2.55e-04    3.33e-03    8.00e-03    2.28e-01    2.47e-01    3.23e-01        0.82
  36      -152.884645741   -4.60e-04    4.43e-03    9.96e-03    3.23e-01    3.48e-01    4.57e-01        0.84
  37      -152.885310323   -6.65e-04    8.44e-03    2.09e-02    4.78e-01    5.13e-01    6.00e-01        0.88
  38      -152.885856675   -5.46e-04    1.52e-02    3.23e-02    6.06e-01    6.45e-01    6.00e-01        0.95
  39      -152.888213643   -2.36e-03    8.98e-03    2.01e-02    1.35e-01    1.62e-01    6.00e-01        0.91
  40      -152.887929727    2.84e-04    8.27e-03    2.35e-02    3.08e-01    3.51e-01    1.54e-01        0.97
  41      -152.888468322   -5.39e-04    9.00e-03    1.95e-02    1.54e-01    1.61e-01    1.54e-01        0.93
  42      -152.888311771    1.57e-04    1.12e-02    3.41e-02    5.38e-02    6.64e-02    2.69e-02        0.95
  43      -152.888796566   -4.85e-04    7.38e-03    2.03e-02    2.69e-02    2.82e-02    3.80e-02        0.92
  44      -152.889181730   -3.85e-04    2.12e-03    4.29e-03    3.80e-02    5.59e-02    3.80e-02        0.93
  45      -152.889233566   -5.18e-05    6.71e-04    1.44e-03    2.10e-02    3.03e-02    3.80e-02        0.91
  46      -152.889238759   -5.19e-06    4.72e-04    1.01e-03    1.76e-03    1.93e-03    3.80e-02        0.82
  47      -152.889249848   -1.11e-05    5.39e-04    1.09e-03    6.35e-03    7.36e-03    3.80e-02        0.87
  48      -152.889259514   -9.67e-06    7.13e-04    1.71e-03    5.87e-03    8.09e-03    3.80e-02        0.86
  49      -152.889292357   -3.28e-05    1.21e-03    3.57e-03    2.25e-02    3.66e-02    3.80e-02        0.92
  50      -152.889340541   -4.82e-05    1.77e-03    5.41e-03    3.77e-02    6.50e-02    5.38e-02        0.92
  51      -152.889407371   -6.68e-05    2.06e-03    5.67e-03    4.56e-02    8.17e-02    7.61e-02        0.90
  52      -152.889494730   -8.74e-05    1.22e-03    2.39e-03    4.02e-02    7.55e-02    7.61e-02        0.90
  53      -152.889520099   -2.54e-05    3.70e-04    8.58e-04    1.54e-02    2.91e-02    7.61e-02        0.87
  54      -152.889528222   -8.12e-06    1.14e-03    2.47e-03    4.20e-02    7.71e-02    7.61e-02        0.88
  55      -152.889542247   -1.40e-05    3.68e-04    7.96e-04    7.58e-03    1.11e-02    7.61e-02        0.85
  56      -152.889549251   -7.00e-06    1.85e-04    3.69e-04    1.34e-02    2.20e-02    7.61e-02        0.90
  57      -152.889552008   -2.76e-06    1.72e-04    3.72e-04    1.29e-02    2.27e-02    7.61e-02        0.86
  58      -152.889553670   -1.66e-06    1.61e-04    2.95e-04    8.46e-03    1.55e-02    7.61e-02        0.87
  59      -152.889556225   -2.55e-06    1.79e-04    3.91e-04    1.19e-02    2.44e-02    7.61e-02        0.88
  60      -152.889559962   -3.74e-06    2.15e-04    4.39e-04    1.69e-02    3.70e-02    7.61e-02        0.88
  61      -152.889567280   -7.32e-06    5.30e-04    1.20e-03    3.60e-02    8.11e-02    7.61e-02        0.91
Rejecting step due to low quality: Quality: -1.20446 New trust radius: 0.0350615
  62      -152.889554035    1.32e-05    5.30e-04    1.20e-03    7.01e-02    1.60e-01    3.51e-02        0.96
  63      -152.889573845   -6.57e-06    1.07e-03    2.61e-03    3.49e-02    8.02e-02    4.96e-02        0.91
  64      -152.889586350   -1.25e-05    1.00e-03    2.22e-03    3.13e-02    5.82e-02    4.96e-02        0.91
  65      -152.889595937   -9.59e-06    1.69e-03    4.16e-03    4.73e-02    1.14e-01    4.96e-02        0.97
  66      -152.889605207   -9.27e-06    1.48e-03    3.66e-03    1.55e-02    2.67e-02    4.96e-02        0.90
  67      -152.889628048   -2.28e-05    5.90e-04    1.04e-03    1.57e-02    2.87e-02    4.96e-02        0.93
  68      -152.889637290   -9.24e-06    1.03e-03    2.35e-03    2.60e-02    6.48e-02    4.96e-02        0.92
  69      -152.889655613   -1.83e-05    1.24e-03    2.55e-03    2.49e-02    6.95e-02    4.96e-02        0.91
  70      -152.889704404   -4.88e-05    1.97e-03    4.20e-03    4.96e-02    1.56e-01    7.01e-02        0.94
  71      -152.889773673   -6.93e-05    3.03e-03    6.43e-03    7.01e-02    2.40e-01    7.01e-02        0.97
  72      -152.889775227   -1.55e-06    3.25e-03    8.43e-03    4.81e-02    6.78e-02    2.40e-02        0.95
  73      -152.889908692   -1.33e-04    1.66e-03    4.45e-03    2.41e-02    4.99e-02    3.40e-02        0.87
  74      -152.890010660   -1.02e-04    7.74e-04    1.89e-03    3.46e-02    9.25e-02    4.81e-02        0.88
  75      -152.890057358   -4.67e-05    2.40e-03    5.92e-03    4.83e-02    1.13e-01    4.81e-02        0.88
  76      -152.890087958   -3.06e-05    1.44e-03    2.97e-03    1.32e-02    2.98e-02    4.81e-02        0.89
  77      -152.890122025   -3.41e-05    1.06e-03    2.40e-03    1.40e-02    2.42e-02    4.81e-02        0.91
  78      -152.890168743   -4.67e-05    1.42e-03    3.72e-03    4.65e-02    6.73e-02    6.80e-02        0.89
  79      -152.890196813   -2.81e-05    9.38e-04    1.98e-03    2.01e-02    2.40e-02    6.80e-02        0.88
  80      -152.890231178   -3.44e-05    9.38e-04    1.85e-03    4.57e-02    6.02e-02    6.80e-02        0.90
  81      -152.890262762   -3.16e-05    8.40e-04    2.34e-03    2.81e-02    3.64e-02    6.80e-02        0.87
  82      -152.890284520   -2.18e-05    1.01e-03    2.38e-03    3.38e-02    5.19e-02    6.80e-02        0.93
  83      -152.890310668   -2.61e-05    5.56e-04    1.47e-03    2.94e-02    4.03e-02    6.80e-02        0.89
  84      -152.890317392   -6.72e-06    1.57e-03    3.01e-03    6.80e-02    8.49e-02    6.80e-02        0.89
  85      -152.890344217   -2.68e-05    2.58e-04    4.47e-04    2.95e-02    4.15e-02    6.80e-02        0.86
  86      -152.890359231   -1.50e-05    4.26e-04    1.10e-03    1.57e-02    2.43e-02    6.80e-02        0.92
  87      -152.890373885   -1.47e-05    1.39e-03    2.83e-03    6.80e-02    9.41e-02    6.80e-02        0.96
  88      -152.890399215   -2.53e-05    5.83e-04    1.51e-03    3.10e-02    3.91e-02    6.80e-02        0.91
  89      -152.890420740   -2.15e-05    5.13e-04    1.30e-03    2.52e-02    3.05e-02    6.80e-02        0.89
  90      -152.890432543   -1.18e-05    1.37e-03    2.54e-03    6.79e-02    8.47e-02    6.80e-02        0.95
  91      -152.890451186   -1.86e-05    2.54e-04    5.60e-04    3.00e-02    4.37e-02    6.80e-02        0.92
  92      -152.890458205   -7.02e-06    1.37e-04    3.41e-04    1.91e-02    2.83e-02    6.80e-02        0.93
  93      -152.890460887   -2.68e-06    3.83e-04    1.08e-03    2.35e-02    3.50e-02    6.80e-02        0.93
  94      -152.890461834   -9.47e-07    2.17e-04    5.40e-04    3.10e-03    4.55e-03    6.80e-02        0.88
  95      -152.890462386   -5.52e-07    1.68e-04    3.11e-04    2.39e-03    5.09e-03    6.80e-02        0.89
  96      -152.890462960   -5.74e-07    1.46e-04    2.79e-04    6.69e-03    9.79e-03    6.80e-02        0.87
  97      -152.890463404   -4.43e-07    8.84e-05    1.85e-04    6.13e-03    9.02e-03    6.80e-02        0.82
  98      -152.890463578   -1.74e-07    5.70e-05    1.17e-04    1.46e-03    2.58e-03    6.80e-02        0.82
  99      -152.890463669   -9.08e-08    4.88e-05    9.63e-05    1.88e-03    2.29e-03    6.80e-02        0.78
 100      -152.890463719   -5.01e-08    4.12e-05    8.83e-05    1.92e-03    2.56e-03    6.80e-02        0.80
 101      -152.890463762   -4.30e-08    3.19e-05    6.77e-05    1.25e-03    1.70e-03    6.80e-02        0.82
 102      -152.890463780   -1.76e-08    2.94e-05    6.12e-05    7.13e-04    1.23e-03    6.80e-02        0.79
 103      -152.890463815   -3.53e-08    3.64e-05    8.17e-05    5.56e-04    1.37e-03    6.80e-02        0.80
 104      -152.890463874   -5.87e-08    4.86e-05    1.33e-04    1.05e-03    2.43e-03    6.80e-02        0.81
 105      -152.890463997   -1.24e-07    6.36e-05    1.77e-04    2.13e-03    4.82e-03    6.80e-02        0.86
 106      -152.890464191   -1.94e-07    7.41e-05    1.79e-04    3.67e-03    8.48e-03    6.80e-02        0.88
 107      -152.890464432   -2.41e-07    6.99e-05    1.70e-04    4.08e-03    9.72e-03    6.80e-02        0.87
 108      -152.890464599   -1.66e-07    5.47e-05    1.19e-04    2.25e-03    5.60e-03    6.80e-02        0.87
 109      -152.890464737   -1.38e-07    4.17e-05    8.81e-05    1.65e-03    2.84e-03    6.80e-02        0.91
 110      -152.890464881   -1.44e-07    4.52e-05    1.17e-04    2.00e-03    3.86e-03    6.80e-02        0.82
 111      -152.890465125   -2.44e-07    6.40e-05    1.56e-04    3.17e-03    7.98e-03    6.80e-02        0.89
 112      -152.890465531   -4.06e-07    8.44e-05    1.99e-04    3.85e-03    1.61e-02    6.80e-02        0.90
 113      -152.890466015   -4.84e-07    8.17e-05    2.22e-04    2.87e-03    2.22e-02    6.80e-02        0.86
 114      -152.890466456   -4.41e-07    7.64e-05    1.54e-04    1.43e-03    2.02e-02    6.80e-02        0.88
 115      -152.890466718   -2.61e-07    7.28e-05    1.33e-04    1.54e-03    1.43e-02    6.80e-02        0.83
 116      -152.890466946   -2.29e-07    7.46e-05    1.51e-04    2.42e-03    1.27e-02    6.80e-02        0.87
 117      -152.890467156   -2.10e-07    4.60e-05    1.23e-04    3.03e-03    9.41e-03    6.80e-02        0.86
 118      -152.890467256   -9.98e-08    3.07e-05    7.24e-05    2.63e-03    6.09e-03    6.80e-02        0.85
 119      -152.890467277   -2.06e-08    1.92e-05    3.70e-05    9.68e-04    1.97e-03    6.80e-02        0.81
 120      -152.890467295   -1.85e-08    1.34e-05    3.55e-05    5.35e-04    2.89e-03    6.80e-02        0.80
 121      -152.890467296   -2.75e-10    1.38e-05    4.17e-05    3.51e-04    1.09e-03    1.75e-04        0.79
 Geometry optimization stopped:          thresholds achieved

 Final energy:                        -152.890467296

 -----------
  Final XYZ 
 -----------
6
Final structure: -152.89 hartree
O            0.405831678          1.254635242         -0.010906469
H           -0.373282207          1.809484670         -0.033561902
H            0.072854241          0.347900154         -0.021767571
O           -0.347354961         -1.545910067         -0.007139270
H            0.111150873         -1.987111708         -0.723831233
H           -0.001012703         -1.935401756          0.797206445

 Structure in entos input format:

  structure(
    xyz = [
      ['O'  ,          0.405831678,          1.254635242,         -0.010906469],
      ['H'  ,         -0.373282207,          1.809484670,         -0.033561902],
      ['H'  ,          0.072854241,          0.347900154,         -0.021767571],
      ['O'  ,         -0.347354961,         -1.545910067,         -0.007139270],
      ['H'  ,          0.111150873,         -1.987111708,         -0.723831233],
      ['H'  ,         -0.001012703,         -1.935401756,          0.797206445]
    ]
  )

 --------------------------------
  Geometry optimization finished 
 --------------------------------
 Saving results in set 'opt'

 --------------------------------------------------------------------------------
                                 command: hessian                                
 --------------------------------------------------------------------------------

WARNING: semianalytic method is specified for dft hessian, which is not efficient. Try switching to 'method = analytic'


 -------------------------------
  Numerical Geometrical Hessian 
 -------------------------------

 Compute hessian using two-point central differentiation.
 Step size (bohr):                       0.0100

 Frequencies (including translational and rotational modes):
 mode    frequency (cm-1)
    0                0.06 i (imaginary)
    1                0.05 i (imaginary)
    2                0.02 i (imaginary)
    3                8.83
    4               17.60
    5              127.14
    6              162.66
    7              176.76
    8              192.64
    9              224.37
   10              385.85
   11              633.42
   12             1639.43
   13             1657.59
   14             3745.61
   15             3867.10
   16             3949.07
   17             3969.44

 Project out translational and rotational motions 

 Degrees of freedom for translational and rotational motions: 6

 Vibrational frequencies:
 mode    frequency (cm-1)
    0              161.50
    1              174.09
    2              192.28
    3              224.14
    4              385.78
    5              633.41
    6             1639.42
    7             1657.59
    8             3745.61
    9             3867.10
   10             3949.07
   11             3969.44

 --------------------------------------------------------------------------------

 End time:                               Thu Jun 10 05:08:10 2021
 Total wall-clock time:                136.449 seconds
==================================================================================
