
================================================================================
          _____________ ________ _______________ ________     _________         
         / ___________// ______ \\_____   _____// ______ \   / ________)        
        / /_________  / /      \ \     | |     / /      \ \ | (_______          
       |  __________|| |        | |    | |    | |        | | \________ \        
        \ \_________ | |        | |    | |     \ \______/ /___________) |       
         \__________||_|        |_|    |_|      \________//____________/        
                                                                                
====================================[ Qcore ]===================================

 Git hash:   15a3e7daff0cda5fa9af010ccd19a80288182ecf
 Git date:   Fri, 16 Apr 2021 15:57:16 +0100
 Compiler:   GNU 9.1.0
 Build type: Release
 Version:    1.1.0

 Start time: Thu Jun 10 05:08:11 2021

 Data directory: /work/zw18965/.local/qcore/share/entos/1.1.0/data
 Number of threads: 24
 Number of threads was determined by: command line argument

 --------------------------------------------------------------------------------
                                command: optimize                                
 --------------------------------------------------------------------------------
 Using coordinate system:                tric
 Hessian update scheme:                  bfgs

 ------------------------------------------------------------------------------------------------------------
                   energy      change    grad rms    grad max    step rms    step max       trust    time (s)
 ------------------------------------------------------------------------------------------------------------
   1      -229.349174429                1.11e-03    1.90e-03                            2.00e-01        2.72
   2      -229.349227122   -5.27e-05    4.23e-04    6.77e-04    1.47e-02    9.62e-03    2.00e-01        2.18
   3      -229.349258521   -3.14e-05    2.91e-04    8.13e-04    2.46e-02    1.97e-02    2.00e-01        2.19
   4      -229.349265541   -7.02e-06    2.02e-04    6.12e-04    3.90e-03    7.68e-03    2.00e-01        2.13
   5      -229.349282130   -1.66e-05    1.68e-04    3.57e-04    1.60e-02    3.43e-02    2.00e-01        2.21
   6      -229.349289358   -7.23e-06    1.70e-04    3.62e-04    1.36e-02    2.56e-02    2.00e-01        2.18
   7      -229.349292646   -3.29e-06    9.21e-05    1.98e-04    1.00e-02    1.45e-02    2.00e-01        2.14
   8      -229.349293657   -1.01e-06    5.17e-05    1.29e-04    4.33e-03    6.72e-03    2.00e-01        2.17
   9      -229.349294068   -4.11e-07    3.88e-05    8.88e-05    2.32e-03    3.62e-03    2.00e-01        2.09
  10      -229.349294293   -2.25e-07    2.50e-05    5.13e-05    1.27e-03    1.89e-03    2.00e-01        2.12
  11      -229.349294467   -1.74e-07    2.39e-05    6.96e-05    1.11e-03    2.27e-03    2.00e-01        1.96
  12      -229.349294733   -2.66e-07    4.48e-05    1.25e-04    1.94e-03    4.03e-03    2.00e-01        2.09
  13      -229.349295169   -4.36e-07    6.72e-05    1.84e-04    3.53e-03    7.25e-03    2.00e-01        2.09
  14      -229.349295675   -5.06e-07    6.74e-05    1.78e-04    4.73e-03    9.43e-03    2.00e-01        2.14
  15      -229.349296084   -4.09e-07    4.21e-05    9.97e-05    3.79e-03    8.50e-03    2.00e-01        2.06
  16      -229.349296422   -3.38e-07    2.58e-05    6.14e-05    2.20e-03    7.04e-03    2.00e-01        2.16
  17      -229.349296832   -4.10e-07    5.19e-05    1.10e-04    1.72e-03    8.86e-03    2.00e-01        2.09
  18      -229.349297600   -7.68e-07    9.65e-05    1.86e-04    2.42e-03    1.79e-02    2.00e-01        2.16
  19      -229.349298938   -1.34e-06    1.46e-04    3.30e-04    3.52e-03    3.55e-02    2.00e-01        2.22
  20      -229.349300958   -2.02e-06    1.73e-04    4.49e-04    4.35e-03    5.12e-02    2.00e-01        2.35
  21      -229.349303486   -2.53e-06    1.46e-04    3.96e-04    6.37e-03    4.67e-02    2.00e-01        2.25
  22      -229.349305921   -2.43e-06    9.40e-05    2.54e-04    5.66e-03    3.36e-02    2.00e-01        2.11
  23      -229.349307236   -1.32e-06    7.43e-05    1.53e-04    4.40e-03    1.10e-02    2.00e-01        2.15
  24      -229.349307683   -4.47e-07    4.48e-05    9.01e-05    2.53e-03    7.80e-03    2.00e-01        2.03
  25      -229.349307906   -2.23e-07    1.90e-05    4.34e-05    1.82e-03    2.81e-03    2.00e-01        2.04
  26      -229.349308034   -1.28e-07    2.89e-05    8.36e-05    1.53e-03    7.49e-03    2.00e-01        2.16
  27      -229.349308197   -1.63e-07    3.74e-05    1.09e-04    1.24e-03    2.81e-03    2.00e-01        2.08
  28      -229.349308503   -3.06e-07    3.87e-05    9.57e-05    3.06e-03    8.74e-03    2.00e-01        2.16
  29      -229.349308667   -1.63e-07    2.28e-05    4.45e-05    1.81e-03    4.95e-03    2.00e-01        2.03
  30      -229.349308754   -8.71e-08    1.24e-05    2.68e-05    1.01e-03    3.06e-03    2.00e-01        1.98
  31      -229.349308808   -5.46e-08    2.03e-05    6.10e-05    4.31e-04    1.87e-03    2.00e-01        1.88
  32      -229.349308971   -1.63e-07    3.57e-05    9.89e-05    6.13e-04    3.99e-03    2.00e-01        1.93
  33      -229.349309264   -2.93e-07    5.18e-05    1.28e-04    8.93e-04    8.17e-03    2.00e-01        2.02
  34      -229.349309750   -4.86e-07    6.15e-05    1.31e-04    1.33e-03    1.83e-02    2.00e-01        2.12
  35      -229.349310343   -5.92e-07    5.03e-05    1.25e-04    1.71e-03    2.61e-02    2.00e-01        2.10
  36      -229.349310781   -4.38e-07    2.17e-05    6.25e-05    2.08e-03    2.00e-02    2.00e-01        2.14
  37      -229.349310899   -1.18e-07    9.12e-06    1.93e-05    1.40e-03    2.68e-03    2.00e-01        2.10
  38      -229.349310908   -8.80e-09    7.46e-06    1.24e-05    5.16e-04    1.40e-03    2.00e-01        2.02
  39      -229.349310924   -1.61e-08    4.08e-06    8.22e-06    2.93e-04    1.73e-03    2.00e-01        2.01
  40      -229.349310926   -1.98e-09    1.44e-06    3.34e-06    1.31e-04    4.49e-04    2.00e-01        1.89
 Geometry optimization stopped:          thresholds achieved

 Final energy:                        -229.349310926

 -----------
  Final XYZ 
 -----------
9
Final structure: -229.349 hartree
O           -1.482230233         -0.636365606          0.000175950
H           -0.612479671         -1.060865221         -0.087572925
H           -1.931880167         -1.090475264          0.712331941
O            1.280752735         -0.925883675         -0.288720311
H            1.940445765         -1.234691208          0.331739354
H            1.198241685          0.031888649         -0.141712040
O            0.182310878          1.584801869          0.205364803
H           -0.616074790          1.029972835          0.192269725
H            0.051145796          2.252811622         -0.467425499

 Structure in entos input format:

  structure(
    xyz = [
      ['O'  ,         -1.482230233,         -0.636365606,          0.000175950],
      ['H'  ,         -0.612479671,         -1.060865221,         -0.087572925],
      ['H'  ,         -1.931880167,         -1.090475264,          0.712331941],
      ['O'  ,          1.280752735,         -0.925883675,         -0.288720311],
      ['H'  ,          1.940445765,         -1.234691208,          0.331739354],
      ['H'  ,          1.198241685,          0.031888649,         -0.141712040],
      ['O'  ,          0.182310878,          1.584801869,          0.205364803],
      ['H'  ,         -0.616074790,          1.029972835,          0.192269725],
      ['H'  ,          0.051145796,          2.252811622,         -0.467425499]
    ]
  )

 --------------------------------
  Geometry optimization finished 
 --------------------------------
 Saving results in set 'opt'

 --------------------------------------------------------------------------------
                                 command: hessian                                
 --------------------------------------------------------------------------------

WARNING: semianalytic method is specified for dft hessian, which is not efficient. Try switching to 'method = analytic'


 -------------------------------
  Numerical Geometrical Hessian 
 -------------------------------

 Compute hessian using two-point central differentiation.
 Step size (bohr):                       0.0100

 Frequencies (including translational and rotational modes):
 mode    frequency (cm-1)
    0                0.07 i (imaginary)
    1                0.05 i (imaginary)
    2                0.03 i (imaginary)
    3               19.43
    4               24.77
    5               27.21
    6              185.90
    7              192.54
    8              222.50
    9              238.10
   10              257.24
   11              284.64
   12              375.31
   13              389.20
   14              470.09
   15              604.80
   16              689.13
   17              902.94
   18             1647.85
   19             1656.45
   20             1675.01
   21             3596.86
   22             3660.46
   23             3667.84
   24             3940.37
   25             3943.74
   26             3945.09

 Project out translational and rotational motions 

 Degrees of freedom for translational and rotational motions: 6

 Vibrational frequencies:
 mode    frequency (cm-1)
    0              185.90
    1              192.54
    2              222.49
    3              238.05
    4              257.17
    5              284.44
    6              375.23
    7              389.11
    8              470.08
    9              604.80
   10              689.13
   11              902.93
   12             1647.85
   13             1656.45
   14             1675.01
   15             3596.86
   16             3660.46
   17             3667.84
   18             3940.37
   19             3943.74
   20             3945.09

 --------------------------------------------------------------------------------

 End time:                               Thu Jun 10 05:11:34 2021
 Total wall-clock time:                202.949 seconds
==================================================================================
