
================================================================================
          _____________ ________ _______________ ________     _________         
         / ___________// ______ \\_____   _____// ______ \   / ________)        
        / /_________  / /      \ \     | |     / /      \ \ | (_______          
       |  __________|| |        | |    | |    | |        | | \________ \        
        \ \_________ | |        | |    | |     \ \______/ /___________) |       
         \__________||_|        |_|    |_|      \________//____________/        
                                                                                
====================================[ Qcore ]===================================

 Git hash:   15a3e7daff0cda5fa9af010ccd19a80288182ecf
 Git date:   Fri, 16 Apr 2021 15:57:16 +0100
 Compiler:   GNU 9.1.0
 Build type: Release
 Version:    1.1.0

 Start time: Thu Jun 10 05:11:34 2021

 Data directory: /work/zw18965/.local/qcore/share/entos/1.1.0/data
 Number of threads: 24
 Number of threads was determined by: command line argument

 --------------------------------------------------------------------------------
                                command: optimize                                
 --------------------------------------------------------------------------------
 Using coordinate system:                tric
 Hessian update scheme:                  bfgs

 ------------------------------------------------------------------------------------------------------------
                   energy      change    grad rms    grad max    step rms    step max       trust    time (s)
 ------------------------------------------------------------------------------------------------------------
   1      -305.810351413                1.17e-03    1.82e-03                            2.00e-01        4.84
   2      -305.810426394   -7.50e-05    4.73e-04    8.85e-04    1.76e-02    1.36e-02    2.00e-01        3.94
   3      -305.810456333   -2.99e-05    1.79e-04    3.13e-04    2.43e-02    1.62e-02    2.00e-01        3.95
   4      -305.810461747   -5.41e-06    5.77e-05    1.04e-04    5.10e-03    3.30e-03    2.00e-01        3.71
   5      -305.810463276   -1.53e-06    4.09e-05    7.75e-05    2.11e-03    2.70e-03    2.00e-01        4.00
   6      -305.810466790   -3.51e-06    6.24e-05    9.73e-05    8.37e-03    1.17e-02    2.00e-01        4.02
   7      -305.810467568   -7.78e-07    3.64e-05    6.17e-05    3.71e-03    5.00e-03    2.00e-01        3.87
   8      -305.810468081   -5.13e-07    2.00e-05    3.65e-05    3.36e-03    3.63e-03    2.00e-01        3.89
   9      -305.810468467   -3.86e-07    3.69e-05    5.47e-05    3.24e-03    2.30e-03    2.00e-01        3.71
  10      -305.810469065   -5.97e-07    4.73e-05    6.87e-05    5.88e-03    3.74e-03    2.00e-01        3.79
  11      -305.810469649   -5.84e-07    3.66e-05    6.11e-05    6.96e-03    5.09e-03    2.00e-01        3.80
  12      -305.810470182   -5.33e-07    3.18e-05    5.76e-05    6.63e-03    5.44e-03    2.00e-01        3.82
  13      -305.810470475   -2.93e-07    3.84e-05    6.31e-05    3.89e-03    3.58e-03    2.00e-01        3.84
  14      -305.810470609   -1.34e-07    2.77e-05    4.51e-05    1.49e-03    1.45e-03    2.00e-01        3.71
  15      -305.810470631   -2.25e-08    1.04e-05    1.89e-05    3.84e-04    2.68e-04    2.00e-01        3.58
 Geometry optimization stopped:          thresholds achieved

 Final energy:                        -305.810470631

 -----------
  Final XYZ 
 -----------
12
Final structure: -305.81 hartree
O            1.367373129         -1.358446847          0.026407489
H            0.397555577         -1.492264826         -0.007643450
H            1.673498529         -1.836282672          0.796906948
O           -1.358443153         -1.367363688         -0.026406134
H           -1.492266130         -0.397546993          0.007638189
H           -1.836276535         -1.673496548         -0.796904311
O           -1.367368158          1.358441590          0.026407900
H           -0.397550105          1.492256278         -0.007636236
H           -1.673497092          1.836278820          0.796905245
O            1.358442890          1.367375372         -0.026409017
H            1.492253002          0.397556570          0.007642258
H            1.836281046          1.673495945         -0.796908881

 Structure in entos input format:

  structure(
    xyz = [
      ['O'  ,          1.367373129,         -1.358446847,          0.026407489],
      ['H'  ,          0.397555577,         -1.492264826,         -0.007643450],
      ['H'  ,          1.673498529,         -1.836282672,          0.796906948],
      ['O'  ,         -1.358443153,         -1.367363688,         -0.026406134],
      ['H'  ,         -1.492266130,         -0.397546993,          0.007638189],
      ['H'  ,         -1.836276535,         -1.673496548,         -0.796904311],
      ['O'  ,         -1.367368158,          1.358441590,          0.026407900],
      ['H'  ,         -0.397550105,          1.492256278,         -0.007636236],
      ['H'  ,         -1.673497092,          1.836278820,          0.796905245],
      ['O'  ,          1.358442890,          1.367375372,         -0.026409017],
      ['H'  ,          1.492253002,          0.397556570,          0.007642258],
      ['H'  ,          1.836281046,          1.673495945,         -0.796908881]
    ]
  )

 --------------------------------
  Geometry optimization finished 
 --------------------------------
 Saving results in set 'opt'

 --------------------------------------------------------------------------------
                                 command: hessian                                
 --------------------------------------------------------------------------------

WARNING: semianalytic method is specified for dft hessian, which is not efficient. Try switching to 'method = analytic'


 -------------------------------
  Numerical Geometrical Hessian 
 -------------------------------

 Compute hessian using two-point central differentiation.
 Step size (bohr):                       0.0100

 Frequencies (including translational and rotational modes):
 mode    frequency (cm-1)
    0                0.19 i (imaginary)
    1                0.17 i (imaginary)
    2                0.03 i (imaginary)
    3                6.79
    4                6.82
    5               21.16
    6               53.55
    7               85.74
    8              214.56
    9              229.73
   10              246.56
   11              246.57
   12              265.11
   13              270.90
   14              270.91
   15              296.54
   16              408.29
   17              439.54
   18              450.11
   19              450.12
   20              759.10
   21              833.54
   22              833.54
   23             1002.88
   24             1649.70
   25             1662.40
   26             1662.40
   27             1690.17
   28             3406.26
   29             3503.97
   30             3503.97
   31             3542.90
   32             3938.38
   33             3938.80
   34             3938.80
   35             3939.79

 Project out translational and rotational motions 

 Degrees of freedom for translational and rotational motions: 6

 Vibrational frequencies:
 mode    frequency (cm-1)
    0               53.49
    1               85.74
    2              214.55
    3              229.73
    4              246.55
    5              246.55
    6              265.11
    7              270.88
    8              270.89
    9              296.52
   10              408.29
   11              439.54
   12              450.10
   13              450.11
   14              759.10
   15              833.54
   16              833.54
   17             1002.88
   18             1649.70
   19             1662.40
   20             1662.40
   21             1690.17
   22             3406.26
   23             3503.97
   24             3503.97
   25             3542.90
   26             3938.38
   27             3938.80
   28             3938.80
   29             3939.79

 --------------------------------------------------------------------------------

 End time:                               Thu Jun 10 05:17:24 2021
 Total wall-clock time:                350.688 seconds
==================================================================================
