
================================================================================
          _____________ ________ _______________ ________     _________         
         / ___________// ______ \\_____   _____// ______ \   / ________)        
        / /_________  / /      \ \     | |     / /      \ \ | (_______          
       |  __________|| |        | |    | |    | |        | | \________ \        
        \ \_________ | |        | |    | |     \ \______/ /___________) |       
         \__________||_|        |_|    |_|      \________//____________/        
                                                                                
====================================[ Qcore ]===================================

 Git hash:   15a3e7daff0cda5fa9af010ccd19a80288182ecf
 Git date:   Fri, 16 Apr 2021 15:57:16 +0100
 Compiler:   GNU 9.1.0
 Build type: Release
 Version:    1.1.0

 Start time: Thu Jun 10 05:17:24 2021

 Data directory: /work/zw18965/.local/qcore/share/entos/1.1.0/data
 Number of threads: 24
 Number of threads was determined by: command line argument

 --------------------------------------------------------------------------------
                                command: optimize                                
 --------------------------------------------------------------------------------
 Using coordinate system:                tric
 Hessian update scheme:                  bfgs

 ------------------------------------------------------------------------------------------------------------
                   energy      change    grad rms    grad max    step rms    step max       trust    time (s)
 ------------------------------------------------------------------------------------------------------------
   1      -382.265716803                1.23e-03    2.24e-03                            2.00e-01        8.28
   2      -382.265818525   -1.02e-04    5.03e-04    9.61e-04    1.63e-02    1.40e-02    2.00e-01        7.12
   3      -382.265874377   -5.59e-05    2.33e-04    4.65e-04    3.06e-02    2.78e-02    2.00e-01        7.00
   4      -382.265883717   -9.34e-06    7.93e-05    2.02e-04    5.62e-03    5.82e-03    2.00e-01        6.81
   5      -382.265885534   -1.82e-06    3.79e-05    9.04e-05    2.23e-03    3.11e-03    2.00e-01        6.76
   6      -382.265888019   -2.48e-06    6.34e-05    1.25e-04    5.57e-03    8.52e-03    2.00e-01        6.64
   7      -382.265889099   -1.08e-06    4.72e-05    8.98e-05    3.71e-03    4.49e-03    2.00e-01        6.54
   8      -382.265889774   -6.75e-07    2.41e-05    7.24e-05    3.39e-03    4.85e-03    2.00e-01        6.65
   9      -382.265890046   -2.71e-07    2.57e-05    7.40e-05    1.73e-03    2.57e-03    2.00e-01        6.64
  10      -382.265890300   -2.54e-07    2.59e-05    5.43e-05    2.04e-03    2.70e-03    2.00e-01        6.73
  11      -382.265890672   -3.72e-07    2.75e-05    7.59e-05    3.05e-03    4.32e-03    2.00e-01        6.59
  12      -382.265891188   -5.15e-07    4.51e-05    1.22e-04    5.04e-03    7.57e-03    2.00e-01        6.65
  13      -382.265891896   -7.08e-07    6.62e-05    1.88e-04    7.87e-03    1.21e-02    2.00e-01        6.90
  14      -382.265892698   -8.02e-07    7.09e-05    2.07e-04    1.04e-02    1.61e-02    2.00e-01        6.74
  15      -382.265893439   -7.41e-07    4.75e-05    1.33e-04    1.03e-02    1.59e-02    2.00e-01        6.71
  16      -382.265894012   -5.73e-07    2.79e-05    8.67e-05    7.27e-03    1.14e-02    2.00e-01        6.80
  17      -382.265894616   -6.04e-07    5.39e-05    1.45e-04    6.24e-03    9.63e-03    2.00e-01        6.72
  18      -382.265895330   -7.14e-07    7.90e-05    1.78e-04    6.39e-03    9.50e-03    2.00e-01        6.74
  19      -382.265895927   -5.97e-07    6.85e-05    1.69e-04    5.88e-03    8.64e-03    2.00e-01        6.72
  20      -382.265896268   -3.42e-07    2.87e-05    8.13e-05    2.53e-03    3.82e-03    2.00e-01        6.82
  21      -382.265896395   -1.27e-07    8.75e-06    1.98e-05    1.09e-03    2.17e-03    2.00e-01        6.27
  22      -382.265896450   -5.44e-08    1.68e-05    4.44e-05    7.11e-04    1.29e-03    2.00e-01        6.32
  23      -382.265896519   -6.93e-08    2.47e-05    6.74e-05    1.17e-03    2.23e-03    2.00e-01        6.52
  24      -382.265896637   -1.18e-07    2.47e-05    7.35e-05    1.84e-03    2.66e-03    2.00e-01        6.55
  25      -382.265896717   -8.00e-08    1.69e-05    4.46e-05    1.69e-03    2.13e-03    2.00e-01        6.42
  26      -382.265896778   -6.18e-08    1.04e-05    2.68e-05    1.13e-03    1.40e-03    2.00e-01        6.38
  27      -382.265896785   -6.90e-09    1.06e-05    3.25e-05    6.27e-04    9.60e-04    2.00e-01        6.60
 Geometry optimization stopped:          thresholds achieved

 Final energy:                        -382.265896785

 -----------
  Final XYZ 
 -----------
15
Final structure: -382.266 hartree
O            2.285293635          0.159345929          0.196187837
O            0.869072730         -2.119079001         -0.155907842
O           -1.755839133         -1.502172682          0.092273445
O           -1.945942426          1.199448921         -0.129333345
O            0.559001338          2.227344177         -0.062862029
H            1.807668362         -0.687001329          0.058744693
H           -0.089224636         -1.929326753         -0.062985030
H           -1.885029724         -0.532142870          0.033042610
H           -1.050908790          1.601776857         -0.112185827
H            1.211692986          1.504660148          0.059060987
H            2.784077835          0.053070664          1.005601018
H            0.965145824         -2.585828058         -0.985624578
H           -2.190940127         -1.780953944          0.897285285
H           -2.493493193          1.747920988          0.431092786
H            0.846650325          2.708369950         -0.838475010

 Structure in entos input format:

  structure(
    xyz = [
      ['O'  ,          2.285293635,          0.159345929,          0.196187837],
      ['O'  ,          0.869072730,         -2.119079001,         -0.155907842],
      ['O'  ,         -1.755839133,         -1.502172682,          0.092273445],
      ['O'  ,         -1.945942426,          1.199448921,         -0.129333345],
      ['O'  ,          0.559001338,          2.227344177,         -0.062862029],
      ['H'  ,          1.807668362,         -0.687001329,          0.058744693],
      ['H'  ,         -0.089224636,         -1.929326753,         -0.062985030],
      ['H'  ,         -1.885029724,         -0.532142870,          0.033042610],
      ['H'  ,         -1.050908790,          1.601776857,         -0.112185827],
      ['H'  ,          1.211692986,          1.504660148,          0.059060987],
      ['H'  ,          2.784077835,          0.053070664,          1.005601018],
      ['H'  ,          0.965145824,         -2.585828058,         -0.985624578],
      ['H'  ,         -2.190940127,         -1.780953944,          0.897285285],
      ['H'  ,         -2.493493193,          1.747920988,          0.431092786],
      ['H'  ,          0.846650325,          2.708369950,         -0.838475010]
    ]
  )

 --------------------------------
  Geometry optimization finished 
 --------------------------------
 Saving results in set 'opt'

 --------------------------------------------------------------------------------
                                 command: hessian                                
 --------------------------------------------------------------------------------

WARNING: semianalytic method is specified for dft hessian, which is not efficient. Try switching to 'method = analytic'


 -------------------------------
  Numerical Geometrical Hessian 
 -------------------------------

 Compute hessian using two-point central differentiation.
 Step size (bohr):                       0.0100

 Frequencies (including translational and rotational modes):
 mode    frequency (cm-1)
    0               13.84 i (imaginary)
    1                0.15 i (imaginary)
    2                0.10 i (imaginary)
    3                0.03 i (imaginary)
    4                4.20
    5               10.70
    6               34.25
    7               40.91
    8               64.77
    9               67.34
   10              178.02
   11              186.85
   12              207.16
   13              240.94
   14              245.97
   15              256.89
   16              268.38
   17              305.78
   18              311.58
   19              314.09
   20              423.86
   21              438.29
   22              460.61
   23              473.42
   24              536.17
   25              729.58
   26              799.27
   27              873.31
   28              886.89
   29              989.17
   30             1654.30
   31             1665.26
   32             1674.48
   33             1692.54
   34             1699.57
   35             3365.09
   36             3451.00
   37             3458.76
   38             3505.82
   39             3512.65
   40             3938.04
   41             3939.68
   42             3941.58
   43             3942.40
   44             3945.12

 Project out translational and rotational motions 

 Degrees of freedom for translational and rotational motions: 6

 Vibrational frequencies:
 mode    frequency (cm-1)
    0               33.03
    1               40.86
    2               64.73
    3               67.32
    4              177.99
    5              186.85
    6              207.12
    7              240.94
    8              245.96
    9              256.89
   10              268.33
   11              305.78
   12              311.57
   13              314.07
   14              423.86
   15              438.29
   16              460.61
   17              473.42
   18              536.16
   19              729.58
   20              799.27
   21              873.31
   22              886.89
   23              989.17
   24             1654.30
   25             1665.26
   26             1674.48
   27             1692.54
   28             1699.57
   29             3365.09
   30             3451.00
   31             3458.76
   32             3505.82
   33             3512.65
   34             3938.04
   35             3939.68
   36             3941.58
   37             3942.40
   38             3945.12

 --------------------------------------------------------------------------------

 End time:                               Thu Jun 10 05:30:42 2021
 Total wall-clock time:                797.930 seconds
==================================================================================
