
================================================================================
          _____________ ________ _______________ ________     _________         
         / ___________// ______ \\_____   _____// ______ \   / ________)        
        / /_________  / /      \ \     | |     / /      \ \ | (_______          
       |  __________|| |        | |    | |    | |        | | \________ \        
        \ \_________ | |        | |    | |     \ \______/ /___________) |       
         \__________||_|        |_|    |_|      \________//____________/        
                                                                                
====================================[ Qcore ]===================================

 Git hash:   15a3e7daff0cda5fa9af010ccd19a80288182ecf
 Git date:   Fri, 16 Apr 2021 15:57:16 +0100
 Compiler:   GNU 9.1.0
 Build type: Release
 Version:    1.1.0

 Start time: Thu Jun 10 05:30:43 2021

 Data directory: /work/zw18965/.local/qcore/share/entos/1.1.0/data
 Number of threads: 24
 Number of threads was determined by: command line argument

 --------------------------------------------------------------------------------
                                command: optimize                                
 --------------------------------------------------------------------------------
 Using coordinate system:                tric
 Hessian update scheme:                  bfgs

 ------------------------------------------------------------------------------------------------------------
                   energy      change    grad rms    grad max    step rms    step max       trust    time (s)
 ------------------------------------------------------------------------------------------------------------
   1      -458.720695497                1.24e-03    2.00e-03                            2.00e-01       12.14
   2      -458.720830866   -1.35e-04    5.18e-04    9.16e-04    1.64e-02    1.20e-02    2.00e-01       10.57
   3      -458.720912605   -8.17e-05    1.63e-04    3.16e-04    2.96e-02    2.55e-02    2.00e-01       10.73
   4      -458.720921237   -8.63e-06    1.55e-04    3.21e-04    9.03e-03    6.76e-03    2.00e-01       10.55
   5      -458.720924317   -3.08e-06    4.18e-05    1.17e-04    3.30e-03    2.60e-03    2.00e-01        9.81
   6      -458.720925137   -8.20e-07    3.51e-05    8.47e-05    1.44e-03    2.72e-03    2.00e-01       10.37
   7      -458.720926512   -1.37e-06    5.80e-05    1.05e-04    3.34e-03    7.24e-03    2.00e-01       10.60
   8      -458.720927110   -5.98e-07    3.94e-05    8.13e-05    2.26e-03    5.31e-03    2.00e-01       10.28
   9      -458.720927353   -2.43e-07    1.37e-05    3.86e-05    1.32e-03    2.24e-03    2.00e-01        9.93
  10      -458.720927520   -1.67e-07    1.79e-05    4.51e-05    1.08e-03    1.46e-03    2.00e-01       10.29
  11      -458.720927795   -2.75e-07    3.79e-05    7.61e-05    2.23e-03    2.86e-03    2.00e-01       10.23
  12      -458.720928283   -4.87e-07    5.13e-05    8.97e-05    5.03e-03    5.99e-03    2.00e-01       10.66
  13      -458.720928632   -3.50e-07    3.50e-05    6.90e-05    4.65e-03    5.62e-03    2.00e-01       10.61
  14      -458.720928829   -1.97e-07    1.04e-05    2.69e-05    1.97e-03    2.93e-03    2.00e-01        9.84
  15      -458.720928877   -4.76e-08    1.23e-05    3.41e-05    7.00e-04    1.46e-03    2.00e-01        9.60
  16      -458.720928945   -6.87e-08    2.67e-05    5.70e-05    9.33e-04    2.27e-03    2.00e-01        9.81
  17      -458.720929133   -1.88e-07    4.05e-05    7.39e-05    2.05e-03    5.25e-03    2.00e-01       10.27
  18      -458.720929527   -3.93e-07    4.30e-05    8.27e-05    4.25e-03    1.10e-02    2.00e-01       10.17
  19      -458.720929847   -3.21e-07    2.47e-05    5.21e-05    3.93e-03    1.04e-02    2.00e-01       11.04
  20      -458.720929966   -1.19e-07    1.03e-05    2.48e-05    1.81e-03    5.09e-03    2.00e-01        9.90
  21      -458.720930062   -9.56e-08    1.89e-05    4.28e-05    6.78e-04    2.40e-03    2.00e-01        9.52
  22      -458.720930250   -1.88e-07    2.98e-05    5.47e-05    7.13e-04    3.90e-03    2.00e-01        9.65
  23      -458.720930573   -3.23e-07    3.96e-05    9.14e-05    1.15e-03    8.92e-03    2.00e-01       10.22
  24      -458.720931204   -6.31e-07    5.15e-05    1.22e-04    1.86e-03    1.96e-02    2.00e-01       10.04
  25      -458.720932468   -1.26e-06    7.22e-05    1.76e-04    3.41e-03    4.12e-02    2.00e-01       10.97
  26      -458.720934618   -2.15e-06    1.06e-04    2.58e-04    6.07e-03    7.19e-02    2.00e-01       11.24
  27      -458.720937727   -3.11e-06    1.28e-04    3.04e-04    1.07e-02    1.01e-01    2.00e-01       10.66
  28      -458.720940817   -3.09e-06    1.08e-04    2.53e-04    1.14e-02    9.84e-02    2.00e-01       11.02
  29      -458.720942391   -1.57e-06    4.88e-05    9.04e-05    4.39e-03    4.07e-02    2.00e-01       10.76
  30      -458.720943005   -6.14e-07    2.69e-05    6.10e-05    2.36e-03    4.51e-02    2.00e-01       10.66
  31      -458.720943376   -3.71e-07    5.06e-05    1.19e-04    2.13e-03    6.90e-03    2.00e-01       10.92
  32      -458.720943792   -4.16e-07    5.26e-05    1.13e-04    1.35e-03    2.35e-02    2.00e-01       10.29
  33      -458.720944497   -7.05e-07    3.04e-05    7.10e-05    3.52e-03    4.88e-02    2.00e-01       10.47
  34      -458.720944748   -2.51e-07    1.24e-05    3.16e-05    1.76e-03    2.28e-02    2.00e-01       10.49
  35      -458.720944913   -1.66e-07    1.59e-05    3.62e-05    1.95e-03    3.03e-02    2.00e-01       10.23
  36      -458.720945038   -1.25e-07    2.43e-05    4.98e-05    2.86e-03    3.88e-02    2.00e-01       10.26
Rejecting step due to low quality: Quality: -6.41114 New trust radius: 0.00856443
  37      -458.720941166    3.87e-06    2.43e-05    4.98e-05    1.71e-02    2.36e-01    8.56e-03       10.70
  38      -458.720945090   -5.20e-08    5.22e-05    1.07e-04    7.60e-03    1.18e-01    3.80e-03       10.70
  39      -458.720944996    9.41e-08    6.14e-05    1.24e-04    3.55e-03    4.05e-02    1.78e-03       10.38
  40      -458.720945284   -2.87e-07    5.86e-05    1.18e-04    1.78e-03    1.01e-02    2.51e-03       10.37
  41      -458.720945976   -6.92e-07    5.14e-05    1.07e-04    2.52e-03    1.71e-02    3.55e-03       10.20
  42      -458.720947164   -1.19e-06    3.98e-05    8.36e-05    3.57e-03    2.33e-02    5.02e-03       10.37
  43      -458.720948962   -1.80e-06    3.25e-05    8.81e-05    5.05e-03    3.27e-02    7.11e-03       10.36
  44      -458.720949986   -1.02e-06    4.12e-05    1.39e-04    4.21e-03    1.99e-02    7.11e-03       10.30
  45      -458.720950491   -5.05e-07    3.34e-05    1.09e-04    2.33e-03    9.45e-03    7.11e-03       10.02
  46      -458.720950696   -2.05e-07    2.05e-05    4.29e-05    6.52e-03    2.39e-02    7.11e-03       10.34
  47      -458.720950889   -1.92e-07    3.15e-05    1.02e-04    3.12e-03    4.03e-02    7.11e-03       10.35
  48      -458.720951207   -3.19e-07    1.33e-05    3.26e-05    1.83e-03    1.96e-02    7.11e-03       10.74
  49      -458.720951402   -1.94e-07    9.91e-06    2.37e-05    1.38e-03    3.18e-03    7.11e-03       10.67
  50      -458.720952251   -8.49e-07    1.41e-05    3.27e-05    6.77e-03    2.30e-02    1.00e-02       10.63
  51      -458.720952660   -4.09e-07    1.67e-05    3.51e-05    5.44e-03    2.39e-02    1.00e-02       10.51
  52      -458.720952783   -1.23e-07    1.35e-05    3.40e-05    3.18e-03    6.77e-03    1.00e-02       10.02
  53      -458.720952855   -7.20e-08    6.67e-06    1.76e-05    1.17e-03    1.52e-03    1.00e-02        9.48
  54      -458.720952860   -4.52e-09    2.94e-06    6.78e-06    4.80e-04    2.89e-03    2.40e-04        9.92
  55      -458.720952859    4.06e-10    4.18e-06    1.01e-05    2.40e-04    1.37e-03    1.20e-04        9.46
  56      -458.720952890   -3.05e-08    5.14e-06    1.38e-05    1.20e-04    5.66e-04    1.70e-04        9.26
 Geometry optimization stopped:          thresholds achieved

 Final energy:                        -458.720952890

 -----------
  Final XYZ 
 -----------
18
Final structure: -458.721 hartree
O            0.024608036          2.695953218          0.085383287
H            0.071587632          3.234407221          0.874710280
H           -0.817986965          2.197319760          0.151214858
O           -2.237769124         -1.328789439          0.640094411
H           -1.431844800         -1.812948052          0.359133066
H           -2.458996423         -1.670786288          1.505702083
O            2.237820532          1.328834126         -0.640110881
H            2.459054673          1.670850067         -1.505709096
H            1.431890459          1.812975487         -0.359141133
O           -0.024610692         -2.696063492         -0.085342889
H            0.817944416         -2.197363208         -0.151186735
H           -0.071583144         -3.234488521         -0.874689951
O            2.305971772         -1.350444409         -0.310901052
H            2.968645928         -1.494093152          0.363949103
H            2.262863437         -0.378758113         -0.440888057
O           -2.306037226          1.350478757          0.310913979
H           -2.968677064          1.494135695         -0.363968118
H           -2.262877383          0.378787384          0.440842838

 Structure in entos input format:

  structure(
    xyz = [
      ['O'  ,          0.024608036,          2.695953218,          0.085383287],
      ['H'  ,          0.071587632,          3.234407221,          0.874710280],
      ['H'  ,         -0.817986965,          2.197319760,          0.151214858],
      ['O'  ,         -2.237769124,         -1.328789439,          0.640094411],
      ['H'  ,         -1.431844800,         -1.812948052,          0.359133066],
      ['H'  ,         -2.458996423,         -1.670786288,          1.505702083],
      ['O'  ,          2.237820532,          1.328834126,         -0.640110881],
      ['H'  ,          2.459054673,          1.670850067,         -1.505709096],
      ['H'  ,          1.431890459,          1.812975487,         -0.359141133],
      ['O'  ,         -0.024610692,         -2.696063492,         -0.085342889],
      ['H'  ,          0.817944416,         -2.197363208,         -0.151186735],
      ['H'  ,         -0.071583144,         -3.234488521,         -0.874689951],
      ['O'  ,          2.305971772,         -1.350444409,         -0.310901052],
      ['H'  ,          2.968645928,         -1.494093152,          0.363949103],
      ['H'  ,          2.262863437,         -0.378758113,         -0.440888057],
      ['O'  ,         -2.306037226,          1.350478757,          0.310913979],
      ['H'  ,         -2.968677064,          1.494135695,         -0.363968118],
      ['H'  ,         -2.262877383,          0.378787384,          0.440842838]
    ]
  )

 --------------------------------
  Geometry optimization finished 
 --------------------------------
 Saving results in set 'opt'

 --------------------------------------------------------------------------------
                                 command: hessian                                
 --------------------------------------------------------------------------------

WARNING: semianalytic method is specified for dft hessian, which is not efficient. Try switching to 'method = analytic'


 -------------------------------
  Numerical Geometrical Hessian 
 -------------------------------

 Compute hessian using two-point central differentiation.
 Step size (bohr):                       0.0100

 Frequencies (including translational and rotational modes):
 mode    frequency (cm-1)
    0                9.27 i (imaginary)
    1                0.07 i (imaginary)
    2                0.05 i (imaginary)
    3                0.03 i (imaginary)
    4               10.07
    5               13.41
    6               33.30
    7               37.83
    8               45.82
    9               46.48
   10               56.34
   11               85.53
   12              168.69
   13              202.46
   14              209.06
   15              225.15
   16              230.34
   17              249.18
   18              276.91
   19              303.50
   20              310.54
   21              317.76
   22              320.68
   23              348.24
   24              431.92
   25              446.79
   26              455.01
   27              470.71
   28              471.23
   29              483.93
   30              792.19
   31              809.53
   32              811.65
   33              901.88
   34              905.14
   35              979.26
   36             1649.90
   37             1660.01
   38             1662.83
   39             1688.69
   40             1691.53
   41             1706.93
   42             3364.56
   43             3440.09
   44             3442.87
   45             3497.36
   46             3499.95
   47             3517.03
   48             3941.43
   49             3941.46
   50             3941.53
   51             3941.91
   52             3942.02
   53             3942.65

 Project out translational and rotational motions 

 Degrees of freedom for translational and rotational motions: 6

 Vibrational frequencies:
 mode    frequency (cm-1)
    0               33.30
    1               37.83
    2               45.81
    3               46.44
    4               56.30
    5               85.53
    6              168.69
    7              202.46
    8              209.06
    9              225.15
   10              230.34
   11              249.11
   12              276.91
   13              303.50
   14              310.54
   15              317.76
   16              320.66
   17              348.24
   18              431.91
   19              446.79
   20              455.01
   21              470.71
   22              471.23
   23              483.92
   24              792.19
   25              809.53
   26              811.65
   27              901.88
   28              905.14
   29              979.26
   30             1649.90
   31             1660.01
   32             1662.83
   33             1688.69
   34             1691.53
   35             1706.93
   36             3364.56
   37             3440.09
   38             3442.87
   39             3497.36
   40             3499.95
   41             3517.03
   42             3941.43
   43             3941.46
   44             3941.53
   45             3941.91
   46             3942.02
   47             3942.65

 --------------------------------------------------------------------------------

 End time:                               Thu Jun 10 05:59:25 2021
 Total wall-clock time:               1722.193 seconds
==================================================================================
