
================================================================================
          _____________ ________ _______________ ________     _________         
         / ___________// ______ \\_____   _____// ______ \   / ________)        
        / /_________  / /      \ \     | |     / /      \ \ | (_______          
       |  __________|| |        | |    | |    | |        | | \________ \        
        \ \_________ | |        | |    | |     \ \______/ /___________) |       
         \__________||_|        |_|    |_|      \________//____________/        
                                                                                
====================================[ Qcore ]===================================

 Git hash:   15a3e7daff0cda5fa9af010ccd19a80288182ecf
 Git date:   Fri, 16 Apr 2021 15:57:16 +0100
 Compiler:   GNU 9.1.0
 Build type: Release
 Version:    1.1.0

 Start time: Thu Jun 10 05:59:25 2021

 Data directory: /work/zw18965/.local/qcore/share/entos/1.1.0/data
 Number of threads: 24
 Number of threads was determined by: command line argument

 --------------------------------------------------------------------------------
                                command: optimize                                
 --------------------------------------------------------------------------------
 Using coordinate system:                tric
 Hessian update scheme:                  bfgs

 ------------------------------------------------------------------------------------------------------------
                   energy      change    grad rms    grad max    step rms    step max       trust    time (s)
 ------------------------------------------------------------------------------------------------------------
   1      -458.722726469                1.18e-03    2.32e-03                            2.00e-01       13.33
   2      -458.722863165   -1.37e-04    5.40e-04    1.24e-03    1.79e-02    1.62e-02    2.00e-01       11.33
   3      -458.722920180   -5.70e-05    2.56e-04    5.95e-04    2.91e-02    2.60e-02    2.00e-01       11.25
   4      -458.722935453   -1.53e-05    1.81e-04    5.14e-04    8.32e-03    1.04e-02    2.00e-01       11.53
   5      -458.722941773   -6.32e-06    7.13e-05    2.61e-04    3.88e-03    3.89e-03    2.00e-01       10.97
   6      -458.722947504   -5.73e-06    7.33e-05    1.74e-04    5.34e-03    1.07e-02    2.00e-01       11.36
   7      -458.722953347   -5.84e-06    8.08e-05    2.42e-04    9.57e-03    2.00e-02    2.00e-01       11.25
   8      -458.722955244   -1.90e-06    4.34e-05    1.78e-04    4.71e-03    1.04e-02    2.00e-01       10.90
   9      -458.722956030   -7.86e-07    2.17e-05    6.27e-05    2.87e-03    4.59e-03    2.00e-01       11.00
  10      -458.722956567   -5.37e-07    3.34e-05    8.34e-05    2.44e-03    3.16e-03    2.00e-01       10.93
  11      -458.722957105   -5.39e-07    3.42e-05    1.14e-04    3.45e-03    4.38e-03    2.00e-01       10.95
  12      -458.722957764   -6.59e-07    2.84e-05    1.01e-04    4.67e-03    5.36e-03    2.00e-01       11.18
  13      -458.722958190   -4.26e-07    2.88e-05    7.53e-05    4.14e-03    5.20e-03    2.00e-01       10.86
  14      -458.722958573   -3.83e-07    2.99e-05    8.95e-05    3.92e-03    4.99e-03    2.00e-01       10.82
  15      -458.722958912   -3.39e-07    2.71e-05    6.76e-05    3.65e-03    4.54e-03    2.00e-01       10.50
  16      -458.722959152   -2.40e-07    2.24e-05    5.36e-05    3.40e-03    4.51e-03    2.00e-01       10.62
  17      -458.722959429   -2.77e-07    2.71e-05    8.10e-05    2.97e-03    4.50e-03    2.00e-01       11.04
  18      -458.722959662   -2.33e-07    2.77e-05    8.71e-05    2.29e-03    4.02e-03    2.00e-01       10.51
  19      -458.722959792   -1.30e-07    2.07e-05    6.02e-05    1.89e-03    3.13e-03    2.00e-01       11.39
  20      -458.722959872   -8.04e-08    1.16e-05    3.73e-05    1.41e-03    2.10e-03    2.00e-01       10.52
  21      -458.722959983   -1.11e-07    1.26e-05    4.47e-05    1.29e-03    1.65e-03    2.00e-01       10.39
  22      -458.722960063   -8.01e-08    2.15e-05    7.46e-05    1.69e-03    2.48e-03    2.00e-01       10.37
  23      -458.722960226   -1.63e-07    3.11e-05    9.67e-05    2.81e-03    4.49e-03    2.00e-01       10.86
  24      -458.722960442   -2.16e-07    3.52e-05    1.06e-04    4.35e-03    7.40e-03    2.00e-01       11.27
  25      -458.722960704   -2.62e-07    2.75e-05    8.97e-05    4.94e-03    8.91e-03    2.00e-01       10.88
  26      -458.722960895   -1.91e-07    1.43e-05    4.46e-05    3.54e-03    6.97e-03    2.00e-01       10.77
  27      -458.722961042   -1.48e-07    1.43e-05    3.90e-05    1.76e-03    4.08e-03    2.00e-01       10.49
  28      -458.722961202   -1.60e-07    2.38e-05    6.04e-05    1.55e-03    4.21e-03    2.00e-01       10.46
  29      -458.722961443   -2.41e-07    3.40e-05    1.13e-04    2.56e-03    7.47e-03    2.00e-01       11.04
  30      -458.722961925   -4.82e-07    4.15e-05    1.63e-04    5.13e-03    1.53e-02    2.00e-01       10.65
  31      -458.722962612   -6.87e-07    4.13e-05    1.74e-04    8.50e-03    2.55e-02    2.00e-01       11.16
  32      -458.722963359   -7.47e-07    3.29e-05    1.13e-04    9.03e-03    2.73e-02    2.00e-01       11.53
  33      -458.722964043   -6.84e-07    2.78e-05    8.11e-05    5.07e-03    1.59e-02    2.00e-01       11.14
  34      -458.722964577   -5.34e-07    2.86e-05    9.36e-05    2.05e-03    6.27e-03    2.00e-01       10.78
  35      -458.722965065   -4.88e-07    2.76e-05    1.00e-04    1.97e-03    7.75e-03    2.00e-01       10.60
  36      -458.722965937   -8.72e-07    3.47e-05    9.49e-05    3.84e-03    1.68e-02    2.00e-01       10.65
  37      -458.722967094   -1.16e-06    5.33e-05    1.22e-04    5.68e-03    2.61e-02    2.00e-01       11.76
  38      -458.722968658   -1.56e-06    6.91e-05    1.78e-04    7.79e-03    3.10e-02    2.00e-01       10.86
  39      -458.722969987   -1.33e-06    6.10e-05    1.65e-04    6.37e-03    2.72e-02    2.00e-01       10.74
  40      -458.722970887   -9.00e-07    3.55e-05    9.49e-05    5.56e-03    1.14e-02    2.00e-01       10.93
  41      -458.722971274   -3.87e-07    3.35e-05    1.15e-04    7.03e-03    2.64e-02    2.00e-01       11.61
  42      -458.722971747   -4.73e-07    3.31e-05    1.05e-04    4.34e-03    1.03e-02    2.00e-01       10.86
  43      -458.722972314   -5.67e-07    3.70e-05    1.01e-04    3.62e-03    4.68e-03    2.00e-01       11.16
  44      -458.722972982   -6.68e-07    4.03e-05    1.03e-04    4.07e-03    1.36e-02    2.00e-01       10.71
  45      -458.722973431   -4.49e-07    3.30e-05    1.09e-04    2.73e-03    1.64e-02    2.00e-01       11.24
  46      -458.722973841   -4.09e-07    1.92e-05    6.09e-05    2.04e-03    1.46e-02    2.00e-01       11.28
  47      -458.722974097   -2.56e-07    1.85e-05    5.34e-05    1.71e-03    8.84e-03    2.00e-01       10.87
  48      -458.722974365   -2.68e-07    2.91e-05    6.86e-05    2.50e-03    7.64e-03    2.00e-01       10.77
  49      -458.722974817   -4.52e-07    4.12e-05    1.23e-04    4.31e-03    1.05e-02    2.00e-01       11.31
  50      -458.722975641   -8.24e-07    5.29e-05    1.72e-04    8.64e-03    2.04e-02    2.00e-01       10.66
  51      -458.722976826   -1.18e-06    5.57e-05    1.74e-04    1.40e-02    3.31e-02    2.00e-01       11.19
  52      -458.722977904   -1.08e-06    4.03e-05    9.97e-05    1.48e-02    3.39e-02    2.00e-01       11.07
  53      -458.722978371   -4.68e-07    1.83e-05    6.83e-05    7.16e-03    1.45e-02    2.00e-01       10.80
  54      -458.722978588   -2.17e-07    1.03e-05    2.62e-05    1.54e-03    2.19e-03    2.00e-01       10.47
  55      -458.722978638   -4.98e-08    1.24e-05    3.64e-05    1.31e-03    1.62e-03    2.00e-01       10.61
  56      -458.722978757   -1.19e-07    1.45e-05    4.10e-05    1.41e-03    1.60e-03    2.00e-01       10.57
  57      -458.722978849   -9.17e-08    1.21e-05    4.39e-05    1.79e-03    3.31e-03    2.00e-01       10.45
  58      -458.722978916   -6.66e-08    6.65e-06    2.44e-05    1.82e-03    4.09e-03    2.00e-01       10.38
  59      -458.722978933   -1.73e-08    4.10e-06    1.27e-05    1.17e-03    2.80e-03    2.00e-01       10.44
  60      -458.722978960   -2.71e-08    6.39e-06    1.91e-05    8.86e-04    2.33e-03    2.00e-01        9.87
  61      -458.722979036   -7.59e-08    1.23e-05    4.53e-05    1.24e-03    4.36e-03    2.00e-01       10.63
  62      -458.722979073   -3.70e-08    1.91e-05    6.83e-05    1.61e-03    6.62e-03    2.00e-01       10.34
  63      -458.722979266   -1.93e-07    2.54e-05    8.53e-05    2.29e-03    1.19e-02    2.00e-01       10.91
  64      -458.722979573   -3.08e-07    2.77e-05    7.52e-05    3.13e-03    1.76e-02    2.00e-01       10.59
  65      -458.722979923   -3.50e-07    2.55e-05    7.25e-05    3.74e-03    2.22e-02    2.00e-01       10.83
  66      -458.722980598   -6.75e-07    2.73e-05    6.67e-05    4.88e-03    2.75e-02    2.00e-01       10.91
  67      -458.722980970   -3.73e-07    6.29e-05    1.64e-04    1.28e-02    7.12e-02    2.00e-01       11.73
  68      -458.722982449   -1.48e-06    7.00e-05    2.31e-04    7.11e-03    4.48e-02    2.00e-01       11.04
  69      -458.722984096   -1.65e-06    5.89e-05    1.94e-04    8.40e-03    1.29e-02    2.00e-01       10.78
  70      -458.722986815   -2.72e-06    6.16e-05    1.83e-04    2.12e-02    7.28e-02    2.00e-01       11.50
  71      -458.722987643   -8.28e-07    4.43e-05    1.03e-04    1.89e-03    1.81e-02    2.00e-01       11.22
  72      -458.722988192   -5.49e-07    2.95e-05    8.89e-05    2.81e-03    2.39e-02    2.00e-01       11.06
  73      -458.722988321   -1.29e-07    1.66e-05    4.99e-05    5.39e-03    1.15e-02    2.00e-01       10.73
  74      -458.722988404   -8.25e-08    7.83e-06    1.90e-05    1.25e-03    4.17e-03    2.00e-01       10.66
  75      -458.722988460   -5.63e-08    5.38e-06    1.25e-05    7.63e-04    1.69e-03    2.00e-01       10.56
  76      -458.722988504   -4.43e-08    5.81e-06    1.63e-05    8.01e-04    1.57e-03    2.00e-01       10.74
  77      -458.722988497    7.53e-09    5.03e-06    1.32e-05    9.66e-04    1.90e-03    4.83e-04       10.92
  78      -458.722988482    1.43e-08    3.34e-06    9.41e-06    4.83e-04    9.55e-04    2.41e-04       10.31
 Geometry optimization stopped:          thresholds achieved

 Final energy:                        -458.722988482

 -----------
  Final XYZ 
 -----------
18
Final structure: -458.723 hartree
O            0.241457232          1.460200548          0.990302680
H            1.046287522          1.436108363          0.420686776
H            0.467018026          1.976574703          1.763830077
O           -0.039712716         -1.433056583          0.806938823
H           -0.001179061         -0.508605836          1.085653580
H           -0.915391875         -1.525172725          0.389905600
O           -2.260252651          1.477045861         -0.194904320
H           -1.376783840          1.574655057          0.204244857
H           -2.257233858          2.017502241         -0.984484958
O           -2.559085435         -1.260806766         -0.372611860
H           -2.567243952         -0.285152116         -0.369099886
H           -3.323030518         -1.530504024          0.136835290
O            2.418238945          1.143403035         -0.528828834
H            2.435024945          0.165822213         -0.647019278
H            2.486165230          1.518348675         -1.406458246
O            2.152205844         -1.516973554         -0.736449642
H            1.325219881         -1.607933065         -0.208053586
H            2.777529228         -2.137363027         -0.363254071

 Structure in entos input format:

  structure(
    xyz = [
      ['O'  ,          0.241457232,          1.460200548,          0.990302680],
      ['H'  ,          1.046287522,          1.436108363,          0.420686776],
      ['H'  ,          0.467018026,          1.976574703,          1.763830077],
      ['O'  ,         -0.039712716,         -1.433056583,          0.806938823],
      ['H'  ,         -0.001179061,         -0.508605836,          1.085653580],
      ['H'  ,         -0.915391875,         -1.525172725,          0.389905600],
      ['O'  ,         -2.260252651,          1.477045861,         -0.194904320],
      ['H'  ,         -1.376783840,          1.574655057,          0.204244857],
      ['H'  ,         -2.257233858,          2.017502241,         -0.984484958],
      ['O'  ,         -2.559085435,         -1.260806766,         -0.372611860],
      ['H'  ,         -2.567243952,         -0.285152116,         -0.369099886],
      ['H'  ,         -3.323030518,         -1.530504024,          0.136835290],
      ['O'  ,          2.418238945,          1.143403035,         -0.528828834],
      ['H'  ,          2.435024945,          0.165822213,         -0.647019278],
      ['H'  ,          2.486165230,          1.518348675,         -1.406458246],
      ['O'  ,          2.152205844,         -1.516973554,         -0.736449642],
      ['H'  ,          1.325219881,         -1.607933065,         -0.208053586],
      ['H'  ,          2.777529228,         -2.137363027,         -0.363254071]
    ]
  )

 --------------------------------
  Geometry optimization finished 
 --------------------------------
 Saving results in set 'opt'

 --------------------------------------------------------------------------------
                                 command: hessian                                
 --------------------------------------------------------------------------------

WARNING: semianalytic method is specified for dft hessian, which is not efficient. Try switching to 'method = analytic'


 -------------------------------
  Numerical Geometrical Hessian 
 -------------------------------

 Compute hessian using two-point central differentiation.
 Step size (bohr):                       0.0100

 Frequencies (including translational and rotational modes):
 mode    frequency (cm-1)
    0                0.68 i (imaginary)
    1                0.05 i (imaginary)
    2                0.03 i (imaginary)
    3                5.41
    4               13.80
    5               14.51
    6               33.02
    7               44.03
    8               58.29
    9               71.73
   10               90.57
   11              162.61
   12              193.21
   13              206.91
   14              234.93
   15              247.89
   16              264.88
   17              270.17
   18              300.32
   19              303.92
   20              309.16
   21              320.75
   22              336.96
   23              410.81
   24              431.12
   25              464.28
   26              477.93
   27              506.12
   28              560.65
   29              630.71
   30              745.66
   31              775.25
   32              852.30
   33              870.43
   34              917.29
   35             1033.36
   36             1651.07
   37             1661.32
   38             1663.86
   39             1682.07
   40             1692.53
   41             1719.90
   42             3305.62
   43             3388.06
   44             3439.68
   45             3540.68
   46             3605.02
   47             3618.23
   48             3765.35
   49             3936.30
   50             3939.12
   51             3939.53
   52             3941.06
   53             3942.17

 Project out translational and rotational motions 

 Degrees of freedom for translational and rotational motions: 6

 Vibrational frequencies:
 mode    frequency (cm-1)
    0               32.93
    1               44.01
    2               58.25
    3               71.72
    4               90.57
    5              162.61
    6              193.21
    7              206.91
    8              234.91
    9              247.86
   10              264.86
   11              270.16
   12              300.31
   13              303.92
   14              309.16
   15              320.72
   16              336.96
   17              410.80
   18              431.11
   19              464.28
   20              477.93
   21              506.12
   22              560.65
   23              630.71
   24              745.66
   25              775.25
   26              852.30
   27              870.43
   28              917.29
   29             1033.36
   30             1651.07
   31             1661.32
   32             1663.86
   33             1682.07
   34             1692.53
   35             1719.90
   36             3305.62
   37             3388.06
   38             3439.68
   39             3540.68
   40             3605.02
   41             3618.23
   42             3765.35
   43             3936.30
   44             3939.12
   45             3939.53
   46             3941.06
   47             3942.17

 --------------------------------------------------------------------------------

 End time:                               Thu Jun 10 06:33:41 2021
 Total wall-clock time:               2055.782 seconds
==================================================================================
