
================================================================================
          _____________ ________ _______________ ________     _________         
         / ___________// ______ \\_____   _____// ______ \   / ________)        
        / /_________  / /      \ \     | |     / /      \ \ | (_______          
       |  __________|| |        | |    | |    | |        | | \________ \        
        \ \_________ | |        | |    | |     \ \______/ /___________) |       
         \__________||_|        |_|    |_|      \________//____________/        
                                                                                
====================================[ Qcore ]===================================

 Git hash:   15a3e7daff0cda5fa9af010ccd19a80288182ecf
 Git date:   Fri, 16 Apr 2021 15:57:16 +0100
 Compiler:   GNU 9.1.0
 Build type: Release
 Version:    1.1.0

 Start time: Thu Jun 10 06:33:41 2021

 Data directory: /work/zw18965/.local/qcore/share/entos/1.1.0/data
 Number of threads: 24
 Number of threads was determined by: command line argument

 --------------------------------------------------------------------------------
                                command: optimize                                
 --------------------------------------------------------------------------------
 Using coordinate system:                tric
 Hessian update scheme:                  bfgs

 ------------------------------------------------------------------------------------------------------------
                   energy      change    grad rms    grad max    step rms    step max       trust    time (s)
 ------------------------------------------------------------------------------------------------------------
   1      -458.723961873                1.11e-03    3.02e-03                            2.00e-01       13.51
   2      -458.724068408   -1.07e-04    4.80e-04    1.02e-03    1.64e-02    1.59e-02    2.00e-01       12.30
   3      -458.724108304   -3.99e-05    2.22e-04    5.44e-04    2.09e-02    2.34e-02    2.00e-01       12.11
   4      -458.724120660   -1.24e-05    1.41e-04    3.50e-04    6.94e-03    6.70e-03    2.00e-01       12.09
   5      -458.724125974   -5.31e-06    9.25e-05    2.50e-04    4.18e-03    4.82e-03    2.00e-01       11.69
   6      -458.724132490   -6.52e-06    7.18e-05    2.14e-04    6.82e-03    1.11e-02    2.00e-01       11.42
   7      -458.724140101   -7.61e-06    9.01e-05    2.23e-04    1.36e-02    2.22e-02    2.00e-01       11.76
   8      -458.724143566   -3.46e-06    8.48e-05    2.18e-04    8.12e-03    1.21e-02    2.00e-01       11.35
   9      -458.724146354   -2.79e-06    5.99e-05    1.52e-04    7.74e-03    1.07e-02    2.00e-01       11.59
  10      -458.724148125   -1.77e-06    4.54e-05    1.18e-04    5.24e-03    6.55e-03    2.00e-01       11.27
  11      -458.724149962   -1.84e-06    5.83e-05    1.64e-04    6.84e-03    7.66e-03    2.00e-01       11.74
  12      -458.724151953   -1.99e-06    8.64e-05    2.78e-04    8.58e-03    9.40e-03    2.00e-01       11.62
  13      -458.724154016   -2.06e-06    9.49e-05    3.09e-04    1.04e-02    1.19e-02    2.00e-01       11.22
  14      -458.724155774   -1.76e-06    6.48e-05    1.49e-04    9.98e-03    1.18e-02    2.00e-01       11.49
  15      -458.724156894   -1.12e-06    3.53e-05    8.04e-05    6.69e-03    7.54e-03    2.00e-01       11.36
  16      -458.724157473   -5.79e-07    3.48e-05    1.35e-04    3.60e-03    3.92e-03    2.00e-01       11.23
  17      -458.724157832   -3.59e-07    3.47e-05    1.30e-04    2.24e-03    3.10e-03    2.00e-01       11.49
  18      -458.724158123   -2.91e-07    2.55e-05    6.92e-05    2.11e-03    3.38e-03    2.00e-01       11.58
  19      -458.724158345   -2.22e-07    1.70e-05    4.95e-05    1.94e-03    3.06e-03    2.00e-01       11.19
  20      -458.724158508   -1.63e-07    1.88e-05    7.31e-05    1.81e-03    2.61e-03    2.00e-01       11.22
  21      -458.724158617   -1.09e-07    1.82e-05    7.57e-05    1.46e-03    1.73e-03    2.00e-01       10.90
  22      -458.724158714   -9.72e-08    1.24e-05    4.11e-05    1.20e-03    1.14e-03    2.00e-01       11.49
 Geometry optimization stopped:          thresholds achieved

 Final energy:                        -458.724158714

 -----------
  Final XYZ 
 -----------
18
Final structure: -458.724 hartree
O            0.853643124         -1.716504359         -0.465128952
H            1.665174872         -1.192759684         -0.295733540
H            1.133212773         -2.594934969         -0.720854534
O           -0.765348192          0.363095927         -1.644753031
H           -0.287698982         -0.466652846         -1.506875962
H           -1.629544686          0.221081207         -1.218874047
O            0.590029219          1.762122768          0.165347902
H            0.060494106          1.366829888         -0.574274623
H            0.501806921          2.712368597          0.097617544
O           -0.637778841         -0.428442084          1.661492530
H           -0.168878313         -1.049761607          1.086498195
H           -0.233914156          0.425343188          1.456576009
O            2.771094934          0.105659183          0.116739070
H            2.129735656          0.841114743          0.154548092
H            3.177472422          0.067275235          0.982791247
O           -2.876586240          0.000494802          0.118719394
H           -2.212082046         -0.215763660          0.802395071
H           -3.570842573         -0.652947328          0.193958634

 Structure in entos input format:

  structure(
    xyz = [
      ['O'  ,          0.853643124,         -1.716504359,         -0.465128952],
      ['H'  ,          1.665174872,         -1.192759684,         -0.295733540],
      ['H'  ,          1.133212773,         -2.594934969,         -0.720854534],
      ['O'  ,         -0.765348192,          0.363095927,         -1.644753031],
      ['H'  ,         -0.287698982,         -0.466652846,         -1.506875962],
      ['H'  ,         -1.629544686,          0.221081207,         -1.218874047],
      ['O'  ,          0.590029219,          1.762122768,          0.165347902],
      ['H'  ,          0.060494106,          1.366829888,         -0.574274623],
      ['H'  ,          0.501806921,          2.712368597,          0.097617544],
      ['O'  ,         -0.637778841,         -0.428442084,          1.661492530],
      ['H'  ,         -0.168878313,         -1.049761607,          1.086498195],
      ['H'  ,         -0.233914156,          0.425343188,          1.456576009],
      ['O'  ,          2.771094934,          0.105659183,          0.116739070],
      ['H'  ,          2.129735656,          0.841114743,          0.154548092],
      ['H'  ,          3.177472422,          0.067275235,          0.982791247],
      ['O'  ,         -2.876586240,          0.000494802,          0.118719394],
      ['H'  ,         -2.212082046,         -0.215763660,          0.802395071],
      ['H'  ,         -3.570842573,         -0.652947328,          0.193958634]
    ]
  )

 --------------------------------
  Geometry optimization finished 
 --------------------------------
 Saving results in set 'opt'

 --------------------------------------------------------------------------------
                                 command: hessian                                
 --------------------------------------------------------------------------------

WARNING: semianalytic method is specified for dft hessian, which is not efficient. Try switching to 'method = analytic'


 -------------------------------
  Numerical Geometrical Hessian 
 -------------------------------

 Compute hessian using two-point central differentiation.
 Step size (bohr):                       0.0100

 Frequencies (including translational and rotational modes):
 mode    frequency (cm-1)
    0               15.43 i (imaginary)
    1                6.68 i (imaginary)
    2                0.08 i (imaginary)
    3                0.03 i (imaginary)
    4                0.21
    5                8.45
    6               43.97
    7               60.14
    8               76.90
    9              104.11
   10              121.72
   11              151.99
   12              192.75
   13              221.99
   14              231.72
   15              234.44
   16              236.97
   17              250.41
   18              252.76
   19              278.85
   20              296.63
   21              320.35
   22              392.40
   23              408.06
   24              448.85
   25              467.14
   26              480.45
   27              551.92
   28              578.06
   29              641.05
   30              703.82
   31              744.28
   32              809.54
   33              818.97
   34              887.72
   35             1012.65
   36             1649.91
   37             1662.58
   38             1669.45
   39             1686.11
   40             1693.01
   41             1710.03
   42             3247.22
   43             3455.71
   44             3519.08
   45             3567.03
   46             3625.83
   47             3720.76
   48             3753.17
   49             3787.17
   50             3933.31
   51             3939.84
   52             3942.68
   53             3947.32

 Project out translational and rotational motions 

 Degrees of freedom for translational and rotational motions: 6

 Vibrational frequencies:
 mode    frequency (cm-1)
    0               43.94
    1               60.08
    2               76.89
    3              104.11
    4              121.71
    5              151.97
    6              192.75
    7              221.99
    8              231.72
    9              234.43
   10              236.96
   11              250.39
   12              252.76
   13              278.84
   14              296.62
   15              320.33
   16              392.40
   17              408.06
   18              448.85
   19              467.14
   20              480.45
   21              551.92
   22              578.06
   23              641.05
   24              703.82
   25              744.28
   26              809.54
   27              818.97
   28              887.72
   29             1012.65
   30             1649.91
   31             1662.58
   32             1669.45
   33             1686.11
   34             1693.01
   35             1710.03
   36             3247.22
   37             3455.71
   38             3519.08
   39             3567.03
   40             3625.83
   41             3720.76
   42             3753.17
   43             3787.17
   44             3933.31
   45             3939.84
   46             3942.68
   47             3947.32

 --------------------------------------------------------------------------------

 End time:                               Thu Jun 10 06:59:14 2021
 Total wall-clock time:               1533.180 seconds
==================================================================================
