
================================================================================
          _____________ ________ _______________ ________     _________         
         / ___________// ______ \\_____   _____// ______ \   / ________)        
        / /_________  / /      \ \     | |     / /      \ \ | (_______          
       |  __________|| |        | |    | |    | |        | | \________ \        
        \ \_________ | |        | |    | |     \ \______/ /___________) |       
         \__________||_|        |_|    |_|      \________//____________/        
                                                                                
====================================[ Qcore ]===================================

 Git hash:   15a3e7daff0cda5fa9af010ccd19a80288182ecf
 Git date:   Fri, 16 Apr 2021 15:57:16 +0100
 Compiler:   GNU 9.1.0
 Build type: Release
 Version:    1.1.0

 Start time: Thu Jun 10 06:59:14 2021

 Data directory: /work/zw18965/.local/qcore/share/entos/1.1.0/data
 Number of threads: 24
 Number of threads was determined by: command line argument

 --------------------------------------------------------------------------------
                                command: optimize                                
 --------------------------------------------------------------------------------
 Using coordinate system:                tric
 Hessian update scheme:                  bfgs

 ------------------------------------------------------------------------------------------------------------
                   energy      change    grad rms    grad max    step rms    step max       trust    time (s)
 ------------------------------------------------------------------------------------------------------------
   1      -458.724161798                1.04e-03    2.31e-03                            2.00e-01       13.90
   2      -458.724259426   -9.76e-05    4.62e-04    1.25e-03    1.43e-02    1.34e-02    2.00e-01       12.28
   3      -458.724296077   -3.67e-05    1.90e-04    4.72e-04    1.97e-02    1.52e-02    2.00e-01       12.11
   4      -458.724303982   -7.90e-06    1.07e-04    4.65e-04    5.47e-03    7.30e-03    2.00e-01       11.76
   5      -458.724306233   -2.25e-06    5.22e-05    1.60e-04    2.69e-03    3.00e-03    2.00e-01       11.97
   6      -458.724307767   -1.53e-06    3.02e-05    7.94e-05    2.90e-03    3.44e-03    2.00e-01       12.15
   7      -458.724308837   -1.07e-06    3.07e-05    8.47e-05    3.71e-03    5.14e-03    2.00e-01       11.70
   8      -458.724309422   -5.85e-07    3.78e-05    1.15e-04    2.78e-03    4.34e-03    2.00e-01       12.13
   9      -458.724310139   -7.17e-07    4.21e-05    1.15e-04    3.92e-03    6.65e-03    2.00e-01       11.81
  10      -458.724310641   -5.01e-07    3.11e-05    9.77e-05    2.63e-03    5.37e-03    2.00e-01       12.41
  11      -458.724311040   -3.99e-07    1.70e-05    4.37e-05    1.77e-03    4.20e-03    2.00e-01       11.85
  12      -458.724311304   -2.64e-07    2.36e-05    6.75e-05    1.31e-03    3.29e-03    2.00e-01       11.85
  13      -458.724311673   -3.69e-07    3.43e-05    8.03e-05    1.68e-03    4.74e-03    2.00e-01       11.74
  14      -458.724312146   -4.73e-07    3.77e-05    1.13e-04    2.34e-03    7.08e-03    2.00e-01       11.89
  15      -458.724312864   -7.18e-07    3.26e-05    1.02e-04    3.13e-03    1.01e-02    2.00e-01       11.81
  16      -458.724313698   -8.34e-07    3.34e-05    9.27e-05    3.64e-03    1.34e-02    2.00e-01       11.48
  17      -458.724314683   -9.85e-07    4.85e-05    1.35e-04    4.10e-03    1.65e-02    2.00e-01       11.82
  18      -458.724315881   -1.20e-06    5.97e-05    1.37e-04    4.47e-03    1.87e-02    2.00e-01       11.36
  19      -458.724317330   -1.45e-06    5.67e-05    1.73e-04    4.96e-03    2.12e-02    2.00e-01       11.61
  20      -458.724318983   -1.65e-06    4.51e-05    1.46e-04    4.79e-03    2.08e-02    2.00e-01       11.56
  21      -458.724320694   -1.71e-06    4.79e-05    1.31e-04    4.04e-03    1.68e-02    2.00e-01       12.09
  22      -458.724322208   -1.51e-06    5.37e-05    1.41e-04    3.14e-03    1.49e-02    2.00e-01       11.52
  23      -458.724323383   -1.17e-06    4.36e-05    1.07e-04    2.49e-03    1.40e-02    2.00e-01       11.55
  24      -458.724324506   -1.12e-06    3.16e-05    7.36e-05    2.65e-03    1.62e-02    2.00e-01       11.69
  25      -458.724325722   -1.22e-06    4.16e-05    1.18e-04    3.05e-03    2.34e-02    2.00e-01       11.59
  26      -458.724327530   -1.81e-06    6.33e-05    1.93e-04    4.38e-03    5.30e-02    2.00e-01       11.87
  27      -458.724327965   -4.35e-07    5.14e-05    1.54e-04    2.92e-03    2.39e-02    2.00e-01       11.83
  28      -458.724328748   -7.82e-07    2.50e-05    8.54e-05    3.71e-03    1.51e-02    2.00e-01       11.48
  29      -458.724329137   -3.89e-07    2.87e-05    8.57e-05    1.89e-03    3.24e-03    2.00e-01       11.66
  30      -458.724329437   -3.00e-07    3.14e-05    1.00e-04    1.88e-03    3.94e-03    2.00e-01       11.34
  31      -458.724329693   -2.57e-07    1.96e-05    6.25e-05    2.36e-03    4.55e-03    2.00e-01       11.44
  32      -458.724329763   -6.91e-08    7.57e-06    2.06e-05    1.00e-03    1.93e-03    2.00e-01       11.08
  33      -458.724329797   -3.47e-08    4.41e-06    1.43e-05    4.55e-04    9.31e-04    2.00e-01       10.83
 Geometry optimization stopped:          thresholds achieved

 Final energy:                        -458.724329797

 -----------
  Final XYZ 
 -----------
18
Final structure: -458.724 hartree
O           -1.514927409         -0.105898538          1.435756652
H           -0.622900618         -0.521349306          1.565738711
H           -2.036432336         -0.304921136          2.212513990
O           -1.744691991         -0.380031141         -1.291067923
H           -1.880874999         -0.434044366         -0.327337821
H           -2.529607819         -0.736169318         -1.706579052
O           -0.502258756          2.009030236         -0.211139637
H           -0.898488613          1.591918396          0.566389678
H           -0.927090545          1.541238954         -0.939767245
O            0.928868253         -1.126098538          1.482740836
H            0.930572403         -1.529243824          0.593824731
H            1.515965987         -0.370235411          1.354224936
O            0.937396046         -1.470619256         -1.276913376
H            0.037365672         -1.175776029         -1.473721533
H            1.459167504         -0.658794630         -1.235605653
O            2.022548016          0.994554073         -0.148476034
H            1.171875750          1.480700412         -0.189299311
H            2.715750458          1.640001424         -0.282720950

 Structure in entos input format:

  structure(
    xyz = [
      ['O'  ,         -1.514927409,         -0.105898538,          1.435756652],
      ['H'  ,         -0.622900618,         -0.521349306,          1.565738711],
      ['H'  ,         -2.036432336,         -0.304921136,          2.212513990],
      ['O'  ,         -1.744691991,         -0.380031141,         -1.291067923],
      ['H'  ,         -1.880874999,         -0.434044366,         -0.327337821],
      ['H'  ,         -2.529607819,         -0.736169318,         -1.706579052],
      ['O'  ,         -0.502258756,          2.009030236,         -0.211139637],
      ['H'  ,         -0.898488613,          1.591918396,          0.566389678],
      ['H'  ,         -0.927090545,          1.541238954,         -0.939767245],
      ['O'  ,          0.928868253,         -1.126098538,          1.482740836],
      ['H'  ,          0.930572403,         -1.529243824,          0.593824731],
      ['H'  ,          1.515965987,         -0.370235411,          1.354224936],
      ['O'  ,          0.937396046,         -1.470619256,         -1.276913376],
      ['H'  ,          0.037365672,         -1.175776029,         -1.473721533],
      ['H'  ,          1.459167504,         -0.658794630,         -1.235605653],
      ['O'  ,          2.022548016,          0.994554073,         -0.148476034],
      ['H'  ,          1.171875750,          1.480700412,         -0.189299311],
      ['H'  ,          2.715750458,          1.640001424,         -0.282720950]
    ]
  )

 --------------------------------
  Geometry optimization finished 
 --------------------------------
 Saving results in set 'opt'

 --------------------------------------------------------------------------------
                                 command: hessian                                
 --------------------------------------------------------------------------------

WARNING: semianalytic method is specified for dft hessian, which is not efficient. Try switching to 'method = analytic'


 -------------------------------
  Numerical Geometrical Hessian 
 -------------------------------

 Compute hessian using two-point central differentiation.
 Step size (bohr):                       0.0100

 Frequencies (including translational and rotational modes):
 mode    frequency (cm-1)
    0               13.84 i (imaginary)
    1                0.56 i (imaginary)
    2                0.06 i (imaginary)
    3                0.04 i (imaginary)
    4               11.61
    5               23.27
    6               70.00
    7               72.42
    8               77.67
    9              111.81
   10              114.84
   11              165.16
   12              183.66
   13              194.14
   14              218.55
   15              226.32
   16              244.48
   17              255.20
   18              293.88
   19              300.52
   20              310.42
   21              369.63
   22              388.84
   23              434.52
   24              446.80
   25              478.85
   26              508.80
   27              555.92
   28              567.73
   29              638.34
   30              652.06
   31              695.52
   32              734.28
   33              847.61
   34              895.55
   35             1035.38
   36             1647.22
   37             1658.56
   38             1672.52
   39             1683.33
   40             1702.55
   41             1721.63
   42             3227.16
   43             3457.21
   44             3579.10
   45             3593.01
   46             3730.00
   47             3751.59
   48             3791.95
   49             3806.95
   50             3825.31
   51             3941.28
   52             3942.52
   53             3943.16

 Project out translational and rotational motions 

 Degrees of freedom for translational and rotational motions: 6

 Vibrational frequencies:
 mode    frequency (cm-1)
    0               69.71
    1               72.30
    2               77.65
    3              111.57
    4              114.79
    5              165.08
    6              183.63
    7              194.14
    8              218.54
    9              226.32
   10              244.46
   11              255.20
   12              293.88
   13              300.52
   14              310.39
   15              369.63
   16              388.84
   17              434.51
   18              446.80
   19              478.85
   20              508.80
   21              555.92
   22              567.72
   23              638.34
   24              652.06
   25              695.52
   26              734.28
   27              847.61
   28              895.55
   29             1035.38
   30             1647.22
   31             1658.56
   32             1672.52
   33             1683.33
   34             1702.55
   35             1721.63
   36             3227.16
   37             3457.21
   38             3579.10
   39             3593.01
   40             3730.00
   41             3751.59
   42             3791.95
   43             3806.95
   44             3825.31
   45             3941.28
   46             3942.52
   47             3943.16

 --------------------------------------------------------------------------------

 End time:                               Thu Jun 10 07:27:03 2021
 Total wall-clock time:               1668.800 seconds
==================================================================================
