
================================================================================
          _____________ ________ _______________ ________     _________         
         / ___________// ______ \\_____   _____// ______ \   / ________)        
        / /_________  / /      \ \     | |     / /      \ \ | (_______          
       |  __________|| |        | |    | |    | |        | | \________ \        
        \ \_________ | |        | |    | |     \ \______/ /___________) |       
         \__________||_|        |_|    |_|      \________//____________/        
                                                                                
====================================[ Qcore ]===================================

 Git hash:   15a3e7daff0cda5fa9af010ccd19a80288182ecf
 Git date:   Fri, 16 Apr 2021 15:57:16 +0100
 Compiler:   GNU 9.1.0
 Build type: Release
 Version:    1.1.0

 Start time: Thu Jun 10 17:35:49 2021

 Data directory: /work/zw18965/.local/qcore/share/entos/1.1.0/data
 Number of threads: 32
 Number of threads was determined by: number of physical cores

 --------------------------------------------------------------------------------
                                command: optimize                                
 --------------------------------------------------------------------------------
 Using coordinate system:                tric
 Hessian update scheme:                  bfgs

 ------------------------------------------------------------------------------------------------------------
                   energy      change    grad rms    grad max    step rms    step max       trust    time (s)
 ------------------------------------------------------------------------------------------------------------
   1       -76.170132539                4.62e-02    8.65e-02                            2.00e-01        0.49
   2       -76.220954648   -5.08e-02    5.15e-02    8.79e-02    2.00e-01    2.16e-01    2.83e-01        0.25
   3       -76.190251844    3.07e-02    4.26e-02    7.78e-02    2.83e-01    3.12e-01    4.00e-01        0.26
   4       -76.263199684   -7.29e-02    5.61e-02    9.32e-02    4.00e-01    4.86e-01    5.66e-01        0.27
   5       -76.264885352   -1.69e-03    7.04e-02    1.61e-01    5.66e-01    5.88e-01    2.83e-01        0.26
   6       -76.220327974    4.46e-02    6.10e-02    1.33e-01    2.83e-01    3.46e-01    4.00e-01        0.27
   7       -76.296632090   -7.63e-02    7.44e-02    1.72e-01    4.00e-01    4.83e-01    5.66e-01        0.28
   8       -76.363166389   -6.65e-02    5.85e-02    1.27e-01    6.16e-01    7.39e-01    5.66e-01        0.29
   9       -76.381110767   -1.79e-02    6.69e-02    1.64e-01    1.98e-01    2.42e-01    5.66e-01        0.25
  10       -76.419790977   -3.87e-02    5.34e-02    1.30e-01    1.74e-01    1.79e-01    5.66e-01        0.26
  11       -76.433853249   -1.41e-02    6.39e-02    1.09e-01    3.98e-01    4.98e-01    5.66e-01        0.27
Rejecting step due to low quality: Quality: -22.1058 New trust radius: 0.282842
  12       -74.957220431    1.48e+00    6.39e-02    1.09e-01    5.66e-01    6.66e-01    2.83e-01        0.30
Rejecting step due to low quality: Quality: -4.12819 New trust radius: 0.141421
  13       -76.270126173    1.64e-01    6.39e-02    1.09e-01    2.83e-01    3.33e-01    1.41e-01        0.28
  14       -76.412538981    2.13e-02    1.14e-01    2.24e-01    1.41e-01    1.66e-01    7.07e-02        0.24
  15       -76.436433260   -2.39e-02    5.31e-02    1.05e-01    7.07e-02    9.20e-02    1.00e-01        0.24
  16       -76.446147908   -9.71e-03    2.78e-02    5.10e-02    1.00e-01    1.02e-01    1.41e-01        0.24
  17       -76.447337904   -1.19e-03    1.68e-02    3.25e-02    1.22e-01    2.72e-01    6.11e-02        0.26
  18       -76.449341416   -2.00e-03    2.12e-03    4.32e-03    6.11e-02    1.29e-01    8.64e-02        0.25
  19       -76.449358983   -1.76e-05    3.87e-04    8.23e-04    2.98e-03    1.20e-02    8.64e-02        0.24
  20       -76.449359779   -7.96e-07    4.03e-05    7.75e-05    9.26e-04    3.10e-03    8.64e-02        0.21
  21       -76.449359811   -3.26e-08    9.03e-06    1.76e-05    2.79e-04    4.38e-04    8.64e-02        0.22
 Geometry optimization stopped:          thresholds achieved

 Final energy:                         -76.449359811

 -----------
  Final XYZ 
 -----------
3
Final structure: -76.4494 hartree
O           -0.000024196         -0.039924520         -0.221607476
H            0.000026577         -0.744498972         -0.891097021
H           -0.000002381          0.784423492         -0.736443823

 Structure in entos input format:

  structure(
    xyz = [
      ['O'  ,         -0.000024196,         -0.039924520,         -0.221607476],
      ['H'  ,          0.000026577,         -0.744498972,         -0.891097021],
      ['H'  ,         -0.000002381,          0.784423492,         -0.736443823]
    ]
  )

 --------------------------------
  Geometry optimization finished 
 --------------------------------
 Saving results in set 'opt1'

 --------------------------------------------------------------------------------
                                command: optimize                                
 --------------------------------------------------------------------------------
 Using coordinate system:                tric
 Hessian update scheme:                  bfgs

 ------------------------------------------------------------------------------------------------------------
                   energy      change    grad rms    grad max    step rms    step max       trust    time (s)
 ------------------------------------------------------------------------------------------------------------
   1       -76.468385766                1.25e-02    2.43e-02                            2.00e-01        1.99
   2       -76.469125345   -7.40e-04    3.28e-03    7.16e-03    2.11e-02    2.96e-02    2.00e-01        1.03
   3       -76.469175278   -4.99e-05    4.28e-04    7.23e-04    5.77e-03    9.32e-03    2.00e-01        1.02
   4       -76.469178928   -3.65e-06    2.15e-04    3.95e-04    2.20e-03    3.93e-03    2.00e-01        0.95
   5       -76.469180150   -1.22e-06    1.22e-06    2.71e-06    2.22e-03    3.87e-03    2.00e-01        1.02
   6       -76.469180150   -3.77e-10    4.64e-07    9.22e-07    8.96e-06    5.08e-05    2.00e-01        0.86
 Geometry optimization stopped:          thresholds achieved

 Final energy:                         -76.469180150

 -----------
  Final XYZ 
 -----------
3
Final structure: -76.4692 hartree
O           -0.000023343         -0.038826863         -0.233414039
H            0.000025570         -0.732910700         -0.884141163
H           -0.000002227          0.771737563         -0.731593118

 Structure in entos input format:

  structure(
    xyz = [
      ['O'  ,         -0.000023343,         -0.038826863,         -0.233414039],
      ['H'  ,          0.000025570,         -0.732910700,         -0.884141163],
      ['H'  ,         -0.000002227,          0.771737563,         -0.731593118]
    ]
  )

 --------------------------------
  Geometry optimization finished 
 --------------------------------
 Saving results in set 'opt'

 --------------------------------------------------------------------------------
                                 command: hessian                                
 --------------------------------------------------------------------------------

 -------------------------------
  Numerical Geometrical Hessian 
 -------------------------------

 Compute hessian using two-point central differentiation.
 Step size (bohr):                       0.0100

 Frequencies (including translational and rotational modes):
 mode    frequency (cm-1)
    0               26.69 i (imaginary)
    1               17.30 i (imaginary)
    2                0.01 i (imaginary)
    3                0.11
    4                0.16
    5               35.44
    6             1641.17
    7             3937.07
    8             4045.53

 Project out translational and rotational motions 

 Degrees of freedom for translational and rotational motions: 6

 Vibrational frequencies:
 mode    frequency (cm-1)
    0             1641.17
    1             3937.07
    2             4045.53

 --------------------------------------------------------------------------------

 End time:                               Thu Jun 10 17:36:22 2021
 Total wall-clock time:                 32.825 seconds
==================================================================================
