
================================================================================
          _____________ ________ _______________ ________     _________         
         / ___________// ______ \\_____   _____// ______ \   / ________)        
        / /_________  / /      \ \     | |     / /      \ \ | (_______          
       |  __________|| |        | |    | |    | |        | | \________ \        
        \ \_________ | |        | |    | |     \ \______/ /___________) |       
         \__________||_|        |_|    |_|      \________//____________/        
                                                                                
====================================[ Qcore ]===================================

 Git hash:   15a3e7daff0cda5fa9af010ccd19a80288182ecf
 Git date:   Fri, 16 Apr 2021 15:57:16 +0100
 Compiler:   GNU 9.1.0
 Build type: Release
 Version:    1.1.0

 Start time: Fri Jun 11 12:49:05 2021

 Data directory: /work/zw18965/.local/qcore/share/entos/1.1.0/data
 Number of threads: 24
 Number of threads was determined by: number of physical cores

 --------------------------------------------------------------------------------
                                command: optimize                                
 --------------------------------------------------------------------------------
 Using coordinate system:                tric
 Hessian update scheme:                  bfgs

 ------------------------------------------------------------------------------------------------------------
                   energy      change    grad rms    grad max    step rms    step max       trust    time (s)
 ------------------------------------------------------------------------------------------------------------
   1      -152.339729648                4.58e-02    7.44e-02                            2.00e-01        1.07
   2      -152.440468277   -1.01e-01    5.11e-02    8.79e-02    2.00e-01    1.88e-01    2.83e-01        0.68
   3      -152.377510979    6.30e-02    4.22e-02    7.84e-02    2.83e-01    3.14e-01    4.00e-01        0.68
   4      -152.521905041   -1.44e-01    5.57e-02    9.70e-02    4.00e-01    4.81e-01    5.66e-01        0.70
   5      -152.504922038    1.70e-02    6.86e-02    1.35e-01    5.66e-01    6.11e-01    2.83e-01        0.65
   6      -152.439196862    6.57e-02    6.02e-02    1.12e-01    2.83e-01    3.36e-01    4.00e-01        0.63
   7      -152.571764643   -1.33e-01    7.33e-02    1.48e-01    4.04e-01    4.90e-01    5.66e-01        0.69
   8      -152.699366869   -1.28e-01    6.39e-02    1.34e-01    5.66e-01    7.33e-01    5.66e-01        0.68
Rejecting step due to low quality: Quality: -5.07332 New trust radius: 0.25353
   9      -152.320375300    3.79e-01    6.39e-02    1.34e-01    5.07e-01    5.64e-01    2.54e-01        0.71
  10      -152.706736336   -7.37e-03    6.86e-02    1.42e-01    2.54e-01    2.82e-01    1.27e-01        0.67
  11      -152.765072251   -5.83e-02    5.71e-02    1.17e-01    1.27e-01    1.57e-01    1.79e-01        0.56
  12      -152.834384984   -6.93e-02    4.68e-02    1.26e-01    1.79e-01    2.65e-01    2.54e-01        0.58
  13      -152.871158794   -3.68e-02    6.48e-02    1.80e-01    2.54e-01    4.12e-01    2.54e-01        0.63
  14      -152.888269979   -1.71e-02    2.64e-02    6.12e-02    2.54e-01    2.97e-01    2.54e-01        0.62
Rejecting step due to low quality: Quality: -4.56964 New trust radius: 0.0817356
  15      -152.824621227    6.36e-02    2.64e-02    6.12e-02    1.63e-01    2.48e-01    8.17e-02        0.61
  16      -152.878507754    9.76e-03    5.59e-02    1.60e-01    8.17e-02    1.24e-01    4.09e-02        0.57
  17      -152.885930620   -7.42e-03    4.05e-02    1.08e-01    4.09e-02    4.71e-02    5.78e-02        0.58
  18      -152.893401933   -7.47e-03    2.68e-02    7.68e-02    5.78e-02    6.02e-02    8.17e-02        0.57
  19      -152.898710279   -5.31e-03    7.40e-03    1.72e-02    8.17e-02    1.04e-01    8.17e-02        0.58
  20      -152.898992806   -2.83e-04    5.35e-03    1.07e-02    6.85e-02    7.66e-02    3.43e-02        0.56
  21      -152.899495787   -5.03e-04    5.45e-04    1.26e-03    3.27e-02    4.08e-02    4.84e-02        0.56
  22      -152.899502590   -6.80e-06    2.27e-04    5.30e-04    5.15e-03    7.34e-03    4.84e-02        0.51
  23      -152.899505169   -2.58e-06    8.85e-05    1.74e-04    2.38e-03    2.67e-03    4.84e-02        0.50
  24      -152.899510732   -5.56e-06    1.80e-04    4.12e-04    8.82e-03    1.27e-02    4.84e-02        0.50
  25      -152.899527820   -1.71e-05    4.84e-04    1.04e-03    3.32e-02    5.00e-02    4.84e-02        0.54
  26      -152.899548624   -2.08e-05    9.06e-04    1.72e-03    4.84e-02    7.29e-02    6.85e-02        0.55
  27      -152.899555572   -6.95e-06    1.95e-03    3.74e-03    6.85e-02    9.92e-02    6.85e-02        0.58
  28      -152.899593838   -3.83e-05    6.09e-04    1.16e-03    1.06e-02    1.82e-02    6.85e-02        0.56
  29      -152.899619286   -2.54e-05    2.29e-04    4.27e-04    4.33e-02    5.48e-02    6.85e-02        0.58
  30      -152.899637936   -1.87e-05    9.24e-04    1.83e-03    6.85e-02    8.80e-02    9.69e-02        0.58
  31      -152.899661648   -2.37e-05    7.41e-04    1.29e-03    4.14e-02    4.79e-02    9.69e-02        0.59
  32      -152.899707092   -4.54e-05    8.28e-04    1.89e-03    9.69e-02    1.12e-01    1.37e-01        0.57
  33      -152.899780980   -7.39e-05    8.96e-04    1.59e-03    1.37e-01    1.61e-01    1.94e-01        0.59
  34      -152.899870053   -8.91e-05    1.65e-03    4.33e-03    1.94e-01    2.30e-01    2.74e-01        0.62
  35      -152.899930310   -6.03e-05    2.34e-03    5.13e-03    1.68e-01    2.04e-01    2.74e-01        0.60
  36      -152.899904875    2.54e-05    4.66e-03    1.22e-02    2.74e-01    3.46e-01    1.37e-01        0.59
  37      -152.900033605   -1.29e-04    3.87e-03    9.64e-03    1.37e-01    1.64e-01    1.94e-01        0.63
  38      -152.900188538   -1.55e-04    3.92e-03    8.95e-03    1.94e-01    2.31e-01    2.74e-01        0.64
  39      -152.900462526   -2.74e-04    4.24e-03    1.27e-02    5.38e-02    7.16e-02    2.74e-01        0.63
  40      -152.900811390   -3.49e-04    4.61e-03    8.39e-03    2.27e-01    2.82e-01    3.88e-01        0.67
  41      -152.901409242   -5.98e-04    5.85e-03    1.14e-02    2.78e-01    3.36e-01    3.88e-01        0.66
  42      -152.901799826   -3.91e-04    8.69e-03    1.91e-02    3.88e-01    4.60e-01    3.88e-01        0.67
  43      -152.900866704    9.33e-04    1.22e-02    2.81e-02    3.88e-01    4.10e-01    1.94e-01        0.70
  44      -152.902257279   -1.39e-03    9.58e-03    2.56e-02    1.94e-01    2.32e-01    2.74e-01        0.65
  45      -152.901407921    8.49e-04    1.18e-02    2.87e-02    9.79e-02    1.52e-01    4.90e-02        0.65
  46      -152.902704787   -1.30e-03    7.41e-03    1.74e-02    4.90e-02    5.29e-02    6.92e-02        0.63
  47      -152.903640522   -9.36e-04    3.44e-03    8.13e-03    6.92e-02    9.44e-02    9.79e-02        0.68
  48      -152.903737912   -9.74e-05    3.42e-03    8.68e-03    3.96e-02    4.31e-02    9.79e-02        0.63
  49      -152.903862896   -1.25e-04    8.69e-04    2.20e-03    1.43e-02    2.27e-02    9.79e-02        0.63
  50      -152.903924230   -6.13e-05    1.24e-03    3.07e-03    2.16e-02    3.36e-02    9.79e-02        0.65
  51      -152.903977639   -5.34e-05    1.26e-03    3.84e-03    3.36e-02    4.99e-02    9.79e-02        0.63
  52      -152.903997038   -1.94e-05    7.63e-04    1.74e-03    1.74e-02    2.75e-02    9.79e-02        0.64
  53      -152.904023866   -2.68e-05    9.22e-04    1.96e-03    9.37e-03    1.30e-02    9.79e-02        0.64
  54      -152.904136842   -1.13e-04    2.01e-03    5.25e-03    5.05e-02    7.83e-02    9.79e-02        0.64
  55      -152.904256010   -1.19e-04    3.20e-03    8.55e-03    9.79e-02    1.55e-01    1.38e-01        0.66
  56      -152.904344961   -8.90e-05    1.85e-03    5.11e-03    1.84e-02    3.88e-02    1.38e-01        0.64
  57      -152.904407712   -6.28e-05    8.52e-04    1.69e-03    4.80e-02    7.37e-02    1.38e-01        0.68
  58      -152.904415668   -7.96e-06    4.71e-04    1.28e-03    9.41e-03    1.41e-02    1.38e-01        0.65
  59      -152.904425836   -1.02e-05    4.01e-04    8.11e-04    1.53e-02    1.87e-02    1.38e-01        0.64
  60      -152.904441782   -1.59e-05    3.24e-04    8.51e-04    2.86e-02    3.19e-02    1.38e-01        0.65
  61      -152.904459161   -1.74e-05    2.40e-04    3.97e-04    3.37e-02    3.79e-02    1.38e-01        0.63
  62      -152.904476018   -1.69e-05    5.11e-04    1.22e-03    3.43e-02    4.09e-02    1.38e-01        0.63
  63      -152.904492483   -1.65e-05    5.94e-04    1.16e-03    4.07e-02    5.11e-02    1.38e-01        0.62
  64      -152.904508838   -1.64e-05    5.18e-04    1.46e-03    4.82e-02    6.14e-02    1.38e-01        0.63
  65      -152.904512271   -3.43e-06    3.93e-04    9.90e-04    1.57e-02    1.94e-02    1.38e-01        0.62
  66      -152.904513371   -1.10e-06    5.33e-04    1.08e-03    1.19e-02    1.37e-02    1.38e-01        0.64
  67      -152.904515949   -2.58e-06    2.48e-04    5.66e-04    5.66e-03    1.00e-02    1.38e-01        0.63
  68      -152.904517149   -1.20e-06    1.52e-04    3.11e-04    6.11e-03    1.02e-02    1.38e-01        0.59
  69      -152.904517821   -6.72e-07    1.15e-04    2.08e-04    6.23e-03    8.29e-03    1.38e-01        0.63
  70      -152.904518244   -4.23e-07    1.12e-04    2.15e-04    5.08e-03    6.43e-03    1.38e-01        0.60
  71      -152.904518767   -5.23e-07    8.15e-05    1.50e-04    6.64e-03    9.27e-03    1.38e-01        0.61
  72      -152.904518959   -1.92e-07    5.82e-05    1.44e-04    1.96e-03    2.90e-03    1.38e-01        0.57
  73      -152.904519298   -3.40e-07    7.20e-05    1.74e-04    1.63e-03    2.40e-03    1.38e-01        0.60
  74      -152.904519986   -6.88e-07    1.41e-04    3.45e-04    3.66e-03    5.78e-03    1.38e-01        0.60
  75      -152.904521664   -1.68e-06    2.81e-04    7.10e-04    9.89e-03    1.58e-02    1.38e-01        0.61
  76      -152.904524559   -2.89e-06    6.12e-04    1.42e-03    2.34e-02    3.76e-02    1.38e-01        0.63
  77      -152.904528926   -4.37e-06    5.86e-04    1.39e-03    1.06e-02    1.52e-02    1.38e-01        0.63
Rejecting step due to low quality: Quality: -1.33152 New trust radius: 0.0427546
  78      -152.904496925    3.20e-05    5.86e-04    1.39e-03    8.55e-02    1.34e-01    4.28e-02        0.66
  79      -152.904544704   -1.58e-05    1.03e-03    2.80e-03    4.28e-02    6.70e-02    6.05e-02        0.64
  80      -152.904578314   -3.36e-05    7.80e-04    2.24e-03    6.05e-02    9.16e-02    8.55e-02        0.67
  81      -152.904595517   -1.72e-05    1.20e-03    3.07e-03    2.90e-02    5.71e-02    8.55e-02        0.64
Rejecting step due to low quality: Quality: -1.5015 New trust radius: 0.0431145
  82      -152.904488103    1.07e-04    1.20e-03    3.07e-03    8.62e-02    1.76e-01    4.31e-02        0.66
  83      -152.904614022   -1.85e-05    1.98e-03    4.63e-03    4.35e-02    8.87e-02    4.31e-02        0.65
  84      -152.904633612   -1.96e-05    2.36e-03    5.27e-03    4.33e-02    8.02e-02    4.31e-02        0.64
  85      -152.904656825   -2.32e-05    1.71e-03    3.64e-03    3.42e-02    5.54e-02    4.31e-02        0.64
  86      -152.904710668   -5.38e-05    1.10e-03    2.19e-03    3.55e-02    6.69e-02    6.10e-02        0.64
  87      -152.904715391   -4.72e-06    3.33e-03    6.84e-03    6.10e-02    1.04e-01    3.05e-02        0.66
  88      -152.904806589   -9.12e-05    9.02e-04    1.90e-03    3.03e-02    4.99e-02    4.31e-02        0.65
  89      -152.904870013   -6.34e-05    1.17e-03    2.87e-03    3.13e-02    7.40e-02    4.31e-02        0.65
  90      -152.904945369   -7.54e-05    1.81e-03    4.63e-03    4.31e-02    6.76e-02    6.10e-02        0.63
  91      -152.905023634   -7.83e-05    2.42e-03    5.48e-03    6.10e-02    6.43e-02    8.62e-02        0.68
  92      -152.905101348   -7.77e-05    1.25e-03    2.66e-03    3.07e-02    4.87e-02    8.62e-02        0.68
  93      -152.905158096   -5.67e-05    2.27e-03    4.48e-03    6.18e-02    8.85e-02    8.62e-02        0.70
  94      -152.905212064   -5.40e-05    1.40e-03    2.50e-03    3.45e-02    6.10e-02    8.62e-02        0.66
  95      -152.905221420   -9.36e-06    1.80e-03    4.68e-03    3.15e-02    5.54e-02    1.58e-02        0.64
  96      -152.905244898   -2.35e-05    1.44e-03    3.54e-03    1.58e-02    1.92e-02    2.23e-02        0.65
  97      -152.905266748   -2.19e-05    9.28e-04    2.06e-03    2.23e-02    3.23e-02    3.15e-02        0.64
  98      -152.905274604   -7.86e-06    7.45e-04    1.78e-03    8.23e-03    1.41e-02    3.15e-02        0.64
  99      -152.905286681   -1.21e-05    8.07e-04    1.76e-03    2.21e-02    3.61e-02    3.15e-02        0.65
 100      -152.905295095   -8.41e-06    6.16e-04    1.08e-03    1.19e-02    2.12e-02    3.15e-02        0.65
 101      -152.905304865   -9.77e-06    4.28e-04    1.19e-03    2.12e-02    3.23e-02    3.15e-02        0.65
 102      -152.905310436   -5.57e-06    3.63e-04    8.41e-04    5.82e-03    1.19e-02    3.15e-02        0.61
 103      -152.905331458   -2.10e-05    3.87e-04    8.50e-04    3.15e-02    6.07e-02    4.46e-02        0.66
 104      -152.905348012   -1.66e-05    5.07e-04    1.12e-03    4.46e-02    8.36e-02    6.30e-02        0.67
 105      -152.905355496   -7.48e-06    4.53e-04    1.31e-03    2.95e-02    3.70e-02    6.30e-02        0.65
 106      -152.905358374   -2.88e-06    2.09e-04    4.46e-04    7.73e-03    1.21e-02    6.30e-02        0.64
 107      -152.905359404   -1.03e-06    2.52e-04    6.26e-04    8.54e-03    1.50e-02    6.30e-02        0.65
 108      -152.905360067   -6.63e-07    1.10e-04    2.03e-04    5.46e-03    7.86e-03    6.30e-02        0.65
 109      -152.905361088   -1.02e-06    1.15e-04    2.15e-04    7.50e-03    1.42e-02    6.30e-02        0.66
 110      -152.905362016   -9.29e-07    1.38e-04    2.85e-04    7.00e-03    1.23e-02    6.30e-02        0.65
 111      -152.905362830   -8.14e-07    1.23e-04    2.54e-04    5.07e-03    7.60e-03    6.30e-02        0.63
 112      -152.905363735   -9.05e-07    1.24e-04    2.49e-04    6.81e-03    1.09e-02    6.30e-02        0.64
 113      -152.905365146   -1.41e-06    1.67e-04    3.73e-04    1.11e-02    1.96e-02    6.30e-02        0.67
 114      -152.905366639   -1.49e-06    1.43e-04    3.20e-04    1.33e-02    2.56e-02    6.30e-02        0.66
 115      -152.905367165   -5.26e-07    1.13e-04    2.58e-04    7.33e-03    1.41e-02    6.30e-02        0.64
 116      -152.905367276   -1.10e-07    2.01e-04    5.60e-04    3.88e-03    5.44e-03    6.30e-02        0.63
 117      -152.905367402   -1.26e-07    9.16e-05    2.30e-04    4.70e-03    9.30e-03    6.30e-02        0.64
 118      -152.905367628   -2.27e-07    1.01e-04    2.33e-04    3.40e-03    5.89e-03    6.30e-02        0.62
 119      -152.905367917   -2.89e-07    9.00e-05    1.97e-04    5.12e-03    9.21e-03    6.30e-02        0.67
 120      -152.905368060   -1.43e-07    7.34e-05    1.67e-04    5.34e-03    1.02e-02    6.30e-02        0.63
 121      -152.905368200   -1.40e-07    5.43e-05    1.37e-04    2.55e-03    4.59e-03    6.30e-02        0.61
 122      -152.905368474   -2.74e-07    4.07e-05    1.17e-04    3.67e-03    4.28e-03    6.30e-02        0.62
 123      -152.905368708   -2.34e-07    3.43e-05    6.84e-05    3.81e-03    4.52e-03    6.30e-02        0.61
 124      -152.905368776   -6.76e-08    2.92e-05    7.50e-05    3.55e-03    3.82e-03    6.30e-02        0.60
 125      -152.905368796   -1.98e-08    1.03e-05    3.11e-05    1.15e-03    1.76e-03    6.30e-02        0.62
 126      -152.905368815   -1.88e-08    1.55e-06    3.03e-06    1.95e-04    2.62e-04    6.30e-02        0.54
 Geometry optimization stopped:          thresholds achieved

 Final energy:                        -152.905368815

 -----------
  Final XYZ 
 -----------
6
Final structure: -152.905 hartree
O            0.135612980          1.318132422          0.171387648
H           -0.729564122          1.754009757          0.108132780
H           -0.055300734          0.362949058          0.059827849
O           -0.147934125         -1.599993704         -0.133139180
H            0.431217734         -1.874929328         -0.864465049
H            0.234155188         -2.016571676          0.658255952

 Structure in entos input format:

  structure(
    xyz = [
      ['O'  ,          0.135612980,          1.318132422,          0.171387648],
      ['H'  ,         -0.729564122,          1.754009757,          0.108132780],
      ['H'  ,         -0.055300734,          0.362949058,          0.059827849],
      ['O'  ,         -0.147934125,         -1.599993704,         -0.133139180],
      ['H'  ,          0.431217734,         -1.874929328,         -0.864465049],
      ['H'  ,          0.234155188,         -2.016571676,          0.658255952]
    ]
  )

 --------------------------------
  Geometry optimization finished 
 --------------------------------
 Saving results in set 'opt0'

 --------------------------------------------------------------------------------
                                command: optimize                                
 --------------------------------------------------------------------------------
 Using coordinate system:                tric
 Hessian update scheme:                  bfgs

 ------------------------------------------------------------------------------------------------------------
                   energy      change    grad rms    grad max    step rms    step max       trust    time (s)
 ------------------------------------------------------------------------------------------------------------
   1      -152.865213256                5.74e-03    1.03e-02                            2.00e-01        1.02
   2      -152.865538630   -3.25e-04    1.77e-03    3.49e-03    1.41e-02    1.41e-02    2.00e-01        0.75
   3      -152.865574409   -3.58e-05    2.44e-04    4.25e-04    7.79e-03    6.79e-03    2.00e-01        0.75
   4      -152.865577445   -3.04e-06    1.34e-04    2.73e-04    2.57e-03    3.19e-03    2.00e-01        0.72
   5      -152.865578871   -1.43e-06    4.17e-05    9.56e-05    2.79e-03    5.28e-03    2.00e-01        0.71
   6      -152.865579085   -2.15e-07    3.73e-05    8.61e-05    8.64e-04    2.49e-03    2.00e-01        0.71
   7      -152.865580184   -1.10e-06    7.67e-05    2.42e-04    6.76e-03    1.76e-02    2.00e-01        0.74
   8      -152.865580753   -5.69e-07    7.30e-05    2.31e-04    5.68e-03    1.23e-02    2.00e-01        0.75
   9      -152.865581086   -3.32e-07    3.04e-05    9.18e-05    5.34e-03    9.06e-03    2.00e-01        0.72
  10      -152.865581152   -6.63e-08    4.99e-06    1.03e-05    1.48e-03    1.93e-03    2.00e-01        0.68
  11      -152.865581165   -1.27e-08    6.68e-06    1.68e-05    5.32e-04    6.52e-04    2.00e-01        0.67
 Geometry optimization stopped:          thresholds achieved

 Final energy:                        -152.865581165

 -----------
  Final XYZ 
 -----------
6
Final structure: -152.866 hartree
O            0.122616289          1.312305424          0.169936754
H           -0.736823937          1.737376406          0.104988206
H           -0.049699545          0.364053579          0.061397362
O           -0.126482969         -1.581781483         -0.128529860
H            0.426558341         -1.873291721         -0.860685695
H            0.232018743         -2.015065677          0.652893234

 Structure in entos input format:

  structure(
    xyz = [
      ['O'  ,          0.122616289,          1.312305424,          0.169936754],
      ['H'  ,         -0.736823937,          1.737376406,          0.104988206],
      ['H'  ,         -0.049699545,          0.364053579,          0.061397362],
      ['O'  ,         -0.126482969,         -1.581781483,         -0.128529860],
      ['H'  ,          0.426558341,         -1.873291721,         -0.860685695],
      ['H'  ,          0.232018743,         -2.015065677,          0.652893234]
    ]
  )

 --------------------------------
  Geometry optimization finished 
 --------------------------------
 Saving results in set 'opt1'

 --------------------------------------------------------------------------------
                                command: optimize                                
 --------------------------------------------------------------------------------
 Using coordinate system:                tric
 Hessian update scheme:                  bfgs

 ------------------------------------------------------------------------------------------------------------
                   energy      change    grad rms    grad max    step rms    step max       trust    time (s)
 ------------------------------------------------------------------------------------------------------------
   1      -152.865581165                6.68e-06    1.69e-05                            2.00e-01        0.98
Rejecting step due to low quality: Quality: -1.66872 New trust radius: 8.24183e-05
   2      -152.865581162    2.99e-09    6.68e-06    1.69e-05    1.65e-04    1.40e-04    8.24e-05        0.63
 Geometry optimization stopped:          thresholds achieved

 Final energy:                        -152.865581162

 -----------
  Final XYZ 
 -----------
6
Final structure: -152.866 hartree
O            0.122616289          1.312305424          0.169936754
H           -0.736823937          1.737376406          0.104988206
H           -0.049699545          0.364053579          0.061397362
O           -0.126482969         -1.581781483         -0.128529860
H            0.426558341         -1.873291721         -0.860685695
H            0.232018743         -2.015065677          0.652893234

 Structure in entos input format:

  structure(
    xyz = [
      ['O'  ,          0.122616289,          1.312305424,          0.169936754],
      ['H'  ,         -0.736823937,          1.737376406,          0.104988206],
      ['H'  ,         -0.049699545,          0.364053579,          0.061397362],
      ['O'  ,         -0.126482969,         -1.581781483,         -0.128529860],
      ['H'  ,          0.426558341,         -1.873291721,         -0.860685695],
      ['H'  ,          0.232018743,         -2.015065677,          0.652893234]
    ]
  )

 --------------------------------
  Geometry optimization finished 
 --------------------------------
 Saving results in set 'opt2'

 --------------------------------------------------------------------------------
                                command: optimize                                
 --------------------------------------------------------------------------------
 Using coordinate system:                tric
 Hessian update scheme:                  bfgs

 ------------------------------------------------------------------------------------------------------------
                   energy      change    grad rms    grad max    step rms    step max       trust    time (s)
 ------------------------------------------------------------------------------------------------------------
   1      -152.947971158                6.24e-03    1.09e-02                            2.00e-01        9.05
   2      -152.948581132   -6.10e-04    1.59e-03    3.32e-03    5.49e-02    5.17e-02    2.00e-01        7.31
   3      -152.948685445   -1.04e-04    5.55e-04    1.42e-03    4.73e-02    4.67e-02    2.00e-01        7.33
   4      -152.948696684   -1.12e-05    2.79e-04    6.28e-04    9.33e-03    7.18e-03    2.00e-01        7.08
   5      -152.948701233   -4.55e-06    8.66e-05    1.89e-04    9.76e-03    7.97e-03    2.00e-01        7.20
   6      -152.948701649   -4.16e-07    6.09e-05    1.31e-04    1.41e-03    2.44e-03    2.00e-01        6.65
   7      -152.948702253   -6.04e-07    4.49e-05    1.31e-04    3.09e-03    7.29e-03    2.00e-01        7.41
   8      -152.948702467   -2.14e-07    5.33e-05    1.26e-04    1.47e-03    3.47e-03    2.00e-01        6.91
   9      -152.948703016   -5.49e-07    6.72e-05    1.90e-04    5.48e-03    1.20e-02    2.00e-01        7.41
  10      -152.948703356   -3.40e-07    5.94e-05    1.63e-04    4.26e-03    8.48e-03    2.00e-01        7.11
  11      -152.948703549   -1.92e-07    3.65e-05    7.43e-05    3.18e-03    5.50e-03    2.00e-01        6.83
  12      -152.948703606   -5.74e-08    1.75e-05    4.69e-05    7.53e-04    9.67e-04    2.00e-01        6.25
 Geometry optimization stopped:          thresholds achieved

 Final energy:                        -152.948703606

 -----------
  Final XYZ 
 -----------
6
Final structure: -152.949 hartree
O            0.128423093          1.241172568          0.164797248
H           -0.712312056          1.679711426          0.102086047
H           -0.057470523          0.304634024          0.055309478
O           -0.132806808         -1.525897547         -0.123747234
H            0.415946421         -1.808077257         -0.849418959
H            0.226406795         -1.947946685          0.650973420

 Structure in entos input format:

  structure(
    xyz = [
      ['O'  ,          0.128423093,          1.241172568,          0.164797248],
      ['H'  ,         -0.712312056,          1.679711426,          0.102086047],
      ['H'  ,         -0.057470523,          0.304634024,          0.055309478],
      ['O'  ,         -0.132806808,         -1.525897547,         -0.123747234],
      ['H'  ,          0.415946421,         -1.808077257,         -0.849418959],
      ['H'  ,          0.226406795,         -1.947946685,          0.650973420]
    ]
  )

 --------------------------------
  Geometry optimization finished 
 --------------------------------
 Saving results in set 'opt'

 --------------------------------------------------------------------------------
                                 command: hessian                                
 --------------------------------------------------------------------------------

 -------------------------------
  Numerical Geometrical Hessian 
 -------------------------------

 Compute hessian using two-point central differentiation.
 Step size (bohr):                       0.0100

 Frequencies (including translational and rotational modes):
 mode    frequency (cm-1)
    0                1.22 i (imaginary)
    1                0.23 i (imaginary)
    2                0.07 i (imaginary)
    3                0.42
    4                3.33
    5               22.97
    6              136.32
    7              157.34
    8              170.39
    9              218.50
   10              397.47
   11              695.39
   12             1641.51
   13             1664.43
   14             3775.47
   15             3925.02
   16             4014.25
   17             4028.87

 Project out translational and rotational motions 

 Degrees of freedom for translational and rotational motions: 6

 Vibrational frequencies:
 mode    frequency (cm-1)
    0              136.31
    1              157.33
    2              170.37
    3              218.50
    4              397.47
    5              695.39
    6             1641.51
    7             1664.43
    8             3775.47
    9             3925.02
   10             4014.25
   11             4028.87

 --------------------------------------------------------------------------------

 End time:                               Fri Jun 11 12:56:31 2021
 Total wall-clock time:                445.686 seconds
==================================================================================
