
================================================================================
          _____________ ________ _______________ ________     _________         
         / ___________// ______ \\_____   _____// ______ \   / ________)        
        / /_________  / /      \ \     | |     / /      \ \ | (_______          
       |  __________|| |        | |    | |    | |        | | \________ \        
        \ \_________ | |        | |    | |     \ \______/ /___________) |       
         \__________||_|        |_|    |_|      \________//____________/        
                                                                                
====================================[ Qcore ]===================================

 Git hash:   15a3e7daff0cda5fa9af010ccd19a80288182ecf
 Git date:   Fri, 16 Apr 2021 15:57:16 +0100
 Compiler:   GNU 9.1.0
 Build type: Release
 Version:    1.1.0

 Start time: Thu Jun 10 05:16:22 2021

 Data directory: /work/zw18965/.local/qcore/share/entos/1.1.0/data
 Number of threads: 24
 Number of threads was determined by: command line argument
  - More threads can be used by running 'qcore -n 32'

 --------------------------------------------------------------------------------
                                command: optimize                                
 --------------------------------------------------------------------------------
 Using coordinate system:                tric
 Hessian update scheme:                  bfgs

 ------------------------------------------------------------------------------------------------------------
                   energy      change    grad rms    grad max    step rms    step max       trust    time (s)
 ------------------------------------------------------------------------------------------------------------
   1      -229.439642509                3.94e-03    6.43e-03                            2.00e-01       41.30
   2      -229.440761472   -1.12e-03    1.93e-03    2.95e-03    9.83e-02    9.70e-02    2.00e-01       33.44
   3      -229.440872714   -1.11e-04    7.94e-04    1.97e-03    5.03e-02    4.50e-02    2.00e-01       31.03
   4      -229.440939573   -6.69e-05    3.52e-04    7.59e-04    2.02e-02    1.72e-02    2.00e-01       33.19
   5      -229.440948534   -8.96e-06    1.33e-04    2.57e-04    6.30e-03    6.65e-03    2.00e-01       31.06
   6      -229.440952155   -3.62e-06    9.73e-05    1.83e-04    4.16e-03    5.63e-03    2.00e-01       30.67
   7      -229.440954981   -2.83e-06    8.58e-05    1.92e-04    5.35e-03    9.09e-03    2.00e-01       31.18
   8      -229.440956738   -1.76e-06    8.44e-05    2.06e-04    4.88e-03    8.63e-03    2.00e-01       31.14
   9      -229.440958063   -1.33e-06    8.07e-05    1.80e-04    5.10e-03    8.42e-03    2.00e-01       31.12
  10      -229.440958740   -6.77e-07    5.98e-05    1.47e-04    3.65e-03    5.20e-03    2.00e-01       31.19
  11      -229.440959025   -2.85e-07    2.70e-05    6.78e-05    1.94e-03    2.42e-03    2.00e-01       28.88
  12      -229.440959043   -1.76e-08    9.04e-06    1.71e-05    6.87e-04    7.59e-04    2.00e-01       27.59
 Geometry optimization stopped:          thresholds achieved

 Final energy:                        -229.440959043

 -----------
  Final XYZ 
 -----------
9
Final structure: -229.441 hartree
O           -1.415075591         -0.613918762         -0.080641474
H           -0.546633223         -1.042188146         -0.041374465
H           -1.964547076         -1.039071626          0.568242474
O            1.245263584         -0.908407278         -0.103051682
H            1.894555900         -1.178406137          0.536607718
H            1.155950033          0.054384922         -0.024920591
O            0.168534019          1.529789781          0.116688434
H           -0.625093895          0.974853205          0.063997977
H            0.097278247          2.174158040         -0.579097391

 Structure in entos input format:

  structure(
    xyz = [
      ['O'  ,         -1.415075591,         -0.613918762,         -0.080641474],
      ['H'  ,         -0.546633223,         -1.042188146,         -0.041374465],
      ['H'  ,         -1.964547076,         -1.039071626,          0.568242474],
      ['O'  ,          1.245263584,         -0.908407278,         -0.103051682],
      ['H'  ,          1.894555900,         -1.178406137,          0.536607718],
      ['H'  ,          1.155950033,          0.054384922,         -0.024920591],
      ['O'  ,          0.168534019,          1.529789781,          0.116688434],
      ['H'  ,         -0.625093895,          0.974853205,          0.063997977],
      ['H'  ,          0.097278247,          2.174158040,         -0.579097391]
    ]
  )

 --------------------------------
  Geometry optimization finished 
 --------------------------------
 Saving results in set 'opt'

 --------------------------------------------------------------------------------
                                 command: hessian                                
 --------------------------------------------------------------------------------

WARNING: semianalytic method is specified for dft hessian, which is not efficient. Try switching to 'method = analytic'


 -------------------------------
  Numerical Geometrical Hessian 
 -------------------------------

 Compute hessian using two-point central differentiation.
 Step size (bohr):                       0.0100

 Frequencies (including translational and rotational modes):
 mode    frequency (cm-1)
    0                4.27 i (imaginary)
    1                0.05 i (imaginary)
    2                0.03 i (imaginary)
    3                0.10
    4                8.51
    5               16.61
    6              194.57
    7              212.44
    8              229.31
    9              234.92
   10              263.50
   11              268.11
   12              394.34
   13              404.21
   14              506.00
   15              661.84
   16              758.35
   17              971.29
   18             1652.58
   19             1655.67
   20             1687.09
   21             3555.47
   22             3648.25
   23             3659.90
   24             4000.29
   25             4004.97
   26             4006.51

 Project out translational and rotational motions 

 Degrees of freedom for translational and rotational motions: 6

 Vibrational frequencies:
 mode    frequency (cm-1)
    0              194.57
    1              212.44
    2              229.30
    3              234.92
    4              263.50
    5              268.11
    6              394.34
    7              404.21
    8              506.00
    9              661.84
   10              758.35
   11              971.29
   12             1652.58
   13             1655.67
   14             1687.09
   15             3555.47
   16             3648.25
   17             3659.90
   18             4000.29
   19             4004.97
   20             4006.51

 --------------------------------------------------------------------------------

 End time:                               Thu Jun 10 05:51:22 2021
 Total wall-clock time:               2100.350 seconds
==================================================================================
