
================================================================================
          _____________ ________ _______________ ________     _________         
         / ___________// ______ \\_____   _____// ______ \   / ________)        
        / /_________  / /      \ \     | |     / /      \ \ | (_______          
       |  __________|| |        | |    | |    | |        | | \________ \        
        \ \_________ | |        | |    | |     \ \______/ /___________) |       
         \__________||_|        |_|    |_|      \________//____________/        
                                                                                
====================================[ Qcore ]===================================

 Git hash:   15a3e7daff0cda5fa9af010ccd19a80288182ecf
 Git date:   Fri, 16 Apr 2021 15:57:16 +0100
 Compiler:   GNU 9.1.0
 Build type: Release
 Version:    1.1.0

 Start time: Thu Jun 10 05:17:03 2021

 Data directory: /work/zw18965/.local/qcore/share/entos/1.1.0/data
 Number of threads: 24
 Number of threads was determined by: command line argument
  - More threads can be used by running 'qcore -n 32'

 --------------------------------------------------------------------------------
                                command: optimize                                
 --------------------------------------------------------------------------------
 Using coordinate system:                tric
 Hessian update scheme:                  bfgs

 ------------------------------------------------------------------------------------------------------------
                   energy      change    grad rms    grad max    step rms    step max       trust    time (s)
 ------------------------------------------------------------------------------------------------------------
   1      -305.932870481                3.58e-03    6.20e-03                            2.00e-01      128.46
   2      -305.934554142   -1.68e-03    2.30e-03    3.34e-03    1.08e-01    7.87e-02    2.00e-01       98.21
   3      -305.934719687   -1.66e-04    1.32e-03    2.70e-03    6.96e-02    5.45e-02    2.00e-01       98.74
   4      -305.934920999   -2.01e-04    6.00e-04    1.26e-03    2.87e-02    2.22e-02    2.00e-01       99.04
   5      -305.934934977   -1.40e-05    1.42e-04    3.54e-04    5.89e-03    4.02e-03    2.00e-01       83.45
   6      -305.934939665   -4.69e-06    6.88e-05    1.14e-04    4.82e-03    3.62e-03    2.00e-01       92.87
   7      -305.934941491   -1.83e-06    9.50e-05    1.83e-04    3.67e-03    3.42e-03    2.00e-01       83.75
   8      -305.934942731   -1.24e-06    6.70e-05    1.55e-04    3.52e-03    4.80e-03    2.00e-01       92.46
   9      -305.934943381   -6.51e-07    2.67e-05    4.57e-05    2.01e-03    3.74e-03    2.00e-01       90.95
  10      -305.934943555   -1.74e-07    2.74e-05    5.33e-05    8.25e-04    1.55e-03    2.00e-01       86.04
  11      -305.934943676   -1.20e-07    2.58e-05    5.26e-05    7.93e-04    8.54e-04    2.00e-01       84.86
 Geometry optimization stopped:          thresholds achieved

 Final energy:                        -305.934943676

 -----------
  Final XYZ 
 -----------
12
Final structure: -305.935 hartree
O            1.319010358         -1.306752841          0.007877198
H            0.348899560         -1.443654678         -0.006855355
H            1.654153743         -1.803588555          0.746111669
O           -1.306738941         -1.319000683         -0.007877046
H           -1.443646966         -0.348890944          0.006849139
H           -1.803575336         -1.654152019         -0.746107839
O           -1.319008532          1.306735017          0.007879987
H           -0.348896207          1.443627117         -0.006844333
H           -1.654153814          1.803578919          0.746108390
O            1.306741885          1.319029281         -0.007884126
H            1.443627996          0.348915709          0.006860045
H            1.803589254          1.654156676         -0.746117730

 Structure in entos input format:

  structure(
    xyz = [
      ['O'  ,          1.319010358,         -1.306752841,          0.007877198],
      ['H'  ,          0.348899560,         -1.443654678,         -0.006855355],
      ['H'  ,          1.654153743,         -1.803588555,          0.746111669],
      ['O'  ,         -1.306738941,         -1.319000683,         -0.007877046],
      ['H'  ,         -1.443646966,         -0.348890944,          0.006849139],
      ['H'  ,         -1.803575336,         -1.654152019,         -0.746107839],
      ['O'  ,         -1.319008532,          1.306735017,          0.007879987],
      ['H'  ,         -0.348896207,          1.443627117,         -0.006844333],
      ['H'  ,         -1.654153814,          1.803578919,          0.746108390],
      ['O'  ,          1.306741885,          1.319029281,         -0.007884126],
      ['H'  ,          1.443627996,          0.348915709,          0.006860045],
      ['H'  ,          1.803589254,          1.654156676,         -0.746117730]
    ]
  )

 --------------------------------
  Geometry optimization finished 
 --------------------------------
 Saving results in set 'opt'

 --------------------------------------------------------------------------------
                                 command: hessian                                
 --------------------------------------------------------------------------------

WARNING: semianalytic method is specified for dft hessian, which is not efficient. Try switching to 'method = analytic'


 -------------------------------
  Numerical Geometrical Hessian 
 -------------------------------

 Compute hessian using two-point central differentiation.
 Step size (bohr):                       0.0100

 Frequencies (including translational and rotational modes):
 mode    frequency (cm-1)
    0                0.06 i (imaginary)
    1                0.04 i (imaginary)
    2                0.02 i (imaginary)
    3                8.03
    4                8.06
    5               25.99
    6               56.12
    7               96.79
    8              234.84
    9              250.67
   10              267.52
   11              267.53
   12              305.00
   13              305.01
   14              313.39
   15              318.86
   16              452.29
   17              492.40
   18              504.69
   19              504.70
   20              851.22
   21              928.06
   22              928.08
   23             1099.69
   24             1657.15
   25             1674.44
   26             1674.45
   27             1710.92
   28             3294.27
   29             3437.03
   30             3437.03
   31             3491.42
   32             3997.66
   33             3998.38
   34             3998.38
   35             3999.86

 Project out translational and rotational motions 

 Degrees of freedom for translational and rotational motions: 6

 Vibrational frequencies:
 mode    frequency (cm-1)
    0               56.12
    1               96.79
    2              234.84
    3              250.67
    4              267.52
    5              267.53
    6              305.00
    7              305.01
    8              313.39
    9              318.86
   10              452.29
   11              492.40
   12              504.69
   13              504.70
   14              851.22
   15              928.06
   16              928.08
   17             1099.69
   18             1657.15
   19             1674.44
   20             1674.45
   21             1710.92
   22             3294.27
   23             3437.03
   24             3437.03
   25             3491.42
   26             3997.66
   27             3998.38
   28             3998.38
   29             3999.86

 --------------------------------------------------------------------------------

 End time:                               Thu Jun 10 07:37:24 2021
 Total wall-clock time:               8421.236 seconds
==================================================================================
