
================================================================================
          _____________ ________ _______________ ________     _________         
         / ___________// ______ \\_____   _____// ______ \   / ________)        
        / /_________  / /      \ \     | |     / /      \ \ | (_______          
       |  __________|| |        | |    | |    | |        | | \________ \        
        \ \_________ | |        | |    | |     \ \______/ /___________) |       
         \__________||_|        |_|    |_|      \________//____________/        
                                                                                
====================================[ Qcore ]===================================

 Git hash:   15a3e7daff0cda5fa9af010ccd19a80288182ecf
 Git date:   Fri, 16 Apr 2021 15:57:16 +0100
 Compiler:   GNU 9.1.0
 Build type: Release
 Version:    1.1.0

 Start time: Thu Jun 10 05:17:13 2021

 Data directory: /work/zw18965/.local/qcore/share/entos/1.1.0/data
 Number of threads: 24
 Number of threads was determined by: command line argument

 --------------------------------------------------------------------------------
                                command: optimize                                
 --------------------------------------------------------------------------------
 Using coordinate system:                tric
 Hessian update scheme:                  bfgs

 ------------------------------------------------------------------------------------------------------------
                   energy      change    grad rms    grad max    step rms    step max       trust    time (s)
 ------------------------------------------------------------------------------------------------------------
   1      -382.419428061                3.43e-03    6.39e-03                            2.00e-01      401.41
   2      -382.421315691   -1.89e-03    2.01e-03    3.38e-03    9.54e-02    9.04e-02    2.00e-01      293.11
   3      -382.421728548   -4.13e-04    1.96e-03    4.14e-03    1.21e-01    1.10e-01    2.00e-01      327.41
   4      -382.422084631   -3.56e-04    8.15e-04    1.95e-03    4.17e-02    2.95e-02    2.00e-01      294.67
   5      -382.422113746   -2.91e-05    2.93e-04    7.63e-04    5.54e-03    6.76e-03    2.00e-01      279.47
   6      -382.422125137   -1.14e-05    1.38e-04    3.11e-04    9.20e-03    9.89e-03    2.00e-01      277.25
   7      -382.422128171   -3.03e-06    1.07e-04    2.58e-04    4.00e-03    4.26e-03    2.00e-01      272.51
   8      -382.422130527   -2.36e-06    6.87e-05    1.97e-04    2.78e-03    5.42e-03    2.00e-01      271.00
   9      -382.422133162   -2.63e-06    6.97e-05    2.02e-04    6.99e-03    1.31e-02    2.00e-01      271.60
  10      -382.422133798   -6.37e-07    6.11e-05    1.52e-04    3.07e-03    3.80e-03    2.00e-01      279.33
  11      -382.422134399   -6.00e-07    3.79e-05    1.04e-04    1.76e-03    1.46e-03    2.00e-01      246.96
  12      -382.422135467   -1.07e-06    5.00e-05    1.37e-04    6.43e-03    5.87e-03    2.00e-01      281.98
  13      -382.422135831   -3.64e-07    6.06e-05    1.45e-04    3.57e-03    3.75e-03    2.00e-01      272.19
  14      -382.422136407   -5.76e-07    5.66e-05    1.26e-04    3.70e-03    4.49e-03    2.00e-01      247.89
  15      -382.422137310   -9.03e-07    3.32e-05    9.34e-05    1.05e-02    1.29e-02    2.00e-01      272.13
  16      -382.422137476   -1.65e-07    1.82e-05    3.97e-05    2.27e-03    2.66e-03    2.00e-01      248.99
  17      -382.422137630   -1.55e-07    1.73e-05    4.57e-05    2.29e-03    2.43e-03    2.00e-01      249.15
  18      -382.422137785   -1.54e-07    2.88e-05    7.75e-05    1.85e-03    1.90e-03    2.00e-01      249.25
  19      -382.422137958   -1.73e-07    3.17e-05    8.71e-05    2.44e-03    2.78e-03    2.00e-01      247.53
  20      -382.422138192   -2.34e-07    1.64e-05    4.05e-05    3.58e-03    4.29e-03    2.00e-01      271.51
  21      -382.422138231   -3.92e-08    6.39e-06    1.45e-05    6.09e-04    6.92e-04    2.00e-01      249.92
 Geometry optimization stopped:          thresholds achieved

 Final energy:                        -382.422138231

 -----------
  Final XYZ 
 -----------
15
Final structure: -382.422 hartree
O            2.203933289          0.149974448          0.185101540
O            0.836995218         -2.045124670         -0.158859328
O           -1.691456824         -1.434799825          0.062996972
O           -1.880612720          1.174663255         -0.062946572
O            0.543829001          2.145606131         -0.081879086
H            1.729428391         -0.699772627          0.050611177
H           -0.122756090         -1.853406617         -0.076271093
H           -1.826206515         -0.463018297          0.046891673
H           -0.983641054          1.575363393         -0.076205949
H            1.198525314          1.423374398          0.040073349
H            2.714006126          0.053964561          0.981608358
H            0.947494606         -2.528214533         -0.970352026
H           -2.163380806         -1.766153043          0.818658824
H           -2.406867159          1.707511388          0.522245458
H            0.817934224          2.625465039         -0.855758296

 Structure in entos input format:

  structure(
    xyz = [
      ['O'  ,          2.203933289,          0.149974448,          0.185101540],
      ['O'  ,          0.836995218,         -2.045124670,         -0.158859328],
      ['O'  ,         -1.691456824,         -1.434799825,          0.062996972],
      ['O'  ,         -1.880612720,          1.174663255,         -0.062946572],
      ['O'  ,          0.543829001,          2.145606131,         -0.081879086],
      ['H'  ,          1.729428391,         -0.699772627,          0.050611177],
      ['H'  ,         -0.122756090,         -1.853406617,         -0.076271093],
      ['H'  ,         -1.826206515,         -0.463018297,          0.046891673],
      ['H'  ,         -0.983641054,          1.575363393,         -0.076205949],
      ['H'  ,          1.198525314,          1.423374398,          0.040073349],
      ['H'  ,          2.714006126,          0.053964561,          0.981608358],
      ['H'  ,          0.947494606,         -2.528214533,         -0.970352026],
      ['H'  ,         -2.163380806,         -1.766153043,          0.818658824],
      ['H'  ,         -2.406867159,          1.707511388,          0.522245458],
      ['H'  ,          0.817934224,          2.625465039,         -0.855758296]
    ]
  )

 --------------------------------
  Geometry optimization finished 
 --------------------------------
 Saving results in set 'opt'

 --------------------------------------------------------------------------------
                                 command: hessian                                
 --------------------------------------------------------------------------------

WARNING: semianalytic method is specified for dft hessian, which is not efficient. Try switching to 'method = analytic'


 -------------------------------
  Numerical Geometrical Hessian 
 -------------------------------

 Compute hessian using two-point central differentiation.
 Step size (bohr):                       0.0100

 Frequencies (including translational and rotational modes):
 mode    frequency (cm-1)
    0                6.48 i (imaginary)
    1                0.13 i (imaginary)
    2                0.07 i (imaginary)
    3                0.05 i (imaginary)
    4                4.48
    5                6.17
    6               24.85
    7               47.72
    8               69.59
    9               74.35
   10              204.77
   11              215.18
   12              220.22
   13              247.31
   14              276.18
   15              288.75
   16              296.50
   17              321.47
   18              360.15
   19              363.27
   20              464.64
   21              478.70
   22              503.61
   23              520.24
   24              584.79
   25              807.48
   26              886.60
   27              963.06
   28              985.70
   29             1088.25
   30             1660.81
   31             1672.72
   32             1687.25
   33             1707.74
   34             1718.85
   35             3230.05
   36             3358.70
   37             3368.80
   38             3436.11
   39             3445.53
   40             3996.84
   41             3998.36
   42             4000.61
   43             4001.95
   44             4004.04

 Project out translational and rotational motions 

 Degrees of freedom for translational and rotational motions: 6

 Vibrational frequencies:
 mode    frequency (cm-1)
    0               24.80
    1               47.71
    2               69.59
    3               74.31
    4              204.77
    5              215.18
    6              220.22
    7              247.30
    8              276.18
    9              288.75
   10              296.50
   11              321.47
   12              360.15
   13              363.27
   14              464.64
   15              478.70
   16              503.61
   17              520.24
   18              584.79
   19              807.48
   20              886.60
   21              963.06
   22              985.70
   23             1088.25
   24             1660.81
   25             1672.72
   26             1687.25
   27             1707.74
   28             1718.85
   29             3230.05
   30             3358.70
   31             3368.80
   32             3436.11
   33             3445.53
   34             3996.84
   35             3998.36
   36             4000.61
   37             4001.95
   38             4004.04

 --------------------------------------------------------------------------------

 End time:                               Thu Jun 10 13:51:28 2021
 Total wall-clock time:              30855.327 seconds
==================================================================================
