
================================================================================
          _____________ ________ _______________ ________     _________         
         / ___________// ______ \\_____   _____// ______ \   / ________)        
        / /_________  / /      \ \     | |     / /      \ \ | (_______          
       |  __________|| |        | |    | |    | |        | | \________ \        
        \ \_________ | |        | |    | |     \ \______/ /___________) |       
         \__________||_|        |_|    |_|      \________//____________/        
                                                                                
====================================[ Qcore ]===================================

 Git hash:   15a3e7daff0cda5fa9af010ccd19a80288182ecf
 Git date:   Fri, 16 Apr 2021 15:57:16 +0100
 Compiler:   GNU 9.1.0
 Build type: Release
 Version:    1.1.0

 Start time: Thu Jun 10 17:24:09 2021

 Data directory: /work/zw18965/.local/qcore/share/entos/1.1.0/data
 Number of threads: 24
 Number of threads was determined by: command line argument

 --------------------------------------------------------------------------------
                                command: optimize                                
 --------------------------------------------------------------------------------
 Using coordinate system:                tric
 Hessian update scheme:                  bfgs

 ------------------------------------------------------------------------------------------------------------
                   energy      change    grad rms    grad max    step rms    step max       trust    time (s)
 ------------------------------------------------------------------------------------------------------------
   1      -458.905438519                3.39e-03    6.15e-03                            2.00e-01      808.75
   2      -458.907391088   -1.95e-03    1.77e-03    2.98e-03    8.58e-02    7.72e-02    2.00e-01      691.48
   3      -458.908379976   -9.89e-04    2.47e-03    4.48e-03    1.51e-01    1.39e-01    2.00e-01      755.90
   4      -458.908694472   -3.14e-04    9.17e-04    1.96e-03    3.38e-02    2.54e-02    2.00e-01      695.84
   5      -458.908735916   -4.14e-05    3.26e-04    7.20e-04    6.12e-03    5.42e-03    2.00e-01      640.77
   6      -458.908747201   -1.13e-05    8.18e-05    1.56e-04    8.54e-03    8.03e-03    2.00e-01      584.20
   7      -458.908750103   -2.90e-06    1.07e-04    2.03e-04    3.20e-03    2.93e-03    2.00e-01      642.04
   8      -458.908758734   -8.63e-06    2.28e-04    4.81e-04    1.40e-02    1.35e-02    2.00e-01      696.38
   9      -458.908764930   -6.20e-06    2.03e-04    4.77e-04    1.42e-02    1.36e-02    2.00e-01      640.38
  10      -458.908768710   -3.78e-06    9.15e-05    1.87e-04    1.26e-02    1.07e-02    2.00e-01      644.88
  11      -458.908770938   -2.23e-06    8.42e-05    2.49e-04    8.58e-03    6.47e-03    2.00e-01      638.95
  12      -458.908773127   -2.19e-06    1.06e-04    2.24e-04    4.18e-03    3.66e-03    2.00e-01      581.92
  13      -458.908776189   -3.06e-06    8.18e-05    1.87e-04    1.14e-02    9.84e-03    2.00e-01      641.17
  14      -458.908776624   -4.35e-07    3.92e-05    8.62e-05    4.77e-03    4.49e-03    2.00e-01      583.32
  15      -458.908776791   -1.66e-07    2.56e-05    8.40e-05    2.83e-03    2.79e-03    2.00e-01      584.64
  16      -458.908776792   -1.14e-09    1.16e-05    2.89e-05    1.27e-03    9.33e-04    6.35e-04      582.69
 Geometry optimization stopped:          thresholds achieved

 Final energy:                        -458.908776792

 -----------
  Final XYZ 
 -----------
18
Final structure: -458.909 hartree
O            0.011023220          2.585350862          0.151368400
H           -0.094761564          3.106173832          0.939594155
H           -0.831949176          2.096338454          0.026770216
O           -2.246996322         -1.285124056          0.150502814
H           -1.401714071         -1.771193251          0.029994187
H           -2.648281011         -1.634795851          0.938189185
O            2.247023849          1.285104179         -0.150513962
H            2.648286550          1.634792018         -0.938204032
H            1.401742184          1.771169180         -0.029974465
O           -0.011060094         -2.585356943         -0.151376498
H            0.831901065         -2.096327153         -0.026759647
H            0.094755647         -3.106180197         -0.939597619
O            2.232926704         -1.300705922          0.158093851
H            2.736570018         -1.470875749          0.946202887
H            2.232833429         -0.326092472          0.033868291
O           -2.232910351          1.300724897         -0.158092137
H           -2.736555055          1.470893027         -0.946200844
H           -2.232831022          0.326112147         -0.033858783

 Structure in entos input format:

  structure(
    xyz = [
      ['O'  ,          0.011023220,          2.585350862,          0.151368400],
      ['H'  ,         -0.094761564,          3.106173832,          0.939594155],
      ['H'  ,         -0.831949176,          2.096338454,          0.026770216],
      ['O'  ,         -2.246996322,         -1.285124056,          0.150502814],
      ['H'  ,         -1.401714071,         -1.771193251,          0.029994187],
      ['H'  ,         -2.648281011,         -1.634795851,          0.938189185],
      ['O'  ,          2.247023849,          1.285104179,         -0.150513962],
      ['H'  ,          2.648286550,          1.634792018,         -0.938204032],
      ['H'  ,          1.401742184,          1.771169180,         -0.029974465],
      ['O'  ,         -0.011060094,         -2.585356943,         -0.151376498],
      ['H'  ,          0.831901065,         -2.096327153,         -0.026759647],
      ['H'  ,          0.094755647,         -3.106180197,         -0.939597619],
      ['O'  ,          2.232926704,         -1.300705922,          0.158093851],
      ['H'  ,          2.736570018,         -1.470875749,          0.946202887],
      ['H'  ,          2.232833429,         -0.326092472,          0.033868291],
      ['O'  ,         -2.232910351,          1.300724897,         -0.158092137],
      ['H'  ,         -2.736555055,          1.470893027,         -0.946200844],
      ['H'  ,         -2.232831022,          0.326112147,         -0.033858783]
    ]
  )

 --------------------------------
  Geometry optimization finished 
 --------------------------------
 Saving results in set 'opt'

 --------------------------------------------------------------------------------
                                 command: hessian                                
 --------------------------------------------------------------------------------

WARNING: semianalytic method is specified for dft hessian, which is not efficient. Try switching to 'method = analytic'


 -------------------------------
  Numerical Geometrical Hessian 
 -------------------------------

 Compute hessian using two-point central differentiation.
 Step size (bohr):                       0.0100

 Frequencies (including translational and rotational modes):
 mode    frequency (cm-1)
    0                0.08 i (imaginary)
    1                0.03 i (imaginary)
    2                0.02 i (imaginary)
    3                4.24
    4                5.93
    5                8.24
    6               33.33
    7               34.60
    8               51.00
    9               52.77
   10               58.32
   11               93.03
   12              189.84
   13              199.53
   14              221.69
   15              222.22
   16              257.91
   17              258.21
   18              285.38
   19              286.22
   20              316.92
   21              360.10
   22              360.27
   23              398.94
   24              468.56
   25              490.88
   26              491.81
   27              513.84
   28              519.36
   29              520.52
   30              880.31
   31              902.96
   32              904.09
   33             1002.02
   34             1003.19
   35             1081.03
   36             1655.28
   37             1668.56
   38             1668.78
   39             1701.82
   40             1702.25
   41             1722.08
   42             3217.44
   43             3333.91
   44             3334.18
   45             3417.13
   46             3417.31
   47             3443.18
   48             4000.18
   49             4000.26
   50             4000.34
   51             4001.11
   52             4001.19
   53             4002.30

 Project out translational and rotational motions 

 Degrees of freedom for translational and rotational motions: 6

 Vibrational frequencies:
 mode    frequency (cm-1)
    0               33.33
    1               34.60
    2               51.00
    3               52.75
    4               58.32
    5               93.03
    6              189.84
    7              199.53
    8              221.69
    9              222.22
   10              257.91
   11              258.21
   12              285.38
   13              286.22
   14              316.92
   15              360.10
   16              360.27
   17              398.94
   18              468.56
   19              490.88
   20              491.81
   21              513.84
   22              519.36
   23              520.51
   24              880.31
   25              902.96
   26              904.09
   27             1002.02
   28             1003.19
   29             1081.03
   30             1655.28
   31             1668.56
   32             1668.78
   33             1701.82
   34             1702.25
   35             1722.08
   36             3217.44
   37             3333.91
   38             3334.18
   39             3417.13
   40             3417.31
   41             3443.18
   42             4000.18
   43             4000.26
   44             4000.34
   45             4001.11
   46             4001.19
   47             4002.30

 --------------------------------------------------------------------------------

 End time:                               Fri Jun 11 15:54:42 2021
 Total wall-clock time:              81033.247 seconds
==================================================================================
