
================================================================================
          _____________ ________ _______________ ________     _________         
         / ___________// ______ \\_____   _____// ______ \   / ________)        
        / /_________  / /      \ \     | |     / /      \ \ | (_______          
       |  __________|| |        | |    | |    | |        | | \________ \        
        \ \_________ | |        | |    | |     \ \______/ /___________) |       
         \__________||_|        |_|    |_|      \________//____________/        
                                                                                
====================================[ Qcore ]===================================

 Git hash:   15a3e7daff0cda5fa9af010ccd19a80288182ecf
 Git date:   Fri, 16 Apr 2021 15:57:16 +0100
 Compiler:   GNU 9.1.0
 Build type: Release
 Version:    1.1.0

 Start time: Tue Jun 15 13:50:45 2021

 Data directory: /work/zw18965/.local/qcore/share/entos/1.1.0/data
 Number of threads: 24
 Number of threads was determined by: command line argument

 --------------------------------------------------------------------------------
                                command: optimize                                
 --------------------------------------------------------------------------------
 Using coordinate system:                tric
 Hessian update scheme:                  bfgs

 ------------------------------------------------------------------------------------------------------------
                   energy      change    grad rms    grad max    step rms    step max       trust    time (s)
 ------------------------------------------------------------------------------------------------------------
   1      -458.908309583                3.45e-03    7.22e-03                            2.00e-01      943.60
   2      -458.910744338   -2.43e-03    2.22e-03    4.65e-03    1.04e-01    9.02e-02    2.00e-01      780.87
   3      -458.911394244   -6.50e-04    1.83e-03    4.21e-03    1.06e-01    9.45e-02    2.00e-01      770.10
   4      -458.911664552   -2.70e-04    9.52e-04    1.97e-03    3.36e-02    4.48e-02    2.00e-01      764.00
   5      -458.911741316   -7.68e-05    3.80e-04    1.11e-03    2.30e-02    2.41e-02    2.00e-01      717.37
   6      -458.911782010   -4.07e-05    1.82e-04    5.22e-04    1.39e-02    1.47e-02    2.00e-01      715.21
   7      -458.911796003   -1.40e-05    1.33e-04    4.31e-04    1.13e-02    1.29e-02    2.00e-01      711.53
   8      -458.911809225   -1.32e-05    1.24e-04    3.46e-04    7.85e-03    1.15e-02    2.00e-01      663.53
   9      -458.911825035   -1.58e-05    2.29e-04    6.01e-04    1.86e-02    2.72e-02    2.00e-01      710.14
  10      -458.911829963   -4.93e-06    1.46e-04    3.76e-04    9.05e-03    1.03e-02    2.00e-01      731.38
  11      -458.911833333   -3.37e-06    8.09e-05    2.60e-04    8.36e-03    8.61e-03    2.00e-01      672.05
  12      -458.911835134   -1.80e-06    9.23e-05    2.44e-04    3.71e-03    3.95e-03    2.00e-01      605.23
  13      -458.911837027   -1.89e-06    8.57e-05    2.77e-04    4.19e-03    4.27e-03    2.00e-01      662.41
  14      -458.911840149   -3.12e-06    8.92e-05    2.39e-04    1.16e-02    1.15e-02    2.00e-01      666.66
  15      -458.911842421   -2.27e-06    1.04e-04    3.36e-04    1.12e-02    1.14e-02    2.00e-01      661.17
  16      -458.911844779   -2.36e-06    1.12e-04    4.05e-04    1.31e-02    1.37e-02    2.00e-01      662.92
  17      -458.911846664   -1.89e-06    8.19e-05    2.44e-04    1.08e-02    1.10e-02    2.00e-01      656.94
  18      -458.911847824   -1.16e-06    4.75e-05    1.49e-04    6.14e-03    7.38e-03    2.00e-01      662.11
  19      -458.911848310   -4.87e-07    3.89e-05    1.27e-04    2.40e-03    4.33e-03    2.00e-01      608.13
  20      -458.911848713   -4.03e-07    4.08e-05    1.37e-04    1.67e-03    2.77e-03    2.00e-01      602.62
  21      -458.911848875   -1.61e-07    3.42e-05    1.11e-04    1.70e-03    2.46e-03    2.00e-01      604.16
  22      -458.911849009   -1.34e-07    1.87e-05    4.42e-05    1.63e-03    2.61e-03    2.00e-01      602.04
  23      -458.911849071   -6.20e-08    1.24e-05    3.20e-05    1.27e-03    1.85e-03    2.00e-01      601.90
  24      -458.911849131   -6.06e-08    1.79e-05    6.03e-05    1.07e-03    1.76e-03    2.00e-01      598.74
  25      -458.911849226   -9.46e-08    2.19e-05    7.18e-05    1.17e-03    2.08e-03    2.00e-01      611.03
  26      -458.911849254   -2.85e-08    1.51e-05    4.09e-05    1.03e-03    1.97e-03    2.00e-01      611.01
  27      -458.911849316   -6.14e-08    6.23e-06    1.58e-05    5.24e-04    7.81e-04    2.00e-01      598.88
 Geometry optimization stopped:          thresholds achieved

 Final energy:                        -458.911849316

 -----------
  Final XYZ 
 -----------
18
Final structure: -458.912 hartree
O            0.108659061          1.491090606          0.854593919
H            0.954297185          1.461142589          0.340456999
H            0.244082146          2.082708665          1.587329912
O           -0.025409333         -1.306308094          0.891114093
H           -0.042028146         -0.365268755          1.091701419
H           -0.864874670         -1.474669552          0.428785782
O           -2.223324216          1.285368102         -0.424022175
H           -1.370463245          1.465908492          0.008181847
H           -2.238789497          1.795442769         -1.226208102
O           -2.356963321         -1.370425855         -0.430050285
H           -2.425996753         -0.400669144         -0.491971013
H           -3.151837710         -1.671775851         -0.004010918
O            2.307793078          1.169610758         -0.445570068
H            2.377692311          0.184855448         -0.482224411
H            2.426183413          1.486305324         -1.334312087
O            2.186299266         -1.408289939         -0.435926756
H            1.329553288         -1.494213919          0.050887823
H            2.814360146         -1.966718645          0.008477023

 Structure in entos input format:

  structure(
    xyz = [
      ['O'  ,          0.108659061,          1.491090606,          0.854593919],
      ['H'  ,          0.954297185,          1.461142589,          0.340456999],
      ['H'  ,          0.244082146,          2.082708665,          1.587329912],
      ['O'  ,         -0.025409333,         -1.306308094,          0.891114093],
      ['H'  ,         -0.042028146,         -0.365268755,          1.091701419],
      ['H'  ,         -0.864874670,         -1.474669552,          0.428785782],
      ['O'  ,         -2.223324216,          1.285368102,         -0.424022175],
      ['H'  ,         -1.370463245,          1.465908492,          0.008181847],
      ['H'  ,         -2.238789497,          1.795442769,         -1.226208102],
      ['O'  ,         -2.356963321,         -1.370425855,         -0.430050285],
      ['H'  ,         -2.425996753,         -0.400669144,         -0.491971013],
      ['H'  ,         -3.151837710,         -1.671775851,         -0.004010918],
      ['O'  ,          2.307793078,          1.169610758,         -0.445570068],
      ['H'  ,          2.377692311,          0.184855448,         -0.482224411],
      ['H'  ,          2.426183413,          1.486305324,         -1.334312087],
      ['O'  ,          2.186299266,         -1.408289939,         -0.435926756],
      ['H'  ,          1.329553288,         -1.494213919,          0.050887823],
      ['H'  ,          2.814360146,         -1.966718645,          0.008477023]
    ]
  )

 --------------------------------
  Geometry optimization finished 
 --------------------------------
 Saving results in set 'opt'

 --------------------------------------------------------------------------------
                                 command: hessian                                
 --------------------------------------------------------------------------------

WARNING: semianalytic method is specified for dft hessian, which is not efficient. Try switching to 'method = analytic'


 -------------------------------
  Numerical Geometrical Hessian 
 -------------------------------

 Compute hessian using two-point central differentiation.
 Step size (bohr):                       0.0100

 Frequencies (including translational and rotational modes):
 mode    frequency (cm-1)
    0                4.25 i (imaginary)
    1                2.27 i (imaginary)
    2                0.05 i (imaginary)
    3                0.03 i (imaginary)
    4                0.16
    5                5.22
    6               31.14
    7               43.13
    8               62.46
    9               79.77
   10               99.78
   11              187.53
   12              212.19
   13              220.25
   14              240.02
   15              265.21
   16              274.81
   17              281.57
   18              303.96
   19              311.39
   20              327.53
   21              357.24
   22              365.03
   23              437.38
   24              452.29
   25              498.92
   26              515.96
   27              538.49
   28              623.43
   29              693.48
   30              822.37
   31              847.89
   32              937.51
   33              964.64
   34             1022.95
   35             1144.03
   36             1650.61
   37             1665.68
   38             1667.80
   39             1689.98
   40             1706.99
   41             1743.62
   42             3123.48
   43             3249.30
   44             3324.97
   45             3478.10
   46             3565.91
   47             3586.19
   48             3774.10
   49             3988.59
   50             3997.10
   51             3999.41
   52             3999.80
   53             4002.02

 Project out translational and rotational motions 

 Degrees of freedom for translational and rotational motions: 6

 Vibrational frequencies:
 mode    frequency (cm-1)
    0               31.12
    1               43.12
    2               62.45
    3               79.77
    4               99.78
    5              187.53
    6              212.19
    7              220.25
    8              240.02
    9              265.21
   10              274.81
   11              281.57
   12              303.96
   13              311.39
   14              327.53
   15              357.24
   16              365.03
   17              437.38
   18              452.29
   19              498.92
   20              515.96
   21              538.49
   22              623.43
   23              693.48
   24              822.37
   25              847.89
   26              937.51
   27              964.64
   28             1022.95
   29             1144.03
   30             1650.61
   31             1665.68
   32             1667.80
   33             1689.98
   34             1706.99
   35             1743.62
   36             3123.48
   37             3249.30
   38             3324.97
   39             3478.10
   40             3565.91
   41             3586.19
   42             3774.10
   43             3988.59
   44             3997.10
   45             3999.41
   46             3999.80
   47             4002.02

 --------------------------------------------------------------------------------

 End time:                               Wed Jun 16 15:21:14 2021
 Total wall-clock time:              91828.693 seconds
==================================================================================
