
================================================================================
          _____________ ________ _______________ ________     _________         
         / ___________// ______ \\_____   _____// ______ \   / ________)        
        / /_________  / /      \ \     | |     / /      \ \ | (_______          
       |  __________|| |        | |    | |    | |        | | \________ \        
        \ \_________ | |        | |    | |     \ \______/ /___________) |       
         \__________||_|        |_|    |_|      \________//____________/        
                                                                                
====================================[ Qcore ]===================================

 Git hash:   15a3e7daff0cda5fa9af010ccd19a80288182ecf
 Git date:   Fri, 16 Apr 2021 15:57:16 +0100
 Compiler:   GNU 9.1.0
 Build type: Release
 Version:    1.1.0

 Start time: Fri Jun 11 10:59:04 2021

 Data directory: /work/zw18965/.local/qcore/share/entos/1.1.0/data
 Number of threads: 24
 Number of threads was determined by: command line argument

 --------------------------------------------------------------------------------
                                command: optimize                                
 --------------------------------------------------------------------------------
 Using coordinate system:                tric
 Hessian update scheme:                  bfgs

 ------------------------------------------------------------------------------------------------------------
                   energy      change    grad rms    grad max    step rms    step max       trust    time (s)
 ------------------------------------------------------------------------------------------------------------
   1      -458.913646504                1.04e-05    3.36e-05                            2.00e-01     1146.52
Rejecting step due to low quality: Quality: -3.48337 New trust radius: 5.56827e-05
   2      -458.913646473    3.10e-08    1.04e-05    3.36e-05    1.11e-04    2.21e-04    5.57e-05      542.82
 Geometry optimization stopped:          thresholds achieved

 Final energy:                        -458.913646473

 -----------
  Final XYZ 
 -----------
18
Final structure: -458.914 hartree
O            0.824211298         -1.657141302         -0.437908465
H            1.634963797         -1.130480348         -0.268130923
H            1.096785226         -2.529632893         -0.700845821
O           -0.717896518          0.345530545         -1.577803104
H           -0.240504824         -0.479176957         -1.432611883
H           -1.586948942          0.203145127         -1.165331471
O            0.558744930          1.683154525          0.186883985
H            0.035516324          1.285088545         -0.565357593
H            0.477187892          2.629064830          0.127761082
O           -0.633929852         -0.426798471          1.595223264
H           -0.158699214         -1.044971900          1.028637991
H           -0.230265041          0.423723368          1.394664021
O            2.669433518          0.108760911          0.091404196
H            2.020154726          0.834801463          0.160907589
H            3.138476405          0.083190896          0.918714593
O           -2.766203894          0.013974081          0.090727703
H           -2.113687888         -0.221286302          0.779436284
H           -3.507347941         -0.573327118          0.183817552

 Structure in entos input format:

  structure(
    xyz = [
      ['O'  ,          0.824211298,         -1.657141302,         -0.437908465],
      ['H'  ,          1.634963797,         -1.130480348,         -0.268130923],
      ['H'  ,          1.096785226,         -2.529632893,         -0.700845821],
      ['O'  ,         -0.717896518,          0.345530545,         -1.577803104],
      ['H'  ,         -0.240504824,         -0.479176957,         -1.432611883],
      ['H'  ,         -1.586948942,          0.203145127,         -1.165331471],
      ['O'  ,          0.558744930,          1.683154525,          0.186883985],
      ['H'  ,          0.035516324,          1.285088545,         -0.565357593],
      ['H'  ,          0.477187892,          2.629064830,          0.127761082],
      ['O'  ,         -0.633929852,         -0.426798471,          1.595223264],
      ['H'  ,         -0.158699214,         -1.044971900,          1.028637991],
      ['H'  ,         -0.230265041,          0.423723368,          1.394664021],
      ['O'  ,          2.669433518,          0.108760911,          0.091404196],
      ['H'  ,          2.020154726,          0.834801463,          0.160907589],
      ['H'  ,          3.138476405,          0.083190896,          0.918714593],
      ['O'  ,         -2.766203894,          0.013974081,          0.090727703],
      ['H'  ,         -2.113687888,         -0.221286302,          0.779436284],
      ['H'  ,         -3.507347941,         -0.573327118,          0.183817552]
    ]
  )

 --------------------------------
  Geometry optimization finished 
 --------------------------------
 Saving results in set 'opt'

 --------------------------------------------------------------------------------
                                 command: hessian                                
 --------------------------------------------------------------------------------

WARNING: semianalytic method is specified for dft hessian, which is not efficient. Try switching to 'method = analytic'


 -------------------------------
  Numerical Geometrical Hessian 
 -------------------------------

 Compute hessian using two-point central differentiation.
 Step size (bohr):                       0.0100

 Frequencies (including translational and rotational modes):
 mode    frequency (cm-1)
    0               12.20 i (imaginary)
    1                4.02 i (imaginary)
    2                0.06 i (imaginary)
    3                0.02 i (imaginary)
    4                0.09
    5               11.27
    6               48.66
    7               67.21
    8               86.98
    9              115.57
   10              151.62
   11              184.07
   12              209.88
   13              231.30
   14              252.82
   15              267.30
   16              274.04
   17              279.90
   18              287.12
   19              298.38
   20              335.62
   21              345.02
   22              447.99
   23              463.93
   24              509.52
   25              527.87
   26              545.32
   27              614.78
   28              641.30
   29              712.52
   30              783.32
   31              833.20
   32              897.94
   33              910.78
   34              979.84
   35             1130.45
   36             1660.07
   37             1672.20
   38             1687.83
   39             1704.48
   40             1713.96
   41             1737.63
   42             3034.02
   43             3360.99
   44             3441.34
   45             3503.60
   46             3587.62
   47             3729.12
   48             3757.91
   49             3795.48
   50             3990.48
   51             3992.84
   52             3994.66
   53             4008.15

 Project out translational and rotational motions 

 Degrees of freedom for translational and rotational motions: 6

 Vibrational frequencies:
 mode    frequency (cm-1)
    0               48.65
    1               67.18
    2               86.97
    3              115.57
    4              151.61
    5              184.07
    6              209.88
    7              231.30
    8              252.82
    9              267.30
   10              274.04
   11              279.90
   12              287.12
   13              298.38
   14              335.62
   15              345.02
   16              447.99
   17              463.93
   18              509.52
   19              527.87
   20              545.32
   21              614.78
   22              641.30
   23              712.52
   24              783.32
   25              833.20
   26              897.94
   27              910.78
   28              979.84
   29             1130.45
   30             1660.07
   31             1672.20
   32             1687.83
   33             1704.48
   34             1713.96
   35             1737.63
   36             3034.02
   37             3360.99
   38             3441.34
   39             3503.60
   40             3587.62
   41             3729.12
   42             3757.91
   43             3795.48
   44             3990.48
   45             3992.84
   46             3994.66
   47             4008.15

 --------------------------------------------------------------------------------

 End time:                               Sat Jun 12 10:44:32 2021
 Total wall-clock time:              85528.048 seconds
==================================================================================
