
================================================================================
          _____________ ________ _______________ ________     _________         
         / ___________// ______ \\_____   _____// ______ \   / ________)        
        / /_________  / /      \ \     | |     / /      \ \ | (_______          
       |  __________|| |        | |    | |    | |        | | \________ \        
        \ \_________ | |        | |    | |     \ \______/ /___________) |       
         \__________||_|        |_|    |_|      \________//____________/        
                                                                                
====================================[ Qcore ]===================================

 Git hash:   15a3e7daff0cda5fa9af010ccd19a80288182ecf
 Git date:   Fri, 16 Apr 2021 15:57:16 +0100
 Compiler:   GNU 9.1.0
 Build type: Release
 Version:    1.1.0

 Start time: Fri Jun 11 10:57:50 2021

 Data directory: /work/zw18965/.local/qcore/share/entos/1.1.0/data
 Number of threads: 24
 Number of threads was determined by: command line argument

 --------------------------------------------------------------------------------
                                command: optimize                                
 --------------------------------------------------------------------------------
 Using coordinate system:                tric
 Hessian update scheme:                  bfgs

 ------------------------------------------------------------------------------------------------------------
                   energy      change    grad rms    grad max    step rms    step max       trust    time (s)
 ------------------------------------------------------------------------------------------------------------
   1      -458.913904370                9.37e-06    2.88e-05                            2.00e-01      995.70
   2      -458.913904366    3.93e-09    4.94e-06    1.21e-05    2.35e-04    2.30e-04    1.18e-04      605.53
 Geometry optimization stopped:          thresholds achieved

 Final energy:                        -458.913904366

 -----------
  Final XYZ 
 -----------
18
Final structure: -458.914 hartree
O           -1.526312686         -0.010518325          1.309481456
H           -0.663192287         -0.484467271          1.482585540
H           -2.095986920         -0.157202088          2.056762319
O           -1.639035486         -0.284108734         -1.326695905
H           -1.825577974         -0.316585178         -0.371922674
H           -2.407765695         -0.609545262         -1.782778556
O           -0.367714371          1.945871690         -0.223144428
H           -0.825099592          1.539488855          0.522192506
H           -0.777463588          1.510743036         -0.973785045
O            0.753419050         -1.139626891          1.466437974
H            0.776539460         -1.526852091          0.570490004
H            1.389025124         -0.424293317          1.373058041
O            0.882636702         -1.453394711         -1.179384360
H            0.013671092         -1.113265254         -1.419530509
H            1.441588135         -0.674955184         -1.095792273
O            2.006222523          0.838536278         -0.030701073
H            1.186214599          1.370522919         -0.117923693
H            2.741068931          1.433913544         -0.130788306

 Structure in entos input format:

  structure(
    xyz = [
      ['O'  ,         -1.526312686,         -0.010518325,          1.309481456],
      ['H'  ,         -0.663192287,         -0.484467271,          1.482585540],
      ['H'  ,         -2.095986920,         -0.157202088,          2.056762319],
      ['O'  ,         -1.639035486,         -0.284108734,         -1.326695905],
      ['H'  ,         -1.825577974,         -0.316585178,         -0.371922674],
      ['H'  ,         -2.407765695,         -0.609545262,         -1.782778556],
      ['O'  ,         -0.367714371,          1.945871690,         -0.223144428],
      ['H'  ,         -0.825099592,          1.539488855,          0.522192506],
      ['H'  ,         -0.777463588,          1.510743036,         -0.973785045],
      ['O'  ,          0.753419050,         -1.139626891,          1.466437974],
      ['H'  ,          0.776539460,         -1.526852091,          0.570490004],
      ['H'  ,          1.389025124,         -0.424293317,          1.373058041],
      ['O'  ,          0.882636702,         -1.453394711,         -1.179384360],
      ['H'  ,          0.013671092,         -1.113265254,         -1.419530509],
      ['H'  ,          1.441588135,         -0.674955184,         -1.095792273],
      ['O'  ,          2.006222523,          0.838536278,         -0.030701073],
      ['H'  ,          1.186214599,          1.370522919,         -0.117923693],
      ['H'  ,          2.741068931,          1.433913544,         -0.130788306]
    ]
  )

 --------------------------------
  Geometry optimization finished 
 --------------------------------
 Saving results in set 'opt'

 --------------------------------------------------------------------------------
                                 command: hessian                                
 --------------------------------------------------------------------------------

WARNING: semianalytic method is specified for dft hessian, which is not efficient. Try switching to 'method = analytic'


 -------------------------------
  Numerical Geometrical Hessian 
 -------------------------------

 Compute hessian using two-point central differentiation.
 Step size (bohr):                       0.0100

 Frequencies (including translational and rotational modes):
 mode    frequency (cm-1)
    0                9.70 i (imaginary)
    1                0.08 i (imaginary)
    2                0.06 i (imaginary)
    3                0.00
    4                8.52
    5               11.89
    6               71.89
    7               83.94
    8               88.06
    9              117.11
   10              131.28
   11              179.90
   12              209.98
   13              216.37
   14              244.90
   15              257.11
   16              289.73
   17              294.84
   18              311.83
   19              325.70
   20              348.68
   21              421.78
   22              431.70
   23              486.35
   24              499.40
   25              533.35
   26              561.60
   27              602.57
   28              631.55
   29              706.27
   30              732.24
   31              768.81
   32              819.77
   33              938.88
   34              991.46
   35             1151.43
   36             1655.70
   37             1669.30
   38             1679.92
   39             1701.33
   40             1725.54
   41             1749.03
   42             3021.01
   43             3376.64
   44             3508.69
   45             3542.60
   46             3735.44
   47             3748.45
   48             3796.95
   49             3823.82
   50             3856.64
   51             3992.68
   52             3995.42
   53             3995.86

 Project out translational and rotational motions 

 Degrees of freedom for translational and rotational motions: 6

 Vibrational frequencies:
 mode    frequency (cm-1)
    0               71.88
    1               83.94
    2               88.06
    3              117.04
    4              131.26
    5              179.89
    6              209.98
    7              216.37
    8              244.89
    9              257.11
   10              289.73
   11              294.84
   12              311.83
   13              325.70
   14              348.68
   15              421.78
   16              431.70
   17              486.34
   18              499.40
   19              533.35
   20              561.60
   21              602.57
   22              631.55
   23              706.27
   24              732.24
   25              768.81
   26              819.77
   27              938.88
   28              991.46
   29             1151.43
   30             1655.70
   31             1669.30
   32             1679.92
   33             1701.33
   34             1725.54
   35             1749.03
   36             3021.01
   37             3376.64
   38             3508.69
   39             3542.60
   40             3735.44
   41             3748.45
   42             3796.95
   43             3823.82
   44             3856.64
   45             3992.68
   46             3995.42
   47             3995.86

 --------------------------------------------------------------------------------

 End time:                               Sat Jun 12 09:30:33 2021
 Total wall-clock time:              81163.356 seconds
==================================================================================
