
================================================================================
          _____________ ________ _______________ ________     _________         
         / ___________// ______ \\_____   _____// ______ \   / ________)        
        / /_________  / /      \ \     | |     / /      \ \ | (_______          
       |  __________|| |        | |    | |    | |        | | \________ \        
        \ \_________ | |        | |    | |     \ \______/ /___________) |       
         \__________||_|        |_|    |_|      \________//____________/        
                                                                                
====================================[ Qcore ]===================================

 Git hash:   15a3e7daff0cda5fa9af010ccd19a80288182ecf
 Git date:   Fri, 16 Apr 2021 15:57:16 +0100
 Compiler:   GNU 9.1.0
 Build type: Release
 Version:    1.1.0

 Start time: Thu Jun 10 14:01:35 2021

 Data directory: /work/zw18965/.local/qcore/share/entos/1.1.0/data
 Number of threads: 32
 Number of threads was determined by: number of physical cores

 --------------------------------------------------------------------------------
                                command: optimize                                
 --------------------------------------------------------------------------------
 Using coordinate system:                tric
 Hessian update scheme:                  bfgs

 ------------------------------------------------------------------------------------------------------------
                   energy      change    grad rms    grad max    step rms    step max       trust    time (s)
 ------------------------------------------------------------------------------------------------------------
   1       -76.102227143                5.11e-02    9.58e-02                            2.00e-01        0.38
   2       -76.158132025   -5.59e-02    5.64e-02    9.70e-02    2.00e-01    2.17e-01    2.83e-01        0.17
   3       -76.128690310    2.94e-02    4.67e-02    8.75e-02    3.08e-01    3.19e-01    4.00e-01        0.17
   4       -76.207991745   -7.93e-02    6.06e-02    9.76e-02    4.00e-01    4.83e-01    5.66e-01        0.16
   5       -76.280110145   -7.21e-02    7.93e-02    1.77e-01    5.66e-01    6.67e-01    5.66e-01        0.17
   6       -76.201759209    7.84e-02    7.61e-02    1.76e-01    2.11e-01    2.98e-01    5.66e-01        0.17
   7       -76.379389108   -1.78e-01    4.78e-02    8.10e-02    5.66e-01    7.99e-01    6.00e-01        0.18
   8       -76.372055588    7.33e-03    2.29e-02    5.57e-02    3.50e-01    4.96e-01    1.75e-01        0.16
   9       -76.388405900   -1.64e-02    2.48e-02    5.04e-02    1.61e-01    2.27e-01    2.48e-01        0.17
Rejecting step due to low quality: Quality: -3.029 New trust radius: 0.123915
  10       -76.365175759    2.32e-02    2.48e-02    5.04e-02    2.48e-01    2.78e-01    1.24e-01        0.17
  11       -76.384276631    4.13e-03    4.35e-02    9.63e-02    1.24e-01    1.39e-01    6.20e-02        0.17
  12       -76.386429263   -2.15e-03    4.05e-02    8.73e-02    6.20e-02    7.40e-02    6.20e-02        0.16
  13       -76.391586616   -5.16e-03    3.13e-02    6.70e-02    6.20e-02    7.36e-02    8.76e-02        0.17
  14       -76.393345507   -1.76e-03    2.67e-02    6.23e-02    3.28e-02    3.83e-02    8.76e-02        0.17
  15       -76.395422268   -2.08e-03    2.32e-02    5.48e-02    1.98e-02    2.25e-02    8.76e-02        0.17
  16       -76.401985992   -6.56e-03    1.59e-02    3.73e-02    8.76e-02    1.13e-01    1.24e-01        0.17
  17       -76.406066418   -4.08e-03    1.12e-02    2.73e-02    7.96e-02    7.50e-02    1.24e-01        0.17
  18       -76.407483117   -1.42e-03    4.13e-03    9.88e-03    8.90e-02    9.92e-02    1.24e-01        0.15
  19       -76.407623625   -1.41e-04    3.39e-04    7.05e-04    2.07e-02    2.41e-02    1.24e-01        0.15
  20       -76.407625086   -1.46e-06    4.74e-05    1.02e-04    2.12e-03    2.12e-03    1.24e-01        0.15
  21       -76.407625110   -2.36e-08    1.77e-05    3.82e-05    1.67e-04    2.81e-04    1.24e-01        0.14
 Geometry optimization stopped:          thresholds achieved

 Final energy:                         -76.407625110

 -----------
  Final XYZ 
 -----------
3
Final structure: -76.4076 hartree
O           -0.000006462         -0.001965892         -0.223566353
H            0.000004487         -0.763364784         -0.816655237
H            0.000001975          0.765330676         -0.808926730

 Structure in entos input format:

  structure(
    xyz = [
      ['O'  ,         -0.000006462,         -0.001965892,         -0.223566353],
      ['H'  ,          0.000004487,         -0.763364784,         -0.816655237],
      ['H'  ,          0.000001975,          0.765330676,         -0.808926730]
    ]
  )

 --------------------------------
  Geometry optimization finished 
 --------------------------------
 Saving results in set 'opt1a'

 --------------------------------------------------------------------------------
                                command: optimize                                
 --------------------------------------------------------------------------------
 Using coordinate system:                xyz
 Hessian update scheme:                  bfgs

 ------------------------------------------------------------------------------------------------------------
                   energy      change    grad rms    grad max    step rms    step max       trust    time (s)
 ------------------------------------------------------------------------------------------------------------
   1       -76.347705014                4.61e-03    8.61e-03                            2.00e-01        0.57
Rejecting step due to low quality: Quality: -22.2242 New trust radius: 0.0797753
   2       -76.305273914    4.24e-02    4.61e-03    8.61e-03    1.60e-01    1.72e-01    7.98e-02        0.38
Rejecting step due to low quality: Quality: -5.63219 New trust radius: 0.0398876
   3       -76.339640158    8.06e-03    4.61e-03    8.61e-03    7.98e-02    8.61e-02    3.99e-02        0.38
Rejecting step due to low quality: Quality: -1.63249 New trust radius: 0.0199438
   4       -76.346341414    1.36e-03    4.61e-03    8.61e-03    3.99e-02    4.30e-02    1.99e-02        0.38
   5       -76.347623325    8.17e-05    6.44e-03    1.34e-02    1.99e-02    2.15e-02    9.97e-03        0.37
   6       -76.347780614   -1.57e-04    2.53e-03    4.51e-03    9.97e-03    1.38e-02    1.41e-02        0.35
   7       -76.347773371    7.24e-06    2.60e-03    5.51e-03    1.41e-02    1.85e-02    7.05e-03        0.37
   8       -76.347757072    1.63e-05    2.31e-03    5.33e-03    7.05e-03    8.96e-03    3.53e-03        0.37
   9       -76.347781193   -2.41e-05    1.86e-03    4.20e-03    3.53e-03    4.04e-03    4.99e-03        0.38
  10       -76.347806282   -2.51e-05    8.48e-04    1.94e-03    4.99e-03    6.13e-03    7.05e-03        0.36
  11       -76.347813575   -7.29e-06    7.80e-06    1.86e-05    4.74e-03    5.65e-03    7.05e-03        0.37
  12       -76.347813570    5.17e-09    1.78e-06    3.77e-06    4.47e-05    5.07e-05    2.23e-05        0.35
 Geometry optimization stopped:          thresholds achieved

 Final energy:                         -76.347813570

 -----------
  Final XYZ 
 -----------
3
Final structure: -76.3478 hartree
O           -0.000006358         -0.001840785         -0.226639981
H            0.000004502         -0.757549132         -0.814834965
H            0.000001856          0.759389917         -0.807673374

 Structure in entos input format:

  structure(
    xyz = [
      ['O'  ,         -0.000006358,         -0.001840785,         -0.226639981],
      ['H'  ,          0.000004502,         -0.757549132,         -0.814834965],
      ['H'  ,          0.000001856,          0.759389917,         -0.807673374]
    ]
  )

 --------------------------------
  Geometry optimization finished 
 --------------------------------
 Saving results in set 'opt1'

 --------------------------------------------------------------------------------
                                command: optimize                                
 --------------------------------------------------------------------------------
 Using coordinate system:                tric
 Hessian update scheme:                  bfgs

 ------------------------------------------------------------------------------------------------------------
                   energy      change    grad rms    grad max    step rms    step max       trust    time (s)
 ------------------------------------------------------------------------------------------------------------
   1       -76.368209814                1.92e-03    4.06e-03                            2.00e-01        1.14
   2       -76.368225218   -1.54e-05    5.86e-04    1.38e-03    2.54e-03    4.06e-03    2.00e-01        0.80
   3       -76.368227198   -1.98e-06    1.12e-04    1.90e-04    1.24e-03    2.37e-03    2.00e-01        0.81
   4       -76.368227452   -2.54e-07    5.63e-05    1.19e-04    6.86e-04    1.28e-03    2.00e-01        0.79
   5       -76.368227510   -5.83e-08    1.02e-05    1.83e-05    4.43e-04    7.17e-04    2.00e-01        0.77
 Geometry optimization stopped:          thresholds achieved

 Final energy:                         -76.368227510

 -----------
  Final XYZ 
 -----------
3
Final structure: -76.3682 hartree
O           -0.000006331         -0.001833890         -0.229389568
H            0.000004575         -0.756997353         -0.813471070
H            0.000001756          0.758831242         -0.806287682

 Structure in entos input format:

  structure(
    xyz = [
      ['O'  ,         -0.000006331,         -0.001833890,         -0.229389568],
      ['H'  ,          0.000004575,         -0.756997353,         -0.813471070],
      ['H'  ,          0.000001756,          0.758831242,         -0.806287682]
    ]
  )

 --------------------------------
  Geometry optimization finished 
 --------------------------------
 Saving results in set 'opt'

 --------------------------------------------------------------------------------
                                 command: hessian                                
 --------------------------------------------------------------------------------

 -------------------------------
  Numerical Geometrical Hessian 
 -------------------------------

 Compute hessian using two-point central differentiation.
 Step size (bohr):                       0.0100

 Frequencies (including translational and rotational modes):
 mode    frequency (cm-1)
    0               35.97 i (imaginary)
    1               21.97 i (imaginary)
    2               18.74 i (imaginary)
    3                0.01 i (imaginary)
    4                0.12
    5                0.17
    6             1653.52
    7             3895.91
    8             4000.57

 Project out translational and rotational motions 

 Degrees of freedom for translational and rotational motions: 6

 Vibrational frequencies:
 mode    frequency (cm-1)
    0             1653.52
    1             3895.91
    2             4000.57

 --------------------------------------------------------------------------------

 End time:                               Thu Jun 10 14:02:04 2021
 Total wall-clock time:                 28.323 seconds
==================================================================================
