
================================================================================
          _____________ ________ _______________ ________     _________         
         / ___________// ______ \\_____   _____// ______ \   / ________)        
        / /_________  / /      \ \     | |     / /      \ \ | (_______          
       |  __________|| |        | |    | |    | |        | | \________ \        
        \ \_________ | |        | |    | |     \ \______/ /___________) |       
         \__________||_|        |_|    |_|      \________//____________/        
                                                                                
====================================[ Qcore ]===================================

 Git hash:   15a3e7daff0cda5fa9af010ccd19a80288182ecf
 Git date:   Fri, 16 Apr 2021 15:57:16 +0100
 Compiler:   GNU 9.1.0
 Build type: Release
 Version:    1.1.0

 Start time: Thu Jun 10 14:13:23 2021

 Data directory: /work/zw18965/.local/qcore/share/entos/1.1.0/data
 Number of threads: 32
 Number of threads was determined by: number of physical cores

 --------------------------------------------------------------------------------
                                command: optimize                                
 --------------------------------------------------------------------------------
 Using coordinate system:                tric
 Hessian update scheme:                  bfgs

 ------------------------------------------------------------------------------------------------------------
                   energy      change    grad rms    grad max    step rms    step max       trust    time (s)
 ------------------------------------------------------------------------------------------------------------
   1      -152.302374002                4.55e-02    7.41e-02                            2.00e-01        0.60
   2      -152.402490079   -1.00e-01    5.07e-02    8.72e-02    2.00e-01    1.88e-01    2.83e-01        0.36
   3      -152.342435947    6.01e-02    4.20e-02    7.81e-02    2.83e-01    3.13e-01    4.00e-01        0.35
   4      -152.487164759   -1.45e-01    5.53e-02    9.67e-02    4.00e-01    4.81e-01    5.66e-01        0.35
   5      -152.504084533   -1.69e-02    7.03e-02    1.38e-01    5.66e-01    6.23e-01    2.83e-01        0.35
   6      -152.403964111    1.00e-01    6.05e-02    1.14e-01    2.83e-01    3.36e-01    4.00e-01        0.36
   7      -152.552760339   -1.49e-01    7.37e-02    1.48e-01    4.04e-01    4.90e-01    5.66e-01        0.35
   8      -152.673268891   -1.21e-01    6.15e-02    1.23e-01    5.66e-01    6.92e-01    5.66e-01        0.34
Rejecting step due to low quality: Quality: -2.24214 New trust radius: 0.168729
   9      -152.602675586    7.06e-02    6.15e-02    1.23e-01    3.37e-01    4.88e-01    1.69e-01        0.38
  10      -152.674571387   -1.30e-03    6.15e-02    1.40e-01    1.69e-01    2.44e-01    8.44e-02        0.36
  11      -152.692126638   -1.76e-02    6.20e-02    1.36e-01    8.44e-02    1.20e-01    1.19e-01        0.32
  12      -152.731663024   -3.95e-02    6.13e-02    1.43e-01    1.19e-01    1.62e-01    1.69e-01        0.32
  13      -152.787766782   -5.61e-02    5.03e-02    1.18e-01    1.69e-01    2.51e-01    2.39e-01        0.34
  14      -152.759901334    2.79e-02    1.29e-01    3.61e-01    2.39e-01    3.18e-01    1.19e-01        0.32
  15      -152.802089181   -4.22e-02    7.98e-02    2.16e-01    1.19e-01    1.40e-01    1.69e-01        0.32
  16      -152.842199492   -4.01e-02    3.17e-02    6.34e-02    1.69e-01    2.15e-01    2.39e-01        0.31
  17      -152.853292414   -1.11e-02    8.54e-03    2.50e-02    8.40e-02    9.48e-02    2.39e-01        0.33
  18      -152.853174745    1.18e-04    1.18e-02    3.52e-02    3.33e-02    3.28e-02    1.66e-02        0.32
  19      -152.853705294   -5.31e-04    8.49e-03    1.56e-02    1.66e-02    1.75e-02    1.66e-02        0.31
  20      -152.854244440   -5.39e-04    4.36e-03    8.87e-03    1.66e-02    2.37e-02    2.35e-02        0.30
  21      -152.854416890   -1.72e-04    6.83e-04    1.62e-03    2.09e-02    2.98e-02    3.33e-02        0.30
  22      -152.854431481   -1.46e-05    3.94e-04    7.55e-04    8.01e-03    1.07e-02    3.33e-02        0.29
  23      -152.854435960   -4.48e-06    1.04e-04    2.44e-04    2.88e-03    5.52e-03    3.33e-02        0.29
  24      -152.854439734   -3.77e-06    1.47e-04    3.86e-04    5.05e-03    8.72e-03    3.33e-02        0.28
  25      -152.854459915   -2.02e-05    4.93e-04    1.18e-03    3.33e-02    5.85e-02    4.70e-02        0.30
  26      -152.854479096   -1.92e-05    1.00e-03    1.80e-03    4.70e-02    8.19e-02    6.65e-02        0.31
  27      -152.854503078   -2.40e-05    1.11e-03    2.25e-03    3.78e-02    6.06e-02    6.65e-02        0.31
  28      -152.854558629   -5.56e-05    8.39e-04    2.01e-03    6.65e-02    9.15e-02    9.40e-02        0.31
Rejecting step due to low quality: Quality: -1.16763 New trust radius: 0.0404191
  29      -152.854533155    2.55e-05    8.39e-04    2.01e-03    8.08e-02    1.20e-01    4.04e-02        0.32
  30      -152.854568555   -9.93e-06    1.39e-03    2.80e-03    4.04e-02    6.00e-02    4.04e-02        0.31
  31      -152.854602716   -3.42e-05    1.02e-03    1.83e-03    3.74e-02    4.48e-02    5.72e-02        0.30
  32      -152.854643720   -4.10e-05    9.81e-04    1.81e-03    5.72e-02    7.09e-02    8.08e-02        0.30
  33      -152.854707485   -6.38e-05    8.86e-04    1.58e-03    8.08e-02    9.56e-02    1.14e-01        0.31
  34      -152.854787971   -8.05e-05    1.37e-03    3.42e-03    1.14e-01    1.33e-01    1.62e-01        0.32
  35      -152.854919688   -1.32e-04    1.85e-03    5.05e-03    1.62e-01    1.78e-01    2.29e-01        0.31
  36      -152.855126295   -2.07e-04    2.72e-03    7.74e-03    2.29e-01    2.54e-01    3.23e-01        0.32
  37      -152.855471046   -3.45e-04    4.24e-03    1.23e-02    3.23e-01    3.65e-01    4.57e-01        0.34
  38      -152.856102549   -6.32e-04    6.99e-03    2.01e-02    4.57e-01    5.23e-01    6.00e-01        0.35
  39      -152.856385347   -2.83e-04    1.27e-02    3.57e-02    6.00e-01    6.92e-01    6.00e-01        0.35
  40      -152.857724062   -1.34e-03    5.80e-03    1.40e-02    9.09e-02    1.16e-01    6.00e-01        0.35
  41      -152.858442340   -7.18e-04    8.18e-03    2.28e-02    1.79e-01    2.02e-01    6.00e-01        0.35
Rejecting step due to low quality: Quality: -1.461 New trust radius: 0.202295
  42      -152.856196393    2.25e-03    8.18e-03    2.28e-02    4.05e-01    4.40e-01    2.02e-01        0.36
  43      -152.858869799   -4.27e-04    6.22e-03    1.45e-02    2.02e-01    2.20e-01    2.02e-01        0.36
  44      -152.859036908   -1.67e-04    5.38e-03    1.21e-02    2.02e-01    2.42e-01    2.02e-01        0.34
  45      -152.859245374   -2.08e-04    2.91e-03    7.85e-03    6.42e-02    7.47e-02    2.02e-01        0.35
  46      -152.859437694   -1.92e-04    1.22e-03    3.11e-03    3.05e-02    3.46e-02    2.02e-01        0.35
  47      -152.859490361   -5.27e-05    6.80e-04    1.80e-03    1.88e-02    2.33e-02    2.02e-01        0.35
  48      -152.859504365   -1.40e-05    4.28e-04    1.02e-03    8.31e-03    1.65e-02    2.02e-01        0.34
  49      -152.859507429   -3.06e-06    4.20e-04    1.17e-03    2.95e-03    4.49e-03    2.02e-01        0.32
  50      -152.859513328   -5.90e-06    7.13e-04    2.00e-03    7.74e-03    1.29e-02    2.02e-01        0.33
  51      -152.859525654   -1.23e-05    9.93e-04    2.39e-03    1.57e-02    2.91e-02    2.02e-01        0.35
  52      -152.859541470   -1.58e-05    9.80e-04    2.07e-03    2.37e-02    4.57e-02    2.02e-01        0.34
  53      -152.859550662   -9.19e-06    4.82e-04    9.83e-04    1.34e-02    2.71e-02    2.02e-01        0.35
  54      -152.859552661   -2.00e-06    1.38e-04    2.94e-04    1.67e-03    2.09e-03    2.02e-01        0.34
  55      -152.859552975   -3.14e-07    1.06e-04    2.64e-04    8.61e-04    1.67e-03    2.02e-01        0.31
  56      -152.859553601   -6.26e-07    1.48e-04    2.94e-04    1.79e-03    3.56e-03    2.02e-01        0.36
  57      -152.859554839   -1.24e-06    2.51e-04    5.59e-04    2.55e-03    6.65e-03    2.02e-01        0.34
  58      -152.859557822   -2.98e-06    4.17e-04    9.88e-04    6.48e-03    1.70e-02    2.02e-01        0.35
  59      -152.859562836   -5.01e-06    5.63e-04    1.32e-03    1.33e-02    3.12e-02    2.02e-01        0.35
  60      -152.859569202   -6.37e-06    5.77e-04    1.24e-03    1.87e-02    4.09e-02    2.02e-01        0.35
  61      -152.859576438   -7.24e-06    3.58e-04    8.39e-04    1.92e-02    3.98e-02    2.02e-01        0.35
  62      -152.859581034   -4.60e-06    1.11e-04    2.52e-04    1.69e-02    2.94e-02    2.02e-01        0.35
  63      -152.859582805   -1.77e-06    3.70e-04    9.59e-04    2.34e-02    4.39e-02    2.02e-01        0.35
  64      -152.859585777   -2.97e-06    2.39e-04    5.07e-04    1.38e-02    3.17e-02    2.02e-01        0.34
Rejecting step due to low quality: Quality: -1.01856 New trust radius: 0.0280552
  65      -152.859581511    4.27e-06    2.39e-04    5.07e-04    5.61e-02    1.24e-01    2.81e-02        0.35
  66      -152.859589162   -3.39e-06    5.58e-04    1.50e-03    2.80e-02    6.19e-02    3.97e-02        0.35
  67      -152.859588296    8.66e-07    1.40e-03    4.02e-03    3.96e-02    9.11e-02    1.98e-02        0.35
  68      -152.859605481   -1.72e-05    4.24e-04    1.16e-03    9.21e-03    1.37e-02    1.98e-02        0.35
  69      -152.859621969   -1.65e-05    3.99e-04    1.05e-03    1.98e-02    5.60e-02    2.80e-02        0.35
Rejecting step due to low quality: Quality: -3.81554 New trust radius: 0.0140079
  70      -152.859599159    2.28e-05    3.99e-04    1.05e-03    2.80e-02    5.34e-02    1.40e-02        0.35
Rejecting step due to low quality: Quality: -1.28986 New trust radius: 0.0070042
  71      -152.859617701    4.27e-06    3.99e-04    1.05e-03    1.40e-02    2.67e-02    7.00e-03        0.35
  72      -152.859621753    2.15e-07    4.89e-04    1.17e-03    7.00e-03    1.34e-02    3.50e-03        0.38
  73      -152.859619149    2.60e-06    4.47e-04    1.06e-03    3.50e-03    1.00e-02    4.95e-03        0.33
  74      -152.859616655    2.49e-06    6.77e-04    1.59e-03    4.95e-03    9.40e-03    7.00e-03        0.33
  75      -152.859623989   -7.33e-06    5.58e-04    1.30e-03    7.00e-03    1.36e-02    9.91e-03        0.34
  76      -152.859633858   -9.87e-06    4.83e-04    9.94e-04    9.82e-03    2.15e-02    1.40e-02        0.35
  77      -152.859645146   -1.13e-05    5.09e-04    1.29e-03    1.15e-02    2.50e-02    1.98e-02        0.35
  78      -152.859662849   -1.77e-05    8.31e-04    2.19e-03    1.98e-02    4.30e-02    2.80e-02        0.34
  79      -152.859678034   -1.52e-05    1.66e-03    3.65e-03    2.80e-02    6.23e-02    3.96e-02        0.35
  80      -152.859687870   -9.84e-06    1.54e-03    3.53e-03    8.41e-03    9.58e-03    3.96e-02        0.34
Rejecting step due to low quality: Quality: -3.4287 New trust radius: 0.00307778
  81      -152.859686744    1.13e-06    1.54e-03    3.53e-03    6.16e-03    1.51e-02    3.08e-03        0.35
  82      -152.859687748    1.22e-07    1.70e-03    4.03e-03    3.08e-03    7.56e-03    1.54e-03        0.32
  83      -152.859687560    1.88e-07    1.63e-03    3.81e-03    1.54e-03    3.74e-03    2.18e-03        0.33
  84      -152.859687960   -4.00e-07    1.73e-03    4.11e-03    2.18e-03    5.30e-03    3.08e-03        0.33
  85      -152.859688655   -6.95e-07    1.83e-03    4.43e-03    2.56e-03    6.31e-03    4.35e-03        0.34
  86      -152.859689991   -1.34e-06    1.99e-03    4.88e-03    3.93e-03    1.00e-02    6.16e-03        0.34
  87      -152.859693039   -3.05e-06    2.20e-03    5.48e-03    6.16e-03    1.64e-02    8.70e-03        0.35
  88      -152.859698854   -5.81e-06    2.45e-03    6.20e-03    8.70e-03    2.41e-02    1.23e-02        0.35
  89      -152.859709108   -1.03e-05    2.78e-03    7.06e-03    1.23e-02    3.51e-02    1.74e-02        0.34
  90      -152.859726387   -1.73e-05    3.17e-03    8.11e-03    1.74e-02    5.06e-02    2.46e-02        0.36
  91      -152.859754041   -2.77e-05    3.64e-03    9.35e-03    2.47e-02    7.23e-02    3.48e-02        0.35
  92      -152.859796741   -4.27e-05    4.11e-03    1.06e-02    3.49e-02    1.02e-01    4.92e-02        0.36
  93      -152.859865922   -6.92e-05    4.24e-03    1.10e-02    4.66e-02    1.34e-01    6.96e-02        0.36
  94      -152.859896036   -3.01e-05    4.66e-03    1.06e-02    5.45e-02    1.39e-01    6.96e-02        0.35
  95      -152.860097731   -2.02e-04    3.19e-03    6.53e-03    6.96e-02    1.28e-01    9.85e-02        0.36
  96      -152.860172706   -7.50e-05    2.58e-03    5.90e-03    2.42e-02    3.84e-02    9.85e-02        0.35
  97      -152.860253084   -8.04e-05    2.49e-03    5.99e-03    5.17e-02    8.74e-02    9.85e-02        0.36
  98      -152.860308954   -5.59e-05    1.88e-03    4.29e-03    2.15e-02    5.07e-02    9.85e-02        0.35
  99      -152.860361734   -5.28e-05    7.15e-04    1.56e-03    1.96e-02    4.99e-02    9.85e-02        0.35
 100      -152.860407164   -4.54e-05    9.86e-04    2.09e-03    4.83e-02    7.83e-02    9.85e-02        0.35
 101      -152.860423146   -1.60e-05    5.43e-04    1.24e-03    2.36e-02    3.87e-02    9.85e-02        0.36
 102      -152.860432281   -9.13e-06    4.63e-04    9.60e-04    2.09e-02    4.89e-02    9.85e-02        0.36
 103      -152.860434387   -2.11e-06    2.47e-04    5.52e-04    3.11e-03    5.33e-03    9.85e-02        0.33
 104      -152.860436230   -1.84e-06    1.50e-04    3.51e-04    8.23e-03    1.47e-02    9.85e-02        0.36
 105      -152.860437274   -1.04e-06    1.07e-04    1.90e-04    1.03e-02    2.32e-02    9.85e-02        0.36
 106      -152.860437574   -3.01e-07    2.42e-05    4.06e-05    2.91e-03    7.09e-03    9.85e-02        0.34
 107      -152.860437620   -4.54e-08    1.83e-05    5.04e-05    2.10e-03    4.61e-03    9.85e-02        0.33
 108      -152.860437722   -1.03e-07    3.63e-05    8.36e-05    1.02e-03    1.31e-03    9.85e-02        0.34
 109      -152.860437819   -9.71e-08    5.89e-05    1.24e-04    2.22e-03    3.39e-03    9.85e-02        0.33
 110      -152.860437953   -1.33e-07    7.40e-05    1.30e-04    3.64e-03    5.74e-03    9.85e-02        0.35
 111      -152.860438207   -2.55e-07    8.17e-05    1.73e-04    4.53e-03    7.61e-03    9.85e-02        0.36
 112      -152.860438414   -2.06e-07    7.06e-05    1.78e-04    4.48e-03    7.54e-03    9.85e-02        0.35
 113      -152.860438533   -1.19e-07    3.99e-05    1.02e-04    2.81e-03    3.95e-03    9.85e-02        0.34
 114      -152.860438565   -3.24e-08    1.67e-05    3.84e-05    1.24e-03    1.87e-03    9.85e-02        0.34
Rejecting step due to low quality: Quality: -4.98428 New trust radius: 0.000251599
 115      -152.860438530    3.49e-08    1.67e-05    3.84e-05    5.03e-04    8.51e-04    2.52e-04        0.33
 Geometry optimization stopped:          thresholds achieved

 Final energy:                        -152.860438530

 -----------
  Final XYZ 
 -----------
6
Final structure: -152.86 hartree
O            0.395478782          1.280027260         -0.036911524
H           -0.402395009          1.835126389          0.025337123
H            0.056519148          0.356865181         -0.007334904
O           -0.343309672         -1.563467040          0.029415069
H            0.017299176         -1.983249280         -0.774107777
H            0.144594495         -1.981705836          0.763602012

 Structure in entos input format:

  structure(
    xyz = [
      ['O'  ,          0.395478782,          1.280027260,         -0.036911524],
      ['H'  ,         -0.402395009,          1.835126389,          0.025337123],
      ['H'  ,          0.056519148,          0.356865181,         -0.007334904],
      ['O'  ,         -0.343309672,         -1.563467040,          0.029415069],
      ['H'  ,          0.017299176,         -1.983249280,         -0.774107777],
      ['H'  ,          0.144594495,         -1.981705836,          0.763602012]
    ]
  )

 --------------------------------
  Geometry optimization finished 
 --------------------------------
 Saving results in set 'opt1'

 --------------------------------------------------------------------------------
                                command: optimize                                
 --------------------------------------------------------------------------------
 Using coordinate system:                tric
 Hessian update scheme:                  bfgs

 ------------------------------------------------------------------------------------------------------------
                   energy      change    grad rms    grad max    step rms    step max       trust    time (s)
 ------------------------------------------------------------------------------------------------------------
   1      -152.702719996                1.05e-02    1.97e-02                            2.00e-01        2.11
   2      -152.703837742   -1.12e-03    2.87e-03    5.97e-03    2.65e-02    2.72e-02    2.00e-01        1.82
   3      -152.703923346   -8.56e-05    3.35e-04    6.03e-04    1.31e-02    1.16e-02    2.00e-01        1.85
   4      -152.703929041   -5.69e-06    1.74e-04    3.76e-04    4.15e-03    3.69e-03    2.00e-01        1.69
   5      -152.703931102   -2.06e-06    2.14e-05    4.67e-05    4.32e-03    3.78e-03    2.00e-01        1.75
   6      -152.703931142   -3.98e-08    1.26e-05    3.15e-05    2.31e-04    6.75e-04    2.00e-01        1.67
 Geometry optimization stopped:          thresholds achieved

 Final energy:                        -152.703931142

 -----------
  Final XYZ 
 -----------
6
Final structure: -152.704 hartree
O            0.382957470          1.253999353         -0.035797286
H           -0.393025818          1.809944128          0.024736497
H            0.047342916          0.350280722         -0.006239558
O           -0.328421218         -1.546795183          0.027676855
H            0.017878745         -1.962637752         -0.763261649
H            0.141454824         -1.961194593          0.752885139

 Structure in entos input format:

  structure(
    xyz = [
      ['O'  ,          0.382957470,          1.253999353,         -0.035797286],
      ['H'  ,         -0.393025818,          1.809944128,          0.024736497],
      ['H'  ,          0.047342916,          0.350280722,         -0.006239558],
      ['O'  ,         -0.328421218,         -1.546795183,          0.027676855],
      ['H'  ,          0.017878745,         -1.962637752,         -0.763261649],
      ['H'  ,          0.141454824,         -1.961194593,          0.752885139]
    ]
  )

 --------------------------------
  Geometry optimization finished 
 --------------------------------
 Saving results in set 'opt2'

 --------------------------------------------------------------------------------
                                command: optimize                                
 --------------------------------------------------------------------------------
 Using coordinate system:                tric
 Hessian update scheme:                  bfgs

 ------------------------------------------------------------------------------------------------------------
                   energy      change    grad rms    grad max    step rms    step max       trust    time (s)
 ------------------------------------------------------------------------------------------------------------
   1      -152.744475002                1.85e-03    3.73e-03                            2.00e-01        5.24
   2      -152.744504447   -2.94e-05    5.97e-04    1.28e-03    3.15e-03    3.97e-03    2.00e-01        4.48
   3      -152.744509046   -4.60e-06    1.12e-04    2.14e-04    2.22e-03    2.86e-03    2.00e-01        4.44
   4      -152.744509813   -7.67e-07    7.69e-05    1.42e-04    1.32e-03    2.46e-03    2.00e-01        4.28
   5      -152.744510340   -5.27e-07    5.37e-05    1.44e-04    1.95e-03    4.48e-03    2.00e-01        4.50
   6      -152.744510588   -2.48e-07    4.90e-05    1.14e-04    1.49e-03    3.82e-03    2.00e-01        4.52
   7      -152.744511097   -5.09e-07    5.78e-05    1.31e-04    3.92e-03    9.76e-03    2.00e-01        4.50
   8      -152.744511518   -4.20e-07    5.49e-05    1.43e-04    4.53e-03    1.02e-02    2.00e-01        4.47
   9      -152.744511869   -3.52e-07    3.40e-05    7.35e-05    5.01e-03    9.37e-03    2.00e-01        4.52
  10      -152.744512051   -1.82e-07    2.16e-05    4.64e-05    3.20e-03    4.23e-03    2.00e-01        4.53
  11      -152.744512111   -5.96e-08    1.77e-05    3.48e-05    1.79e-03    2.40e-03    2.00e-01        4.29
  12      -152.744512125   -1.45e-08    9.62e-06    2.50e-05    8.21e-04    8.14e-04    2.00e-01        4.29
 Geometry optimization stopped:          thresholds achieved

 Final energy:                        -152.744512125

 -----------
  Final XYZ 
 -----------
6
Final structure: -152.745 hartree
O            0.375248171          1.265870690         -0.035596853
H           -0.405906814          1.809120475          0.028650503
H            0.058478559          0.358404331         -0.008629006
O           -0.312818349         -1.545504870          0.024521011
H            0.018360019         -1.973767749         -0.762746223
H            0.134825335         -1.970526204          0.753800566

 Structure in entos input format:

  structure(
    xyz = [
      ['O'  ,          0.375248171,          1.265870690,         -0.035596853],
      ['H'  ,         -0.405906814,          1.809120475,          0.028650503],
      ['H'  ,          0.058478559,          0.358404331,         -0.008629006],
      ['O'  ,         -0.312818349,         -1.545504870,          0.024521011],
      ['H'  ,          0.018360019,         -1.973767749,         -0.762746223],
      ['H'  ,          0.134825335,         -1.970526204,          0.753800566]
    ]
  )

 --------------------------------
  Geometry optimization finished 
 --------------------------------
 Saving results in set 'opt'

 --------------------------------------------------------------------------------
                                 command: hessian                                
 --------------------------------------------------------------------------------

 -------------------------------
  Numerical Geometrical Hessian 
 -------------------------------

 Compute hessian using two-point central differentiation.
 Step size (bohr):                       0.0100

 Frequencies (including translational and rotational modes):
 mode    frequency (cm-1)
    0               18.10 i (imaginary)
    1                4.75 i (imaginary)
    2                2.69 i (imaginary)
    3                0.04 i (imaginary)
    4                0.13
    5                0.38
    6              126.64
    7              144.79
    8              152.33
    9              185.73
   10              359.54
   11              628.15
   12             1654.64
   13             1674.26
   14             3790.92
   15             3889.03
   16             3972.90
   17             3989.78

 Project out translational and rotational motions 

 Degrees of freedom for translational and rotational motions: 6

 Vibrational frequencies:
 mode    frequency (cm-1)
    0              126.64
    1              144.78
    2              152.33
    3              185.73
    4              359.53
    5              628.15
    6             1654.64
    7             1674.26
    8             3790.92
    9             3889.03
   10             3972.90
   11             3989.78

 --------------------------------------------------------------------------------

 End time:                               Thu Jun 10 14:17:56 2021
 Total wall-clock time:                272.375 seconds
==================================================================================
