
================================================================================
          _____________ ________ _______________ ________     _________         
         / ___________// ______ \\_____   _____// ______ \   / ________)        
        / /_________  / /      \ \     | |     / /      \ \ | (_______          
       |  __________|| |        | |    | |    | |        | | \________ \        
        \ \_________ | |        | |    | |     \ \______/ /___________) |       
         \__________||_|        |_|    |_|      \________//____________/        
                                                                                
====================================[ Qcore ]===================================

 Git hash:   15a3e7daff0cda5fa9af010ccd19a80288182ecf
 Git date:   Fri, 16 Apr 2021 15:57:16 +0100
 Compiler:   GNU 9.1.0
 Build type: Release
 Version:    1.1.0

 Start time: Thu Jun 10 04:45:59 2021

 Data directory: /work/zw18965/.local/qcore/share/entos/1.1.0/data
 Number of threads: 24
 Number of threads was determined by: command line argument

 --------------------------------------------------------------------------------
                                command: optimize                                
 --------------------------------------------------------------------------------
 Using coordinate system:                tric
 Hessian update scheme:                  bfgs

 ------------------------------------------------------------------------------------------------------------
                   energy      change    grad rms    grad max    step rms    step max       trust    time (s)
 ------------------------------------------------------------------------------------------------------------
   1      -229.130136027                2.62e-03    4.13e-03                            2.00e-01       16.34
   2      -229.130245219   -1.09e-04    9.11e-04    1.63e-03    1.46e-02    1.45e-02    2.00e-01       14.24
   3      -229.130264705   -1.95e-05    1.69e-04    3.31e-04    6.99e-03    6.10e-03    2.00e-01       14.48
   4      -229.130267050   -2.34e-06    1.10e-04    2.25e-04    2.94e-03    2.30e-03    2.00e-01       13.83
   5      -229.130267856   -8.06e-07    3.91e-05    9.89e-05    1.54e-03    1.91e-03    2.00e-01       13.54
   6      -229.130268031   -1.75e-07    1.49e-05    3.27e-05    9.65e-04    1.15e-03    2.00e-01       13.29
 Geometry optimization stopped:          thresholds achieved

 Final energy:                        -229.130268031

 -----------
  Final XYZ 
 -----------
9
Final structure: -229.13 hartree
O           -1.466046974         -0.645259899         -0.079262909
H           -0.604052698         -1.080913422         -0.038274685
H           -2.018908259         -1.078222576          0.566088936
O            1.298635831         -0.936879379         -0.090247027
H            1.961610822         -1.194508770          0.545019563
H            1.216221279          0.024790227         -0.024199749
O            0.166552795          1.588573022          0.107040062
H           -0.628780603          1.039899842          0.061316092
H            0.084999806          2.233714955         -0.591029282

 Structure in entos input format:

  structure(
    xyz = [
      ['O'  ,         -1.466046974,         -0.645259899,         -0.079262909],
      ['H'  ,         -0.604052698,         -1.080913422,         -0.038274685],
      ['H'  ,         -2.018908259,         -1.078222576,          0.566088936],
      ['O'  ,          1.298635831,         -0.936879379,         -0.090247027],
      ['H'  ,          1.961610822,         -1.194508770,          0.545019563],
      ['H'  ,          1.216221279,          0.024790227,         -0.024199749],
      ['O'  ,          0.166552795,          1.588573022,          0.107040062],
      ['H'  ,         -0.628780603,          1.039899842,          0.061316092],
      ['H'  ,          0.084999806,          2.233714955,         -0.591029282]
    ]
  )

 --------------------------------
  Geometry optimization finished 
 --------------------------------
 Saving results in set 'opt'

 --------------------------------------------------------------------------------
                                 command: hessian                                
 --------------------------------------------------------------------------------

WARNING: semianalytic method is specified for dft hessian, which is not efficient. Try switching to 'method = analytic'


 -------------------------------
  Numerical Geometrical Hessian 
 -------------------------------

 Compute hessian using two-point central differentiation.
 Step size (bohr):                       0.0100

 Frequencies (including translational and rotational modes):
 mode    frequency (cm-1)
    0                3.48 i (imaginary)
    1                0.08 i (imaginary)
    2                0.03 i (imaginary)
    3                0.10
    4                7.99
    5               12.21
    6              172.65
    7              184.85
    8              190.91
    9              201.08
   10              223.25
   11              242.10
   12              349.46
   13              360.04
   14              452.14
   15              579.92
   16              674.06
   17              869.28
   18             1664.51
   19             1666.83
   20             1690.72
   21             3651.83
   22             3712.00
   23             3721.58
   24             3963.48
   25             3967.77
   26             3968.83

 Project out translational and rotational motions 

 Degrees of freedom for translational and rotational motions: 6

 Vibrational frequencies:
 mode    frequency (cm-1)
    0              172.65
    1              184.85
    2              190.90
    3              201.08
    4              223.25
    5              242.10
    6              349.46
    7              360.04
    8              452.14
    9              579.92
   10              674.06
   11              869.28
   12             1664.51
   13             1666.83
   14             1690.72
   15             3651.83
   16             3712.00
   17             3721.58
   18             3963.48
   19             3967.77
   20             3968.83

 --------------------------------------------------------------------------------

 End time:                               Thu Jun 10 05:00:19 2021
 Total wall-clock time:                860.085 seconds
==================================================================================
