
================================================================================
          _____________ ________ _______________ ________     _________         
         / ___________// ______ \\_____   _____// ______ \   / ________)        
        / /_________  / /      \ \     | |     / /      \ \ | (_______          
       |  __________|| |        | |    | |    | |        | | \________ \        
        \ \_________ | |        | |    | |     \ \______/ /___________) |       
         \__________||_|        |_|    |_|      \________//____________/        
                                                                                
====================================[ Qcore ]===================================

 Git hash:   15a3e7daff0cda5fa9af010ccd19a80288182ecf
 Git date:   Fri, 16 Apr 2021 15:57:16 +0100
 Compiler:   GNU 9.1.0
 Build type: Release
 Version:    1.1.0

 Start time: Thu Jun 10 04:46:14 2021

 Data directory: /work/zw18965/.local/qcore/share/entos/1.1.0/data
 Number of threads: 24
 Number of threads was determined by: command line argument

 --------------------------------------------------------------------------------
                                command: optimize                                
 --------------------------------------------------------------------------------
 Using coordinate system:                tric
 Hessian update scheme:                  bfgs

 ------------------------------------------------------------------------------------------------------------
                   energy      change    grad rms    grad max    step rms    step max       trust    time (s)
 ------------------------------------------------------------------------------------------------------------
   1      -305.517933225                2.39e-03    3.98e-03                            2.00e-01       42.96
   2      -305.518096379   -1.63e-04    8.59e-04    1.62e-03    2.24e-02    1.67e-02    2.00e-01       37.09
   3      -305.518124264   -2.79e-05    1.95e-04    3.68e-04    9.99e-03    7.90e-03    2.00e-01       37.12
   4      -305.518128076   -3.81e-06    1.36e-04    2.24e-04    3.95e-03    3.85e-03    2.00e-01       37.63
   5      -305.518130051   -1.98e-06    5.00e-05    8.12e-05    2.37e-03    1.64e-03    2.00e-01       38.34
   6      -305.518130429   -3.78e-07    2.27e-05    5.02e-05    1.52e-03    9.42e-04    2.00e-01       36.66
 Geometry optimization stopped:          thresholds achieved

 Final energy:                        -305.518130429

 -----------
  Final XYZ 
 -----------
12
Final structure: -305.518 hartree
O            1.359656790         -1.359377697          0.019514977
H            0.395173625         -1.496898369         -0.004691905
H            1.681730441         -1.861416706          0.763894132
O           -1.359378154         -1.359656625         -0.019514566
H           -1.496899209         -0.395173520          0.004691515
H           -1.861416093         -1.681731004         -0.763894108
O           -1.359656853          1.359379007          0.019514852
H           -0.395173597          1.496899247         -0.004692527
H           -1.681729380          1.861416927          0.763895206
O            1.359379033          1.359657327         -0.019514873
H            1.496899403          0.395174140          0.004692290
H            1.861416996          1.681730273         -0.763894994

 Structure in entos input format:

  structure(
    xyz = [
      ['O'  ,          1.359656790,         -1.359377697,          0.019514977],
      ['H'  ,          0.395173625,         -1.496898369,         -0.004691905],
      ['H'  ,          1.681730441,         -1.861416706,          0.763894132],
      ['O'  ,         -1.359378154,         -1.359656625,         -0.019514566],
      ['H'  ,         -1.496899209,         -0.395173520,          0.004691515],
      ['H'  ,         -1.861416093,         -1.681731004,         -0.763894108],
      ['O'  ,         -1.359656853,          1.359379007,          0.019514852],
      ['H'  ,         -0.395173597,          1.496899247,         -0.004692527],
      ['H'  ,         -1.681729380,          1.861416927,          0.763895206],
      ['O'  ,          1.359379033,          1.359657327,         -0.019514873],
      ['H'  ,          1.496899403,          0.395174140,          0.004692290],
      ['H'  ,          1.861416996,          1.681730273,         -0.763894994]
    ]
  )

 --------------------------------
  Geometry optimization finished 
 --------------------------------
 Saving results in set 'opt'

 --------------------------------------------------------------------------------
                                 command: hessian                                
 --------------------------------------------------------------------------------

WARNING: semianalytic method is specified for dft hessian, which is not efficient. Try switching to 'method = analytic'


 -------------------------------
  Numerical Geometrical Hessian 
 -------------------------------

 Compute hessian using two-point central differentiation.
 Step size (bohr):                       0.0100

 Frequencies (including translational and rotational modes):
 mode    frequency (cm-1)
    0                0.12 i (imaginary)
    1                0.11 i (imaginary)
    2                0.03 i (imaginary)
    3                7.21
    4                7.27
    5               20.29
    6               51.43
    7               87.65
    8              212.86
    9              213.13
   10              240.78
   11              240.80
   12              260.10
   13              260.11
   14              265.03
   15              292.34
   16              410.73
   17              445.82
   18              459.05
   19              459.05
   20              764.73
   21              830.32
   22              830.32
   23              994.91
   24             1670.83
   25             1683.67
   26             1683.67
   27             1711.65
   28             3462.31
   29             3557.33
   30             3557.33
   31             3596.05
   32             3960.26
   33             3960.95
   34             3960.95
   35             3962.11

 Project out translational and rotational motions 

 Degrees of freedom for translational and rotational motions: 6

 Vibrational frequencies:
 mode    frequency (cm-1)
    0               51.43
    1               87.65
    2              212.86
    3              213.13
    4              240.77
    5              240.79
    6              260.10
    7              260.11
    8              265.03
    9              292.34
   10              410.73
   11              445.82
   12              459.05
   13              459.05
   14              764.73
   15              830.32
   16              830.32
   17              994.90
   18             1670.83
   19             1683.67
   20             1683.67
   21             1711.65
   22             3462.31
   23             3557.33
   24             3557.33
   25             3596.05
   26             3960.26
   27             3960.95
   28             3960.95
   29             3962.11

 --------------------------------------------------------------------------------

 End time:                               Thu Jun 10 05:37:20 2021
 Total wall-clock time:               3066.435 seconds
==================================================================================
