
================================================================================
          _____________ ________ _______________ ________     _________         
         / ___________// ______ \\_____   _____// ______ \   / ________)        
        / /_________  / /      \ \     | |     / /      \ \ | (_______          
       |  __________|| |        | |    | |    | |        | | \________ \        
        \ \_________ | |        | |    | |     \ \______/ /___________) |       
         \__________||_|        |_|    |_|      \________//____________/        
                                                                                
====================================[ Qcore ]===================================

 Git hash:   15a3e7daff0cda5fa9af010ccd19a80288182ecf
 Git date:   Fri, 16 Apr 2021 15:57:16 +0100
 Compiler:   GNU 9.1.0
 Build type: Release
 Version:    1.1.0

 Start time: Thu Jun 10 04:46:39 2021

 Data directory: /work/zw18965/.local/qcore/share/entos/1.1.0/data
 Number of threads: 24
 Number of threads was determined by: command line argument
  - More threads can be used by running 'qcore -n 32'

 --------------------------------------------------------------------------------
                                command: optimize                                
 --------------------------------------------------------------------------------
 Using coordinate system:                tric
 Hessian update scheme:                  bfgs

 ------------------------------------------------------------------------------------------------------------
                   energy      change    grad rms    grad max    step rms    step max       trust    time (s)
 ------------------------------------------------------------------------------------------------------------
   1      -381.900307606                2.32e-03    4.25e-03                            2.00e-01       85.09
   2      -381.900505689   -1.98e-04    8.43e-04    1.65e-03    2.07e-02    2.02e-02    2.00e-01       67.81
   3      -381.900554638   -4.89e-05    2.88e-04    5.31e-04    1.84e-02    1.74e-02    2.00e-01       68.53
   4      -381.900562488   -7.85e-06    2.20e-04    4.76e-04    6.99e-03    7.22e-03    2.00e-01       69.00
   5      -381.900565891   -3.40e-06    5.70e-05    1.32e-04    2.22e-03    1.75e-03    2.00e-01       69.08
   6      -381.900566573   -6.82e-07    2.93e-05    7.35e-05    1.89e-03    1.76e-03    2.00e-01       66.39
   7      -381.900566755   -1.82e-07    3.08e-05    7.09e-05    1.11e-03    1.23e-03    2.00e-01       65.50
   8      -381.900566966   -2.11e-07    2.44e-05    6.96e-05    1.74e-03    1.72e-03    2.00e-01       65.73
   9      -381.900567117   -1.50e-07    1.82e-05    4.83e-05    2.51e-03    2.53e-03    2.00e-01       65.89
  10      -381.900567221   -1.04e-07    1.80e-05    3.94e-05    1.35e-03    1.41e-03    2.00e-01       65.86
  11      -381.900567281   -6.01e-08    1.52e-05    3.67e-05    1.15e-03    1.29e-03    2.00e-01       65.36
  12      -381.900567296   -1.54e-08    8.61e-06    2.05e-05    5.82e-04    7.67e-04    2.00e-01       63.81
 Geometry optimization stopped:          thresholds achieved

 Final energy:                        -381.900567296

 -----------
  Final XYZ 
 -----------
15
Final structure: -381.901 hartree
O            2.282642378          0.147393732          0.183223296
O            0.858164637         -2.121224740         -0.163791866
O           -1.757954409         -1.480915724          0.065401719
O           -1.941816454          1.224715491         -0.052672670
O            0.571867435          2.221955892         -0.082663646
H            1.809504346         -0.696178001          0.050640526
H           -0.095137580         -1.929840065         -0.079035435
H           -1.891176674         -0.515012396          0.049759773
H           -1.049968345          1.621252083         -0.071551205
H            1.220720066          1.502815011          0.038506960
H            2.805284485          0.037029437          0.973266375
H            0.956857774         -2.614841472         -0.973968571
H           -2.246353151         -1.806788686          0.816760554
H           -2.462642756          1.772988280          0.527999467
H            0.857233248          2.702084158         -0.855960277

 Structure in entos input format:

  structure(
    xyz = [
      ['O'  ,          2.282642378,          0.147393732,          0.183223296],
      ['O'  ,          0.858164637,         -2.121224740,         -0.163791866],
      ['O'  ,         -1.757954409,         -1.480915724,          0.065401719],
      ['O'  ,         -1.941816454,          1.224715491,         -0.052672670],
      ['O'  ,          0.571867435,          2.221955892,         -0.082663646],
      ['H'  ,          1.809504346,         -0.696178001,          0.050640526],
      ['H'  ,         -0.095137580,         -1.929840065,         -0.079035435],
      ['H'  ,         -1.891176674,         -0.515012396,          0.049759773],
      ['H'  ,         -1.049968345,          1.621252083,         -0.071551205],
      ['H'  ,          1.220720066,          1.502815011,          0.038506960],
      ['H'  ,          2.805284485,          0.037029437,          0.973266375],
      ['H'  ,          0.956857774,         -2.614841472,         -0.973968571],
      ['H'  ,         -2.246353151,         -1.806788686,          0.816760554],
      ['H'  ,         -2.462642756,          1.772988280,          0.527999467],
      ['H'  ,          0.857233248,          2.702084158,         -0.855960277]
    ]
  )

 --------------------------------
  Geometry optimization finished 
 --------------------------------
 Saving results in set 'opt'

 --------------------------------------------------------------------------------
                                 command: hessian                                
 --------------------------------------------------------------------------------

WARNING: semianalytic method is specified for dft hessian, which is not efficient. Try switching to 'method = analytic'


 -------------------------------
  Numerical Geometrical Hessian 
 -------------------------------

 Compute hessian using two-point central differentiation.
 Step size (bohr):                       0.0100

 Frequencies (including translational and rotational modes):
 mode    frequency (cm-1)
    0                4.85 i (imaginary)
    1                0.11 i (imaginary)
    2                0.05 i (imaginary)
    3                0.03 i (imaginary)
    4                3.78
    5                5.69
    6               22.71
    7               43.55
    8               63.42
    9               67.78
   10              182.59
   11              183.47
   12              199.16
   13              224.00
   14              238.07
   15              244.00
   16              264.41
   17              293.88
   18              303.57
   19              306.85
   20              420.79
   21              435.72
   22              457.24
   23              471.84
   24              531.62
   25              722.66
   26              796.45
   27              863.12
   28              883.43
   29              981.55
   30             1673.91
   31             1683.21
   32             1694.05
   33             1709.98
   34             1718.66
   35             3421.50
   36             3504.42
   37             3513.27
   38             3558.68
   39             3567.22
   40             3959.58
   41             3960.99
   42             3963.11
   43             3964.25
   44             3966.09

 Project out translational and rotational motions 

 Degrees of freedom for translational and rotational motions: 6

 Vibrational frequencies:
 mode    frequency (cm-1)
    0               22.68
    1               43.55
    2               63.41
    3               67.76
    4              182.59
    5              183.47
    6              199.16
    7              224.00
    8              238.07
    9              244.00
   10              264.41
   11              293.88
   12              303.57
   13              306.85
   14              420.79
   15              435.72
   16              457.24
   17              471.84
   18              531.62
   19              722.66
   20              796.45
   21              863.12
   22              883.43
   23              981.55
   24             1673.91
   25             1683.21
   26             1694.05
   27             1709.98
   28             1718.66
   29             3421.50
   30             3504.42
   31             3513.27
   32             3558.68
   33             3567.22
   34             3959.58
   35             3960.99
   36             3963.11
   37             3964.25
   38             3966.09

 --------------------------------------------------------------------------------

 End time:                               Thu Jun 10 06:44:48 2021
 Total wall-clock time:               7088.927 seconds
==================================================================================
