
================================================================================
          _____________ ________ _______________ ________     _________         
         / ___________// ______ \\_____   _____// ______ \   / ________)        
        / /_________  / /      \ \     | |     / /      \ \ | (_______          
       |  __________|| |        | |    | |    | |        | | \________ \        
        \ \_________ | |        | |    | |     \ \______/ /___________) |       
         \__________||_|        |_|    |_|      \________//____________/        
                                                                                
====================================[ Qcore ]===================================

 Git hash:   15a3e7daff0cda5fa9af010ccd19a80288182ecf
 Git date:   Fri, 16 Apr 2021 15:57:16 +0100
 Compiler:   GNU 9.1.0
 Build type: Release
 Version:    1.1.0

 Start time: Thu Jun 10 04:46:41 2021

 Data directory: /work/zw18965/.local/qcore/share/entos/1.1.0/data
 Number of threads: 24
 Number of threads was determined by: command line argument
  - More threads can be used by running 'qcore -n 32'

 --------------------------------------------------------------------------------
                                command: optimize                                
 --------------------------------------------------------------------------------
 Using coordinate system:                tric
 Hessian update scheme:                  bfgs

 ------------------------------------------------------------------------------------------------------------
                   energy      change    grad rms    grad max    step rms    step max       trust    time (s)
 ------------------------------------------------------------------------------------------------------------
   1      -458.282333308                2.34e-03    3.83e-03                            2.00e-01      121.49
   2      -458.282563130   -2.30e-04    8.47e-04    1.53e-03    1.96e-02    1.75e-02    2.00e-01      109.44
   3      -458.282638399   -7.53e-05    4.87e-04    7.23e-04    2.39e-02    2.09e-02    2.00e-01      114.77
   4      -458.282655565   -1.72e-05    2.91e-04    5.60e-04    7.82e-03    6.27e-03    2.00e-01      109.83
   5      -458.282660561   -5.00e-06    8.43e-05    1.75e-04    2.97e-03    2.20e-03    2.00e-01      110.67
   6      -458.282661437   -8.77e-07    2.10e-05    5.54e-05    2.14e-03    1.60e-03    2.00e-01      105.62
   7      -458.282661698   -2.60e-07    2.46e-05    5.14e-05    1.13e-03    1.20e-03    2.00e-01      101.21
   8      -458.282662338   -6.40e-07    6.50e-05    1.28e-04    4.84e-03    5.16e-03    2.00e-01      110.18
   9      -458.282662820   -4.82e-07    6.27e-05    1.31e-04    4.59e-03    4.81e-03    2.00e-01      110.56
  10      -458.282663179   -3.60e-07    2.93e-05    5.85e-05    4.27e-03    4.42e-03    2.00e-01      105.99
  11      -458.282663370   -1.91e-07    1.93e-05    4.56e-05    2.00e-03    2.02e-03    2.00e-01      109.50
  12      -458.282663606   -2.36e-07    4.44e-05    9.28e-05    2.06e-03    2.11e-03    2.00e-01      105.00
  13      -458.282663890   -2.84e-07    5.59e-05    1.13e-04    3.04e-03    3.23e-03    2.00e-01      104.83
  14      -458.282664069   -1.78e-07    3.38e-05    6.84e-05    2.70e-03    3.08e-03    2.00e-01      105.40
  15      -458.282664130   -6.08e-08    7.69e-06    1.73e-05    9.15e-04    1.27e-03    2.00e-01      100.59
Rejecting step due to low quality: Quality: -1.046 New trust radius: 8.23931e-05
  16      -458.282664119    1.09e-08    7.69e-06    1.73e-05    1.65e-04    3.23e-04    8.24e-05       95.20
 Geometry optimization stopped:          thresholds achieved

 Final energy:                        -458.282664119

 -----------
  Final XYZ 
 -----------
18
Final structure: -458.283 hartree
O            0.003488672          2.678708596          0.155054439
H           -0.115929662          3.202400262          0.943073343
H           -0.831718682          2.189396606          0.029153274
O           -2.321693076         -1.337508826          0.156100103
H           -1.480830484         -1.818156954          0.034410195
H           -2.720156232         -1.700872763          0.942658670
O            2.321719879          1.337471095         -0.156109366
H            2.720160258          1.700855458         -0.942669737
H            1.480861377          1.818120664         -0.034383030
O           -0.003536656         -2.678717061         -0.155065237
H            0.831665510         -2.189401525         -0.029126457
H            0.115916800         -3.202399592         -0.943084478
O            2.314938166         -1.339757847          0.164178281
H            2.828496661         -1.499141299          0.951784542
H            2.311279779         -0.371846301          0.037717492
O           -2.314917841          1.339805634         -0.164192541
H           -2.828489552          1.499154138         -0.951796929
H           -2.311250918          0.371896715         -0.037696566

 Structure in entos input format:

  structure(
    xyz = [
      ['O'  ,          0.003488672,          2.678708596,          0.155054439],
      ['H'  ,         -0.115929662,          3.202400262,          0.943073343],
      ['H'  ,         -0.831718682,          2.189396606,          0.029153274],
      ['O'  ,         -2.321693076,         -1.337508826,          0.156100103],
      ['H'  ,         -1.480830484,         -1.818156954,          0.034410195],
      ['H'  ,         -2.720156232,         -1.700872763,          0.942658670],
      ['O'  ,          2.321719879,          1.337471095,         -0.156109366],
      ['H'  ,          2.720160258,          1.700855458,         -0.942669737],
      ['H'  ,          1.480861377,          1.818120664,         -0.034383030],
      ['O'  ,         -0.003536656,         -2.678717061,         -0.155065237],
      ['H'  ,          0.831665510,         -2.189401525,         -0.029126457],
      ['H'  ,          0.115916800,         -3.202399592,         -0.943084478],
      ['O'  ,          2.314938166,         -1.339757847,          0.164178281],
      ['H'  ,          2.828496661,         -1.499141299,          0.951784542],
      ['H'  ,          2.311279779,         -0.371846301,          0.037717492],
      ['O'  ,         -2.314917841,          1.339805634,         -0.164192541],
      ['H'  ,         -2.828489552,          1.499154138,         -0.951796929],
      ['H'  ,         -2.311250918,          0.371896715,         -0.037696566]
    ]
  )

 --------------------------------
  Geometry optimization finished 
 --------------------------------
 Saving results in set 'opt'

 --------------------------------------------------------------------------------
                                 command: hessian                                
 --------------------------------------------------------------------------------

WARNING: semianalytic method is specified for dft hessian, which is not efficient. Try switching to 'method = analytic'


 -------------------------------
  Numerical Geometrical Hessian 
 -------------------------------

 Compute hessian using two-point central differentiation.
 Step size (bohr):                       0.0100

 Frequencies (including translational and rotational modes):
 mode    frequency (cm-1)
    0                1.00 i (imaginary)
    1                0.04 i (imaginary)
    2                0.03 i (imaginary)
    3                0.17
    4                4.95
    5                7.00
    6               30.37
    7               31.16
    8               46.71
    9               47.88
   10               52.86
   11               84.93
   12              161.30
   13              182.46
   14              203.17
   15              204.17
   16              218.87
   17              219.29
   18              260.68
   19              261.98
   20              291.81
   21              304.31
   22              304.40
   23              336.92
   24              426.52
   25              446.05
   26              446.65
   27              464.25
   28              470.98
   29              471.84
   30              790.77
   31              808.82
   32              809.86
   33              900.05
   34              900.58
   35              975.25
   36             1670.04
   37             1680.39
   38             1680.62
   39             1706.83
   40             1707.21
   41             1722.87
   42             3413.96
   43             3489.01
   44             3489.40
   45             3546.18
   46             3546.47
   47             3564.92
   48             3962.41
   49             3962.50
   50             3962.59
   51             3963.20
   52             3963.29
   53             3964.07

 Project out translational and rotational motions 

 Degrees of freedom for translational and rotational motions: 6

 Vibrational frequencies:
 mode    frequency (cm-1)
    0               30.37
    1               31.16
    2               46.71
    3               47.87
    4               52.86
    5               84.93
    6              161.30
    7              182.46
    8              203.17
    9              204.17
   10              218.87
   11              219.29
   12              260.68
   13              261.98
   14              291.81
   15              304.31
   16              304.40
   17              336.92
   18              426.52
   19              446.05
   20              446.65
   21              464.25
   22              470.98
   23              471.84
   24              790.77
   25              808.82
   26              809.86
   27              900.05
   28              900.58
   29              975.25
   30             1670.04
   31             1680.39
   32             1680.62
   33             1706.83
   34             1707.21
   35             1722.87
   36             3413.96
   37             3489.01
   38             3489.40
   39             3546.18
   40             3546.47
   41             3564.92
   42             3962.41
   43             3962.50
   44             3962.59
   45             3963.20
   46             3963.29
   47             3964.07

 --------------------------------------------------------------------------------

 End time:                               Thu Jun 10 08:36:01 2021
 Total wall-clock time:              13760.649 seconds
==================================================================================
