
================================================================================
          _____________ ________ _______________ ________     _________         
         / ___________// ______ \\_____   _____// ______ \   / ________)        
        / /_________  / /      \ \     | |     / /      \ \ | (_______          
       |  __________|| |        | |    | |    | |        | | \________ \        
        \ \_________ | |        | |    | |     \ \______/ /___________) |       
         \__________||_|        |_|    |_|      \________//____________/        
                                                                                
====================================[ Qcore ]===================================

 Git hash:   15a3e7daff0cda5fa9af010ccd19a80288182ecf
 Git date:   Fri, 16 Apr 2021 15:57:16 +0100
 Compiler:   GNU 9.1.0
 Build type: Release
 Version:    1.1.0

 Start time: Thu Jun 10 04:47:06 2021

 Data directory: /work/zw18965/.local/qcore/share/entos/1.1.0/data
 Number of threads: 24
 Number of threads was determined by: command line argument

 --------------------------------------------------------------------------------
                                command: optimize                                
 --------------------------------------------------------------------------------
 Using coordinate system:                tric
 Hessian update scheme:                  bfgs

 ------------------------------------------------------------------------------------------------------------
                   energy      change    grad rms    grad max    step rms    step max       trust    time (s)
 ------------------------------------------------------------------------------------------------------------
   1      -458.283943627                2.42e-03    4.61e-03                            2.00e-01      139.80
   2      -458.284192488   -2.49e-04    8.83e-04    2.07e-03    2.23e-02    2.11e-02    2.00e-01      122.46
   3      -458.284245262   -5.28e-05    3.16e-04    5.68e-04    1.69e-02    1.53e-02    2.00e-01      123.70
   4      -458.284255605   -1.03e-05    2.30e-04    4.50e-04    7.62e-03    8.22e-03    2.00e-01      116.32
   5      -458.284260376   -4.77e-06    7.64e-05    2.22e-04    3.17e-03    3.70e-03    2.00e-01      116.51
   6      -458.284261574   -1.20e-06    4.22e-05    1.40e-04    2.42e-03    2.38e-03    2.00e-01      110.53
   7      -458.284262156   -5.83e-07    3.54e-05    9.25e-05    1.92e-03    1.67e-03    2.00e-01      113.80
   8      -458.284262874   -7.18e-07    3.28e-05    8.94e-05    3.64e-03    3.85e-03    2.00e-01      116.52
   9      -458.284263545   -6.71e-07    3.68e-05    9.53e-05    4.40e-03    4.79e-03    2.00e-01      116.77
  10      -458.284264231   -6.86e-07    4.12e-05    1.23e-04    5.87e-03    6.65e-03    2.00e-01      117.72
  11      -458.284264893   -6.62e-07    4.05e-05    1.42e-04    5.57e-03    6.42e-03    2.00e-01      117.52
  12      -458.284265262   -3.70e-07    3.03e-05    7.72e-05    4.21e-03    4.67e-03    2.00e-01      110.82
  13      -458.284265518   -2.56e-07    1.88e-05    5.64e-05    2.50e-03    2.68e-03    2.00e-01      113.27
  14      -458.284265687   -1.69e-07    2.21e-05    6.45e-05    1.83e-03    2.88e-03    2.00e-01      112.09
  15      -458.284265934   -2.47e-07    3.16e-05    1.03e-04    2.23e-03    3.85e-03    2.00e-01      111.38
  16      -458.284266141   -2.07e-07    3.08e-05    9.58e-05    3.17e-03    4.93e-03    2.00e-01      112.75
  17      -458.284266228   -8.71e-08    1.76e-05    4.71e-05    2.54e-03    3.35e-03    2.00e-01      112.91
  18      -458.284266360   -1.32e-07    6.90e-06    1.84e-05    1.31e-03    1.44e-03    2.00e-01      111.48
Rejecting step due to low quality: Quality: -1.61441 New trust radius: 0.000303482
  19      -458.284266323    3.71e-08    6.90e-06    1.84e-05    6.07e-04    5.47e-04    3.03e-04      113.03
 Geometry optimization stopped:          thresholds achieved

 Final energy:                        -458.284266323

 -----------
  Final XYZ 
 -----------
18
Final structure: -458.284 hartree
O            0.118084901          1.551210689          0.867274276
H            0.956894157          1.517819444          0.359909465
H            0.266371160          2.142058927          1.601690787
O           -0.028318588         -1.357395276          0.920755246
H           -0.050288228         -0.417254682          1.122505810
H           -0.866738422         -1.528681962          0.465421096
O           -2.308769751          1.344216497         -0.436133673
H           -1.454031445          1.524197960         -0.014983379
H           -2.329480920          1.865249821         -1.234697419
O           -2.458065946         -1.405569266         -0.430385941
H           -2.527872335         -0.440049373         -0.500483862
H           -3.259319556         -1.698239953         -0.003522654
O            2.401509720          1.202509824         -0.469325073
H            2.475640125          0.226326654         -0.498664358
H            2.537942664          1.507442742         -1.362681012
O            2.270751256         -1.468951267         -0.440111599
H            1.416909978         -1.559018862          0.033320367
H            2.888014229         -2.041778918          0.007344924

 Structure in entos input format:

  structure(
    xyz = [
      ['O'  ,          0.118084901,          1.551210689,          0.867274276],
      ['H'  ,          0.956894157,          1.517819444,          0.359909465],
      ['H'  ,          0.266371160,          2.142058927,          1.601690787],
      ['O'  ,         -0.028318588,         -1.357395276,          0.920755246],
      ['H'  ,         -0.050288228,         -0.417254682,          1.122505810],
      ['H'  ,         -0.866738422,         -1.528681962,          0.465421096],
      ['O'  ,         -2.308769751,          1.344216497,         -0.436133673],
      ['H'  ,         -1.454031445,          1.524197960,         -0.014983379],
      ['H'  ,         -2.329480920,          1.865249821,         -1.234697419],
      ['O'  ,         -2.458065946,         -1.405569266,         -0.430385941],
      ['H'  ,         -2.527872335,         -0.440049373,         -0.500483862],
      ['H'  ,         -3.259319556,         -1.698239953,         -0.003522654],
      ['O'  ,          2.401509720,          1.202509824,         -0.469325073],
      ['H'  ,          2.475640125,          0.226326654,         -0.498664358],
      ['H'  ,          2.537942664,          1.507442742,         -1.362681012],
      ['O'  ,          2.270751256,         -1.468951267,         -0.440111599],
      ['H'  ,          1.416909978,         -1.559018862,          0.033320367],
      ['H'  ,          2.888014229,         -2.041778918,          0.007344924]
    ]
  )

 --------------------------------
  Geometry optimization finished 
 --------------------------------
 Saving results in set 'opt'

 --------------------------------------------------------------------------------
                                 command: hessian                                
 --------------------------------------------------------------------------------

WARNING: semianalytic method is specified for dft hessian, which is not efficient. Try switching to 'method = analytic'


 -------------------------------
  Numerical Geometrical Hessian 
 -------------------------------

 Compute hessian using two-point central differentiation.
 Step size (bohr):                       0.0100

 Frequencies (including translational and rotational modes):
 mode    frequency (cm-1)
    0                3.48 i (imaginary)
    1                2.37 i (imaginary)
    2                0.04 i (imaginary)
    3                0.03
    4                0.10
    5                4.49
    6               27.93
    7               38.75
    8               56.07
    9               72.10
   10               90.05
   11              153.38
   12              183.96
   13              193.44
   14              201.06
   15              233.19
   16              243.99
   17              248.77
   18              258.81
   19              280.14
   20              291.35
   21              302.58
   22              313.31
   23              394.29
   24              407.29
   25              452.13
   26              463.80
   27              488.03
   28              551.92
   29              617.56
   30              736.05
   31              762.49
   32              841.21
   33              862.67
   34              911.43
   35             1026.32
   36             1665.44
   37             1677.25
   38             1678.89
   39             1696.20
   40             1709.80
   41             1738.96
   42             3354.69
   43             3434.11
   44             3487.64
   45             3592.57
   46             3651.80
   47             3667.69
   48             3809.77
   49             3955.18
   50             3961.05
   51             3962.41
   52             3962.92
   53             3964.97

 Project out translational and rotational motions 

 Degrees of freedom for translational and rotational motions: 6

 Vibrational frequencies:
 mode    frequency (cm-1)
    0               27.91
    1               38.74
    2               56.06
    3               72.10
    4               90.05
    5              153.38
    6              183.96
    7              193.44
    8              201.06
    9              233.19
   10              243.99
   11              248.77
   12              258.81
   13              280.14
   14              291.35
   15              302.58
   16              313.31
   17              394.29
   18              407.29
   19              452.13
   20              463.80
   21              488.03
   22              551.92
   23              617.56
   24              736.05
   25              762.49
   26              841.21
   27              862.67
   28              911.43
   29             1026.32
   30             1665.44
   31             1677.25
   32             1678.89
   33             1696.20
   34             1709.80
   35             1738.96
   36             3354.69
   37             3434.11
   38             3487.64
   39             3592.57
   40             3651.80
   41             3667.69
   42             3809.77
   43             3955.18
   44             3961.05
   45             3962.41
   46             3962.92
   47             3964.97

 --------------------------------------------------------------------------------

 End time:                               Thu Jun 10 08:56:59 2021
 Total wall-clock time:              14992.179 seconds
==================================================================================
