
================================================================================
          _____________ ________ _______________ ________     _________         
         / ___________// ______ \\_____   _____// ______ \   / ________)        
        / /_________  / /      \ \     | |     / /      \ \ | (_______          
       |  __________|| |        | |    | |    | |        | | \________ \        
        \ \_________ | |        | |    | |     \ \______/ /___________) |       
         \__________||_|        |_|    |_|      \________//____________/        
                                                                                
====================================[ Qcore ]===================================

 Git hash:   15a3e7daff0cda5fa9af010ccd19a80288182ecf
 Git date:   Fri, 16 Apr 2021 15:57:16 +0100
 Compiler:   GNU 9.1.0
 Build type: Release
 Version:    1.1.0

 Start time: Thu Jun 10 04:47:18 2021

 Data directory: /work/zw18965/.local/qcore/share/entos/1.1.0/data
 Number of threads: 24
 Number of threads was determined by: command line argument
  - More threads can be used by running 'qcore -n 32'

 --------------------------------------------------------------------------------
                                command: optimize                                
 --------------------------------------------------------------------------------
 Using coordinate system:                tric
 Hessian update scheme:                  bfgs

 ------------------------------------------------------------------------------------------------------------
                   energy      change    grad rms    grad max    step rms    step max       trust    time (s)
 ------------------------------------------------------------------------------------------------------------
   1      -458.284618642                2.53e-03    4.79e-03                            2.00e-01      154.70
   2      -458.284861958   -2.43e-04    8.82e-04    2.11e-03    2.14e-02    2.29e-02    2.00e-01      137.99
   3      -458.284896960   -3.50e-05    2.40e-04    6.66e-04    1.20e-02    1.12e-02    2.00e-01      132.21
   4      -458.284907270   -1.03e-05    1.85e-04    3.92e-04    6.81e-03    7.73e-03    2.00e-01      126.05
   5      -458.284910622   -3.35e-06    6.12e-05    1.88e-04    3.20e-03    4.06e-03    2.00e-01      126.92
   6      -458.284911913   -1.29e-06    3.58e-05    8.49e-05    2.18e-03    1.91e-03    2.00e-01      121.50
   7      -458.284912482   -5.68e-07    2.78e-05    7.37e-05    2.09e-03    2.43e-03    2.00e-01      120.94
   8      -458.284913117   -6.35e-07    3.17e-05    8.16e-05    3.63e-03    4.34e-03    2.00e-01      127.66
   9      -458.284913446   -3.29e-07    2.45e-05    5.84e-05    2.41e-03    2.82e-03    2.00e-01      121.09
  10      -458.284913634   -1.89e-07    1.50e-05    3.15e-05    1.49e-03    1.64e-03    2.00e-01      120.84
  11      -458.284913712   -7.71e-08    9.23e-06    2.12e-05    7.47e-04    1.02e-03    2.00e-01      117.45
 Geometry optimization stopped:          thresholds achieved

 Final energy:                        -458.284913712

 -----------
  Final XYZ 
 -----------
18
Final structure: -458.285 hartree
O            0.860007309         -1.717210772         -0.443508098
H            1.671848595         -1.200484095         -0.285495098
H            1.133455000         -2.593238417         -0.703689635
O           -0.743382842          0.361401502         -1.637419481
H           -0.273238403         -0.467325387         -1.498334067
H           -1.614465425          0.218517818         -1.238682471
O            0.585679508          1.745166527          0.191287702
H            0.064298324          1.360021960         -0.552333131
H            0.496998632          2.693097855          0.131542673
O           -0.672230343         -0.450406561          1.660752496
H           -0.189159730         -1.066189011          1.099277274
H           -0.261667399          0.399703307          1.476279184
O            2.774949100          0.115636174          0.083270023
H            2.134255593          0.842875809          0.155447125
H            3.263314140          0.108671472          0.902963823
O           -2.874004283          0.003726146          0.089779166
H           -2.234141945         -0.229289474          0.784246009
H           -3.622525833         -0.577055850          0.194805507

 Structure in entos input format:

  structure(
    xyz = [
      ['O'  ,          0.860007309,         -1.717210772,         -0.443508098],
      ['H'  ,          1.671848595,         -1.200484095,         -0.285495098],
      ['H'  ,          1.133455000,         -2.593238417,         -0.703689635],
      ['O'  ,         -0.743382842,          0.361401502,         -1.637419481],
      ['H'  ,         -0.273238403,         -0.467325387,         -1.498334067],
      ['H'  ,         -1.614465425,          0.218517818,         -1.238682471],
      ['O'  ,          0.585679508,          1.745166527,          0.191287702],
      ['H'  ,          0.064298324,          1.360021960,         -0.552333131],
      ['H'  ,          0.496998632,          2.693097855,          0.131542673],
      ['O'  ,         -0.672230343,         -0.450406561,          1.660752496],
      ['H'  ,         -0.189159730,         -1.066189011,          1.099277274],
      ['H'  ,         -0.261667399,          0.399703307,          1.476279184],
      ['O'  ,          2.774949100,          0.115636174,          0.083270023],
      ['H'  ,          2.134255593,          0.842875809,          0.155447125],
      ['H'  ,          3.263314140,          0.108671472,          0.902963823],
      ['O'  ,         -2.874004283,          0.003726146,          0.089779166],
      ['H'  ,         -2.234141945,         -0.229289474,          0.784246009],
      ['H'  ,         -3.622525833,         -0.577055850,          0.194805507]
    ]
  )

 --------------------------------
  Geometry optimization finished 
 --------------------------------
 Saving results in set 'opt'

 --------------------------------------------------------------------------------
                                 command: hessian                                
 --------------------------------------------------------------------------------

WARNING: semianalytic method is specified for dft hessian, which is not efficient. Try switching to 'method = analytic'


 -------------------------------
  Numerical Geometrical Hessian 
 -------------------------------

 Compute hessian using two-point central differentiation.
 Step size (bohr):                       0.0100

 Frequencies (including translational and rotational modes):
 mode    frequency (cm-1)
    0               11.68 i (imaginary)
    1                2.32 i (imaginary)
    2                0.03 i (imaginary)
    3                0.02 i (imaginary)
    4                0.16
    5               10.07
    6               43.82
    7               59.17
    8               77.77
    9              102.95
   10              121.82
   11              148.65
   12              184.04
   13              193.30
   14              213.55
   15              229.17
   16              236.05
   17              245.06
   18              249.10
   19              258.63
   20              291.45
   21              305.05
   22              400.17
   23              412.48
   24              449.01
   25              466.77
   26              486.03
   27              551.01
   28              569.68
   29              640.32
   30              700.59
   31              744.68
   32              804.38
   33              816.93
   34              879.87
   35             1008.43
   36             1671.71
   37             1679.12
   38             1691.76
   39             1706.09
   40             1715.23
   41             1732.16
   42             3294.57
   43             3514.61
   44             3567.14
   45             3610.86
   46             3678.16
   47             3766.10
   48             3797.73
   49             3833.77
   50             3957.22
   51             3958.89
   52             3961.19
   53             3970.88

 Project out translational and rotational motions 

 Degrees of freedom for translational and rotational motions: 6

 Vibrational frequencies:
 mode    frequency (cm-1)
    0               43.82
    1               59.15
    2               77.75
    3              102.95
    4              121.81
    5              148.65
    6              184.03
    7              193.30
    8              213.55
    9              229.17
   10              236.05
   11              245.06
   12              249.10
   13              258.63
   14              291.45
   15              305.05
   16              400.17
   17              412.48
   18              449.01
   19              466.77
   20              486.03
   21              551.01
   22              569.68
   23              640.32
   24              700.59
   25              744.68
   26              804.38
   27              816.93
   28              879.87
   29             1008.43
   30             1671.71
   31             1679.12
   32             1691.76
   33             1706.09
   34             1715.23
   35             1732.16
   36             3294.57
   37             3514.61
   38             3567.14
   39             3610.86
   40             3678.16
   41             3766.10
   42             3797.73
   43             3833.77
   44             3957.22
   45             3958.89
   46             3961.19
   47             3970.88

 --------------------------------------------------------------------------------

 End time:                               Thu Jun 10 09:02:26 2021
 Total wall-clock time:              15307.321 seconds
==================================================================================
