
================================================================================
          _____________ ________ _______________ ________     _________         
         / ___________// ______ \\_____   _____// ______ \   / ________)        
        / /_________  / /      \ \     | |     / /      \ \ | (_______          
       |  __________|| |        | |    | |    | |        | | \________ \        
        \ \_________ | |        | |    | |     \ \______/ /___________) |       
         \__________||_|        |_|    |_|      \________//____________/        
                                                                                
====================================[ Qcore ]===================================

 Git hash:   15a3e7daff0cda5fa9af010ccd19a80288182ecf
 Git date:   Fri, 16 Apr 2021 15:57:16 +0100
 Compiler:   GNU 9.1.0
 Build type: Release
 Version:    1.1.0

 Start time: Thu Jun 10 04:48:41 2021

 Data directory: /work/zw18965/.local/qcore/share/entos/1.1.0/data
 Number of threads: 24
 Number of threads was determined by: command line argument

 --------------------------------------------------------------------------------
                                command: optimize                                
 --------------------------------------------------------------------------------
 Using coordinate system:                tric
 Hessian update scheme:                  bfgs

 ------------------------------------------------------------------------------------------------------------
                   energy      change    grad rms    grad max    step rms    step max       trust    time (s)
 ------------------------------------------------------------------------------------------------------------
   1      -458.284731127                2.63e-03    5.90e-03                            2.00e-01      167.74
   2      -458.284962188   -2.31e-04    9.24e-04    2.13e-03    1.83e-02    1.80e-02    2.00e-01      145.99
   3      -458.284993840   -3.17e-05    3.15e-04    9.33e-04    1.22e-02    1.35e-02    2.00e-01      139.55
   4      -458.285007890   -1.40e-05    1.31e-04    2.94e-04    6.31e-03    1.12e-02    2.00e-01      141.35
   5      -458.285009944   -2.05e-06    5.22e-05    1.42e-04    2.32e-03    3.38e-03    2.00e-01      142.30
   6      -458.285010686   -7.42e-07    3.35e-05    9.21e-05    1.70e-03    1.88e-03    2.00e-01      136.93
   7      -458.285010893   -2.07e-07    2.18e-05    4.44e-05    1.12e-03    1.37e-03    2.00e-01      134.58
   8      -458.285011068   -1.76e-07    1.72e-05    4.35e-05    1.06e-03    1.07e-03    2.00e-01      135.73
 Geometry optimization stopped:          thresholds achieved

 Final energy:                        -458.285011068

 -----------
  Final XYZ 
 -----------
18
Final structure: -458.285 hartree
O           -1.499084265         -0.234154784          1.423479114
H           -0.602771425         -0.633852888          1.530680764
H           -2.009460996         -0.476991803          2.191704792
O           -1.737041767         -0.357115313         -1.313928253
H           -1.874152203         -0.471889978         -0.360983976
H           -2.499773726         -0.726222243         -1.752326887
O           -0.565843309          2.004241356         -0.078603957
H           -0.948633591          1.514572443          0.657294873
H           -0.981943909          1.598167687         -0.842411908
O            0.963006520         -1.189912672          1.404517783
H            0.977641976         -1.533293540          0.495963220
H            1.534154302         -0.420074065          1.332940441
O            0.976351892         -1.352225999         -1.361675514
H            0.072748502         -1.074732894         -1.545346226
H            1.473090165         -0.533577117         -1.273630543
O            1.988844572          1.066218056         -0.091794692
H            1.131735839          1.531552696         -0.098264824
H            2.663368422          1.733553059         -0.189053208

 Structure in entos input format:

  structure(
    xyz = [
      ['O'  ,         -1.499084265,         -0.234154784,          1.423479114],
      ['H'  ,         -0.602771425,         -0.633852888,          1.530680764],
      ['H'  ,         -2.009460996,         -0.476991803,          2.191704792],
      ['O'  ,         -1.737041767,         -0.357115313,         -1.313928253],
      ['H'  ,         -1.874152203,         -0.471889978,         -0.360983976],
      ['H'  ,         -2.499773726,         -0.726222243,         -1.752326887],
      ['O'  ,         -0.565843309,          2.004241356,         -0.078603957],
      ['H'  ,         -0.948633591,          1.514572443,          0.657294873],
      ['H'  ,         -0.981943909,          1.598167687,         -0.842411908],
      ['O'  ,          0.963006520,         -1.189912672,          1.404517783],
      ['H'  ,          0.977641976,         -1.533293540,          0.495963220],
      ['H'  ,          1.534154302,         -0.420074065,          1.332940441],
      ['O'  ,          0.976351892,         -1.352225999,         -1.361675514],
      ['H'  ,          0.072748502,         -1.074732894,         -1.545346226],
      ['H'  ,          1.473090165,         -0.533577117,         -1.273630543],
      ['O'  ,          1.988844572,          1.066218056,         -0.091794692],
      ['H'  ,          1.131735839,          1.531552696,         -0.098264824],
      ['H'  ,          2.663368422,          1.733553059,         -0.189053208]
    ]
  )

 --------------------------------
  Geometry optimization finished 
 --------------------------------
 Saving results in set 'opt'

 --------------------------------------------------------------------------------
                                 command: hessian                                
 --------------------------------------------------------------------------------

WARNING: semianalytic method is specified for dft hessian, which is not efficient. Try switching to 'method = analytic'


 -------------------------------
  Numerical Geometrical Hessian 
 -------------------------------

 Compute hessian using two-point central differentiation.
 Step size (bohr):                       0.0100

 Frequencies (including translational and rotational modes):
 mode    frequency (cm-1)
    0               12.79 i (imaginary)
    1                9.34 i (imaginary)
    2                6.05 i (imaginary)
    3                0.02 i (imaginary)
    4                0.00 i (imaginary)
    5                0.11
    6               62.25
    7               72.53
    8               78.66
    9               88.47
   10              103.78
   11              146.49
   12              171.37
   13              179.01
   14              215.71
   15              224.95
   16              241.10
   17              250.28
   18              281.43
   19              293.11
   20              295.98
   21              362.72
   22              375.34
   23              432.95
   24              436.32
   25              474.18
   26              500.37
   27              545.64
   28              561.02
   29              631.51
   30              650.52
   31              693.64
   32              735.03
   33              845.32
   34              891.38
   35             1030.17
   36             1667.98
   37             1679.31
   38             1689.37
   39             1705.55
   40             1723.06
   41             1740.58
   42             3279.93
   43             3519.78
   44             3624.42
   45             3642.95
   46             3766.36
   47             3783.72
   48             3832.14
   49             3846.58
   50             3871.70
   51             3959.68
   52             3961.35
   53             3962.20

 Project out translational and rotational motions 

 Degrees of freedom for translational and rotational motions: 6

 Vibrational frequencies:
 mode    frequency (cm-1)
    0               62.24
    1               72.51
    2               78.64
    3               88.40
    4              103.77
    5              146.48
    6              171.35
    7              179.01
    8              215.71
    9              224.95
   10              241.10
   11              250.28
   12              281.43
   13              293.11
   14              295.98
   15              362.72
   16              375.34
   17              432.95
   18              436.32
   19              474.18
   20              500.37
   21              545.63
   22              561.02
   23              631.51
   24              650.52
   25              693.64
   26              735.03
   27              845.32
   28              891.38
   29             1030.17
   30             1667.98
   31             1679.31
   32             1689.37
   33             1705.55
   34             1723.06
   35             1740.58
   36             3279.93
   37             3519.78
   38             3624.42
   39             3642.95
   40             3766.36
   41             3783.72
   42             3832.14
   43             3846.58
   44             3871.70
   45             3959.68
   46             3961.35
   47             3962.20

 --------------------------------------------------------------------------------

 End time:                               Thu Jun 10 09:26:48 2021
 Total wall-clock time:              16686.478 seconds
==================================================================================
