
================================================================================
          _____________ ________ _______________ ________     _________         
         / ___________// ______ \\_____   _____// ______ \   / ________)        
        / /_________  / /      \ \     | |     / /      \ \ | (_______          
       |  __________|| |        | |    | |    | |        | | \________ \        
        \ \_________ | |        | |    | |     \ \______/ /___________) |       
         \__________||_|        |_|    |_|      \________//____________/        
                                                                                
====================================[ Qcore ]===================================

 Git hash:   15a3e7daff0cda5fa9af010ccd19a80288182ecf
 Git date:   Fri, 16 Apr 2021 15:57:16 +0100
 Compiler:   GNU 9.1.0
 Build type: Release
 Version:    1.1.0

 Start time: Thu Jun 10 05:06:57 2021

 Data directory: /work/zw18965/.local/qcore/share/entos/1.1.0/data
 Number of threads: 24
 Number of threads was determined by: command line argument

 --------------------------------------------------------------------------------
                                command: optimize                                
 --------------------------------------------------------------------------------
 Using coordinate system:                tric
 Hessian update scheme:                  bfgs

 ------------------------------------------------------------------------------------------------------------
                   energy      change    grad rms    grad max    step rms    step max       trust    time (s)
 ------------------------------------------------------------------------------------------------------------
   1       -76.115955901                5.50e-02    1.03e-01                            2.00e-01        1.38
   2       -76.175795999   -5.98e-02    6.00e-02    1.03e-01    2.00e-01    2.16e-01    2.83e-01        0.93
   3       -76.158598746    1.72e-02    5.15e-02    9.70e-02    2.83e-01    2.64e-01    4.00e-01        0.88
   4       -76.220654156   -6.21e-02    6.55e-02    1.15e-01    4.00e-01    4.54e-01    5.66e-01        0.92
   5       -76.304128470   -8.35e-02    8.30e-02    1.87e-01    5.66e-01    6.80e-01    6.00e-01        0.91
   6       -76.361061674   -5.69e-02    5.98e-02    1.33e-01    6.00e-01    7.32e-01    6.00e-01        0.89
   7       -76.422491922   -6.14e-02    3.64e-02    8.91e-02    3.24e-01    3.33e-01    6.00e-01        0.90
   8       -76.424394434   -1.90e-03    5.76e-02    1.14e-01    2.61e-01    3.39e-01    1.31e-01        0.87
   9       -76.433951769   -9.56e-03    1.10e-02    2.29e-02    1.31e-01    1.57e-01    1.31e-01        0.94
  10       -76.436783721   -2.83e-03    6.54e-03    1.18e-02    1.26e-01    1.29e-01    1.85e-01        0.88
Rejecting step due to low quality: Quality: -18.5302 New trust radius: 0.0613197
  11       -76.413044252    2.37e-02    6.54e-03    1.18e-02    1.23e-01    1.54e-01    6.13e-02        0.87
Rejecting step due to low quality: Quality: -5.26683 New trust radius: 0.0306599
  12       -76.431723122    5.06e-03    6.54e-03    1.18e-02    6.13e-02    7.70e-02    3.07e-02        0.84
Rejecting step due to low quality: Quality: -1.65086 New trust radius: 0.0153299
  13       -76.435858429    9.25e-04    6.54e-03    1.18e-02    3.07e-02    3.85e-02    1.53e-02        0.87
  14       -76.436714364    6.94e-05    7.47e-03    1.30e-02    1.53e-02    1.92e-02    7.66e-03        0.80
  15       -76.436882241   -1.68e-04    5.21e-03    9.27e-03    7.66e-03    8.50e-03    1.08e-02        0.84
  16       -76.437017842   -1.36e-04    9.25e-04    1.60e-03    1.08e-02    1.20e-02    1.53e-02        0.82
  17       -76.437022863   -5.02e-06    2.79e-05    4.67e-05    3.00e-03    3.48e-03    1.53e-02        0.82
  18       -76.437022867   -4.17e-09    1.17e-06    2.43e-06    4.79e-05    5.30e-05    1.53e-02        0.77
 Geometry optimization stopped:          thresholds achieved

 Final energy:                         -76.437022867

 -----------
  Final XYZ 
 -----------
3
Final structure: -76.437 hartree
O           -0.000000212         -0.000623012         -0.225225977
H            0.000000279         -0.762519261         -0.813177574
H           -0.000000066          0.763142273         -0.810744769

 Structure in entos input format:

  structure(
    xyz = [
      ['O'  ,         -0.000000212,         -0.000623012,         -0.225225977],
      ['H'  ,          0.000000279,         -0.762519261,         -0.813177574],
      ['H'  ,         -0.000000066,          0.763142273,         -0.810744769]
    ]
  )

 --------------------------------
  Geometry optimization finished 
 --------------------------------
 Saving results in set 'opt'

 --------------------------------------------------------------------------------
                                 command: hessian                                
 --------------------------------------------------------------------------------

WARNING: semianalytic method is specified for dft hessian, which is not efficient. Try switching to 'method = analytic'


 -------------------------------
  Numerical Geometrical Hessian 
 -------------------------------

 Compute hessian using two-point central differentiation.
 Step size (bohr):                       0.0100

 Frequencies (including translational and rotational modes):
 mode    frequency (cm-1)
    0               64.14 i (imaginary)
    1               61.36 i (imaginary)
    2               54.12 i (imaginary)
    3                0.01 i (imaginary)
    4                0.06
    5                0.07
    6             1625.83
    7             3819.85
    8             3920.36

 Project out translational and rotational motions 

 Degrees of freedom for translational and rotational motions: 6

 Vibrational frequencies:
 mode    frequency (cm-1)
    0             1625.83
    1             3819.85
    2             3920.36

 --------------------------------------------------------------------------------

 End time:                               Thu Jun 10 05:07:29 2021
 Total wall-clock time:                 32.482 seconds
==================================================================================
