
================================================================================
          _____________ ________ _______________ ________     _________         
         / ___________// ______ \\_____   _____// ______ \   / ________)        
        / /_________  / /      \ \     | |     / /      \ \ | (_______          
       |  __________|| |        | |    | |    | |        | | \________ \        
        \ \_________ | |        | |    | |     \ \______/ /___________) |       
         \__________||_|        |_|    |_|      \________//____________/        
                                                                                
====================================[ Qcore ]===================================

 Git hash:   15a3e7daff0cda5fa9af010ccd19a80288182ecf
 Git date:   Fri, 16 Apr 2021 15:57:16 +0100
 Compiler:   GNU 9.1.0
 Build type: Release
 Version:    1.1.0

 Start time: Thu Jun 10 05:07:09 2021

 Data directory: /work/zw18965/.local/qcore/share/entos/1.1.0/data
 Number of threads: 24
 Number of threads was determined by: command line argument
  - More threads can be used by running 'qcore -n 32'

 --------------------------------------------------------------------------------
                                command: optimize                                
 --------------------------------------------------------------------------------
 Using coordinate system:                tric
 Hessian update scheme:                  bfgs

 ------------------------------------------------------------------------------------------------------------
                   energy      change    grad rms    grad max    step rms    step max       trust    time (s)
 ------------------------------------------------------------------------------------------------------------
   1      -152.231525558                5.45e-02    8.90e-02                            2.00e-01        5.21
   2      -152.350233708   -1.19e-01    5.96e-02    1.02e-01    2.00e-01    1.88e-01    2.83e-01        4.20
   3      -152.314597500    3.56e-02    5.11e-02    9.68e-02    2.83e-01    2.92e-01    4.00e-01        4.12
   4      -152.444405108   -1.30e-01    6.51e-02    1.11e-01    4.00e-01    4.56e-01    5.66e-01        4.15
   5      -152.625951304   -1.82e-01    8.32e-02    1.62e-01    6.07e-01    7.26e-01    6.00e-01        4.14
   6      -152.721219094   -9.53e-02    5.68e-02    9.99e-02    6.00e-01    7.30e-01    6.00e-01        4.15
   7      -152.832751164   -1.12e-01    4.25e-02    1.16e-01    3.86e-01    4.57e-01    6.00e-01        3.98
Rejecting step due to low quality: Quality: -3.68086 New trust radius: 0.3
   8      -152.290335871    5.42e-01    4.25e-02    1.16e-01    6.00e-01    8.20e-01    3.00e-01        4.13
   9      -152.817896211    1.49e-02    6.91e-02    1.91e-01    3.00e-01    4.10e-01    1.50e-01        4.26
  10      -152.835875516   -1.80e-02    5.34e-02    1.13e-01    1.50e-01    1.86e-01    1.50e-01        4.18
  11      -152.863628806   -2.78e-02    3.52e-02    8.25e-02    1.50e-01    2.10e-01    1.50e-01        4.07
  12      -152.870278589   -6.65e-03    2.00e-02    5.29e-02    9.01e-02    1.02e-01    1.50e-01        3.98
  13      -152.874140310   -3.86e-03    8.77e-03    1.99e-02    4.90e-02    5.85e-02    1.50e-01        3.99
Rejecting step due to low quality: Quality: -8.32086 New trust radius: 0.0418038
  14      -152.858415604    1.57e-02    8.77e-03    1.99e-02    8.36e-02    1.21e-01    4.18e-02        4.00
Rejecting step due to low quality: Quality: -2.03635 New trust radius: 0.0209019
  15      -152.871254103    2.89e-03    8.77e-03    1.99e-02    4.18e-02    6.03e-02    2.09e-02        3.95
  16      -152.873900367    2.40e-04    1.18e-02    3.14e-02    2.09e-02    3.01e-02    1.05e-02        3.96
  17      -152.874356733   -4.56e-04    8.95e-03    2.52e-02    1.05e-02    1.53e-02    1.48e-02        3.69
  18      -152.874837881   -4.81e-04    3.83e-03    1.15e-02    1.48e-02    2.00e-02    2.09e-02        3.95
  19      -152.874896633   -5.88e-05    2.59e-03    6.29e-03    1.93e-02    3.12e-02    2.09e-02        3.92
  20      -152.874978262   -8.16e-05    1.80e-04    3.96e-04    9.63e-03    1.32e-02    2.09e-02        3.63
  21      -152.874980541   -2.28e-06    8.54e-05    1.93e-04    2.63e-03    4.26e-03    2.09e-02        3.81
  22      -152.874995068   -1.45e-05    4.63e-04    1.18e-03    2.09e-02    3.48e-02    2.96e-02        3.83
  23      -152.875014259   -1.92e-05    7.91e-04    2.05e-03    2.96e-02    4.91e-02    4.18e-02        3.81
  24      -152.875037436   -2.32e-05    1.26e-03    2.82e-03    4.18e-02    6.85e-02    5.91e-02        3.88
  25      -152.875053224   -1.58e-05    2.12e-03    4.05e-03    5.91e-02    9.28e-02    5.91e-02        3.92
  26      -152.875095695   -4.25e-05    1.29e-03    2.41e-03    1.69e-02    1.97e-02    5.91e-02        3.78
  27      -152.875151200   -5.55e-05    8.87e-04    1.78e-03    5.91e-02    7.82e-02    8.36e-02        3.97
  28      -152.875215287   -6.41e-05    1.04e-03    2.64e-03    8.36e-02    1.08e-01    1.18e-01        3.99
  29      -152.875311699   -9.64e-05    1.39e-03    3.51e-03    1.18e-01    1.42e-01    1.67e-01        4.07
  30      -152.875458554   -1.47e-04    2.16e-03    5.39e-03    1.67e-01    1.94e-01    2.36e-01        4.07
  31      -152.875681730   -2.23e-04    3.46e-03    9.09e-03    2.37e-01    2.77e-01    3.34e-01        4.11
  32      -152.876046378   -3.65e-04    5.45e-03    1.51e-02    3.34e-01    3.96e-01    4.73e-01        4.37
  33      -152.876657384   -6.11e-04    9.05e-03    2.53e-02    4.73e-01    5.61e-01    6.00e-01        4.45
  34      -152.877646152   -9.89e-04    1.39e-02    3.66e-02    6.00e-01    7.08e-01    6.00e-01        4.49
  35      -152.879240757   -1.59e-03    8.06e-03    1.81e-02    5.21e-01    5.99e-01    6.00e-01        4.55
Rejecting step due to low quality: Quality: -1.26685 New trust radius: 0.299995
  36      -152.871985906    7.25e-03    8.06e-03    1.81e-02    6.00e-01    7.01e-01    3.00e-01        4.33
  37      -152.879004592    2.36e-04    1.42e-02    3.77e-02    3.00e-01    3.50e-01    1.50e-01        4.43
  38      -152.879965592   -9.61e-04    9.17e-03    2.15e-02    5.20e-02    5.67e-02    1.50e-01        4.48
  39      -152.880623956   -6.58e-04    6.00e-03    1.51e-02    7.29e-02    1.03e-01    1.50e-01        4.44
  40      -152.880898502   -2.75e-04    4.02e-03    1.17e-02    6.15e-02    7.03e-02    1.50e-01        4.31
Rejecting step due to low quality: Quality: -2.37913 New trust radius: 0.0241747
  41      -152.880031781    8.67e-04    4.02e-03    1.17e-02    4.83e-02    5.95e-02    2.42e-02        4.41
  42      -152.880870502    2.80e-05    4.13e-03    9.96e-03    2.42e-02    2.97e-02    1.21e-02        4.24
  43      -152.881000336   -1.30e-04    2.14e-03    5.02e-03    1.21e-02    1.57e-02    1.71e-02        4.17
  44      -152.881051139   -5.08e-05    6.88e-04    1.78e-03    7.85e-03    1.09e-02    1.71e-02        4.24
  45      -152.881061228   -1.01e-05    7.69e-04    2.09e-03    5.08e-03    8.90e-03    1.71e-02        4.18
  46      -152.881083800   -2.26e-05    6.50e-04    1.21e-03    1.41e-02    2.17e-02    2.42e-02        4.37
  47      -152.881103102   -1.93e-05    8.07e-04    2.28e-03    1.41e-02    2.06e-02    2.42e-02        4.29
  48      -152.881133296   -3.02e-05    1.14e-03    3.23e-03    2.42e-02    3.97e-02    3.42e-02        4.46
  49      -152.881171935   -3.86e-05    1.39e-03    3.18e-03    3.42e-02    5.90e-02    4.84e-02        4.28
  50      -152.881213081   -4.11e-05    1.30e-03    3.40e-03    4.52e-02    8.10e-02    6.84e-02        4.31
  51      -152.881232488   -1.94e-05    5.67e-04    1.32e-03    1.08e-02    1.77e-02    6.84e-02        4.25
  52      -152.881236159   -3.67e-06    2.34e-04    5.19e-04    9.87e-03    1.43e-02    6.84e-02        4.19
  53      -152.881237434   -1.28e-06    1.77e-04    5.51e-04    1.86e-03    3.15e-03    6.84e-02        4.13
  54      -152.881239527   -2.09e-06    2.49e-04    5.71e-04    2.63e-03    4.86e-03    6.84e-02        4.09
  55      -152.881243786   -4.26e-06    3.62e-04    8.62e-04    5.73e-03    1.28e-02    6.84e-02        4.33
  56      -152.881252295   -8.51e-06    4.87e-04    1.21e-03    1.26e-02    2.94e-02    6.84e-02        4.32
  57      -152.881267286   -1.50e-05    6.63e-04    1.55e-03    2.36e-02    5.77e-02    6.84e-02        4.37
  58      -152.881288971   -2.17e-05    9.63e-04    2.04e-03    3.31e-02    8.67e-02    6.84e-02        4.33
  59      -152.881321488   -3.25e-05    1.05e-03    2.52e-03    3.46e-02    9.78e-02    6.84e-02        4.38
  60      -152.881367391   -4.59e-05    1.01e-03    2.66e-03    3.95e-02    1.05e-01    6.84e-02        4.37
  61      -152.881408703   -4.13e-05    5.82e-04    1.04e-03    3.80e-02    1.09e-01    6.84e-02        4.24
Rejecting step due to low quality: Quality: -1.59538 New trust radius: 0.0338356
  62      -152.881317987    9.07e-05    5.82e-04    1.04e-03    6.77e-02    1.83e-01    3.38e-02        4.42
  63      -152.881417328   -8.63e-06    1.88e-03    5.29e-03    3.34e-02    9.07e-02    3.38e-02        4.39
  64      -152.881469262   -5.19e-05    1.62e-03    3.57e-03    2.31e-02    3.02e-02    3.38e-02        4.24
  65      -152.881546948   -7.77e-05    1.48e-03    3.11e-03    3.39e-02    1.00e-01    4.79e-02        4.33
  66      -152.881637743   -9.08e-05    1.94e-03    5.20e-03    4.80e-02    1.31e-01    6.77e-02        4.29
  67      -152.881729393   -9.16e-05    1.87e-03    5.36e-03    6.78e-02    1.45e-01    6.77e-02        4.32
  68      -152.881666646    6.27e-05    3.99e-03    9.22e-03    6.77e-02    1.36e-01    3.39e-02        4.52
  69      -152.881815981   -1.49e-04    1.70e-03    4.05e-03    3.38e-02    9.81e-02    3.39e-02        4.44
  70      -152.881846016   -3.00e-05    1.04e-03    2.26e-03    2.77e-02    3.62e-02    3.39e-02        4.45
  71      -152.881898542   -5.25e-05    5.01e-04    1.29e-03    2.65e-02    4.00e-02    3.39e-02        4.42
  72      -152.881933455   -3.49e-05    1.44e-03    3.71e-03    3.39e-02    3.96e-02    4.79e-02        4.20
  73      -152.881962049   -2.86e-05    1.80e-03    4.81e-03    3.10e-02    4.77e-02    4.79e-02        4.36
  74      -152.882002765   -4.07e-05    1.25e-03    3.43e-03    3.01e-02    4.65e-02    4.79e-02        4.24
  75      -152.882029996   -2.72e-05    6.69e-04    2.00e-03    2.27e-02    2.72e-02    4.79e-02        4.41
  76      -152.882040240   -1.02e-05    1.33e-03    2.91e-03    4.79e-02    5.26e-02    4.79e-02        4.25
  77      -152.882058500   -1.83e-05    6.32e-04    1.12e-03    6.81e-03    1.90e-02    4.79e-02        4.23
  78      -152.882065090   -6.59e-06    4.58e-04    7.91e-04    1.57e-02    1.78e-02    4.79e-02        4.40
  79      -152.882069776   -4.69e-06    4.10e-04    1.19e-03    2.89e-02    3.70e-02    4.79e-02        4.53
  80      -152.882073375   -3.60e-06    2.32e-04    4.39e-04    3.05e-03    7.73e-03    4.79e-02        4.31
  81      -152.882076211   -2.84e-06    3.18e-04    6.83e-04    8.60e-03    1.89e-02    4.79e-02        4.16
  82      -152.882078299   -2.09e-06    2.14e-04    3.95e-04    6.77e-03    1.51e-02    4.79e-02        4.07
  83      -152.882079436   -1.14e-06    1.18e-04    2.01e-04    4.30e-03    6.02e-03    4.79e-02        4.26
  84      -152.882080479   -1.04e-06    1.38e-04    2.77e-04    8.16e-03    1.23e-02    4.79e-02        4.26
  85      -152.882081125   -6.46e-07    1.71e-04    3.76e-04    6.38e-03    9.48e-03    4.79e-02        4.30
  86      -152.882081705   -5.80e-07    1.43e-04    3.07e-04    4.89e-03    7.06e-03    4.79e-02        4.05
  87      -152.882082139   -4.34e-07    1.18e-04    2.32e-04    3.05e-03    4.18e-03    4.79e-02        4.08
  88      -152.882082594   -4.55e-07    1.43e-04    3.17e-04    3.83e-03    5.75e-03    4.79e-02        4.33
  89      -152.882083485   -8.91e-07    2.05e-04    4.41e-04    8.38e-03    1.28e-02    4.79e-02        4.28
  90      -152.882084448   -9.63e-07    2.07e-04    4.78e-04    9.95e-03    1.55e-02    4.79e-02        4.17
  91      -152.882085027   -5.78e-07    1.04e-04    2.81e-04    6.28e-03    9.82e-03    4.79e-02        4.22
  92      -152.882085130   -1.03e-07    1.91e-05    4.63e-05    1.09e-03    1.52e-03    4.79e-02        4.14
  93      -152.882085137   -7.26e-09    4.63e-06    1.01e-05    1.95e-04    2.56e-04    4.79e-02        3.84
 Geometry optimization stopped:          thresholds achieved

 Final energy:                        -152.882085137

 -----------
  Final XYZ 
 -----------
6
Final structure: -152.882 hartree
O            0.243132055          1.299382444          0.064987604
H           -0.586867538          1.783576228          0.035685649
H           -0.006586067          0.364044358          0.021372708
O           -0.218633343         -1.576062718         -0.048720191
H            0.259500530         -1.941263897         -0.800725566
H            0.177641284         -1.986079891          0.727399796

 Structure in entos input format:

  structure(
    xyz = [
      ['O'  ,          0.243132055,          1.299382444,          0.064987604],
      ['H'  ,         -0.586867538,          1.783576228,          0.035685649],
      ['H'  ,         -0.006586067,          0.364044358,          0.021372708],
      ['O'  ,         -0.218633343,         -1.576062718,         -0.048720191],
      ['H'  ,          0.259500530,         -1.941263897,         -0.800725566],
      ['H'  ,          0.177641284,         -1.986079891,          0.727399796]
    ]
  )

 --------------------------------
  Geometry optimization finished 
 --------------------------------
 Saving results in set 'opt'

 --------------------------------------------------------------------------------
                                 command: hessian                                
 --------------------------------------------------------------------------------

WARNING: semianalytic method is specified for dft hessian, which is not efficient. Try switching to 'method = analytic'


 -------------------------------
  Numerical Geometrical Hessian 
 -------------------------------

 Compute hessian using two-point central differentiation.
 Step size (bohr):                       0.0100

 Frequencies (including translational and rotational modes):
 mode    frequency (cm-1)
    0               16.00 i (imaginary)
    1                0.18 i (imaginary)
    2                0.08 i (imaginary)
    3                0.04
    4                5.91
    5               18.90
    6              119.58
    7              144.50
    8              152.53
    9              181.66
   10              355.24
   11              613.39
   12             1628.10
   13             1645.68
   14             3716.75
   15             3814.00
   16             3893.80
   17             3910.87

 Project out translational and rotational motions 

 Degrees of freedom for translational and rotational motions: 6

 Vibrational frequencies:
 mode    frequency (cm-1)
    0              119.51
    1              144.34
    2              152.36
    3              181.64
    4              355.22
    5              613.39
    6             1628.10
    7             1645.68
    8             3716.75
    9             3814.00
   10             3893.80
   11             3910.87

 --------------------------------------------------------------------------------

 End time:                               Thu Jun 10 05:16:19 2021
 Total wall-clock time:                549.503 seconds
==================================================================================
