
================================================================================
          _____________ ________ _______________ ________     _________         
         / ___________// ______ \\_____   _____// ______ \   / ________)        
        / /_________  / /      \ \     | |     / /      \ \ | (_______          
       |  __________|| |        | |    | |    | |        | | \________ \        
        \ \_________ | |        | |    | |     \ \______/ /___________) |       
         \__________||_|        |_|    |_|      \________//____________/        
                                                                                
====================================[ Qcore ]===================================

 Git hash:   15a3e7daff0cda5fa9af010ccd19a80288182ecf
 Git date:   Fri, 16 Apr 2021 15:57:16 +0100
 Compiler:   GNU 9.1.0
 Build type: Release
 Version:    1.1.0

 Start time: Thu Jun 10 05:07:32 2021

 Data directory: /work/zw18965/.local/qcore/share/entos/1.1.0/data
 Number of threads: 24
 Number of threads was determined by: command line argument

 --------------------------------------------------------------------------------
                                command: optimize                                
 --------------------------------------------------------------------------------
 Using coordinate system:                tric
 Hessian update scheme:                  bfgs

 ------------------------------------------------------------------------------------------------------------
                   energy      change    grad rms    grad max    step rms    step max       trust    time (s)
 ------------------------------------------------------------------------------------------------------------
   1      -229.336578550                2.08e-03    3.95e-03                            2.00e-01       16.20
   2      -229.336670714   -9.22e-05    4.92e-04    1.09e-03    7.19e-03    5.91e-03    2.00e-01       14.58
   3      -229.336680233   -9.52e-06    1.70e-04    3.48e-04    5.54e-03    3.69e-03    2.00e-01       13.62
   4      -229.336681548   -1.32e-06    1.19e-04    2.09e-04    2.75e-03    2.29e-03    2.00e-01       14.00
   5      -229.336682363   -8.14e-07    5.60e-05    1.11e-04    2.15e-03    2.35e-03    2.00e-01       13.52
   6      -229.336682907   -5.44e-07    5.36e-05    1.38e-04    2.40e-03    3.99e-03    2.00e-01       14.26
   7      -229.336683215   -3.08e-07    6.74e-05    1.40e-04    1.81e-03    3.50e-03    2.00e-01       14.07
   8      -229.336683562   -3.47e-07    5.61e-05    1.15e-04    2.89e-03    5.42e-03    2.00e-01       13.83
   9      -229.336683709   -1.47e-07    2.97e-05    6.50e-05    1.73e-03    2.70e-03    2.00e-01       13.88
  10      -229.336683801   -9.24e-08    1.31e-05    2.80e-05    1.11e-03    1.51e-03    2.00e-01       13.46
  11      -229.336683828   -2.64e-08    1.03e-05    2.32e-05    5.52e-04    5.26e-04    2.00e-01       13.10
 Geometry optimization stopped:          thresholds achieved

 Final energy:                        -229.336683828

 -----------
  Final XYZ 
 -----------
9
Final structure: -229.337 hartree
O           -1.476024200         -0.648289698         -0.082250010
H           -0.606816764         -1.087050674         -0.044495854
H           -2.024491904         -1.080664605          0.578350844
O            1.306746990         -0.942175999         -0.100954549
H            1.964004025         -1.203836850          0.549912450
H            1.221786097          0.026433950         -0.026086285
O            0.167940991          1.599150890          0.114500337
H           -0.633598880          1.046260469          0.064565692
H            0.090685646          2.241366516         -0.597091627

 Structure in entos input format:

  structure(
    xyz = [
      ['O'  ,         -1.476024200,         -0.648289698,         -0.082250010],
      ['H'  ,         -0.606816764,         -1.087050674,         -0.044495854],
      ['H'  ,         -2.024491904,         -1.080664605,          0.578350844],
      ['O'  ,          1.306746990,         -0.942175999,         -0.100954549],
      ['H'  ,          1.964004025,         -1.203836850,          0.549912450],
      ['H'  ,          1.221786097,          0.026433950,         -0.026086285],
      ['O'  ,          0.167940991,          1.599150890,          0.114500337],
      ['H'  ,         -0.633598880,          1.046260469,          0.064565692],
      ['H'  ,          0.090685646,          2.241366516,         -0.597091627]
    ]
  )

 --------------------------------
  Geometry optimization finished 
 --------------------------------
 Saving results in set 'opt'

 --------------------------------------------------------------------------------
                                 command: hessian                                
 --------------------------------------------------------------------------------

WARNING: semianalytic method is specified for dft hessian, which is not efficient. Try switching to 'method = analytic'


 -------------------------------
  Numerical Geometrical Hessian 
 -------------------------------

 Compute hessian using two-point central differentiation.
 Step size (bohr):                       0.0100

 Frequencies (including translational and rotational modes):
 mode    frequency (cm-1)
    0                7.25 i (imaginary)
    1                0.10 i (imaginary)
    2                0.06 i (imaginary)
    3                0.15
    4               10.23
    5               12.01
    6              169.88
    7              184.16
    8              188.74
    9              200.58
   10              220.64
   11              242.06
   12              342.28
   13              352.64
   14              446.34
   15              571.32
   16              660.28
   17              858.55
   18             1636.79
   19             1638.79
   20             1661.77
   21             3579.26
   22             3638.08
   23             3647.26
   24             3885.62
   25             3889.88
   26             3890.91

 Project out translational and rotational motions 

 Degrees of freedom for translational and rotational motions: 6

 Vibrational frequencies:
 mode    frequency (cm-1)
    0              169.88
    1              184.16
    2              188.74
    3              200.57
    4              220.64
    5              242.06
    6              342.28
    7              352.64
    8              446.33
    9              571.31
   10              660.28
   11              858.55
   12             1636.79
   13             1638.79
   14             1661.77
   15             3579.26
   16             3638.08
   17             3647.26
   18             3885.62
   19             3889.88
   20             3890.91

 --------------------------------------------------------------------------------

 End time:                               Thu Jun 10 05:23:06 2021
 Total wall-clock time:                933.900 seconds
==================================================================================
