
================================================================================
          _____________ ________ _______________ ________     _________         
         / ___________// ______ \\_____   _____// ______ \   / ________)        
        / /_________  / /      \ \     | |     / /      \ \ | (_______          
       |  __________|| |        | |    | |    | |        | | \________ \        
        \ \_________ | |        | |    | |     \ \______/ /___________) |       
         \__________||_|        |_|    |_|      \________//____________/        
                                                                                
====================================[ Qcore ]===================================

 Git hash:   15a3e7daff0cda5fa9af010ccd19a80288182ecf
 Git date:   Fri, 16 Apr 2021 15:57:16 +0100
 Compiler:   GNU 9.1.0
 Build type: Release
 Version:    1.1.0

 Start time: Thu Jun 10 05:08:31 2021

 Data directory: /work/zw18965/.local/qcore/share/entos/1.1.0/data
 Number of threads: 24
 Number of threads was determined by: command line argument

 --------------------------------------------------------------------------------
                                command: optimize                                
 --------------------------------------------------------------------------------
 Using coordinate system:                tric
 Hessian update scheme:                  bfgs

 ------------------------------------------------------------------------------------------------------------
                   energy      change    grad rms    grad max    step rms    step max       trust    time (s)
 ------------------------------------------------------------------------------------------------------------
   1      -305.792796548                2.17e-03    4.25e-03                            2.00e-01       35.87
   2      -305.792924912   -1.28e-04    6.35e-04    1.47e-03    6.44e-03    6.36e-03    2.00e-01       31.94
   3      -305.792944448   -1.95e-05    3.33e-04    5.67e-04    1.02e-02    7.84e-03    2.00e-01       31.95
   4      -305.792949416   -4.97e-06    1.91e-04    3.01e-04    5.54e-03    4.18e-03    2.00e-01       30.76
   5      -305.792950464   -1.05e-06    6.81e-05    1.09e-04    1.18e-03    9.40e-04    2.00e-01       29.60
   6      -305.792950738   -2.74e-07    1.96e-05    3.76e-05    1.13e-03    8.71e-04    2.00e-01       29.30
 Geometry optimization stopped:          thresholds achieved

 Final energy:                        -305.792950738

 -----------
  Final XYZ 
 -----------
12
Final structure: -305.793 hartree
O            1.369111624         -1.368522326          0.017479753
H            0.397150264         -1.507251702         -0.005588893
H            1.690606319         -1.870800924          0.771577802
O           -1.368522303         -1.369111291         -0.017479964
H           -1.507250278         -0.397149693          0.005587767
H           -1.870802219         -1.690606303         -0.771577004
O           -1.369111070          1.368522678          0.017479815
H           -0.397149546          1.507251354         -0.005587966
H           -1.690606266          1.870801022          0.771577849
O            1.368523272          1.369112607         -0.017479834
H            1.507251414          0.397151028          0.005588901
H            1.870801788          1.690606549         -0.771578226

 Structure in entos input format:

  structure(
    xyz = [
      ['O'  ,          1.369111624,         -1.368522326,          0.017479753],
      ['H'  ,          0.397150264,         -1.507251702,         -0.005588893],
      ['H'  ,          1.690606319,         -1.870800924,          0.771577802],
      ['O'  ,         -1.368522303,         -1.369111291,         -0.017479964],
      ['H'  ,         -1.507250278,         -0.397149693,          0.005587767],
      ['H'  ,         -1.870802219,         -1.690606303,         -0.771577004],
      ['O'  ,         -1.369111070,          1.368522678,          0.017479815],
      ['H'  ,         -0.397149546,          1.507251354,         -0.005587966],
      ['H'  ,         -1.690606266,          1.870801022,          0.771577849],
      ['O'  ,          1.368523272,          1.369112607,         -0.017479834],
      ['H'  ,          1.507251414,          0.397151028,          0.005588901],
      ['H'  ,          1.870801788,          1.690606549,         -0.771578226]
    ]
  )

 --------------------------------
  Geometry optimization finished 
 --------------------------------
 Saving results in set 'opt'

 --------------------------------------------------------------------------------
                                 command: hessian                                
 --------------------------------------------------------------------------------

WARNING: semianalytic method is specified for dft hessian, which is not efficient. Try switching to 'method = analytic'


 -------------------------------
  Numerical Geometrical Hessian 
 -------------------------------

 Compute hessian using two-point central differentiation.
 Step size (bohr):                       0.0100

 Frequencies (including translational and rotational modes):
 mode    frequency (cm-1)
    0                0.11 i (imaginary)
    1                0.10 i (imaginary)
    2                0.03 i (imaginary)
    3               11.46
    4               11.47
    5               18.64
    6               51.03
    7               81.34
    8              204.58
    9              205.77
   10              233.77
   11              233.78
   12              253.43
   13              253.43
   14              258.38
   15              286.26
   16              403.21
   17              435.77
   18              450.81
   19              450.81
   20              745.91
   21              812.14
   22              812.15
   23              975.98
   24             1641.92
   25             1655.05
   26             1655.05
   27             1682.59
   28             3392.52
   29             3485.88
   30             3485.88
   31             3523.62
   32             3884.05
   33             3884.57
   34             3884.57
   35             3885.49

 Project out translational and rotational motions 

 Degrees of freedom for translational and rotational motions: 6

 Vibrational frequencies:
 mode    frequency (cm-1)
    0               51.01
    1               81.34
    2              204.58
    3              205.77
    4              233.77
    5              233.78
    6              253.43
    7              253.43
    8              258.38
    9              286.26
   10              403.21
   11              435.77
   12              450.81
   13              450.81
   14              745.91
   15              812.14
   16              812.15
   17              975.98
   18             1641.92
   19             1655.05
   20             1655.05
   21             1682.59
   22             3392.52
   23             3485.88
   24             3485.88
   25             3523.62
   26             3884.05
   27             3884.57
   28             3884.57
   29             3885.49

 --------------------------------------------------------------------------------

 End time:                               Thu Jun 10 05:50:28 2021
 Total wall-clock time:               2516.650 seconds
==================================================================================
