
================================================================================
          _____________ ________ _______________ ________     _________         
         / ___________// ______ \\_____   _____// ______ \   / ________)        
        / /_________  / /      \ \     | |     / /      \ \ | (_______          
       |  __________|| |        | |    | |    | |        | | \________ \        
        \ \_________ | |        | |    | |     \ \______/ /___________) |       
         \__________||_|        |_|    |_|      \________//____________/        
                                                                                
====================================[ Qcore ]===================================

 Git hash:   15a3e7daff0cda5fa9af010ccd19a80288182ecf
 Git date:   Fri, 16 Apr 2021 15:57:16 +0100
 Compiler:   GNU 9.1.0
 Build type: Release
 Version:    1.1.0

 Start time: Thu Jun 10 05:06:58 2021

 Data directory: /work/zw18965/.local/qcore/share/entos/1.1.0/data
 Number of threads: 24
 Number of threads was determined by: command line argument
  - More threads can be used by running 'qcore -n 32'

 --------------------------------------------------------------------------------
                                command: optimize                                
 --------------------------------------------------------------------------------
 Using coordinate system:                tric
 Hessian update scheme:                  bfgs

 ------------------------------------------------------------------------------------------------------------
                   energy      change    grad rms    grad max    step rms    step max       trust    time (s)
 ------------------------------------------------------------------------------------------------------------
   1      -382.243717236                2.26e-03    4.45e-03                            2.00e-01       74.82
   2      -382.243892330   -1.75e-04    6.84e-04    1.57e-03    7.06e-03    6.75e-03    2.00e-01       66.14
   3      -382.243920738   -2.84e-05    3.25e-04    5.94e-04    1.05e-02    1.06e-02    2.00e-01       65.89
   4      -382.243927716   -6.98e-06    1.97e-04    3.47e-04    6.03e-03    5.04e-03    2.00e-01       63.35
   5      -382.243929442   -1.73e-06    7.05e-05    1.40e-04    2.04e-03    1.92e-03    2.00e-01       63.88
   6      -382.243929830   -3.88e-07    1.68e-05    4.64e-05    1.73e-03    2.04e-03    2.00e-01       59.27
   7      -382.243929860   -2.94e-08    9.75e-06    2.18e-05    5.02e-04    5.83e-04    2.00e-01       54.77
 Geometry optimization stopped:          thresholds achieved

 Final energy:                        -382.243929860

 -----------
  Final XYZ 
 -----------
15
Final structure: -382.244 hartree
O            2.302957003          0.149775905          0.179767795
O            0.861840946         -2.130208498         -0.161484583
O           -1.774277038         -1.493278996          0.062007721
O           -1.954861620          1.230460963         -0.060401469
O            0.575318557          2.234761549         -0.078077545
H            1.822197573         -0.698797041          0.049933197
H           -0.099284311         -1.937820267         -0.078779233
H           -1.906767089         -0.519565453          0.046281744
H           -1.054752598          1.627479935         -0.074520168
H            1.230584359          1.510704193          0.041204515
H            2.824198778          0.038329260          0.979670762
H            0.960973130         -2.623086022         -0.980929246
H           -2.256387791         -1.816023360          0.828278230
H           -2.474368157          1.778229526          0.534216039
H            0.859853259          2.714471306         -0.861252761

 Structure in entos input format:

  structure(
    xyz = [
      ['O'  ,          2.302957003,          0.149775905,          0.179767795],
      ['O'  ,          0.861840946,         -2.130208498,         -0.161484583],
      ['O'  ,         -1.774277038,         -1.493278996,          0.062007721],
      ['O'  ,         -1.954861620,          1.230460963,         -0.060401469],
      ['O'  ,          0.575318557,          2.234761549,         -0.078077545],
      ['H'  ,          1.822197573,         -0.698797041,          0.049933197],
      ['H'  ,         -0.099284311,         -1.937820267,         -0.078779233],
      ['H'  ,         -1.906767089,         -0.519565453,          0.046281744],
      ['H'  ,         -1.054752598,          1.627479935,         -0.074520168],
      ['H'  ,          1.230584359,          1.510704193,          0.041204515],
      ['H'  ,          2.824198778,          0.038329260,          0.979670762],
      ['H'  ,          0.960973130,         -2.623086022,         -0.980929246],
      ['H'  ,         -2.256387791,         -1.816023360,          0.828278230],
      ['H'  ,         -2.474368157,          1.778229526,          0.534216039],
      ['H'  ,          0.859853259,          2.714471306,         -0.861252761]
    ]
  )

 --------------------------------
  Geometry optimization finished 
 --------------------------------
 Saving results in set 'opt'

 --------------------------------------------------------------------------------
                                 command: hessian                                
 --------------------------------------------------------------------------------

WARNING: semianalytic method is specified for dft hessian, which is not efficient. Try switching to 'method = analytic'


 -------------------------------
  Numerical Geometrical Hessian 
 -------------------------------

 Compute hessian using two-point central differentiation.
 Step size (bohr):                       0.0100

 Frequencies (including translational and rotational modes):
 mode    frequency (cm-1)
    0                3.31 i (imaginary)
    1                0.09 i (imaginary)
    2                0.08 i (imaginary)
    3                0.22
    4                7.20
    5                9.14
    6               23.34
    7               44.17
    8               62.78
    9               65.92
   10              178.23
   11              182.27
   12              195.14
   13              222.72
   14              233.79
   15              239.74
   16              261.27
   17              290.07
   18              297.75
   19              302.55
   20              411.73
   21              426.46
   22              447.40
   23              464.47
   24              520.40
   25              708.59
   26              780.77
   27              849.07
   28              868.53
   29              966.40
   30             1644.61
   31             1654.01
   32             1664.85
   33             1681.31
   34             1689.61
   35             3352.85
   36             3434.76
   37             3442.81
   38             3487.92
   39             3495.02
   40             3882.79
   41             3884.45
   42             3886.46
   43             3887.29
   44             3889.18

 Project out translational and rotational motions 

 Degrees of freedom for translational and rotational motions: 6

 Vibrational frequencies:
 mode    frequency (cm-1)
    0               23.11
    1               44.07
    2               62.78
    3               65.91
    4              178.23
    5              182.27
    6              195.13
    7              222.72
    8              233.79
    9              239.74
   10              261.27
   11              290.07
   12              297.75
   13              302.55
   14              411.73
   15              426.46
   16              447.40
   17              464.47
   18              520.40
   19              708.59
   20              780.77
   21              849.07
   22              868.53
   23              966.40
   24             1644.61
   25             1654.01
   26             1664.85
   27             1681.31
   28             1689.61
   29             3352.85
   30             3434.76
   31             3442.81
   32             3487.92
   33             3495.02
   34             3882.79
   35             3884.45
   36             3886.46
   37             3887.29
   38             3889.18

 --------------------------------------------------------------------------------

 End time:                               Thu Jun 10 06:50:36 2021
 Total wall-clock time:               6218.472 seconds
==================================================================================
