
================================================================================
          _____________ ________ _______________ ________     _________         
         / ___________// ______ \\_____   _____// ______ \   / ________)        
        / /_________  / /      \ \     | |     / /      \ \ | (_______          
       |  __________|| |        | |    | |    | |        | | \________ \        
        \ \_________ | |        | |    | |     \ \______/ /___________) |       
         \__________||_|        |_|    |_|      \________//____________/        
                                                                                
====================================[ Qcore ]===================================

 Git hash:   15a3e7daff0cda5fa9af010ccd19a80288182ecf
 Git date:   Fri, 16 Apr 2021 15:57:16 +0100
 Compiler:   GNU 9.1.0
 Build type: Release
 Version:    1.1.0

 Start time: Thu Jun 10 05:07:57 2021

 Data directory: /work/zw18965/.local/qcore/share/entos/1.1.0/data
 Number of threads: 24
 Number of threads was determined by: command line argument
  - More threads can be used by running 'qcore -n 32'

 --------------------------------------------------------------------------------
                                command: optimize                                
 --------------------------------------------------------------------------------
 Using coordinate system:                tric
 Hessian update scheme:                  bfgs

 ------------------------------------------------------------------------------------------------------------
                   energy      change    grad rms    grad max    step rms    step max       trust    time (s)
 ------------------------------------------------------------------------------------------------------------
   1      -458.694431696                2.24e-03    4.30e-03                            2.00e-01      126.80
   2      -458.694650737   -2.19e-04    6.96e-04    1.57e-03    7.76e-03    6.68e-03    2.00e-01      108.26
   3      -458.694686293   -3.56e-05    2.13e-04    4.06e-04    7.67e-03    5.46e-03    2.00e-01      109.18
   4      -458.694692485   -6.19e-06    1.61e-04    2.61e-04    5.88e-03    4.71e-03    2.00e-01      108.72
   5      -458.694694941   -2.46e-06    8.63e-05    1.68e-04    4.88e-03    4.13e-03    2.00e-01      109.40
   6      -458.694695296   -3.55e-07    2.01e-05    4.41e-05    8.84e-04    9.64e-04    2.00e-01       99.18
 Geometry optimization stopped:          thresholds achieved

 Final energy:                        -458.694695296

 -----------
  Final XYZ 
 -----------
18
Final structure: -458.695 hartree
O            0.000762843          2.700205812          0.146950789
H           -0.118160292          3.230122691          0.940064116
H           -0.840797413          2.204651725          0.028756464
O           -2.336685286         -1.348376281          0.147723714
H           -1.487314963         -1.830676322          0.030594392
H           -2.738345741         -1.716264145          0.939753399
O            2.336687066          1.348377422         -0.147722239
H            2.738345494          1.716264405         -0.939753356
H            1.487316124          1.830676254         -0.030592436
O           -0.000761378         -2.700204903         -0.146948995
H            0.840798967         -2.204650648         -0.028756042
H            0.118160548         -3.230121964         -0.940062367
O            2.336106767         -1.350180728          0.148197808
H            2.855676744         -1.511578765          0.940651511
H            2.327440096         -0.373638300          0.029618369
O           -2.336106776          1.350181908         -0.148198980
H           -2.855678754          1.511579223         -0.940651534
H           -2.327440045          0.373639615         -0.029618613

 Structure in entos input format:

  structure(
    xyz = [
      ['O'  ,          0.000762843,          2.700205812,          0.146950789],
      ['H'  ,         -0.118160292,          3.230122691,          0.940064116],
      ['H'  ,         -0.840797413,          2.204651725,          0.028756464],
      ['O'  ,         -2.336685286,         -1.348376281,          0.147723714],
      ['H'  ,         -1.487314963,         -1.830676322,          0.030594392],
      ['H'  ,         -2.738345741,         -1.716264145,          0.939753399],
      ['O'  ,          2.336687066,          1.348377422,         -0.147722239],
      ['H'  ,          2.738345494,          1.716264405,         -0.939753356],
      ['H'  ,          1.487316124,          1.830676254,         -0.030592436],
      ['O'  ,         -0.000761378,         -2.700204903,         -0.146948995],
      ['H'  ,          0.840798967,         -2.204650648,         -0.028756042],
      ['H'  ,          0.118160548,         -3.230121964,         -0.940062367],
      ['O'  ,          2.336106767,         -1.350180728,          0.148197808],
      ['H'  ,          2.855676744,         -1.511578765,          0.940651511],
      ['H'  ,          2.327440096,         -0.373638300,          0.029618369],
      ['O'  ,         -2.336106776,          1.350181908,         -0.148198980],
      ['H'  ,         -2.855678754,          1.511579223,         -0.940651534],
      ['H'  ,         -2.327440045,          0.373639615,         -0.029618613]
    ]
  )

 --------------------------------
  Geometry optimization finished 
 --------------------------------
 Saving results in set 'opt'

 --------------------------------------------------------------------------------
                                 command: hessian                                
 --------------------------------------------------------------------------------

WARNING: semianalytic method is specified for dft hessian, which is not efficient. Try switching to 'method = analytic'


 -------------------------------
  Numerical Geometrical Hessian 
 -------------------------------

 Compute hessian using two-point central differentiation.
 Step size (bohr):                       0.0100

 Frequencies (including translational and rotational modes):
 mode    frequency (cm-1)
    0                0.10 i (imaginary)
    1                0.05 i (imaginary)
    2                0.04 i (imaginary)
    3                4.10
    4                6.19
    5                9.76
    6               30.80
    7               31.29
    8               47.43
    9               48.09
   10               52.85
   11               85.59
   12              157.62
   13              182.15
   14              202.62
   15              206.05
   16              215.15
   17              215.45
   18              260.56
   19              262.56
   20              290.57
   21              299.29
   22              299.97
   23              331.67
   24              417.48
   25              435.74
   26              438.64
   27              454.66
   28              461.45
   29              463.24
   30              774.73
   31              793.10
   32              794.49
   33              884.65
   34              886.28
   35              959.94
   36             1640.71
   37             1651.39
   38             1651.67
   39             1678.54
   40             1678.83
   41             1694.86
   42             3348.07
   43             3421.73
   44             3421.88
   45             3477.27
   46             3477.36
   47             3495.29
   48             3885.63
   49             3885.67
   50             3885.74
   51             3886.20
   52             3886.26
   53             3886.86

 Project out translational and rotational motions 

 Degrees of freedom for translational and rotational motions: 6

 Vibrational frequencies:
 mode    frequency (cm-1)
    0               30.80
    1               31.29
    2               47.43
    3               48.08
    4               52.84
    5               85.59
    6              157.62
    7              182.15
    8              202.62
    9              206.05
   10              215.15
   11              215.45
   12              260.56
   13              262.56
   14              290.57
   15              299.29
   16              299.97
   17              331.67
   18              417.48
   19              435.74
   20              438.64
   21              454.66
   22              461.45
   23              463.24
   24              774.73
   25              793.10
   26              794.49
   27              884.65
   28              886.28
   29              959.94
   30             1640.71
   31             1651.39
   32             1651.67
   33             1678.54
   34             1678.83
   35             1694.86
   36             3348.07
   37             3421.73
   38             3421.88
   39             3477.27
   40             3477.36
   41             3495.29
   42             3885.63
   43             3885.67
   44             3885.74
   45             3886.20
   46             3886.26
   47             3886.86

 --------------------------------------------------------------------------------

 End time:                               Thu Jun 10 08:41:09 2021
 Total wall-clock time:              12791.454 seconds
==================================================================================
