
================================================================================
          _____________ ________ _______________ ________     _________         
         / ___________// ______ \\_____   _____// ______ \   / ________)        
        / /_________  / /      \ \     | |     / /      \ \ | (_______          
       |  __________|| |        | |    | |    | |        | | \________ \        
        \ \_________ | |        | |    | |     \ \______/ /___________) |       
         \__________||_|        |_|    |_|      \________//____________/        
                                                                                
====================================[ Qcore ]===================================

 Git hash:   15a3e7daff0cda5fa9af010ccd19a80288182ecf
 Git date:   Fri, 16 Apr 2021 15:57:16 +0100
 Compiler:   GNU 9.1.0
 Build type: Release
 Version:    1.1.0

 Start time: Thu Jun 10 05:08:41 2021

 Data directory: /work/zw18965/.local/qcore/share/entos/1.1.0/data
 Number of threads: 24
 Number of threads was determined by: command line argument
  - More threads can be used by running 'qcore -n 32'

 --------------------------------------------------------------------------------
                                command: optimize                                
 --------------------------------------------------------------------------------
 Using coordinate system:                tric
 Hessian update scheme:                  bfgs

 ------------------------------------------------------------------------------------------------------------
                   energy      change    grad rms    grad max    step rms    step max       trust    time (s)
 ------------------------------------------------------------------------------------------------------------
   1      -458.696211868                2.15e-03    4.57e-03                            2.00e-01      149.58
   2      -458.696410781   -1.99e-04    6.70e-04    1.82e-03    6.97e-03    6.88e-03    2.00e-01      126.78
   3      -458.696444330   -3.35e-05    2.55e-04    5.78e-04    8.74e-03    7.26e-03    2.00e-01      126.87
   4      -458.696448397   -4.07e-06    1.46e-04    2.71e-04    4.58e-03    5.73e-03    2.00e-01      121.45
   5      -458.696450592   -2.19e-06    6.90e-05    1.59e-04    3.08e-03    2.78e-03    2.00e-01      121.47
   6      -458.696451210   -6.18e-07    3.47e-05    1.22e-04    2.24e-03    1.83e-03    2.00e-01      122.98
   7      -458.696451620   -4.10e-07    3.61e-05    9.89e-05    1.43e-03    1.73e-03    2.00e-01      116.87
   8      -458.696452226   -6.06e-07    3.89e-05    1.23e-04    3.33e-03    3.33e-03    2.00e-01      122.50
   9      -458.696452456   -2.30e-07    3.03e-05    7.85e-05    1.88e-03    1.95e-03    2.00e-01      122.58
  10      -458.696452620   -1.63e-07    1.59e-05    3.78e-05    2.03e-03    2.17e-03    2.00e-01      116.41
  11      -458.696452717   -9.76e-08    1.25e-05    4.46e-05    1.38e-03    1.64e-03    2.00e-01      117.60
  12      -458.696452830   -1.12e-07    1.82e-05    6.15e-05    1.58e-03    1.93e-03    2.00e-01      111.80
  13      -458.696452880   -5.07e-08    1.91e-05    5.23e-05    1.57e-03    1.82e-03    2.00e-01      116.96
  14      -458.696452943   -6.26e-08    1.37e-05    3.61e-05    1.76e-03    1.87e-03    2.00e-01      116.50
  15      -458.696453023   -8.00e-08    7.78e-06    1.76e-05    1.70e-03    1.90e-03    2.00e-01      118.16
  16      -458.696453098   -7.47e-08    9.73e-06    3.16e-05    1.57e-03    1.89e-03    2.00e-01      116.35
  17      -458.696453100   -2.43e-09    9.92e-06    2.79e-05    1.16e-03    1.45e-03    5.80e-04      117.32
  18      -458.696453132   -3.17e-08    7.34e-06    2.29e-05    5.80e-04    7.55e-04    8.20e-04      111.59
 Geometry optimization stopped:          thresholds achieved

 Final energy:                        -458.696453132

 -----------
  Final XYZ 
 -----------
18
Final structure: -458.696 hartree
O            0.121008784          1.561484783          0.869574818
H            0.967145795          1.526922182          0.359553949
H            0.273387621          2.155053235          1.610663464
O           -0.029492193         -1.364749945          0.915508164
H           -0.054408441         -0.417245674          1.118690539
H           -0.874286023         -1.538061387          0.456838202
O           -2.329596721          1.353740443         -0.432035242
H           -1.466062173          1.535850580         -0.012692173
H           -2.347195915          1.871306864         -1.241972939
O           -2.481997872         -1.416575481         -0.437314161
H           -2.551594819         -0.443128458         -0.501976854
H           -3.282567688         -1.708293129          0.008191229
O            2.423017563          1.209139059         -0.468947108
H            2.497201399          0.225131282         -0.497005765
H            2.553581626          1.510908360         -1.372328620
O            2.292020334         -1.479891154         -0.441705461
H            1.428099733         -1.569059285          0.029479166
H            2.910971991         -2.048439274          0.024711793

 Structure in entos input format:

  structure(
    xyz = [
      ['O'  ,          0.121008784,          1.561484783,          0.869574818],
      ['H'  ,          0.967145795,          1.526922182,          0.359553949],
      ['H'  ,          0.273387621,          2.155053235,          1.610663464],
      ['O'  ,         -0.029492193,         -1.364749945,          0.915508164],
      ['H'  ,         -0.054408441,         -0.417245674,          1.118690539],
      ['H'  ,         -0.874286023,         -1.538061387,          0.456838202],
      ['O'  ,         -2.329596721,          1.353740443,         -0.432035242],
      ['H'  ,         -1.466062173,          1.535850580,         -0.012692173],
      ['H'  ,         -2.347195915,          1.871306864,         -1.241972939],
      ['O'  ,         -2.481997872,         -1.416575481,         -0.437314161],
      ['H'  ,         -2.551594819,         -0.443128458,         -0.501976854],
      ['H'  ,         -3.282567688,         -1.708293129,          0.008191229],
      ['O'  ,          2.423017563,          1.209139059,         -0.468947108],
      ['H'  ,          2.497201399,          0.225131282,         -0.497005765],
      ['H'  ,          2.553581626,          1.510908360,         -1.372328620],
      ['O'  ,          2.292020334,         -1.479891154,         -0.441705461],
      ['H'  ,          1.428099733,         -1.569059285,          0.029479166],
      ['H'  ,          2.910971991,         -2.048439274,          0.024711793]
    ]
  )

 --------------------------------
  Geometry optimization finished 
 --------------------------------
 Saving results in set 'opt'

 --------------------------------------------------------------------------------
                                 command: hessian                                
 --------------------------------------------------------------------------------

WARNING: semianalytic method is specified for dft hessian, which is not efficient. Try switching to 'method = analytic'


 -------------------------------
  Numerical Geometrical Hessian 
 -------------------------------

 Compute hessian using two-point central differentiation.
 Step size (bohr):                       0.0100

 Frequencies (including translational and rotational modes):
 mode    frequency (cm-1)
    0                3.80 i (imaginary)
    1                0.08 i (imaginary)
    2                0.05 i (imaginary)
    3                0.03
    4                4.69
    5                6.19
    6               27.82
    7               38.53
    8               55.02
    9               69.08
   10               87.91
   11              159.22
   12              182.12
   13              186.93
   14              200.03
   15              232.18
   16              242.37
   17              253.43
   18              257.07
   19              279.84
   20              290.03
   21              300.49
   22              311.27
   23              380.96
   24              395.94
   25              442.64
   26              455.08
   27              478.68
   28              539.89
   29              605.29
   30              719.03
   31              744.33
   32              823.72
   33              844.99
   34              893.50
   35             1009.41
   36             1636.45
   37             1648.36
   38             1649.78
   39             1667.06
   40             1680.28
   41             1708.53
   42             3289.60
   43             3368.72
   44             3419.20
   45             3526.80
   46             3585.33
   47             3599.79
   48             3737.82
   49             3879.99
   50             3884.05
   51             3884.83
   52             3885.82
   53             3887.45

 Project out translational and rotational motions 

 Degrees of freedom for translational and rotational motions: 6

 Vibrational frequencies:
 mode    frequency (cm-1)
    0               27.70
    1               38.51
    2               55.02
    3               69.08
    4               87.91
    5              159.22
    6              182.12
    7              186.93
    8              200.03
    9              232.18
   10              242.37
   11              253.42
   12              257.07
   13              279.84
   14              290.03
   15              300.49
   16              311.27
   17              380.96
   18              395.94
   19              442.64
   20              455.08
   21              478.68
   22              539.89
   23              605.29
   24              719.03
   25              744.33
   26              823.72
   27              844.99
   28              893.50
   29             1009.41
   30             1636.45
   31             1648.36
   32             1649.78
   33             1667.06
   34             1680.28
   35             1708.53
   36             3289.60
   37             3368.72
   38             3419.20
   39             3526.80
   40             3585.33
   41             3599.79
   42             3737.82
   43             3879.99
   44             3884.05
   45             3884.83
   46             3885.82
   47             3887.45

 --------------------------------------------------------------------------------

 End time:                               Thu Jun 10 09:30:31 2021
 Total wall-clock time:              15710.282 seconds
==================================================================================
