
================================================================================
          _____________ ________ _______________ ________     _________         
         / ___________// ______ \\_____   _____// ______ \   / ________)        
        / /_________  / /      \ \     | |     / /      \ \ | (_______          
       |  __________|| |        | |    | |    | |        | | \________ \        
        \ \_________ | |        | |    | |     \ \______/ /___________) |       
         \__________||_|        |_|    |_|      \________//____________/        
                                                                                
====================================[ Qcore ]===================================

 Git hash:   15a3e7daff0cda5fa9af010ccd19a80288182ecf
 Git date:   Fri, 16 Apr 2021 15:57:16 +0100
 Compiler:   GNU 9.1.0
 Build type: Release
 Version:    1.1.0

 Start time: Thu Jun 10 05:09:45 2021

 Data directory: /work/zw18965/.local/qcore/share/entos/1.1.0/data
 Number of threads: 24
 Number of threads was determined by: command line argument
  - More threads can be used by running 'qcore -n 32'

 --------------------------------------------------------------------------------
                                command: optimize                                
 --------------------------------------------------------------------------------
 Using coordinate system:                tric
 Hessian update scheme:                  bfgs

 ------------------------------------------------------------------------------------------------------------
                   energy      change    grad rms    grad max    step rms    step max       trust    time (s)
 ------------------------------------------------------------------------------------------------------------
   1      -458.697226397                2.04e-03    3.48e-03                            2.00e-01      151.47
   2      -458.697403695   -1.77e-04    6.04e-04    1.38e-03    6.98e-03    7.04e-03    2.00e-01      129.35
   3      -458.697427059   -2.34e-05    2.81e-04    1.05e-03    8.54e-03    6.53e-03    2.00e-01      130.55
   4      -458.697431888   -4.83e-06    1.53e-04    2.95e-04    5.03e-03    5.34e-03    2.00e-01      123.87
   5      -458.697433710   -1.82e-06    4.12e-05    1.17e-04    2.04e-03    2.34e-03    2.00e-01      125.66
   6      -458.697434058   -3.48e-07    2.18e-05    5.49e-05    1.38e-03    1.66e-03    2.00e-01      120.85
   7      -458.697434246   -1.88e-07    1.58e-05    3.99e-05    9.04e-04    1.30e-03    2.00e-01      122.03
   8      -458.697434446   -2.00e-07    2.34e-05    6.51e-05    1.60e-03    2.11e-03    2.00e-01      120.76
   9      -458.697434627   -1.80e-07    2.61e-05    7.44e-05    1.86e-03    2.27e-03    2.00e-01      117.89
  10      -458.697434806   -1.79e-07    2.28e-05    6.52e-05    2.36e-03    2.72e-03    2.00e-01      125.36
  11      -458.697434966   -1.59e-07    1.69e-05    4.92e-05    2.00e-03    2.37e-03    2.00e-01      124.85
  12      -458.697435064   -9.88e-08    1.54e-05    4.57e-05    1.89e-03    2.28e-03    2.00e-01      121.10
  13      -458.697435181   -1.17e-07    1.95e-05    5.86e-05    1.95e-03    2.22e-03    2.00e-01      119.56
  14      -458.697435317   -1.36e-07    2.59e-05    8.05e-05    2.54e-03    2.88e-03    2.00e-01      118.57
  15      -458.697435497   -1.80e-07    2.77e-05    8.56e-05    3.07e-03    3.47e-03    2.00e-01      126.77
  16      -458.697435671   -1.74e-07    2.11e-05    6.40e-05    3.09e-03    3.61e-03    2.00e-01      128.66
  17      -458.697435763   -9.21e-08    1.10e-05    2.65e-05    2.01e-03    2.48e-03    2.00e-01      125.92
  18      -458.697435846   -8.32e-08    9.01e-06    2.44e-05    9.82e-04    1.88e-03    2.00e-01      119.98
  19      -458.697435893   -4.70e-08    1.11e-05    4.01e-05    5.96e-04    1.71e-03    2.00e-01      114.18
  20      -458.697435926   -3.30e-08    1.12e-05    3.88e-05    6.10e-04    2.25e-03    2.00e-01      113.99
  21      -458.697435977   -5.05e-08    1.02e-05    2.57e-05    7.80e-04    3.58e-03    2.00e-01      120.36
  22      -458.697436065   -8.84e-08    1.30e-05    3.02e-05    1.12e-03    5.95e-03    2.00e-01      120.62
  23      -458.697436201   -1.36e-07    2.01e-05    6.37e-05    1.59e-03    9.42e-03    2.00e-01      124.42
  24      -458.697436433   -2.32e-07    2.50e-05    9.27e-05    2.00e-03    1.30e-02    2.00e-01      124.53
  25      -458.697436641   -2.08e-07    2.22e-05    8.00e-05    1.91e-03    1.37e-02    2.00e-01      125.74
  26      -458.697436832   -1.91e-07    1.59e-05    4.31e-05    1.48e-03    1.18e-02    2.00e-01      126.08
  27      -458.697437022   -1.89e-07    1.90e-05    5.39e-05    1.23e-03    1.06e-02    2.00e-01      125.50
  28      -458.697437328   -3.06e-07    2.98e-05    1.01e-04    1.49e-03    1.37e-02    2.00e-01      125.88
  29      -458.697437712   -3.85e-07    3.67e-05    1.32e-04    1.93e-03    2.03e-02    2.00e-01      127.65
  30      -458.697438186   -4.74e-07    3.24e-05    9.90e-05    2.22e-03    2.81e-02    2.00e-01      132.21
  31      -458.697438596   -4.10e-07    2.22e-05    6.19e-05    2.03e-03    3.15e-02    2.00e-01      131.35
  32      -458.697438882   -2.85e-07    2.21e-05    7.05e-05    1.59e-03    2.90e-02    2.00e-01      129.79
  33      -458.697439099   -2.18e-07    2.57e-05    1.09e-04    1.36e-03    2.65e-02    2.00e-01      132.79
  34      -458.697439363   -2.64e-07    2.56e-05    9.97e-05    1.46e-03    3.06e-02    2.00e-01      133.36
  35      -458.697439573   -2.10e-07    2.29e-05    4.83e-05    1.72e-03    3.54e-02    2.00e-01      131.63
  36      -458.697439799   -2.25e-07    2.25e-05    5.13e-05    1.90e-03    2.39e-02    2.00e-01      131.77
  37      -458.697440049   -2.50e-07    2.58e-05    1.03e-04    2.26e-03    7.29e-03    2.00e-01      125.79
  38      -458.697440315   -2.66e-07    2.45e-05    1.11e-04    2.51e-03    9.86e-03    2.00e-01      126.22
  39      -458.697440577   -2.63e-07    2.45e-05    8.01e-05    3.40e-03    1.15e-02    2.00e-01      123.48
  40      -458.697440716   -1.39e-07    2.21e-05    6.00e-05    2.35e-03    1.59e-02    2.00e-01      125.25
  41      -458.697440873   -1.57e-07    1.81e-05    4.40e-05    1.93e-03    2.87e-03    2.00e-01      120.08
  42      -458.697440953   -8.04e-08    1.21e-05    4.48e-05    1.12e-03    7.94e-03    2.00e-01      120.31
  43      -458.697440999   -4.59e-08    7.94e-06    1.88e-05    7.88e-04    5.48e-03    2.00e-01      120.48
  44      -458.697441014   -1.44e-08    8.91e-06    3.22e-05    1.03e-03    6.30e-03    2.00e-01      118.87
  45      -458.697441063   -4.95e-08    1.00e-05    3.54e-05    9.23e-04    3.37e-03    2.00e-01      118.73
  46      -458.697441088   -2.49e-08    7.89e-06    3.05e-05    8.19e-04    1.15e-03    2.00e-01      111.94
 Geometry optimization stopped:          thresholds achieved

 Final energy:                        -458.697441088

 -----------
  Final XYZ 
 -----------
18
Final structure: -458.697 hartree
O            0.963882158         -1.672060525         -0.479735017
H            1.749492025         -1.096508764         -0.346967314
H            1.293247014         -2.534238995         -0.748661917
O           -0.837449184          0.298011288         -1.617329728
H           -0.306180342         -0.504468316         -1.492640695
H           -1.687586002          0.099784987         -1.180332838
O            0.475053660          1.787865399          0.162400149
H           -0.051937499          1.360255575         -0.564459102
H            0.316037577          2.734024096          0.101444829
O           -0.580819831         -0.488172017          1.689683685
H           -0.077138470         -1.080408474          1.108450635
H           -0.229621371          0.391281645          1.481146681
O            2.781035651          0.298592374         -0.010691317
H            2.090642070          0.987893095          0.075407979
H            3.282223104          0.323091447          0.809854888
O           -2.886715004         -0.176030191          0.204942361
H           -2.199915871         -0.369602202          0.877072671
H           -3.594259702         -0.811691420          0.340603021

 Structure in entos input format:

  structure(
    xyz = [
      ['O'  ,          0.963882158,         -1.672060525,         -0.479735017],
      ['H'  ,          1.749492025,         -1.096508764,         -0.346967314],
      ['H'  ,          1.293247014,         -2.534238995,         -0.748661917],
      ['O'  ,         -0.837449184,          0.298011288,         -1.617329728],
      ['H'  ,         -0.306180342,         -0.504468316,         -1.492640695],
      ['H'  ,         -1.687586002,          0.099784987,         -1.180332838],
      ['O'  ,          0.475053660,          1.787865399,          0.162400149],
      ['H'  ,         -0.051937499,          1.360255575,         -0.564459102],
      ['H'  ,          0.316037577,          2.734024096,          0.101444829],
      ['O'  ,         -0.580819831,         -0.488172017,          1.689683685],
      ['H'  ,         -0.077138470,         -1.080408474,          1.108450635],
      ['H'  ,         -0.229621371,          0.391281645,          1.481146681],
      ['O'  ,          2.781035651,          0.298592374,         -0.010691317],
      ['H'  ,          2.090642070,          0.987893095,          0.075407979],
      ['H'  ,          3.282223104,          0.323091447,          0.809854888],
      ['O'  ,         -2.886715004,         -0.176030191,          0.204942361],
      ['H'  ,         -2.199915871,         -0.369602202,          0.877072671],
      ['H'  ,         -3.594259702,         -0.811691420,          0.340603021]
    ]
  )

 --------------------------------
  Geometry optimization finished 
 --------------------------------
 Saving results in set 'opt'

 --------------------------------------------------------------------------------
                                 command: hessian                                
 --------------------------------------------------------------------------------

WARNING: semianalytic method is specified for dft hessian, which is not efficient. Try switching to 'method = analytic'


 -------------------------------
  Numerical Geometrical Hessian 
 -------------------------------

 Compute hessian using two-point central differentiation.
 Step size (bohr):                       0.0100

 Frequencies (including translational and rotational modes):
 mode    frequency (cm-1)
    0                2.74 i (imaginary)
    1                0.09 i (imaginary)
    2                0.04 i (imaginary)
    3                0.02 i (imaginary)
    4                7.35
    5                8.36
    6               42.74
    7               57.07
    8               75.53
    9              101.00
   10              125.16
   11              152.50
   12              184.03
   13              195.47
   14              213.93
   15              227.11
   16              233.66
   17              239.73
   18              243.37
   19              253.45
   20              290.94
   21              300.61
   22              386.19
   23              401.14
   24              441.61
   25              462.07
   26              474.81
   27              540.29
   28              558.44
   29              632.01
   30              690.00
   31              728.06
   32              788.21
   33              800.58
   34              863.63
   35              991.30
   36             1641.77
   37             1648.86
   38             1662.06
   39             1676.23
   40             1685.51
   41             1702.08
   42             3227.52
   43             3442.91
   44             3497.36
   45             3542.40
   46             3607.27
   47             3695.30
   48             3725.49
   49             3756.89
   50             3880.17
   51             3883.56
   52             3885.85
   53             3893.79

 Project out translational and rotational motions 

 Degrees of freedom for translational and rotational motions: 6

 Vibrational frequencies:
 mode    frequency (cm-1)
    0               42.73
    1               57.07
    2               75.52
    3              100.99
    4              125.15
    5              152.49
    6              184.03
    7              195.47
    8              213.92
    9              227.11
   10              233.66
   11              239.73
   12              243.37
   13              253.44
   14              290.94
   15              300.61
   16              386.19
   17              401.14
   18              441.61
   19              462.06
   20              474.81
   21              540.29
   22              558.44
   23              632.01
   24              689.99
   25              728.06
   26              788.21
   27              800.58
   28              863.63
   29              991.30
   30             1641.77
   31             1648.86
   32             1662.06
   33             1676.23
   34             1685.51
   35             1702.08
   36             3227.52
   37             3442.91
   38             3497.36
   39             3542.40
   40             3607.27
   41             3695.30
   42             3725.49
   43             3756.89
   44             3880.17
   45             3883.56
   46             3885.85
   47             3893.79

 --------------------------------------------------------------------------------

 End time:                               Thu Jun 10 10:37:35 2021
 Total wall-clock time:              19669.703 seconds
==================================================================================
