
================================================================================
          _____________ ________ _______________ ________     _________         
         / ___________// ______ \\_____   _____// ______ \   / ________)        
        / /_________  / /      \ \     | |     / /      \ \ | (_______          
       |  __________|| |        | |    | |    | |        | | \________ \        
        \ \_________ | |        | |    | |     \ \______/ /___________) |       
         \__________||_|        |_|    |_|      \________//____________/        
                                                                                
====================================[ Qcore ]===================================

 Git hash:   15a3e7daff0cda5fa9af010ccd19a80288182ecf
 Git date:   Fri, 16 Apr 2021 15:57:16 +0100
 Compiler:   GNU 9.1.0
 Build type: Release
 Version:    1.1.0

 Start time: Thu Jun 10 05:15:59 2021

 Data directory: /work/zw18965/.local/qcore/share/entos/1.1.0/data
 Number of threads: 24
 Number of threads was determined by: command line argument
  - More threads can be used by running 'qcore -n 32'

 --------------------------------------------------------------------------------
                                command: optimize                                
 --------------------------------------------------------------------------------
 Using coordinate system:                tric
 Hessian update scheme:                  bfgs

 ------------------------------------------------------------------------------------------------------------
                   energy      change    grad rms    grad max    step rms    step max       trust    time (s)
 ------------------------------------------------------------------------------------------------------------
   1      -458.697512888                1.98e-03    4.21e-03                            2.00e-01      156.61
   2      -458.697685185   -1.72e-04    5.33e-04    1.67e-03    7.84e-03    6.79e-03    2.00e-01      134.04
   3      -458.697704284   -1.91e-05    2.40e-04    7.71e-04    7.31e-03    9.05e-03    2.00e-01      134.12
   4      -458.697708134   -3.85e-06    1.21e-04    2.91e-04    3.88e-03    5.84e-03    2.00e-01      129.97
   5      -458.697709327   -1.19e-06    3.72e-05    1.00e-04    1.50e-03    1.71e-03    2.00e-01      121.41
   6      -458.697709775   -4.48e-07    2.20e-05    4.75e-05    1.52e-03    1.80e-03    2.00e-01      120.14
   7      -458.697710021   -2.45e-07    2.88e-05    6.90e-05    1.48e-03    2.25e-03    2.00e-01      122.15
   8      -458.697710238   -2.17e-07    2.47e-05    6.32e-05    1.77e-03    2.77e-03    2.00e-01      120.19
   9      -458.697710359   -1.21e-07    1.63e-05    4.74e-05    1.59e-03    2.35e-03    2.00e-01      121.11
  10      -458.697710476   -1.17e-07    1.49e-05    3.75e-05    1.22e-03    1.45e-03    2.00e-01      120.93
  11      -458.697710576   -9.99e-08    1.47e-05    4.44e-05    1.17e-03    1.40e-03    2.00e-01      120.63
  12      -458.697710596   -2.01e-08    1.01e-05    2.91e-05    9.87e-04    1.06e-03    2.00e-01      119.65
 Geometry optimization stopped:          thresholds achieved

 Final energy:                        -458.697710596

 -----------
  Final XYZ 
 -----------
18
Final structure: -458.698 hartree
O           -1.509947534         -0.235470365          1.433676969
H           -0.605492523         -0.636437993          1.540175832
H           -2.020305690         -0.484477022          2.209168895
O           -1.752098177         -0.355801766         -1.319834128
H           -1.891048261         -0.474781108         -0.359871609
H           -2.523695913         -0.723466437         -1.760327436
O           -0.563827409          2.010905878         -0.084685828
H           -0.952029411          1.523520851          0.659757714
H           -0.984323779          1.595163737         -0.850659524
O            0.969160933         -1.194092058          1.412419448
H            0.983086809         -1.540357509          0.496755182
H            1.543986011         -0.417750065          1.336133354
O            0.981804723         -1.359203366         -1.372156882
H            0.071664391         -1.077879175         -1.557024605
H            1.482023421         -0.533592589         -1.284661223
O            2.006829468          1.068003087         -0.089349465
H            1.142408004          1.536050815         -0.098566303
H            2.684041937          1.743927086         -0.182389392

 Structure in entos input format:

  structure(
    xyz = [
      ['O'  ,         -1.509947534,         -0.235470365,          1.433676969],
      ['H'  ,         -0.605492523,         -0.636437993,          1.540175832],
      ['H'  ,         -2.020305690,         -0.484477022,          2.209168895],
      ['O'  ,         -1.752098177,         -0.355801766,         -1.319834128],
      ['H'  ,         -1.891048261,         -0.474781108,         -0.359871609],
      ['H'  ,         -2.523695913,         -0.723466437,         -1.760327436],
      ['O'  ,         -0.563827409,          2.010905878,         -0.084685828],
      ['H'  ,         -0.952029411,          1.523520851,          0.659757714],
      ['H'  ,         -0.984323779,          1.595163737,         -0.850659524],
      ['O'  ,          0.969160933,         -1.194092058,          1.412419448],
      ['H'  ,          0.983086809,         -1.540357509,          0.496755182],
      ['H'  ,          1.543986011,         -0.417750065,          1.336133354],
      ['O'  ,          0.981804723,         -1.359203366,         -1.372156882],
      ['H'  ,          0.071664391,         -1.077879175,         -1.557024605],
      ['H'  ,          1.482023421,         -0.533592589,         -1.284661223],
      ['O'  ,          2.006829468,          1.068003087,         -0.089349465],
      ['H'  ,          1.142408004,          1.536050815,         -0.098566303],
      ['H'  ,          2.684041937,          1.743927086,         -0.182389392]
    ]
  )

 --------------------------------
  Geometry optimization finished 
 --------------------------------
 Saving results in set 'opt'

 --------------------------------------------------------------------------------
                                 command: hessian                                
 --------------------------------------------------------------------------------

WARNING: semianalytic method is specified for dft hessian, which is not efficient. Try switching to 'method = analytic'


 -------------------------------
  Numerical Geometrical Hessian 
 -------------------------------

 Compute hessian using two-point central differentiation.
 Step size (bohr):                       0.0100

 Frequencies (including translational and rotational modes):
 mode    frequency (cm-1)
    0               10.97 i (imaginary)
    1                9.95 i (imaginary)
    2                7.49 i (imaginary)
    3                0.03 i (imaginary)
    4                0.02
    5                0.09
    6               59.68
    7               69.59
    8               74.80
    9               92.62
   10              103.57
   11              146.22
   12              171.41
   13              177.29
   14              213.33
   15              221.16
   16              238.19
   17              246.04
   18              270.69
   19              282.29
   20              293.67
   21              358.83
   22              369.94
   23              422.16
   24              427.54
   25              463.72
   26              489.41
   27              531.88
   28              551.83
   29              616.63
   30              637.77
   31              677.43
   32              717.60
   33              827.99
   34              874.66
   35             1010.47
   36             1639.36
   37             1649.57
   38             1658.22
   39             1675.80
   40             1694.58
   41             1712.11
   42             3214.37
   43             3445.16
   44             3554.34
   45             3572.41
   46             3694.56
   47             3713.19
   48             3756.34
   49             3770.23
   50             3793.03
   51             3884.42
   52             3885.25
   53             3886.33

 Project out translational and rotational motions 

 Degrees of freedom for translational and rotational motions: 6

 Vibrational frequencies:
 mode    frequency (cm-1)
    0               59.66
    1               69.58
    2               74.80
    3               92.61
    4              103.56
    5              146.21
    6              171.41
    7              177.29
    8              213.33
    9              221.16
   10              238.19
   11              246.04
   12              270.69
   13              282.29
   14              293.67
   15              358.83
   16              369.94
   17              422.16
   18              427.54
   19              463.71
   20              489.41
   21              531.88
   22              551.83
   23              616.63
   24              637.77
   25              677.43
   26              717.60
   27              827.99
   28              874.66
   29             1010.47
   30             1639.36
   31             1649.57
   32             1658.22
   33             1675.80
   34             1694.58
   35             1712.11
   36             3214.37
   37             3445.16
   38             3554.34
   39             3572.41
   40             3694.56
   41             3713.19
   42             3756.34
   43             3770.23
   44             3793.03
   45             3884.42
   46             3885.25
   47             3886.33

 --------------------------------------------------------------------------------

 End time:                               Thu Jun 10 09:36:16 2021
 Total wall-clock time:              15617.837 seconds
==================================================================================
