
================================================================================
          _____________ ________ _______________ ________     _________         
         / ___________// ______ \\_____   _____// ______ \   / ________)        
        / /_________  / /      \ \     | |     / /      \ \ | (_______          
       |  __________|| |        | |    | |    | |        | | \________ \        
        \ \_________ | |        | |    | |     \ \______/ /___________) |       
         \__________||_|        |_|    |_|      \________//____________/        
                                                                                
====================================[ Qcore ]===================================

 Git hash:   15a3e7daff0cda5fa9af010ccd19a80288182ecf
 Git date:   Fri, 16 Apr 2021 15:57:16 +0100
 Compiler:   GNU 9.1.0
 Build type: Release
 Version:    1.1.0

 Start time: Thu Jun 10 09:56:27 2021

 Data directory: /work/zw18965/.local/qcore/share/entos/1.1.0/data
 Number of threads: 12
 Number of threads was determined by: command line argument
  - More threads can be used by running 'qcore -n 24'

 --------------------------------------------------------------------------------
                                command: optimize                                
 --------------------------------------------------------------------------------
 Using coordinate system:                tric
 Hessian update scheme:                  bfgs

 ------------------------------------------------------------------------------------------------------------
                   energy      change    grad rms    grad max    step rms    step max       trust    time (s)
 ------------------------------------------------------------------------------------------------------------
   1       -76.171373163                4.63e-02    8.65e-02                            2.00e-01        0.54
   2       -76.222247576   -5.09e-02    5.15e-02    8.79e-02    2.00e-01    2.16e-01    2.83e-01        0.32
   3       -76.191179548    3.11e-02    4.27e-02    7.78e-02    2.83e-01    3.13e-01    4.00e-01        0.32
   4       -76.264209313   -7.30e-02    5.61e-02    9.32e-02    4.00e-01    4.86e-01    5.66e-01        0.39
   5       -76.263447268    7.62e-04    7.00e-02    1.60e-01    5.66e-01    5.84e-01    2.83e-01        0.32
   6       -76.221250632    4.22e-02    6.09e-02    1.32e-01    2.83e-01    3.46e-01    4.00e-01        0.31
   7       -76.296420350   -7.52e-02    7.41e-02    1.72e-01    4.00e-01    4.84e-01    5.66e-01        0.33
   8       -76.365933216   -6.95e-02    6.16e-02    1.45e-01    5.66e-01    6.79e-01    5.66e-01        0.34
   9       -76.388378277   -2.24e-02    5.99e-02    1.44e-01    9.64e-02    9.82e-02    5.66e-01        0.35
  10       -76.415975895   -2.76e-02    9.64e-02    1.76e-01    5.66e-01    6.89e-01    2.83e-01        0.33
Rejecting step due to low quality: Quality: -2.29339 New trust radius: 0.14142
  11       -76.300109866    1.16e-01    9.64e-02    1.76e-01    2.83e-01    3.55e-01    1.41e-01        0.33
  12       -76.397929166    1.80e-02    1.56e-01    3.03e-01    1.41e-01    1.77e-01    7.07e-02        0.32
  13       -76.416841227   -1.89e-02    9.90e-02    2.07e-01    7.07e-02    9.16e-02    7.07e-02        0.28
  14       -76.429864947   -1.30e-02    7.75e-02    1.58e-01    7.11e-02    7.69e-02    1.00e-01        0.27
  15       -76.443007619   -1.31e-02    4.64e-02    9.11e-02    1.02e-01    1.33e-01    1.41e-01        0.27
  16       -76.448156574   -5.15e-03    1.29e-02    3.01e-02    1.44e-01    3.05e-01    1.41e-01        0.30
  17       -76.449913635   -1.76e-03    6.23e-03    1.25e-02    7.25e-02    9.22e-02    1.41e-01        0.28
  18       -76.450059982   -1.46e-04    1.83e-03    3.75e-03    7.17e-03    2.88e-02    1.41e-01        0.25
  19       -76.450079147   -1.92e-05    9.36e-05    1.66e-04    5.24e-03    1.52e-02    1.41e-01        0.26
  20       -76.450079339   -1.93e-07    1.16e-05    2.68e-05    7.96e-04    1.04e-03    1.41e-01        0.24
 Geometry optimization stopped:          thresholds achieved

 Final energy:                         -76.450079339

 -----------
  Final XYZ 
 -----------
3
Final structure: -76.4501 hartree
O            0.000010102          0.067509117         -0.225358099
H            0.000010198         -0.790894196         -0.681164108
H           -0.000020300          0.723385078         -0.942626113

 Structure in entos input format:

  structure(
    xyz = [
      ['O'  ,          0.000010102,          0.067509117,         -0.225358099],
      ['H'  ,          0.000010198,         -0.790894196,         -0.681164108],
      ['H'  ,         -0.000020300,          0.723385078,         -0.942626113]
    ]
  )

 --------------------------------
  Geometry optimization finished 
 --------------------------------
 Saving results in set 'opt1'

 --------------------------------------------------------------------------------
                                command: optimize                                
 --------------------------------------------------------------------------------
 Using coordinate system:                tric
 Hessian update scheme:                  bfgs

 ------------------------------------------------------------------------------------------------------------
                   energy      change    grad rms    grad max    step rms    step max       trust    time (s)
 ------------------------------------------------------------------------------------------------------------
   1       -76.429575842                5.82e-03    1.15e-02                            2.00e-01        0.42
   2       -76.429733880   -1.58e-04    1.75e-03    3.85e-03    9.11e-03    1.35e-02    2.00e-01        0.28
   3       -76.429749649   -1.58e-05    2.47e-04    4.50e-04    3.26e-03    5.12e-03    2.00e-01        0.26
   4       -76.429750871   -1.22e-06    1.17e-04    2.35e-04    1.32e-03    2.44e-03    2.00e-01        0.25
   5       -76.429751237   -3.67e-07    5.50e-06    9.48e-06    1.20e-03    2.03e-03    2.00e-01        0.26
Rejecting step due to low quality: Quality: -29.412 New trust radius: 7.11076e-06
   6       -76.429751233    4.84e-09    5.50e-06    9.48e-06    1.42e-05    1.67e-05    7.11e-06        0.22
 Geometry optimization stopped:          thresholds achieved

 Final energy:                         -76.429751233

 -----------
  Final XYZ 
 -----------
3
Final structure: -76.4298 hartree
O            0.000009826          0.066362863         -0.232006756
H            0.000010014         -0.785737653         -0.678641219
H           -0.000019839          0.719374790         -0.938500345

 Structure in entos input format:

  structure(
    xyz = [
      ['O'  ,          0.000009826,          0.066362863,         -0.232006756],
      ['H'  ,          0.000010014,         -0.785737653,         -0.678641219],
      ['H'  ,         -0.000019839,          0.719374790,         -0.938500345]
    ]
  )

 --------------------------------
  Geometry optimization finished 
 --------------------------------
 Saving results in set 'opt'

 --------------------------------------------------------------------------------
                                 command: hessian                                
 --------------------------------------------------------------------------------

 -------------------------------
  Numerical Geometrical Hessian 
 -------------------------------

 Compute hessian using two-point central differentiation.
 Step size (bohr):                       0.0100

 Frequencies (including translational and rotational modes):
 mode    frequency (cm-1)
    0               10.85 i (imaginary)
    1                0.13 i (imaginary)
    2                0.01 i (imaginary)
    3                0.34
    4               24.96
    5               35.95
    6             1626.68
    7             3793.47
    8             3896.00

 Project out translational and rotational motions 

 Degrees of freedom for translational and rotational motions: 6

 Vibrational frequencies:
 mode    frequency (cm-1)
    0             1626.68
    1             3793.47
    2             3896.00

 --------------------------------------------------------------------------------

 End time:                               Thu Jun 10 09:56:41 2021
 Total wall-clock time:                 13.699 seconds
==================================================================================
