
================================================================================
          _____________ ________ _______________ ________     _________         
         / ___________// ______ \\_____   _____// ______ \   / ________)        
        / /_________  / /      \ \     | |     / /      \ \ | (_______          
       |  __________|| |        | |    | |    | |        | | \________ \        
        \ \_________ | |        | |    | |     \ \______/ /___________) |       
         \__________||_|        |_|    |_|      \________//____________/        
                                                                                
====================================[ Qcore ]===================================

 Git hash:   15a3e7daff0cda5fa9af010ccd19a80288182ecf
 Git date:   Fri, 16 Apr 2021 15:57:16 +0100
 Compiler:   GNU 9.1.0
 Build type: Release
 Version:    1.1.0

 Start time: Thu Jun 10 13:49:57 2021

 Data directory: /work/zw18965/.local/qcore/share/entos/1.1.0/data
 Number of threads: 32
 Number of threads was determined by: number of physical cores

 --------------------------------------------------------------------------------
                                command: optimize                                
 --------------------------------------------------------------------------------
 Using coordinate system:                tric
 Hessian update scheme:                  bfgs

 ------------------------------------------------------------------------------------------------------------
                   energy      change    grad rms    grad max    step rms    step max       trust    time (s)
 ------------------------------------------------------------------------------------------------------------
   1      -152.305046144                4.56e-02    7.41e-02                            2.00e-01        0.60
   2      -152.405240090   -1.00e-01    5.07e-02    8.72e-02    2.00e-01    1.88e-01    2.83e-01        0.35
   3      -152.344453489    6.08e-02    4.20e-02    7.81e-02    2.83e-01    3.13e-01    4.00e-01        0.36
   4      -152.489313595   -1.45e-01    5.53e-02    9.66e-02    4.00e-01    4.81e-01    5.66e-01        0.36
   5      -152.500653167   -1.13e-02    6.99e-02    1.37e-01    5.66e-01    6.22e-01    2.83e-01        0.34
   6      -152.405379911    9.53e-02    6.04e-02    1.13e-01    2.83e-01    3.36e-01    4.00e-01        0.35
   7      -152.561976637   -1.57e-01    7.38e-02    1.48e-01    4.21e-01    5.24e-01    5.66e-01        0.36
   8      -152.670252212   -1.08e-01    6.00e-02    1.15e-01    6.16e-01    7.86e-01    5.66e-01        0.35
Rejecting step due to low quality: Quality: -3.86412 New trust radius: 0.26189
   9      -152.337893562    3.32e-01    6.00e-02    1.15e-01    5.24e-01    7.92e-01    2.62e-01        0.40
  10      -152.656694163    1.36e-02    7.42e-02    1.64e-01    2.62e-01    3.96e-01    1.31e-01        0.35
  11      -152.695349339   -3.87e-02    5.82e-02    1.30e-01    1.31e-01    1.69e-01    1.31e-01        0.33
  12      -152.732148288   -3.68e-02    5.58e-02    1.43e-01    1.31e-01    1.68e-01    1.85e-01        0.32
  13      -152.796383545   -6.42e-02    4.70e-02    9.85e-02    1.85e-01    2.56e-01    2.62e-01        0.33
Rejecting step due to low quality: Quality: -2.104 New trust radius: 0.130945
  14      -152.672957267    1.23e-01    4.70e-02    9.85e-02    2.62e-01    4.67e-01    1.31e-01        0.33
  15      -152.802408635   -6.03e-03    5.20e-02    1.07e-01    1.31e-01    2.33e-01    6.55e-02        0.32
  16      -152.820263568   -1.79e-02    4.29e-02    9.40e-02    6.55e-02    8.56e-02    9.26e-02        0.32
  17      -152.840340610   -2.01e-02    3.01e-02    7.32e-02    9.26e-02    1.11e-01    1.31e-01        0.32
  18      -152.839483209    8.57e-04    3.92e-02    1.21e-01    1.31e-01    1.41e-01    6.55e-02        0.33
  19      -152.849737379   -1.03e-02    2.33e-02    5.78e-02    6.55e-02    7.69e-02    6.55e-02        0.32
  20      -152.854523985   -4.79e-03    8.86e-03    2.01e-02    6.55e-02    7.52e-02    9.26e-02        0.33
  21      -152.854800894   -2.77e-04    9.30e-03    1.81e-02    5.77e-02    7.04e-02    2.88e-02        0.33
  22      -152.855773557   -9.73e-04    2.36e-03    5.23e-03    2.88e-02    5.14e-02    4.08e-02        0.30
  23      -152.855822466   -4.89e-05    1.21e-03    2.58e-03    1.33e-02    1.91e-02    4.08e-02        0.30
  24      -152.855846624   -2.42e-05    2.59e-04    6.03e-04    5.11e-03    6.72e-03    4.08e-02        0.30
  25      -152.855849311   -2.69e-06    1.48e-04    4.30e-04    2.86e-03    4.15e-03    4.08e-02        0.28
  26      -152.855853056   -3.74e-06    2.35e-04    4.90e-04    5.98e-03    8.54e-03    4.08e-02        0.30
  27      -152.855867576   -1.45e-05    7.10e-04    1.47e-03    2.78e-02    3.89e-02    4.08e-02        0.31
  28      -152.855890682   -2.31e-05    1.02e-03    2.14e-03    4.08e-02    5.68e-02    5.77e-02        0.31
  29      -152.855917253   -2.66e-05    1.32e-03    2.77e-03    5.77e-02    8.07e-02    8.16e-02        0.32
  30      -152.855874952    4.23e-05    2.71e-03    5.76e-03    8.16e-02    1.04e-01    1.15e-01        0.33
  31      -152.855933478   -5.85e-05    1.12e-03    2.23e-03    6.69e-02    8.22e-02    1.15e-01        0.31
  32      -152.855953780   -2.03e-05    9.39e-04    1.72e-03    1.82e-02    2.54e-02    1.15e-01        0.30
  33      -152.856016474   -6.27e-05    1.90e-03    4.67e-03    1.15e-01    1.54e-01    1.15e-01        0.33
  34      -152.856085371   -6.89e-05    1.74e-03    3.15e-03    4.66e-02    5.54e-02    1.15e-01        0.32
  35      -152.856182339   -9.70e-05    2.07e-03    3.98e-03    1.15e-01    1.41e-01    1.63e-01        0.34
  36      -152.856335437   -1.53e-04    2.29e-03    5.41e-03    1.63e-01    2.00e-01    2.31e-01        0.33
  37      -152.856439297   -1.04e-04    4.63e-03    1.08e-02    2.31e-01    2.82e-01    2.31e-01        0.33
  38      -152.856741635   -3.02e-04    4.98e-03    1.33e-02    2.31e-01    2.79e-01    3.26e-01        0.33
  39      -152.857361093   -6.19e-04    5.40e-03    1.58e-02    3.26e-01    3.89e-01    4.61e-01        0.35
  40      -152.858290986   -9.30e-04    7.71e-03    2.27e-02    4.62e-01    5.47e-01    6.00e-01        0.35
  41      -152.858453142   -1.62e-04    1.19e-02    3.44e-02    6.01e-01    7.10e-01    3.01e-01        0.35
  42      -152.859847356   -1.39e-03    6.79e-03    1.56e-02    2.63e-01    3.09e-01    4.25e-01        0.37
  43      -152.860434774   -5.87e-04    5.68e-03    1.38e-02    1.15e-01    1.37e-01    4.25e-01        0.35
  44      -152.860562265   -1.27e-04    4.21e-03    1.14e-02    3.57e-01    4.44e-01    1.79e-01        0.36
  45      -152.861413383   -8.51e-04    2.25e-03    5.61e-03    1.79e-01    1.94e-01    2.52e-01        0.36
  46      -152.861559571   -1.46e-04    1.72e-03    4.91e-03    2.25e-02    3.39e-02    2.52e-01        0.36
  47      -152.861572216   -1.26e-05    2.14e-03    5.84e-03    1.78e-02    2.53e-02    8.89e-03        0.36
  48      -152.861610482   -3.83e-05    1.24e-03    3.60e-03    8.89e-03    1.28e-02    1.26e-02        0.35
  49      -152.861641992   -3.15e-05    9.41e-04    3.03e-03    1.26e-02    1.73e-02    1.78e-02        0.35
  50      -152.861671235   -2.92e-05    1.18e-03    2.36e-03    1.78e-02    2.81e-02    2.51e-02        0.34
  51      -152.861720916   -4.97e-05    1.25e-03    2.14e-03    1.65e-02    2.67e-02    2.51e-02        0.36
  52      -152.861799276   -7.84e-05    1.04e-03    2.04e-03    2.52e-02    4.70e-02    3.56e-02        0.35
  53      -152.861895254   -9.60e-05    7.52e-04    1.62e-03    3.55e-02    7.02e-02    5.03e-02        0.35
  54      -152.861999522   -1.04e-04    8.24e-04    2.01e-03    5.02e-02    1.01e-01    7.11e-02        0.35
  55      -152.862101216   -1.02e-04    1.39e-03    3.82e-03    7.11e-02    1.42e-01    1.01e-01        0.36
  56      -152.862179931   -7.87e-05    1.19e-03    3.07e-03    4.01e-02    7.39e-02    1.01e-01        0.36
  57      -152.862248844   -6.89e-05    5.45e-04    1.30e-03    4.02e-02    5.96e-02    1.01e-01        0.37
  58      -152.862262293   -1.34e-05    5.15e-04    1.05e-03    1.30e-02    2.37e-02    1.01e-01        0.35
  59      -152.862264479   -2.19e-06    3.51e-04    8.15e-04    9.13e-03    1.30e-02    1.01e-01        0.36
  60      -152.862267049   -2.57e-06    3.50e-04    8.24e-04    6.98e-03    1.35e-02    1.01e-01        0.34
  61      -152.862271429   -4.38e-06    3.94e-04    8.52e-04    1.01e-02    1.90e-02    1.01e-01        0.35
  62      -152.862281422   -9.99e-06    4.70e-04    1.02e-03    1.83e-02    3.35e-02    1.01e-01        0.35
  63      -152.862307339   -2.59e-05    4.80e-04    9.04e-04    3.69e-02    7.65e-02    1.01e-01        0.35
  64      -152.862288583    1.88e-05    2.57e-03    5.63e-03    9.94e-02    2.22e-01    4.97e-02        0.37
  65      -152.862371131   -8.25e-05    7.71e-04    1.92e-03    4.97e-02    1.05e-01    7.03e-02        0.36
  66      -152.862431052   -5.99e-05    5.91e-04    1.50e-03    2.20e-02    3.73e-02    7.03e-02        0.35
  67      -152.862585086   -1.54e-04    1.74e-03    3.99e-03    7.04e-02    1.13e-01    9.94e-02        0.36
  68      -152.862595721   -1.06e-05    3.71e-03    8.21e-03    6.80e-02    1.07e-01    3.40e-02        0.37
  69      -152.862675025   -7.93e-05    1.24e-03    2.63e-03    2.01e-02    4.08e-02    3.40e-02        0.36
  70      -152.862727143   -5.21e-05    8.24e-04    2.33e-03    2.55e-02    4.36e-02    3.40e-02        0.35
  71      -152.862793557   -6.64e-05    1.40e-03    3.45e-03    3.40e-02    4.68e-02    4.81e-02        0.35
  72      -152.862854757   -6.12e-05    2.30e-03    5.32e-03    4.81e-02    6.24e-02    6.80e-02        0.36
  73      -152.862939755   -8.50e-05    1.43e-03    3.61e-03    3.17e-02    4.26e-02    6.80e-02        0.35
  74      -152.863017246   -7.75e-05    1.00e-03    2.45e-03    4.47e-02    5.91e-02    6.80e-02        0.35
  75      -152.863057898   -4.07e-05    6.76e-04    1.49e-03    2.85e-02    4.11e-02    6.80e-02        0.35
  76      -152.863017087    4.08e-05    2.58e-03    7.03e-03    6.80e-02    9.66e-02    3.40e-02        0.35
  77      -152.863084283   -6.72e-05    5.16e-04    9.07e-04    3.40e-02    4.77e-02    3.40e-02        0.35
  78      -152.863089462   -5.18e-06    2.16e-04    3.98e-04    7.20e-03    9.61e-03    3.40e-02        0.33
  79      -152.863097222   -7.76e-06    1.39e-04    3.43e-04    2.31e-02    3.09e-02    3.40e-02        0.35
  80      -152.863098883   -1.66e-06    1.30e-04    2.48e-04    1.33e-02    1.63e-02    3.40e-02        0.36
  81      -152.863099609   -7.27e-07    9.71e-05    2.22e-04    3.76e-03    5.95e-03    3.40e-02        0.35
  82      -152.863100703   -1.09e-06    1.39e-04    3.25e-04    7.78e-03    1.05e-02    3.40e-02        0.37
  83      -152.863101346   -6.43e-07    1.19e-04    3.15e-04    7.42e-03    1.09e-02    3.40e-02        0.35
  84      -152.863102123   -7.77e-07    1.47e-04    2.96e-04    6.35e-03    7.52e-03    3.40e-02        0.36
  85      -152.863102990   -8.67e-07    1.55e-04    4.02e-04    7.51e-03    1.15e-02    3.40e-02        0.34
  86      -152.863104012   -1.02e-06    1.87e-04    4.15e-04    1.06e-02    1.72e-02    3.40e-02        0.35
  87      -152.863104650   -6.38e-07    1.62e-04    2.96e-04    5.40e-03    7.55e-03    3.40e-02        0.34
  88      -152.863105214   -5.64e-07    7.35e-05    1.69e-04    4.73e-03    7.31e-03    3.40e-02        0.34
  89      -152.863105285   -7.11e-08    3.62e-05    6.20e-05    1.36e-03    2.31e-03    3.40e-02        0.33
  90      -152.863105351   -6.52e-08    1.52e-05    3.97e-05    1.32e-03    2.21e-03    3.40e-02        0.34
Rejecting step due to low quality: Quality: -1.89005 New trust radius: 0.000246649
  91      -152.863105338    1.25e-08    1.52e-05    3.97e-05    4.93e-04    7.60e-04    2.47e-04        0.33
 Geometry optimization stopped:          thresholds achieved

 Final energy:                        -152.863105338

 -----------
  Final XYZ 
 -----------
6
Final structure: -152.863 hartree
O           -0.070873934          1.312167818          0.029806318
H           -0.973962644          1.633373475         -0.142230522
H           -0.146332209          0.331536235         -0.007383972
O            0.002032856         -1.600531798         -0.022244256
H            0.671158463         -1.850103253         -0.687029281
H            0.386164387         -1.882845949          0.829081713

 Structure in entos input format:

  structure(
    xyz = [
      ['O'  ,         -0.070873934,          1.312167818,          0.029806318],
      ['H'  ,         -0.973962644,          1.633373475,         -0.142230522],
      ['H'  ,         -0.146332209,          0.331536235,         -0.007383972],
      ['O'  ,          0.002032856,         -1.600531798,         -0.022244256],
      ['H'  ,          0.671158463,         -1.850103253,         -0.687029281],
      ['H'  ,          0.386164387,         -1.882845949,          0.829081713]
    ]
  )

 --------------------------------
  Geometry optimization finished 
 --------------------------------
 Saving results in set 'opt1'

 --------------------------------------------------------------------------------
                                command: optimize                                
 --------------------------------------------------------------------------------
 Using coordinate system:                tric
 Hessian update scheme:                  bfgs

 ------------------------------------------------------------------------------------------------------------
                   energy      change    grad rms    grad max    step rms    step max       trust    time (s)
 ------------------------------------------------------------------------------------------------------------
   1      -152.867115512                7.56e-03    1.36e-02                            2.00e-01        1.02
   2      -152.867663165   -5.48e-04    2.43e-03    4.77e-03    1.30e-02    1.83e-02    2.00e-01        0.79
   3      -152.867727141   -6.40e-05    3.22e-04    5.80e-04    5.38e-03    8.46e-03    2.00e-01        0.74
   4      -152.867731993   -4.85e-06    1.65e-04    3.23e-04    2.12e-03    3.32e-03    2.00e-01        0.76
   5      -152.867734196   -2.20e-06    4.57e-05    1.23e-04    3.02e-03    5.69e-03    2.00e-01        0.76
   6      -152.867734503   -3.07e-07    4.31e-05    1.11e-04    1.23e-03    2.91e-03    2.00e-01        0.76
   7      -152.867735385   -8.82e-07    4.80e-05    1.44e-04    5.32e-03    1.26e-02    2.00e-01        0.77
   8      -152.867735782   -3.97e-07    3.92e-05    1.26e-04    3.57e-03    7.59e-03    2.00e-01        0.73
   9      -152.867736305   -5.23e-07    2.45e-05    4.00e-05    5.94e-03    1.08e-02    2.00e-01        0.77
  10      -152.867736544   -2.40e-07    2.71e-05    4.88e-05    4.06e-03    5.69e-03    2.00e-01        0.78
  11      -152.867736674   -1.30e-07    2.26e-05    5.57e-05    2.77e-03    3.61e-03    2.00e-01        0.73
  12      -152.867736691   -1.71e-08    1.05e-05    2.81e-05    1.03e-03    7.82e-04    2.00e-01        0.73
 Geometry optimization stopped:          thresholds achieved

 Final energy:                        -152.867736691

 -----------
  Final XYZ 
 -----------
6
Final structure: -152.868 hartree
O           -0.085734458          1.310334964          0.025582686
H           -0.978386311          1.624031960         -0.142375783
H           -0.142104551          0.342455309         -0.007294678
O            0.024071142         -1.588820091         -0.019114827
H            0.671072313         -1.854976481         -0.680519539
H            0.379268784         -1.889429131          0.823722142

 Structure in entos input format:

  structure(
    xyz = [
      ['O'  ,         -0.085734458,          1.310334964,          0.025582686],
      ['H'  ,         -0.978386311,          1.624031960,         -0.142375783],
      ['H'  ,         -0.142104551,          0.342455309,         -0.007294678],
      ['O'  ,          0.024071142,         -1.588820091,         -0.019114827],
      ['H'  ,          0.671072313,         -1.854976481,         -0.680519539],
      ['H'  ,          0.379268784,         -1.889429131,          0.823722142]
    ]
  )

 --------------------------------
  Geometry optimization finished 
 --------------------------------
 Saving results in set 'opt'

 --------------------------------------------------------------------------------
                                 command: hessian                                
 --------------------------------------------------------------------------------

 -------------------------------
  Numerical Geometrical Hessian 
 -------------------------------

 Compute hessian using two-point central differentiation.
 Step size (bohr):                       0.0100

 Frequencies (including translational and rotational modes):
 mode    frequency (cm-1)
    0               22.24 i (imaginary)
    1                1.60 i (imaginary)
    2                0.04 i (imaginary)
    3                0.15
    4                0.34
    5                9.35
    6              131.48
    7              154.02
    8              162.73
    9              192.11
   10              371.17
   11              634.25
   12             1627.17
   13             1646.80
   14             3668.74
   15             3787.88
   16             3867.44
   17             3886.62

 Project out translational and rotational motions 

 Degrees of freedom for translational and rotational motions: 6

 Vibrational frequencies:
 mode    frequency (cm-1)
    0              131.37
    1              154.02
    2              162.72
    3              192.11
    4              371.17
    5              634.25
    6             1627.17
    7             1646.80
    8             3668.74
    9             3787.88
   10             3867.44
   11             3886.62

 --------------------------------------------------------------------------------

 End time:                               Thu Jun 10 13:51:06 2021
 Total wall-clock time:                 69.074 seconds
==================================================================================
