
================================================================================
          _____________ ________ _______________ ________     _________         
         / ___________// ______ \\_____   _____// ______ \   / ________)        
        / /_________  / /      \ \     | |     / /      \ \ | (_______          
       |  __________|| |        | |    | |    | |        | | \________ \        
        \ \_________ | |        | |    | |     \ \______/ /___________) |       
         \__________||_|        |_|    |_|      \________//____________/        
                                                                                
====================================[ Qcore ]===================================

 Git hash:   15a3e7daff0cda5fa9af010ccd19a80288182ecf
 Git date:   Fri, 16 Apr 2021 15:57:16 +0100
 Compiler:   GNU 9.1.0
 Build type: Release
 Version:    1.1.0

 Start time: Thu Jun 10 04:49:44 2021

 Data directory: /work/zw18965/.local/qcore/share/entos/1.1.0/data
 Number of threads: 24
 Number of threads was determined by: command line argument

 --------------------------------------------------------------------------------
                                command: optimize                                
 --------------------------------------------------------------------------------
 Using coordinate system:                tric
 Hessian update scheme:                  bfgs

 ------------------------------------------------------------------------------------------------------------
                   energy      change    grad rms    grad max    step rms    step max       trust    time (s)
 ------------------------------------------------------------------------------------------------------------
   1      -229.315090014                2.29e-03    4.89e-03                            2.00e-01        2.18
   2      -229.315225742   -1.36e-04    6.44e-04    1.56e-03    1.02e-02    7.33e-03    2.00e-01        1.87
   3      -229.315254019   -2.83e-05    3.81e-04    7.81e-04    1.48e-02    1.12e-02    2.00e-01        1.87
   4      -229.315262000   -7.98e-06    2.61e-04    4.51e-04    6.92e-03    6.41e-03    2.00e-01        1.81
   5      -229.315267547   -5.55e-06    1.37e-04    2.58e-04    5.41e-03    8.70e-03    2.00e-01        1.78
   6      -229.315274843   -7.30e-06    2.53e-04    5.19e-04    1.19e-02    2.14e-02    2.00e-01        1.75
   7      -229.315277894   -3.05e-06    2.38e-04    4.70e-04    7.23e-03    1.27e-02    2.00e-01        1.78
   8      -229.315280452   -2.56e-06    1.12e-04    2.55e-04    8.36e-03    1.28e-02    2.00e-01        1.80
   9      -229.315281093   -6.41e-07    4.82e-05    1.02e-04    2.80e-03    4.35e-03    2.00e-01        1.72
  10      -229.315281360   -2.68e-07    3.97e-05    8.95e-05    1.66e-03    1.99e-03    2.00e-01        1.67
  11      -229.315281494   -1.34e-07    3.36e-05    6.58e-05    1.13e-03    1.48e-03    2.00e-01        1.65
  12      -229.315281584   -9.02e-08    2.67e-05    6.92e-05    1.35e-03    2.27e-03    2.00e-01        1.65
  13      -229.315281722   -1.38e-07    2.99e-05    6.19e-05    1.67e-03    3.17e-03    2.00e-01        1.58
  14      -229.315281845   -1.23e-07    3.23e-05    8.40e-05    2.05e-03    4.10e-03    2.00e-01        1.70
  15      -229.315281906   -6.11e-08    2.30e-05    5.85e-05    1.57e-03    3.21e-03    2.00e-01        1.66
  16      -229.315281946   -3.96e-08    1.14e-05    3.00e-05    7.75e-04    1.56e-03    2.00e-01        1.66
  17      -229.315281987   -4.14e-08    1.22e-05    2.20e-05    4.70e-04    9.87e-04    2.00e-01        1.56
 Geometry optimization stopped:          thresholds achieved

 Final energy:                        -229.315281987

 -----------
  Final XYZ 
 -----------
9
Final structure: -229.315 hartree
O           -1.472825241         -0.648283304         -0.094759766
H           -0.597126269         -1.078272107         -0.064591251
H           -2.001390930         -1.059241354          0.594612343
O            1.304910602         -0.938440271         -0.120885683
H            1.932334257         -1.212568421          0.553353975
H            1.213336805          0.030117647         -0.033307225
O            0.165552554          1.591349581          0.131737336
H           -0.632628301          1.031859806          0.069625074
H            0.098068524          2.234672423         -0.579333804

 Structure in entos input format:

  structure(
    xyz = [
      ['O'  ,         -1.472825241,         -0.648283304,         -0.094759766],
      ['H'  ,         -0.597126269,         -1.078272107,         -0.064591251],
      ['H'  ,         -2.001390930,         -1.059241354,          0.594612343],
      ['O'  ,          1.304910602,         -0.938440271,         -0.120885683],
      ['H'  ,          1.932334257,         -1.212568421,          0.553353975],
      ['H'  ,          1.213336805,          0.030117647,         -0.033307225],
      ['O'  ,          0.165552554,          1.591349581,          0.131737336],
      ['H'  ,         -0.632628301,          1.031859806,          0.069625074],
      ['H'  ,          0.098068524,          2.234672423,         -0.579333804]
    ]
  )

 --------------------------------
  Geometry optimization finished 
 --------------------------------
 Saving results in set 'opt'

 --------------------------------------------------------------------------------
                                 command: hessian                                
 --------------------------------------------------------------------------------

WARNING: semianalytic method is specified for dft hessian, which is not efficient. Try switching to 'method = analytic'


 -------------------------------
  Numerical Geometrical Hessian 
 -------------------------------

 Compute hessian using two-point central differentiation.
 Step size (bohr):                       0.0100

 Frequencies (including translational and rotational modes):
 mode    frequency (cm-1)
    0                0.32 i (imaginary)
    1                0.06 i (imaginary)
    2                0.01 i (imaginary)
    3                2.30
    4               10.90
    5               18.18
    6              183.33
    7              190.23
    8              198.30
    9              212.91
   10              224.66
   11              256.10
   12              360.75
   13              371.36
   14              462.13
   15              600.59
   16              684.03
   17              894.42
   18             1637.62
   19             1639.91
   20             1662.31
   21             3511.31
   22             3577.91
   23             3587.72
   24             3859.51
   25             3863.25
   26             3864.48

 Project out translational and rotational motions 

 Degrees of freedom for translational and rotational motions: 6

 Vibrational frequencies:
 mode    frequency (cm-1)
    0              183.32
    1              190.22
    2              198.30
    3              212.91
    4              224.66
    5              256.09
    6              360.75
    7              371.36
    8              462.13
    9              600.59
   10              684.03
   11              894.42
   12             1637.62
   13             1639.91
   14             1662.31
   15             3511.31
   16             3577.91
   17             3587.72
   18             3859.51
   19             3863.25
   20             3864.48

 --------------------------------------------------------------------------------

 End time:                               Thu Jun 10 04:51:50 2021
 Total wall-clock time:                125.868 seconds
==================================================================================
