
================================================================================
          _____________ ________ _______________ ________     _________         
         / ___________// ______ \\_____   _____// ______ \   / ________)        
        / /_________  / /      \ \     | |     / /      \ \ | (_______          
       |  __________|| |        | |    | |    | |        | | \________ \        
        \ \_________ | |        | |    | |     \ \______/ /___________) |       
         \__________||_|        |_|    |_|      \________//____________/        
                                                                                
====================================[ Qcore ]===================================

 Git hash:   15a3e7daff0cda5fa9af010ccd19a80288182ecf
 Git date:   Fri, 16 Apr 2021 15:57:16 +0100
 Compiler:   GNU 9.1.0
 Build type: Release
 Version:    1.1.0

 Start time: Thu Jun 10 04:51:50 2021

 Data directory: /work/zw18965/.local/qcore/share/entos/1.1.0/data
 Number of threads: 24
 Number of threads was determined by: command line argument

 --------------------------------------------------------------------------------
                                command: optimize                                
 --------------------------------------------------------------------------------
 Using coordinate system:                tric
 Hessian update scheme:                  bfgs

 ------------------------------------------------------------------------------------------------------------
                   energy      change    grad rms    grad max    step rms    step max       trust    time (s)
 ------------------------------------------------------------------------------------------------------------
   1      -305.765306642                2.62e-03    5.82e-03                            2.00e-01        3.74
   2      -305.765533521   -2.27e-04    9.75e-04    2.39e-03    1.38e-02    9.81e-03    2.00e-01        3.23
   3      -305.765590585   -5.71e-05    6.07e-04    9.96e-04    2.40e-02    1.28e-02    2.00e-01        3.28
   4      -305.765607981   -1.74e-05    2.46e-04    3.38e-04    9.25e-03    8.83e-03    2.00e-01        2.98
   5      -305.765612093   -4.11e-06    8.03e-05    1.37e-04    2.77e-03    2.67e-03    2.00e-01        2.87
   6      -305.765615638   -3.55e-06    1.12e-04    2.33e-04    5.40e-03    5.41e-03    2.00e-01        3.08
   7      -305.765617701   -2.06e-06    1.39e-04    2.61e-04    5.29e-03    5.41e-03    2.00e-01        3.02
   8      -305.765618819   -1.12e-06    8.14e-05    1.36e-04    3.96e-03    3.97e-03    2.00e-01        3.02
   9      -305.765619230   -4.10e-07    2.87e-05    5.78e-05    1.52e-03    1.92e-03    2.00e-01        2.88
  10      -305.765619713   -4.83e-07    4.95e-05    9.58e-05    1.14e-03    2.40e-03    2.00e-01        2.74
  11      -305.765620324   -6.11e-07    9.75e-05    1.91e-04    1.76e-03    4.30e-03    2.00e-01        2.90
  12      -305.765621162   -8.39e-07    1.31e-04    2.47e-04    2.85e-03    7.53e-03    2.00e-01        2.83
  13      -305.765622327   -1.16e-06    1.28e-04    2.20e-04    3.74e-03    1.09e-02    2.00e-01        2.91
  14      -305.765623425   -1.10e-06    8.39e-05    1.52e-04    3.60e-03    1.18e-02    2.00e-01        3.01
  15      -305.765624171   -7.47e-07    4.06e-05    7.42e-05    2.26e-03    7.82e-03    2.00e-01        2.89
  16      -305.765624330   -1.58e-07    2.51e-05    4.89e-05    1.27e-03    2.16e-03    2.00e-01        2.84
  17      -305.765624480   -1.51e-07    1.20e-05    2.21e-05    7.81e-04    7.00e-04    2.00e-01        2.88
 Geometry optimization stopped:          thresholds achieved

 Final energy:                        -305.765624480

 -----------
  Final XYZ 
 -----------
12
Final structure: -305.766 hartree
O            1.385124446         -1.338354771         -0.004419716
H            0.411442948         -1.487815799         -0.010059752
H            1.727748396         -1.826024132          0.749441723
O           -1.338342671         -1.385068663          0.004433512
H           -1.487852159         -0.411396838          0.010035674
H           -1.825985713         -1.727741601         -0.749424233
O           -1.385078777          1.338312658         -0.004418536
H           -0.411400693          1.487784594         -0.010011668
H           -1.727742835          1.825984299          0.749424947
O            1.338324740          1.385132589          0.004406394
H            1.487748476          0.411444919          0.010037248
H            1.826016842          1.727745744         -0.749445592

 Structure in entos input format:

  structure(
    xyz = [
      ['O'  ,          1.385124446,         -1.338354771,         -0.004419716],
      ['H'  ,          0.411442948,         -1.487815799,         -0.010059752],
      ['H'  ,          1.727748396,         -1.826024132,          0.749441723],
      ['O'  ,         -1.338342671,         -1.385068663,          0.004433512],
      ['H'  ,         -1.487852159,         -0.411396838,          0.010035674],
      ['H'  ,         -1.825985713,         -1.727741601,         -0.749424233],
      ['O'  ,         -1.385078777,          1.338312658,         -0.004418536],
      ['H'  ,         -0.411400693,          1.487784594,         -0.010011668],
      ['H'  ,         -1.727742835,          1.825984299,          0.749424947],
      ['O'  ,          1.338324740,          1.385132589,          0.004406394],
      ['H'  ,          1.487748476,          0.411444919,          0.010037248],
      ['H'  ,          1.826016842,          1.727745744,         -0.749445592]
    ]
  )

 --------------------------------
  Geometry optimization finished 
 --------------------------------
 Saving results in set 'opt'

 --------------------------------------------------------------------------------
                                 command: hessian                                
 --------------------------------------------------------------------------------

WARNING: semianalytic method is specified for dft hessian, which is not efficient. Try switching to 'method = analytic'


 -------------------------------
  Numerical Geometrical Hessian 
 -------------------------------

 Compute hessian using two-point central differentiation.
 Step size (bohr):                       0.0100

 Frequencies (including translational and rotational modes):
 mode    frequency (cm-1)
    0                0.03 i (imaginary)
    1                0.02 i (imaginary)
    2                0.02 i (imaginary)
    3               10.02
    4               10.07
    5               33.24
    6               52.49
    7               96.31
    8              216.38
    9              222.60
   10              250.16
   11              250.18
   12              268.56
   13              268.56
   14              270.98
   15              302.61
   16              420.03
   17              462.40
   18              470.10
   19              470.11
   20              777.24
   21              851.33
   22              851.33
   23             1015.96
   24             1641.26
   25             1655.74
   26             1655.74
   27             1684.99
   28             3300.01
   29             3406.87
   30             3406.87
   31             3448.86
   32             3858.42
   33             3859.02
   34             3859.02
   35             3860.02

 Project out translational and rotational motions 

 Degrees of freedom for translational and rotational motions: 6

 Vibrational frequencies:
 mode    frequency (cm-1)
    0               52.49
    1               96.31
    2              216.38
    3              222.60
    4              250.16
    5              250.18
    6              268.56
    7              268.56
    8              270.98
    9              302.61
   10              420.03
   11              462.40
   12              470.10
   13              470.10
   14              777.24
   15              851.33
   16              851.33
   17             1015.96
   18             1641.26
   19             1655.74
   20             1655.74
   21             1684.99
   22             3300.01
   23             3406.87
   24             3406.87
   25             3448.86
   26             3858.42
   27             3859.02
   28             3859.02
   29             3860.02

 --------------------------------------------------------------------------------

 End time:                               Thu Jun 10 04:56:37 2021
 Total wall-clock time:                286.566 seconds
==================================================================================
