
================================================================================
          _____________ ________ _______________ ________     _________         
         / ___________// ______ \\_____   _____// ______ \   / ________)        
        / /_________  / /      \ \     | |     / /      \ \ | (_______          
       |  __________|| |        | |    | |    | |        | | \________ \        
        \ \_________ | |        | |    | |     \ \______/ /___________) |       
         \__________||_|        |_|    |_|      \________//____________/        
                                                                                
====================================[ Qcore ]===================================

 Git hash:   15a3e7daff0cda5fa9af010ccd19a80288182ecf
 Git date:   Fri, 16 Apr 2021 15:57:16 +0100
 Compiler:   GNU 9.1.0
 Build type: Release
 Version:    1.1.0

 Start time: Thu Jun 10 04:56:37 2021

 Data directory: /work/zw18965/.local/qcore/share/entos/1.1.0/data
 Number of threads: 24
 Number of threads was determined by: command line argument

 --------------------------------------------------------------------------------
                                command: optimize                                
 --------------------------------------------------------------------------------
 Using coordinate system:                tric
 Hessian update scheme:                  bfgs

 ------------------------------------------------------------------------------------------------------------
                   energy      change    grad rms    grad max    step rms    step max       trust    time (s)
 ------------------------------------------------------------------------------------------------------------
   1      -382.209629064                2.72e-03    6.06e-03                            2.00e-01        6.68
   2      -382.209940626   -3.12e-04    1.05e-03    2.50e-03    1.40e-02    1.17e-02    2.00e-01        5.50
   3      -382.210042788   -1.02e-04    5.28e-04    9.07e-04    2.50e-02    2.19e-02    2.00e-01        5.52
   4      -382.210058107   -1.53e-05    3.12e-04    5.31e-04    1.19e-02    1.01e-02    2.00e-01        5.45
   5      -382.210065468   -7.36e-06    1.14e-04    2.61e-04    3.76e-03    2.87e-03    2.00e-01        5.19
   6      -382.210067982   -2.51e-06    5.92e-05    1.51e-04    3.58e-03    4.83e-03    2.00e-01        5.32
   7      -382.210069691   -1.71e-06    1.08e-04    2.17e-04    3.99e-03    6.19e-03    2.00e-01        5.29
   8      -382.210071082   -1.39e-06    1.01e-04    1.94e-04    4.56e-03    8.19e-03    2.00e-01        5.29
   9      -382.210071624   -5.42e-07    4.73e-05    1.14e-04    2.46e-03    4.34e-03    2.00e-01        5.17
  10      -382.210071890   -2.66e-07    1.91e-05    4.63e-05    1.15e-03    1.31e-03    2.00e-01        5.12
  11      -382.210071936   -4.66e-08    2.61e-05    5.39e-05    1.00e-03    9.83e-04    2.00e-01        5.19
 Geometry optimization stopped:          thresholds achieved

 Final energy:                        -382.210071936

 -----------
  Final XYZ 
 -----------
15
Final structure: -382.21 hartree
O            2.285506900          0.146603729          0.164250711
O            0.858408973         -2.127955521         -0.143910839
O           -1.759744130         -1.480894076          0.056061492
O           -1.943583423          1.224954143         -0.075251185
O            0.571227589          2.225061404         -0.064867146
H            1.800689331         -0.705386301          0.046466270
H           -0.104989375         -1.926271087         -0.070368007
H           -1.888090854         -0.503331663          0.037735084
H           -1.039851814          1.622453897         -0.076337949
H            1.223805078          1.491832465          0.040682072
H            2.803094134          0.051485152          0.968183658
H            0.966961902         -2.611974143         -0.967009724
H           -2.232157122         -1.802359585          0.828361713
H           -2.467256373          1.753642053          0.532228423
H            0.843204185          2.707572533         -0.850309573

 Structure in entos input format:

  structure(
    xyz = [
      ['O'  ,          2.285506900,          0.146603729,          0.164250711],
      ['O'  ,          0.858408973,         -2.127955521,         -0.143910839],
      ['O'  ,         -1.759744130,         -1.480894076,          0.056061492],
      ['O'  ,         -1.943583423,          1.224954143,         -0.075251185],
      ['O'  ,          0.571227589,          2.225061404,         -0.064867146],
      ['H'  ,          1.800689331,         -0.705386301,          0.046466270],
      ['H'  ,         -0.104989375,         -1.926271087,         -0.070368007],
      ['H'  ,         -1.888090854,         -0.503331663,          0.037735084],
      ['H'  ,         -1.039851814,          1.622453897,         -0.076337949],
      ['H'  ,          1.223805078,          1.491832465,          0.040682072],
      ['H'  ,          2.803094134,          0.051485152,          0.968183658],
      ['H'  ,          0.966961902,         -2.611974143,         -0.967009724],
      ['H'  ,         -2.232157122,         -1.802359585,          0.828361713],
      ['H'  ,         -2.467256373,          1.753642053,          0.532228423],
      ['H'  ,          0.843204185,          2.707572533,         -0.850309573]
    ]
  )

 --------------------------------
  Geometry optimization finished 
 --------------------------------
 Saving results in set 'opt'

 --------------------------------------------------------------------------------
                                 command: hessian                                
 --------------------------------------------------------------------------------

WARNING: semianalytic method is specified for dft hessian, which is not efficient. Try switching to 'method = analytic'


 -------------------------------
  Numerical Geometrical Hessian 
 -------------------------------

 Compute hessian using two-point central differentiation.
 Step size (bohr):                       0.0100

 Frequencies (including translational and rotational modes):
 mode    frequency (cm-1)
    0                7.08 i (imaginary)
    1                0.06 i (imaginary)
    2                0.04 i (imaginary)
    3                0.01
    4                6.11
    5                8.69
    6               25.50
    7               44.85
    8               67.07
    9               72.45
   10              186.25
   11              201.41
   12              212.42
   13              237.34
   14              245.29
   15              251.16
   16              279.07
   17              307.42
   18              311.10
   19              314.51
   20              432.81
   21              446.29
   22              469.96
   23              486.70
   24              543.33
   25              736.92
   26              810.47
   27              884.83
   28              905.57
   29             1004.43
   30             1643.47
   31             1654.06
   32             1665.53
   33             1683.26
   34             1691.91
   35             3249.81
   36             3345.31
   37             3354.17
   38             3404.90
   39             3413.78
   40             3856.92
   41             3858.38
   42             3860.40
   43             3861.80
   44             3863.44

 Project out translational and rotational motions 

 Degrees of freedom for translational and rotational motions: 6

 Vibrational frequencies:
 mode    frequency (cm-1)
    0               25.44
    1               44.83
    2               67.06
    3               72.37
    4              186.25
    5              201.41
    6              212.42
    7              237.34
    8              245.29
    9              251.16
   10              279.07
   11              307.42
   12              311.10
   13              314.51
   14              432.81
   15              446.28
   16              469.96
   17              486.70
   18              543.33
   19              736.92
   20              810.47
   21              884.83
   22              905.57
   23             1004.43
   24             1643.47
   25             1654.06
   26             1665.53
   27             1683.26
   28             1691.91
   29             3249.81
   30             3345.31
   31             3354.17
   32             3404.90
   33             3413.78
   34             3856.92
   35             3858.38
   36             3860.40
   37             3861.80
   38             3863.44

 --------------------------------------------------------------------------------

 End time:                               Thu Jun 10 05:05:43 2021
 Total wall-clock time:                546.171 seconds
==================================================================================
