
================================================================================
          _____________ ________ _______________ ________     _________         
         / ___________// ______ \\_____   _____// ______ \   / ________)        
        / /_________  / /      \ \     | |     / /      \ \ | (_______          
       |  __________|| |        | |    | |    | |        | | \________ \        
        \ \_________ | |        | |    | |     \ \______/ /___________) |       
         \__________||_|        |_|    |_|      \________//____________/        
                                                                                
====================================[ Qcore ]===================================

 Git hash:   15a3e7daff0cda5fa9af010ccd19a80288182ecf
 Git date:   Fri, 16 Apr 2021 15:57:16 +0100
 Compiler:   GNU 9.1.0
 Build type: Release
 Version:    1.1.0

 Start time: Thu Jun 10 05:05:43 2021

 Data directory: /work/zw18965/.local/qcore/share/entos/1.1.0/data
 Number of threads: 24
 Number of threads was determined by: command line argument

 --------------------------------------------------------------------------------
                                command: optimize                                
 --------------------------------------------------------------------------------
 Using coordinate system:                tric
 Hessian update scheme:                  bfgs

 ------------------------------------------------------------------------------------------------------------
                   energy      change    grad rms    grad max    step rms    step max       trust    time (s)
 ------------------------------------------------------------------------------------------------------------
   1      -458.653442099                2.71e-03    5.86e-03                            2.00e-01        9.60
   2      -458.653830789   -3.89e-04    1.06e-03    2.48e-03    1.51e-02    1.05e-02    2.00e-01        8.48
   3      -458.653967045   -1.36e-04    3.63e-04    6.33e-04    2.31e-02    1.98e-02    2.00e-01        8.53
   4      -458.653990539   -2.35e-05    2.65e-04    4.14e-04    1.37e-02    1.21e-02    2.00e-01        8.15
   5      -458.653996755   -6.22e-06    1.17e-04    2.49e-04    9.60e-03    7.68e-03    2.00e-01        7.88
   6      -458.653998954   -2.20e-06    5.56e-05    1.34e-04    1.66e-03    2.48e-03    2.00e-01        8.17
   7      -458.654000065   -1.11e-06    5.76e-05    1.18e-04    1.34e-03    2.50e-03    2.00e-01        8.23
   8      -458.654001220   -1.15e-06    6.43e-05    1.29e-04    2.73e-03    5.08e-03    2.00e-01        8.26
   9      -458.654001501   -2.81e-07    3.45e-05    7.84e-05    1.57e-03    2.88e-03    2.00e-01        7.97
  10      -458.654001650   -1.49e-07    9.05e-06    3.12e-05    8.36e-04    8.92e-04    2.00e-01        7.64
 Geometry optimization stopped:          thresholds achieved

 Final energy:                        -458.654001650

 -----------
  Final XYZ 
 -----------
18
Final structure: -458.654 hartree
O            0.001050886          2.684342947          0.132581272
H           -0.104348016          3.211153275          0.929123485
H           -0.842038249          2.182329769          0.024972393
O           -2.325561969         -1.342259409          0.133067331
H           -1.469639012         -1.822794996          0.028642747
H           -2.732696115         -1.695429823          0.928449786
O            2.325571042          1.342255725         -0.133067092
H            2.732699148          1.695431312         -0.928450213
H            1.469645982          1.822786965         -0.028636529
O           -0.001058424         -2.684347298         -0.132583680
H            0.842028612         -2.182331566         -0.024967336
H            0.104347820         -3.211154392         -0.929126968
O            2.322223333         -1.341363667          0.137183338
H            2.832531159         -1.514412521          0.932635016
H            2.310479212         -0.360188129          0.029623218
O           -2.322222920          1.341374152         -0.137185177
H           -2.832534333          1.514415603         -0.932636129
H           -2.310474156          0.360199052         -0.029619460

 Structure in entos input format:

  structure(
    xyz = [
      ['O'  ,          0.001050886,          2.684342947,          0.132581272],
      ['H'  ,         -0.104348016,          3.211153275,          0.929123485],
      ['H'  ,         -0.842038249,          2.182329769,          0.024972393],
      ['O'  ,         -2.325561969,         -1.342259409,          0.133067331],
      ['H'  ,         -1.469639012,         -1.822794996,          0.028642747],
      ['H'  ,         -2.732696115,         -1.695429823,          0.928449786],
      ['O'  ,          2.325571042,          1.342255725,         -0.133067092],
      ['H'  ,          2.732699148,          1.695431312,         -0.928450213],
      ['H'  ,          1.469645982,          1.822786965,         -0.028636529],
      ['O'  ,         -0.001058424,         -2.684347298,         -0.132583680],
      ['H'  ,          0.842028612,         -2.182331566,         -0.024967336],
      ['H'  ,          0.104347820,         -3.211154392,         -0.929126968],
      ['O'  ,          2.322223333,         -1.341363667,          0.137183338],
      ['H'  ,          2.832531159,         -1.514412521,          0.932635016],
      ['H'  ,          2.310479212,         -0.360188129,          0.029623218],
      ['O'  ,         -2.322222920,          1.341374152,         -0.137185177],
      ['H'  ,         -2.832534333,          1.514415603,         -0.932636129],
      ['H'  ,         -2.310474156,          0.360199052,         -0.029619460]
    ]
  )

 --------------------------------
  Geometry optimization finished 
 --------------------------------
 Saving results in set 'opt'

 --------------------------------------------------------------------------------
                                 command: hessian                                
 --------------------------------------------------------------------------------

WARNING: semianalytic method is specified for dft hessian, which is not efficient. Try switching to 'method = analytic'


 -------------------------------
  Numerical Geometrical Hessian 
 -------------------------------

 Compute hessian using two-point central differentiation.
 Step size (bohr):                       0.0100

 Frequencies (including translational and rotational modes):
 mode    frequency (cm-1)
    0                0.08 i (imaginary)
    1                0.04 i (imaginary)
    2                0.02 i (imaginary)
    3                5.14
    4                7.72
    5               10.11
    6               30.65
    7               32.89
    8               49.36
    9               51.38
   10               53.57
   11               89.49
   12              163.39
   13              193.54
   14              215.80
   15              217.05
   16              224.51
   17              224.76
   18              272.63
   19              275.15
   20              304.29
   21              312.04
   22              312.10
   23              345.62
   24              438.51
   25              458.78
   26              460.54
   27              477.63
   28              484.69
   29              486.53
   30              802.76
   31              823.60
   32              825.27
   33              919.72
   34              921.06
   35              995.94
   36             1638.08
   37             1650.00
   38             1650.26
   39             1679.56
   40             1680.05
   41             1697.27
   42             3242.81
   43             3329.25
   44             3329.48
   45             3393.00
   46             3393.22
   47             3413.30
   48             3860.73
   49             3860.81
   50             3860.89
   51             3861.39
   52             3861.46
   53             3862.11

 Project out translational and rotational motions 

 Degrees of freedom for translational and rotational motions: 6

 Vibrational frequencies:
 mode    frequency (cm-1)
    0               30.65
    1               32.89
    2               49.34
    3               51.37
    4               53.56
    5               89.49
    6              163.39
    7              193.54
    8              215.80
    9              217.05
   10              224.51
   11              224.76
   12              272.63
   13              275.15
   14              304.29
   15              312.04
   16              312.10
   17              345.62
   18              438.51
   19              458.78
   20              460.54
   21              477.63
   22              484.69
   23              486.53
   24              802.76
   25              823.60
   26              825.27
   27              919.72
   28              921.06
   29              995.94
   30             1638.08
   31             1650.00
   32             1650.26
   33             1679.56
   34             1680.05
   35             1697.27
   36             3242.81
   37             3329.25
   38             3329.48
   39             3393.00
   40             3393.22
   41             3413.30
   42             3860.73
   43             3860.81
   44             3860.89
   45             3861.39
   46             3861.46
   47             3862.11

 --------------------------------------------------------------------------------

 End time:                               Thu Jun 10 05:22:39 2021
 Total wall-clock time:               1015.737 seconds
==================================================================================
