
================================================================================
          _____________ ________ _______________ ________     _________         
         / ___________// ______ \\_____   _____// ______ \   / ________)        
        / /_________  / /      \ \     | |     / /      \ \ | (_______          
       |  __________|| |        | |    | |    | |        | | \________ \        
        \ \_________ | |        | |    | |     \ \______/ /___________) |       
         \__________||_|        |_|    |_|      \________//____________/        
                                                                                
====================================[ Qcore ]===================================

 Git hash:   15a3e7daff0cda5fa9af010ccd19a80288182ecf
 Git date:   Fri, 16 Apr 2021 15:57:16 +0100
 Compiler:   GNU 9.1.0
 Build type: Release
 Version:    1.1.0

 Start time: Thu Jun 10 05:22:39 2021

 Data directory: /work/zw18965/.local/qcore/share/entos/1.1.0/data
 Number of threads: 24
 Number of threads was determined by: command line argument

 --------------------------------------------------------------------------------
                                command: optimize                                
 --------------------------------------------------------------------------------
 Using coordinate system:                tric
 Hessian update scheme:                  bfgs

 ------------------------------------------------------------------------------------------------------------
                   energy      change    grad rms    grad max    step rms    step max       trust    time (s)
 ------------------------------------------------------------------------------------------------------------
   1      -458.655115487                2.61e-03    6.26e-03                            2.00e-01       11.34
   2      -458.655472374   -3.57e-04    1.03e-03    2.89e-03    1.42e-02    1.24e-02    2.00e-01        9.81
   3      -458.655583670   -1.11e-04    4.47e-04    8.87e-04    2.20e-02    1.85e-02    2.00e-01        9.56
   4      -458.655597225   -1.36e-05    3.32e-04    6.77e-04    1.24e-02    1.51e-02    2.00e-01        9.05
   5      -458.655612070   -1.48e-05    1.42e-04    3.23e-04    5.36e-03    6.07e-03    2.00e-01        8.77
   6      -458.655618645   -6.58e-06    8.95e-05    2.24e-04    6.42e-03    7.51e-03    2.00e-01        8.62
   7      -458.655623667   -5.02e-06    1.47e-04    3.73e-04    7.92e-03    1.05e-02    2.00e-01        8.77
   8      -458.655627086   -3.42e-06    1.12e-04    2.77e-04    7.53e-03    8.96e-03    2.00e-01        8.76
   9      -458.655628689   -1.60e-06    4.94e-05    1.05e-04    4.59e-03    4.76e-03    2.00e-01        9.07
  10      -458.655629687   -9.98e-07    4.57e-05    1.28e-04    3.35e-03    3.42e-03    2.00e-01        8.51
  11      -458.655630868   -1.18e-06    8.26e-05    2.30e-04    5.44e-03    5.11e-03    2.00e-01        8.45
  12      -458.655632474   -1.61e-06    9.96e-05    2.83e-04    8.95e-03    7.64e-03    2.00e-01        8.64
  13      -458.655633798   -1.32e-06    7.99e-05    2.08e-04    9.23e-03    8.26e-03    2.00e-01        9.22
  14      -458.655634822   -1.02e-06    4.60e-05    1.28e-04    7.63e-03    7.46e-03    2.00e-01        8.67
  15      -458.655635595   -7.74e-07    4.00e-05    8.46e-05    5.60e-03    5.76e-03    2.00e-01        8.65
  16      -458.655636238   -6.43e-07    5.12e-05    1.49e-04    4.49e-03    5.57e-03    2.00e-01        8.60
  17      -458.655636790   -5.52e-07    4.72e-05    1.29e-04    3.86e-03    5.55e-03    2.00e-01        8.69
  18      -458.655637177   -3.87e-07    2.91e-05    7.72e-05    2.93e-03    4.21e-03    2.00e-01        8.42
  19      -458.655637389   -2.12e-07    1.77e-05    4.76e-05    2.27e-03    3.05e-03    2.00e-01        8.40
  20      -458.655637461   -7.18e-08    1.37e-05    3.20e-05    1.56e-03    1.61e-03    2.00e-01        8.46
  21      -458.655637590   -1.29e-07    8.78e-06    2.05e-05    8.39e-04    9.20e-04    2.00e-01        8.51
 Geometry optimization stopped:          thresholds achieved

 Final energy:                        -458.655637590

 -----------
  Final XYZ 
 -----------
18
Final structure: -458.656 hartree
O            0.112847920          1.544919322          0.877495278
H            0.961795385          1.514428892          0.364387751
H            0.252899467          2.149696503          1.611212557
O           -0.027218766         -1.374655513          0.951208481
H           -0.041192243         -0.426567910          1.156008304
H           -0.866476616         -1.533118504          0.472198586
O           -2.309877755          1.351614428         -0.441336852
H           -1.447352636          1.526142776         -0.011347700
H           -2.308242712          1.848598847         -1.263704409
O           -2.433574807         -1.404434341         -0.449789971
H           -2.505436424         -0.428401740         -0.511465641
H           -3.234255725         -1.703140316         -0.010073861
O            2.399796790          1.207585181         -0.461366905
H            2.459074485          0.218984544         -0.500960436
H            2.507307550          1.520118480         -1.363660564
O            2.247316285         -1.465580904         -0.460045920
H            1.395036233         -1.557441404          0.039517691
H            2.886786569         -2.024655340         -0.011043389

 Structure in entos input format:

  structure(
    xyz = [
      ['O'  ,          0.112847920,          1.544919322,          0.877495278],
      ['H'  ,          0.961795385,          1.514428892,          0.364387751],
      ['H'  ,          0.252899467,          2.149696503,          1.611212557],
      ['O'  ,         -0.027218766,         -1.374655513,          0.951208481],
      ['H'  ,         -0.041192243,         -0.426567910,          1.156008304],
      ['H'  ,         -0.866476616,         -1.533118504,          0.472198586],
      ['O'  ,         -2.309877755,          1.351614428,         -0.441336852],
      ['H'  ,         -1.447352636,          1.526142776,         -0.011347700],
      ['H'  ,         -2.308242712,          1.848598847,         -1.263704409],
      ['O'  ,         -2.433574807,         -1.404434341,         -0.449789971],
      ['H'  ,         -2.505436424,         -0.428401740,         -0.511465641],
      ['H'  ,         -3.234255725,         -1.703140316,         -0.010073861],
      ['O'  ,          2.399796790,          1.207585181,         -0.461366905],
      ['H'  ,          2.459074485,          0.218984544,         -0.500960436],
      ['H'  ,          2.507307550,          1.520118480,         -1.363660564],
      ['O'  ,          2.247316285,         -1.465580904,         -0.460045920],
      ['H'  ,          1.395036233,         -1.557441404,          0.039517691],
      ['H'  ,          2.886786569,         -2.024655340,         -0.011043389]
    ]
  )

 --------------------------------
  Geometry optimization finished 
 --------------------------------
 Saving results in set 'opt'

 --------------------------------------------------------------------------------
                                 command: hessian                                
 --------------------------------------------------------------------------------

WARNING: semianalytic method is specified for dft hessian, which is not efficient. Try switching to 'method = analytic'


 -------------------------------
  Numerical Geometrical Hessian 
 -------------------------------

 Compute hessian using two-point central differentiation.
 Step size (bohr):                       0.0100

 Frequencies (including translational and rotational modes):
 mode    frequency (cm-1)
    0                4.65 i (imaginary)
    1                0.09 i (imaginary)
    2                0.03 i (imaginary)
    3                0.07
    4                3.39
    5                8.69
    6               30.51
    7               40.94
    8               58.47
    9               76.28
   10               95.05
   11              153.76
   12              188.68
   13              205.11
   14              209.56
   15              239.87
   16              257.56
   17              262.00
   18              264.91
   19              288.36
   20              301.41
   21              309.40
   22              322.93
   23              402.26
   24              419.36
   25              461.56
   26              476.78
   27              500.96
   28              562.78
   29              629.05
   30              749.38
   31              779.11
   32              860.23
   33              880.49
   34              931.98
   35             1047.97
   36             1635.10
   37             1647.57
   38             1650.97
   39             1667.86
   40             1682.05
   41             1712.26
   42             3178.15
   43             3269.92
   44             3325.74
   45             3443.78
   46             3512.25
   47             3526.42
   48             3688.87
   49             3856.25
   50             3858.84
   51             3859.23
   52             3860.26
   53             3862.64

 Project out translational and rotational motions 

 Degrees of freedom for translational and rotational motions: 6

 Vibrational frequencies:
 mode    frequency (cm-1)
    0               30.49
    1               40.92
    2               58.44
    3               76.28
    4               95.04
    5              153.76
    6              188.68
    7              205.11
    8              209.55
    9              239.87
   10              257.56
   11              262.00
   12              264.91
   13              288.36
   14              301.41
   15              309.39
   16              322.93
   17              402.26
   18              419.36
   19              461.56
   20              476.78
   21              500.96
   22              562.78
   23              629.05
   24              749.38
   25              779.11
   26              860.23
   27              880.49
   28              931.98
   29             1047.97
   30             1635.10
   31             1647.57
   32             1650.97
   33             1667.86
   34             1682.05
   35             1712.26
   36             3178.15
   37             3269.92
   38             3325.74
   39             3443.78
   40             3512.25
   41             3526.42
   42             3688.87
   43             3856.25
   44             3858.84
   45             3859.23
   46             3860.26
   47             3862.64

 --------------------------------------------------------------------------------

 End time:                               Thu Jun 10 05:42:31 2021
 Total wall-clock time:               1192.133 seconds
==================================================================================
