
================================================================================
          _____________ ________ _______________ ________     _________         
         / ___________// ______ \\_____   _____// ______ \   / ________)        
        / /_________  / /      \ \     | |     / /      \ \ | (_______          
       |  __________|| |        | |    | |    | |        | | \________ \        
        \ \_________ | |        | |    | |     \ \______/ /___________) |       
         \__________||_|        |_|    |_|      \________//____________/        
                                                                                
====================================[ Qcore ]===================================

 Git hash:   15a3e7daff0cda5fa9af010ccd19a80288182ecf
 Git date:   Fri, 16 Apr 2021 15:57:16 +0100
 Compiler:   GNU 9.1.0
 Build type: Release
 Version:    1.1.0

 Start time: Thu Jun 10 05:42:31 2021

 Data directory: /work/zw18965/.local/qcore/share/entos/1.1.0/data
 Number of threads: 24
 Number of threads was determined by: command line argument

 --------------------------------------------------------------------------------
                                command: optimize                                
 --------------------------------------------------------------------------------
 Using coordinate system:                tric
 Hessian update scheme:                  bfgs

 ------------------------------------------------------------------------------------------------------------
                   energy      change    grad rms    grad max    step rms    step max       trust    time (s)
 ------------------------------------------------------------------------------------------------------------
   1      -458.655470283                2.46e-03    4.65e-03                            2.00e-01       12.03
   2      -458.655774971   -3.05e-04    8.85e-04    2.16e-03    1.27e-02    9.89e-03    2.00e-01       10.26
   3      -458.655845064   -7.01e-05    5.19e-04    1.87e-03    1.99e-02    1.67e-02    2.00e-01        9.82
   4      -458.655865944   -2.09e-05    2.79e-04    4.97e-04    1.01e-02    1.07e-02    2.00e-01        9.41
   5      -458.655874815   -8.87e-06    9.38e-05    3.02e-04    4.43e-03    4.88e-03    2.00e-01        9.68
   6      -458.655879905   -5.09e-06    8.91e-05    1.99e-04    5.34e-03    6.10e-03    2.00e-01        9.20
   7      -458.655883843   -3.94e-06    1.16e-04    2.86e-04    6.97e-03    8.99e-03    2.00e-01        8.85
   8      -458.655886384   -2.54e-06    8.13e-05    2.49e-04    6.34e-03    9.26e-03    2.00e-01        9.95
   9      -458.655887531   -1.15e-06    4.40e-05    1.40e-04    3.37e-03    5.59e-03    2.00e-01        9.01
  10      -458.655888355   -8.24e-07    4.31e-05    1.01e-04    2.58e-03    5.87e-03    2.00e-01        9.12
  11      -458.655889062   -7.07e-07    5.00e-05    1.38e-04    2.81e-03    6.50e-03    2.00e-01        9.30
  12      -458.655889737   -6.75e-07    4.79e-05    1.31e-04    3.50e-03    7.90e-03    2.00e-01        9.37
  13      -458.655890294   -5.56e-07    4.16e-05    1.21e-04    3.52e-03    7.41e-03    2.00e-01        9.78
  14      -458.655890782   -4.89e-07    3.95e-05    1.05e-04    3.64e-03    6.95e-03    2.00e-01        9.93
  15      -458.655891228   -4.45e-07    3.72e-05    1.01e-04    3.36e-03    6.48e-03    2.00e-01        9.21
  16      -458.655891604   -3.77e-07    2.91e-05    8.24e-05    2.83e-03    6.09e-03    2.00e-01        9.02
  17      -458.655891850   -2.46e-07    2.47e-05    7.28e-05    1.97e-03    4.69e-03    2.00e-01        9.03
  18      -458.655892020   -1.70e-07    2.46e-05    7.89e-05    1.57e-03    4.09e-03    2.00e-01        9.04
  19      -458.655892183   -1.63e-07    2.50e-05    5.87e-05    1.66e-03    4.88e-03    2.00e-01        9.22
  20      -458.655892391   -2.08e-07    2.51e-05    7.61e-05    1.88e-03    6.18e-03    2.00e-01        9.08
  21      -458.655892723   -3.32e-07    2.68e-05    6.64e-05    1.96e-03    7.28e-03    2.00e-01        9.30
  22      -458.655892962   -2.40e-07    3.00e-05    1.10e-04    1.82e-03    7.99e-03    2.00e-01        9.43
  23      -458.655893280   -3.18e-07    3.25e-05    1.18e-04    1.71e-03    9.23e-03    2.00e-01        9.88
  24      -458.655893795   -5.15e-07    3.38e-05    8.06e-05    1.66e-03    1.10e-02    2.00e-01       10.02
  25      -458.655894316   -5.21e-07    3.91e-05    9.34e-05    2.00e-03    1.46e-02    2.00e-01        9.62
  26      -458.655895094   -7.78e-07    5.08e-05    1.38e-04    2.65e-03    1.99e-02    2.00e-01       10.06
  27      -458.655896233   -1.14e-06    6.22e-05    2.09e-04    3.59e-03    2.56e-02    2.00e-01        9.95
  28      -458.655897494   -1.26e-06    6.36e-05    2.13e-04    4.56e-03    2.95e-02    2.00e-01        9.54
  29      -458.655898838   -1.34e-06    5.30e-05    1.33e-04    5.01e-03    2.88e-02    2.00e-01        9.97
  30      -458.655900221   -1.38e-06    4.30e-05    1.30e-04    4.50e-03    2.31e-02    2.00e-01        9.73
  31      -458.655901073   -8.52e-07    3.85e-05    1.12e-04    3.17e-03    1.45e-02    2.00e-01        9.65
  32      -458.655901455   -3.82e-07    2.81e-05    9.58e-05    1.88e-03    8.07e-03    2.00e-01        9.50
  33      -458.655901737   -2.82e-07    1.57e-05    4.38e-05    1.16e-03    3.89e-03    2.00e-01        9.13
  34      -458.655901873   -1.36e-07    1.54e-05    4.68e-05    1.12e-03    3.24e-03    2.00e-01        9.26
  35      -458.655902118   -2.45e-07    2.88e-05    1.12e-04    1.68e-03    4.59e-03    2.00e-01        9.53
  36      -458.655902514   -3.96e-07    4.46e-05    1.74e-04    2.79e-03    8.75e-03    2.00e-01        9.68
  37      -458.655903205   -6.91e-07    5.56e-05    1.97e-04    4.51e-03    1.60e-02    2.00e-01        9.68
  38      -458.655904227   -1.02e-06    5.65e-05    1.51e-04    6.81e-03    2.76e-02    2.00e-01        9.88
  39      -458.655905988   -1.76e-06    5.10e-05    1.28e-04    9.74e-03    4.36e-02    2.00e-01       10.04
  40      -458.655908542   -2.55e-06    6.76e-05    1.79e-04    1.40e-02    6.90e-02    2.00e-01       10.73
  41      -458.655912697   -4.15e-06    1.26e-04    4.43e-04    2.24e-02    1.17e-01    2.00e-01       10.48
  42      -458.655917445   -4.75e-06    1.58e-04    5.14e-04    1.61e-02    7.66e-02    2.00e-01        9.91
  43      -458.655923284   -5.84e-06    1.35e-04    3.78e-04    9.23e-03    6.44e-02    2.00e-01        9.92
  44      -458.655928404   -5.12e-06    8.96e-05    2.73e-04    7.92e-03    5.06e-02    2.00e-01       10.28
  45      -458.655930857   -2.45e-06    1.09e-04    4.21e-04    1.21e-02    3.17e-02    2.00e-01        9.78
  46      -458.655931981   -1.12e-06    1.56e-04    5.07e-04    1.01e-02    9.27e-02    2.00e-01       10.41
  47      -458.655935662   -3.68e-06    8.55e-05    2.77e-04    6.88e-03    6.76e-02    2.00e-01        9.83
  48      -458.655937626   -1.96e-06    4.68e-05    1.01e-04    3.51e-03    1.83e-02    2.00e-01        9.47
  49      -458.655940398   -2.77e-06    6.52e-05    2.64e-04    7.07e-03    1.98e-02    2.00e-01        9.48
  50      -458.655942190   -1.79e-06    8.53e-05    3.84e-04    5.04e-03    1.69e-02    2.00e-01        9.48
  51      -458.655945149   -2.96e-06    9.15e-05    4.06e-04    8.78e-03    2.64e-02    2.00e-01        9.98
  52      -458.655948159   -3.01e-06    7.86e-05    2.64e-04    1.13e-02    2.05e-02    2.00e-01       10.11
  53      -458.655950881   -2.72e-06    6.27e-05    1.91e-04    1.28e-02    2.57e-02    2.00e-01        9.96
  54      -458.655952269   -1.39e-06    4.76e-05    1.20e-04    7.33e-03    1.81e-02    2.00e-01        9.35
  55      -458.655952738   -4.69e-07    2.90e-05    1.08e-04    2.68e-03    1.37e-02    2.00e-01        9.35
  56      -458.655953021   -2.83e-07    2.05e-05    5.19e-05    2.21e-03    1.10e-02    2.00e-01        9.66
  57      -458.655953231   -2.10e-07    2.45e-05    6.91e-05    1.85e-03    4.50e-03    2.00e-01        9.54
  58      -458.655953496   -2.66e-07    2.53e-05    6.91e-05    2.88e-03    5.64e-03    2.00e-01        9.48
  59      -458.655953769   -2.73e-07    1.80e-05    5.91e-05    1.88e-03    6.86e-03    2.00e-01        9.59
  60      -458.655953836   -6.67e-08    1.10e-05    3.31e-05    1.77e-03    4.44e-03    2.00e-01        9.09
  61      -458.655953952   -1.16e-07    1.15e-05    3.50e-05    8.31e-04    4.46e-03    2.00e-01        9.18
  62      -458.655954031   -7.94e-08    1.10e-05    3.25e-05    5.15e-04    1.92e-03    2.00e-01        9.01
  63      -458.655954072   -4.05e-08    1.09e-05    2.94e-05    6.60e-04    2.23e-03    2.00e-01        9.13
  64      -458.655954311   -2.40e-07    1.90e-05    5.98e-05    6.61e-04    4.57e-03    2.00e-01        8.81
  65      -458.655954646   -3.34e-07    3.78e-05    1.32e-04    8.89e-04    1.08e-02    2.00e-01        9.52
  66      -458.655955287   -6.41e-07    5.99e-05    2.08e-04    1.31e-03    2.09e-02    2.00e-01        9.35
  67      -458.655956017   -7.30e-07    7.04e-05    2.34e-04    2.11e-03    3.33e-02    2.00e-01        9.43
  68      -458.655956768   -7.51e-07    5.05e-05    1.54e-04    2.41e-03    2.97e-02    2.00e-01        9.58
  69      -458.655957125   -3.57e-07    1.82e-05    5.18e-05    1.61e-03    8.84e-03    2.00e-01        9.43
  70      -458.655957167   -4.17e-08    6.32e-06    1.52e-05    7.18e-04    3.57e-03    2.00e-01        9.15
Rejecting step due to low quality: Quality: -4.37725 New trust radius: 0.000174458
  71      -458.655957122    4.50e-08    6.32e-06    1.52e-05    3.49e-04    1.87e-03    1.74e-04        8.94
  72      -458.655957188   -2.09e-08    5.19e-06    1.59e-05    1.74e-04    9.37e-04    2.47e-04        8.71
 Geometry optimization stopped:          thresholds achieved

 Final energy:                        -458.655957188

 -----------
  Final XYZ 
 -----------
18
Final structure: -458.656 hartree
O            1.050525990         -1.567139732         -0.553128041
H            1.801472929         -0.954805863         -0.372227810
H            1.427817502         -2.390544930         -0.873788180
O           -0.820995752          0.381076338         -1.610780253
H           -0.241550282         -0.393808202         -1.527651197
H           -1.662666245          0.103842196         -1.195718757
O            0.368918309          1.786861989          0.304359531
H           -0.122128809          1.388317227         -0.468301633
H            0.171176904          2.727124388          0.311161198
O           -0.594006144         -0.644833404          1.654487326
H           -0.043039401         -1.162113120          1.043591545
H           -0.291866041          0.267073498          1.519309825
O            2.746939944          0.457054936          0.054383756
H            2.009553270          1.093136070          0.181025913
H            3.228425732          0.437109829          0.886239326
O           -2.858038476         -0.353798629          0.118940158
H           -2.174028393         -0.556070440          0.795004624
H           -3.496521039         -1.070863143          0.143281671

 Structure in entos input format:

  structure(
    xyz = [
      ['O'  ,          1.050525990,         -1.567139732,         -0.553128041],
      ['H'  ,          1.801472929,         -0.954805863,         -0.372227810],
      ['H'  ,          1.427817502,         -2.390544930,         -0.873788180],
      ['O'  ,         -0.820995752,          0.381076338,         -1.610780253],
      ['H'  ,         -0.241550282,         -0.393808202,         -1.527651197],
      ['H'  ,         -1.662666245,          0.103842196,         -1.195718757],
      ['O'  ,          0.368918309,          1.786861989,          0.304359531],
      ['H'  ,         -0.122128809,          1.388317227,         -0.468301633],
      ['H'  ,          0.171176904,          2.727124388,          0.311161198],
      ['O'  ,         -0.594006144,         -0.644833404,          1.654487326],
      ['H'  ,         -0.043039401,         -1.162113120,          1.043591545],
      ['H'  ,         -0.291866041,          0.267073498,          1.519309825],
      ['O'  ,          2.746939944,          0.457054936,          0.054383756],
      ['H'  ,          2.009553270,          1.093136070,          0.181025913],
      ['H'  ,          3.228425732,          0.437109829,          0.886239326],
      ['O'  ,         -2.858038476,         -0.353798629,          0.118940158],
      ['H'  ,         -2.174028393,         -0.556070440,          0.795004624],
      ['H'  ,         -3.496521039,         -1.070863143,          0.143281671]
    ]
  )

 --------------------------------
  Geometry optimization finished 
 --------------------------------
 Saving results in set 'opt'

 --------------------------------------------------------------------------------
                                 command: hessian                                
 --------------------------------------------------------------------------------

WARNING: semianalytic method is specified for dft hessian, which is not efficient. Try switching to 'method = analytic'


 -------------------------------
  Numerical Geometrical Hessian 
 -------------------------------

 Compute hessian using two-point central differentiation.
 Step size (bohr):                       0.0100

 Frequencies (including translational and rotational modes):
 mode    frequency (cm-1)
    0                0.04 i (imaginary)
    1                0.04 i (imaginary)
    2                0.03 i (imaginary)
    3               14.51
    4               17.63
    5               24.99
    6               50.53
    7               64.63
    8               84.27
    9              112.39
   10              122.92
   11              152.54
   12              191.81
   13              206.52
   14              219.99
   15              235.23
   16              241.99
   17              252.93
   18              254.96
   19              271.44
   20              297.44
   21              309.99
   22              410.45
   23              423.61
   24              463.84
   25              481.56
   26              493.13
   27              563.13
   28              592.05
   29              666.70
   30              717.69
   31              758.99
   32              821.43
   33              831.66
   34              896.22
   35             1028.59
   36             1643.54
   37             1653.14
   38             1663.90
   39             1679.60
   40             1691.04
   41             1707.45
   42             3126.06
   43             3361.98
   44             3420.15
   45             3466.70
   46             3534.07
   47             3645.61
   48             3677.95
   49             3712.23
   50             3855.31
   51             3859.13
   52             3861.54
   53             3867.16

 Project out translational and rotational motions 

 Degrees of freedom for translational and rotational motions: 6

 Vibrational frequencies:
 mode    frequency (cm-1)
    0               50.35
    1               64.47
    2               84.23
    3              112.37
    4              122.87
    5              152.54
    6              191.81
    7              206.52
    8              219.99
    9              235.23
   10              241.99
   11              252.93
   12              254.96
   13              271.43
   14              297.44
   15              309.99
   16              410.45
   17              423.61
   18              463.84
   19              481.56
   20              493.13
   21              563.13
   22              592.05
   23              666.70
   24              717.69
   25              758.99
   26              821.43
   27              831.66
   28              896.22
   29             1028.59
   30             1643.54
   31             1653.14
   32             1663.90
   33             1679.60
   34             1691.04
   35             1707.45
   36             3126.06
   37             3361.98
   38             3420.15
   39             3466.70
   40             3534.07
   41             3645.61
   42             3677.95
   43             3712.23
   44             3855.31
   45             3859.13
   46             3861.54
   47             3867.16

 --------------------------------------------------------------------------------

 End time:                               Thu Jun 10 06:11:48 2021
 Total wall-clock time:               1757.202 seconds
==================================================================================
