
================================================================================
          _____________ ________ _______________ ________     _________         
         / ___________// ______ \\_____   _____// ______ \   / ________)        
        / /_________  / /      \ \     | |     / /      \ \ | (_______          
       |  __________|| |        | |    | |    | |        | | \________ \        
        \ \_________ | |        | |    | |     \ \______/ /___________) |       
         \__________||_|        |_|    |_|      \________//____________/        
                                                                                
====================================[ Qcore ]===================================

 Git hash:   15a3e7daff0cda5fa9af010ccd19a80288182ecf
 Git date:   Fri, 16 Apr 2021 15:57:16 +0100
 Compiler:   GNU 9.1.0
 Build type: Release
 Version:    1.1.0

 Start time: Thu Jun 10 06:11:49 2021

 Data directory: /work/zw18965/.local/qcore/share/entos/1.1.0/data
 Number of threads: 24
 Number of threads was determined by: command line argument

 --------------------------------------------------------------------------------
                                command: optimize                                
 --------------------------------------------------------------------------------
 Using coordinate system:                tric
 Hessian update scheme:                  bfgs

 ------------------------------------------------------------------------------------------------------------
                   energy      change    grad rms    grad max    step rms    step max       trust    time (s)
 ------------------------------------------------------------------------------------------------------------
   1      -458.655391331                2.36e-03    6.18e-03                            2.00e-01       12.33
   2      -458.655668249   -2.77e-04    7.96e-04    2.85e-03    1.13e-02    9.74e-03    2.00e-01       10.53
   3      -458.655724701   -5.65e-05    4.21e-04    1.18e-03    1.53e-02    1.64e-02    2.00e-01       10.68
   4      -458.655738312   -1.36e-05    2.31e-04    4.86e-04    7.45e-03    8.53e-03    2.00e-01       10.10
   5      -458.655744151   -5.84e-06    7.93e-05    2.74e-04    3.46e-03    3.71e-03    2.00e-01        9.84
   6      -458.655747100   -2.95e-06    6.70e-05    1.76e-04    4.72e-03    4.38e-03    2.00e-01        9.78
   7      -458.655748284   -1.18e-06    6.73e-05    1.50e-04    3.58e-03    3.61e-03    2.00e-01       10.06
   8      -458.655749307   -1.02e-06    4.32e-05    1.25e-04    4.51e-03    5.09e-03    2.00e-01        9.91
   9      -458.655749835   -5.28e-07    3.93e-05    1.10e-04    3.11e-03    3.67e-03    2.00e-01        9.34
  10      -458.655750214   -3.80e-07    3.82e-05    9.87e-05    2.36e-03    2.93e-03    2.00e-01        9.33
  11      -458.655750571   -3.57e-07    2.40e-05    8.25e-05    2.33e-03    3.00e-03    2.00e-01        9.27
  12      -458.655750747   -1.76e-07    1.64e-05    3.76e-05    1.37e-03    1.88e-03    2.00e-01        9.27
  13      -458.655750922   -1.75e-07    2.36e-05    5.98e-05    1.48e-03    2.23e-03    2.00e-01        9.42
  14      -458.655751100   -1.78e-07    3.41e-05    1.01e-04    1.89e-03    3.32e-03    2.00e-01        9.20
  15      -458.655751608   -5.09e-07    4.13e-05    1.43e-04    2.89e-03    5.98e-03    2.00e-01        9.98
  16      -458.655752140   -5.31e-07    4.42e-05    1.47e-04    4.38e-03    1.05e-02    2.00e-01       10.15
  17      -458.655753176   -1.04e-06    5.30e-05    1.33e-04    6.37e-03    1.74e-02    2.00e-01        9.83
  18      -458.655754626   -1.45e-06    8.03e-05    2.18e-04    8.63e-03    2.65e-02    2.00e-01       10.28
  19      -458.655757143   -2.52e-06    1.14e-04    3.02e-04    8.62e-03    3.04e-02    2.00e-01       10.42
  20      -458.655761563   -4.42e-06    1.45e-04    4.28e-04    8.70e-03    3.69e-02    2.00e-01       10.21
  21      -458.655767672   -6.11e-06    1.45e-04    4.45e-04    7.99e-03    3.47e-02    2.00e-01       10.82
  22      -458.655774484   -6.81e-06    1.17e-04    3.48e-04    7.56e-03    4.89e-02    2.00e-01       10.45
  23      -458.655781424   -6.94e-06    1.11e-04    3.83e-04    7.58e-03    3.85e-02    2.00e-01       10.48
  24      -458.655785252   -3.83e-06    1.16e-04    3.93e-04    7.79e-03    5.69e-02    2.00e-01       10.44
  25      -458.655789105   -3.85e-06    1.04e-04    3.00e-04    8.61e-03    1.10e-02    2.00e-01       10.44
  26      -458.655792181   -3.08e-06    7.89e-05    1.79e-04    3.01e-03    1.45e-02    2.00e-01       10.21
  27      -458.655798191   -6.01e-06    1.17e-04    3.32e-04    9.25e-03    4.04e-02    2.00e-01       10.67
  28      -458.655800827   -2.64e-06    1.12e-04    2.86e-04    5.37e-03    2.32e-02    2.00e-01       10.76
  29      -458.655804359   -3.53e-06    5.74e-05    1.51e-04    8.13e-03    3.88e-02    2.00e-01       10.57
  30      -458.655805969   -1.61e-06    3.77e-05    9.61e-05    4.16e-03    2.63e-02    2.00e-01       10.02
  31      -458.655807320   -1.35e-06    5.61e-05    1.35e-04    3.45e-03    2.76e-02    2.00e-01       10.08
  32      -458.655808279   -9.59e-07    5.49e-05    1.50e-04    3.27e-03    2.63e-02    2.00e-01       10.25
  33      -458.655809029   -7.50e-07    3.69e-05    1.08e-04    3.41e-03    2.53e-02    2.00e-01       10.63
  34      -458.655809763   -7.33e-07    2.98e-05    7.42e-05    3.58e-03    2.05e-02    2.00e-01       10.10
  35      -458.655810309   -5.46e-07    3.89e-05    8.13e-05    3.52e-03    1.78e-02    2.00e-01        9.94
  36      -458.655810730   -4.21e-07    4.22e-05    1.38e-04    3.78e-03    6.88e-03    2.00e-01       10.42
  37      -458.655810871   -1.41e-07    2.58e-05    8.06e-05    2.71e-03    1.32e-02    2.00e-01       10.21
  38      -458.655811110   -2.39e-07    1.41e-05    4.44e-05    1.21e-03    1.03e-02    2.00e-01        9.97
  39      -458.655811127   -1.65e-08    1.22e-05    2.64e-05    7.18e-04    1.40e-03    2.00e-01        9.55
  40      -458.655811277   -1.50e-07    1.60e-05    4.32e-05    1.36e-03    2.45e-03    2.00e-01        9.61
  41      -458.655811401   -1.24e-07    1.57e-05    3.66e-05    1.38e-03    2.89e-03    2.00e-01        9.65
  42      -458.655811504   -1.03e-07    1.32e-05    3.41e-05    2.07e-03    3.19e-03    2.00e-01        9.83
  43      -458.655811539   -3.49e-08    1.36e-05    3.33e-05    1.79e-03    2.63e-03    2.00e-01        9.56
  44      -458.655811675   -1.36e-07    1.41e-05    3.96e-05    1.53e-03    3.42e-03    2.00e-01        9.91
  45      -458.655811731   -5.56e-08    1.21e-05    3.41e-05    1.02e-03    2.56e-03    2.00e-01        8.93
  46      -458.655811805   -7.41e-08    9.41e-06    2.15e-05    7.42e-04    1.79e-03    2.00e-01        9.59
  47      -458.655811813   -7.96e-09    9.73e-06    2.07e-05    5.76e-04    1.64e-03    2.88e-04        9.44
  48      -458.655811891   -7.85e-08    1.10e-05    2.82e-05    2.88e-04    1.18e-03    4.07e-04        8.92
 Geometry optimization stopped:          thresholds achieved

 Final energy:                        -458.655811891

 -----------
  Final XYZ 
 -----------
18
Final structure: -458.656 hartree
O           -1.646799079         -0.003006799          1.264200161
H           -0.778637536         -0.422053024          1.528631708
H           -2.261565375         -0.133744843          1.990666771
O           -1.583367373         -0.483605826         -1.448903596
H           -1.828611061         -0.463354811         -0.501346655
H           -2.319534538         -0.879640001         -1.922982786
O           -0.480921375          2.019169918         -0.387492171
H           -0.958419168          1.623686619          0.360915694
H           -0.822355646          1.520587296         -1.143354026
O            0.753423347         -1.041649323          1.663615920
H            0.854533065         -1.500584328          0.802189810
H            1.356181841         -0.290072822          1.556102461
O            1.073808577         -1.568560212         -1.047853085
H            0.198468813         -1.296487599         -1.369549865
H            1.587452863         -0.747075620         -1.006328878
O            2.013471917          0.996127220          0.019977645
H            1.175380087          1.485831341         -0.150263724
H            2.729727642          1.628694840         -0.079664373

 Structure in entos input format:

  structure(
    xyz = [
      ['O'  ,         -1.646799079,         -0.003006799,          1.264200161],
      ['H'  ,         -0.778637536,         -0.422053024,          1.528631708],
      ['H'  ,         -2.261565375,         -0.133744843,          1.990666771],
      ['O'  ,         -1.583367373,         -0.483605826,         -1.448903596],
      ['H'  ,         -1.828611061,         -0.463354811,         -0.501346655],
      ['H'  ,         -2.319534538,         -0.879640001,         -1.922982786],
      ['O'  ,         -0.480921375,          2.019169918,         -0.387492171],
      ['H'  ,         -0.958419168,          1.623686619,          0.360915694],
      ['H'  ,         -0.822355646,          1.520587296,         -1.143354026],
      ['O'  ,          0.753423347,         -1.041649323,          1.663615920],
      ['H'  ,          0.854533065,         -1.500584328,          0.802189810],
      ['H'  ,          1.356181841,         -0.290072822,          1.556102461],
      ['O'  ,          1.073808577,         -1.568560212,         -1.047853085],
      ['H'  ,          0.198468813,         -1.296487599,         -1.369549865],
      ['H'  ,          1.587452863,         -0.747075620,         -1.006328878],
      ['O'  ,          2.013471917,          0.996127220,          0.019977645],
      ['H'  ,          1.175380087,          1.485831341,         -0.150263724],
      ['H'  ,          2.729727642,          1.628694840,         -0.079664373]
    ]
  )

 --------------------------------
  Geometry optimization finished 
 --------------------------------
 Saving results in set 'opt'

 --------------------------------------------------------------------------------
                                 command: hessian                                
 --------------------------------------------------------------------------------

WARNING: semianalytic method is specified for dft hessian, which is not efficient. Try switching to 'method = analytic'


 -------------------------------
  Numerical Geometrical Hessian 
 -------------------------------

 Compute hessian using two-point central differentiation.
 Step size (bohr):                       0.0100

 Frequencies (including translational and rotational modes):
 mode    frequency (cm-1)
    0                3.43 i (imaginary)
    1                0.04 i (imaginary)
    2                0.03 i (imaginary)
    3                0.18
    4               11.72
    5               14.14
    6               65.57
    7               77.04
    8               83.47
    9               91.14
   10              100.43
   11              148.44
   12              173.83
   13              182.08
   14              217.81
   15              228.94
   16              245.43
   17              254.43
   18              280.13
   19              295.15
   20              301.91
   21              375.77
   22              395.16
   23              441.78
   24              456.10
   25              487.59
   26              517.40
   27              553.52
   28              573.80
   29              636.82
   30              660.77
   31              706.56
   32              745.56
   33              853.77
   34              899.46
   35             1049.90
   36             1638.64
   37             1650.08
   38             1659.05
   39             1680.24
   40             1696.13
   41             1716.54
   42             3106.04
   43             3373.45
   44             3483.13
   45             3505.83
   46             3646.82
   47             3661.78
   48             3711.50
   49             3728.20
   50             3758.13
   51             3860.66
   52             3861.41
   53             3862.53

 Project out translational and rotational motions 

 Degrees of freedom for translational and rotational motions: 6

 Vibrational frequencies:
 mode    frequency (cm-1)
    0               65.47
    1               77.02
    2               83.43
    3               91.01
    4              100.43
    5              148.42
    6              173.83
    7              182.08
    8              217.81
    9              228.94
   10              245.43
   11              254.43
   12              280.12
   13              295.15
   14              301.91
   15              375.77
   16              395.15
   17              441.78
   18              456.09
   19              487.59
   20              517.39
   21              553.52
   22              573.80
   23              636.81
   24              660.77
   25              706.56
   26              745.56
   27              853.77
   28              899.46
   29             1049.90
   30             1638.64
   31             1650.08
   32             1659.05
   33             1680.24
   34             1696.13
   35             1716.54
   36             3106.04
   37             3373.45
   38             3483.13
   39             3505.83
   40             3646.82
   41             3661.78
   42             3711.50
   43             3728.20
   44             3758.13
   45             3860.66
   46             3861.41
   47             3862.53

 --------------------------------------------------------------------------------

 End time:                               Thu Jun 10 06:37:53 2021
 Total wall-clock time:               1564.564 seconds
==================================================================================
