
================================================================================
          _____________ ________ _______________ ________     _________         
         / ___________// ______ \\_____   _____// ______ \   / ________)        
        / /_________  / /      \ \     | |     / /      \ \ | (_______          
       |  __________|| |        | |    | |    | |        | | \________ \        
        \ \_________ | |        | |    | |     \ \______/ /___________) |       
         \__________||_|        |_|    |_|      \________//____________/        
                                                                                
====================================[ Qcore ]===================================

 Git hash:   15a3e7daff0cda5fa9af010ccd19a80288182ecf
 Git date:   Fri, 16 Apr 2021 15:57:16 +0100
 Compiler:   GNU 9.1.0
 Build type: Release
 Version:    1.1.0

 Start time: Thu Jun 10 04:48:49 2021

 Data directory: /work/zw18965/.local/qcore/share/entos/1.1.0/data
 Number of threads: 24
 Number of threads was determined by: command line argument
  - More threads can be used by running 'qcore -n 32'

 --------------------------------------------------------------------------------
                                command: optimize                                
 --------------------------------------------------------------------------------
 Using coordinate system:                tric
 Hessian update scheme:                  bfgs

 ------------------------------------------------------------------------------------------------------------
                   energy      change    grad rms    grad max    step rms    step max       trust    time (s)
 ------------------------------------------------------------------------------------------------------------
   1       -76.113509622                5.54e-02    1.04e-01                            2.00e-01        0.61
   2       -76.173874726   -6.04e-02    6.06e-02    1.05e-01    2.00e-01    2.17e-01    2.83e-01        0.29
   3       -76.155551166    1.83e-02    5.19e-02    9.71e-02    2.83e-01    2.65e-01    4.00e-01        0.25
   4       -76.223050759   -6.75e-02    6.62e-02    1.15e-01    4.00e-01    4.62e-01    5.66e-01        0.29
   5       -76.313430419   -9.04e-02    8.38e-02    1.88e-01    5.66e-01    6.82e-01    6.00e-01        0.32
   6       -76.364970120   -5.15e-02    5.79e-02    1.24e-01    6.00e-01    7.32e-01    6.00e-01        0.33
   7       -76.421060796   -5.61e-02    4.30e-02    1.05e-01    3.30e-01    3.61e-01    6.00e-01        0.32
   8       -76.430370504   -9.31e-03    4.26e-02    8.72e-02    2.75e-01    3.53e-01    6.00e-01        0.33
   9       -76.437013285   -6.64e-03    9.10e-03    2.01e-02    8.77e-02    8.37e-02    6.00e-01        0.31
  10       -76.436354340    6.59e-04    2.24e-02    5.00e-02    7.97e-02    9.87e-02    3.99e-02        0.30
  11       -76.437282696   -9.28e-04    1.30e-02    2.72e-02    3.99e-02    4.90e-02    3.99e-02        0.32
  12       -76.438293608   -1.01e-03    1.64e-03    3.29e-03    3.99e-02    4.20e-02    5.64e-02        0.31
  13       -76.438311233   -1.76e-05    4.41e-05    9.51e-05    6.61e-03    8.30e-03    5.64e-02        0.28
  14       -76.438311248   -1.49e-08    8.38e-06    1.63e-05    2.50e-04    2.93e-04    5.64e-02        0.26
 Geometry optimization stopped:          thresholds achieved

 Final energy:                         -76.438311248

 -----------
  Final XYZ 
 -----------
3
Final structure: -76.4383 hartree
O           -0.000000018         -0.002655177         -0.228961201
H            0.000000066         -0.762988545         -0.815337776
H           -0.000000047          0.765643722         -0.804849344

 Structure in entos input format:

  structure(
    xyz = [
      ['O'  ,         -0.000000018,         -0.002655177,         -0.228961201],
      ['H'  ,          0.000000066,         -0.762988545,         -0.815337776],
      ['H'  ,         -0.000000047,          0.765643722,         -0.804849344]
    ]
  )

 --------------------------------
  Geometry optimization finished 
 --------------------------------
 Saving results in set 'opt'

 --------------------------------------------------------------------------------
                                 command: hessian                                
 --------------------------------------------------------------------------------

WARNING: semianalytic method is specified for dft hessian, which is not efficient. Try switching to 'method = analytic'


 -------------------------------
  Numerical Geometrical Hessian 
 -------------------------------

 Compute hessian using two-point central differentiation.
 Step size (bohr):                       0.0100

 Frequencies (including translational and rotational modes):
 mode    frequency (cm-1)
    0               38.06 i (imaginary)
    1               31.51 i (imaginary)
    2               24.77 i (imaginary)
    3                0.01 i (imaginary)
    4                0.01
    5                0.04
    6             1621.10
    7             3835.72
    8             3937.22

 Project out translational and rotational motions 

 Degrees of freedom for translational and rotational motions: 6

 Vibrational frequencies:
 mode    frequency (cm-1)
    0             1621.10
    1             3835.72
    2             3937.22

 --------------------------------------------------------------------------------

 End time:                               Thu Jun 10 04:48:59 2021
 Total wall-clock time:                 10.217 seconds
==================================================================================
