
================================================================================
          _____________ ________ _______________ ________     _________         
         / ___________// ______ \\_____   _____// ______ \   / ________)        
        / /_________  / /      \ \     | |     / /      \ \ | (_______          
       |  __________|| |        | |    | |    | |        | | \________ \        
        \ \_________ | |        | |    | |     \ \______/ /___________) |       
         \__________||_|        |_|    |_|      \________//____________/        
                                                                                
====================================[ Qcore ]===================================

 Git hash:   15a3e7daff0cda5fa9af010ccd19a80288182ecf
 Git date:   Fri, 16 Apr 2021 15:57:16 +0100
 Compiler:   GNU 9.1.0
 Build type: Release
 Version:    1.1.0

 Start time: Thu Jun 10 04:48:59 2021

 Data directory: /work/zw18965/.local/qcore/share/entos/1.1.0/data
 Number of threads: 24
 Number of threads was determined by: command line argument
  - More threads can be used by running 'qcore -n 32'

 --------------------------------------------------------------------------------
                                command: optimize                                
 --------------------------------------------------------------------------------
 Using coordinate system:                tric
 Hessian update scheme:                  bfgs

 ------------------------------------------------------------------------------------------------------------
                   energy      change    grad rms    grad max    step rms    step max       trust    time (s)
 ------------------------------------------------------------------------------------------------------------
   1      -152.226740946                5.49e-02    8.96e-02                            2.00e-01        1.41
   2      -152.346454390   -1.20e-01    6.01e-02    1.03e-01    2.00e-01    1.88e-01    2.83e-01        0.91
   3      -152.307816620    3.86e-02    5.15e-02    9.68e-02    2.83e-01    2.95e-01    4.00e-01        0.91
   4      -152.450053228   -1.42e-01    6.57e-02    1.13e-01    4.00e-01    4.64e-01    5.66e-01        0.95
   5      -152.638563356   -1.89e-01    8.31e-02    1.59e-01    5.66e-01    6.78e-01    6.00e-01        0.88
   6      -152.734925632   -9.64e-02    5.73e-02    1.12e-01    6.00e-01    7.34e-01    6.00e-01        0.88
   7      -152.821429163   -8.65e-02    4.86e-02    1.26e-01    3.36e-01    4.22e-01    6.00e-01        0.86
   8      -152.715608198    1.06e-01    9.50e-02    2.90e-01    6.00e-01    6.28e-01    3.00e-01        0.85
   9      -152.647884316    6.77e-02    1.07e-01    2.44e-01    3.00e-01    3.52e-01    1.50e-01        0.90
  10      -152.733445897   -8.56e-02    8.01e-02    1.35e-01    1.50e-01    2.14e-01    2.12e-01        0.85
  11      -152.835112690   -1.02e-01    4.97e-02    1.02e-01    2.22e-01    2.69e-01    3.00e-01        0.88
Rejecting step due to low quality: Quality: -1.19942 New trust radius: 0.15
  12      -152.748284381    8.68e-02    4.97e-02    1.02e-01    3.00e-01    4.55e-01    1.50e-01        0.86
  13      -152.857201084   -2.21e-02    4.46e-02    1.03e-01    1.50e-01    2.27e-01    1.50e-01        0.87
  14      -152.833778781    2.34e-02    7.30e-02    1.50e-01    1.50e-01    2.37e-01    7.50e-02        0.88
  15      -152.854481574   -2.07e-02    3.77e-02    1.03e-01    7.50e-02    1.11e-01    7.50e-02        0.88
  16      -152.872626844   -1.81e-02    2.14e-02    5.95e-02    7.50e-02    7.75e-02    1.06e-01        0.88
  17      -152.872557703    6.91e-05    2.66e-02    7.67e-02    9.86e-02    1.39e-01    4.93e-02        0.86
  18      -152.877333732   -4.78e-03    2.95e-03    9.03e-03    4.93e-02    6.88e-02    6.97e-02        0.86
  19      -152.877389124   -5.54e-05    2.23e-03    6.64e-03    4.55e-03    7.33e-03    6.97e-02        0.79
  20      -152.877521599   -1.32e-04    1.28e-03    3.42e-03    2.08e-02    2.92e-02    6.97e-02        0.86
  21      -152.877574941   -5.33e-05    6.55e-04    1.71e-03    1.87e-02    2.42e-02    6.97e-02        0.83
  22      -152.877583600   -8.66e-06    3.31e-04    6.12e-04    8.08e-03    1.24e-02    6.97e-02        0.79
  23      -152.877587656   -4.06e-06    3.70e-04    7.91e-04    6.01e-03    1.05e-02    6.97e-02        0.80
  24      -152.877594095   -6.44e-06    4.62e-04    1.02e-03    8.34e-03    1.40e-02    6.97e-02        0.78
  25      -152.877625021   -3.09e-05    1.68e-03    3.49e-03    6.97e-02    1.16e-01    9.86e-02        0.85
  26      -152.877655157   -3.01e-05    1.07e-03    2.73e-03    1.43e-02    1.60e-02    9.86e-02        0.77
  27      -152.877716325   -6.12e-05    1.74e-03    3.71e-03    9.86e-02    1.43e-01    1.39e-01        0.81
  28      -152.877810429   -9.41e-05    1.40e-03    2.60e-03    9.74e-02    1.22e-01    1.39e-01        0.82
  29      -152.877914562   -1.04e-04    1.60e-03    4.84e-03    1.18e-01    1.38e-01    1.97e-01        0.85
  30      -152.877894087    2.05e-05    4.82e-03    1.26e-02    1.97e-01    2.40e-01    9.86e-02        0.86
  31      -152.878136468   -2.42e-04    3.54e-03    8.11e-03    9.86e-02    1.12e-01    1.39e-01        0.84
  32      -152.878329451   -1.93e-04    3.56e-03    8.27e-03    1.39e-01    1.57e-01    1.97e-01        0.84
  33      -152.878693192   -3.64e-04    3.08e-03    7.19e-03    1.97e-01    2.20e-01    2.79e-01        0.86
  34      -152.879184268   -4.91e-04    4.50e-03    1.23e-02    2.79e-01    3.11e-01    3.94e-01        0.90
  35      -152.879792740   -6.08e-04    8.86e-03    2.54e-02    3.94e-01    4.39e-01    5.58e-01        0.90
  36      -152.880330975   -5.38e-04    1.60e-02    4.43e-02    5.58e-01    6.18e-01    5.58e-01        0.97
  37      -152.882591188   -2.26e-03    9.96e-03    2.64e-02    6.50e-02    7.87e-02    5.58e-01        0.95
  38      -152.880921138    1.67e-03    9.32e-03    2.80e-02    5.58e-01    6.20e-01    2.79e-01        0.98
  39      -152.884233558   -3.31e-03    5.22e-03    9.87e-03    2.79e-01    2.91e-01    2.79e-01        0.99
  40      -152.883927619    3.06e-04    7.97e-03    2.32e-02    6.97e-02    8.41e-02    3.49e-02        0.93
  41      -152.884301389   -3.74e-04    4.36e-03    9.44e-03    3.01e-02    5.02e-02    3.49e-02        0.91
  42      -152.884393118   -9.17e-05    3.05e-03    7.16e-03    3.49e-02    4.40e-02    3.49e-02        0.96
  43      -152.884466993   -7.39e-05    1.75e-03    4.28e-03    2.29e-02    3.42e-02    3.49e-02        0.94
  44      -152.884473767   -6.77e-06    1.26e-03    2.44e-03    1.25e-02    1.52e-02    6.23e-03        0.94
  45      -152.884495083   -2.13e-05    5.70e-04    1.12e-03    6.23e-03    7.35e-03    8.81e-03        0.92
  46      -152.884505891   -1.08e-05    5.07e-04    1.23e-03    6.39e-03    8.30e-03    8.81e-03        0.92
  47      -152.884516524   -1.06e-05    6.97e-04    1.65e-03    7.98e-03    1.22e-02    1.25e-02        0.91
  48      -152.884532317   -1.58e-05    8.51e-04    2.11e-03    1.25e-02    1.97e-02    1.76e-02        0.90
  49      -152.884552002   -1.97e-05    9.03e-04    2.15e-03    1.76e-02    2.82e-02    2.49e-02        0.91
  50      -152.884571694   -1.97e-05    8.46e-04    1.81e-03    2.49e-02    3.99e-02    3.52e-02        0.94
  51      -152.884581866   -1.02e-05    6.44e-04    1.56e-03    1.90e-02    2.98e-02    3.52e-02        0.92
  52      -152.884587834   -5.97e-06    2.99e-04    6.88e-04    5.66e-03    7.79e-03    3.52e-02        0.92
  53      -152.884590052   -2.22e-06    2.45e-04    6.58e-04    3.36e-03    4.20e-03    3.52e-02        0.97
  54      -152.884591277   -1.22e-06    3.08e-04    6.46e-04    2.01e-03    2.80e-03    3.52e-02        0.89
  55      -152.884597198   -5.92e-06    5.76e-04    1.24e-03    9.67e-03    1.59e-02    3.52e-02        0.96
  56      -152.884607783   -1.06e-05    8.41e-04    1.92e-03    1.67e-02    3.05e-02    3.52e-02        1.04
  57      -152.884631484   -2.37e-05    9.94e-04    2.13e-03    3.52e-02    7.02e-02    4.98e-02        0.99
  58      -152.884661173   -2.97e-05    1.17e-03    3.06e-03    4.95e-02    1.20e-01    7.05e-02        0.97
  59      -152.884701799   -4.06e-05    1.30e-03    3.25e-03    3.54e-02    1.21e-01    7.05e-02        1.01
  60      -152.884771162   -6.94e-05    8.16e-04    1.92e-03    3.85e-02    1.24e-01    7.05e-02        0.95
Rejecting step due to low quality: Quality: -2.3779 New trust radius: 0.0342579
  61      -152.884686534    8.46e-05    8.16e-04    1.92e-03    6.85e-02    2.35e-01    3.43e-02        0.97
  62      -152.884780653   -9.49e-06    2.22e-03    5.42e-03    3.42e-02    1.18e-01    3.43e-02        0.99
  63      -152.884826033   -4.54e-05    1.49e-03    3.41e-03    3.43e-02    7.69e-02    4.84e-02        0.98
  64      -152.884858020   -3.20e-05    1.72e-03    4.27e-03    3.37e-02    1.11e-01    4.84e-02        0.96
  65      -152.884920874   -6.29e-05    1.54e-03    3.61e-03    4.86e-02    1.55e-01    6.85e-02        0.98
  66      -152.884975312   -5.44e-05    9.61e-04    1.93e-03    3.01e-02    9.63e-02    6.85e-02        0.99
  67      -152.885015806   -4.05e-05    2.13e-03    4.19e-03    4.47e-02    1.32e-01    6.85e-02        0.96
Rejecting step due to low quality: Quality: -1.90489 New trust radius: 0.0342579
  68      -152.884743118    2.73e-04    2.13e-03    4.19e-03    6.85e-02    1.07e-01    3.43e-02        0.98
  69      -152.885015420    3.85e-07    3.63e-03    6.23e-03    3.43e-02    5.34e-02    1.71e-02        0.97
  70      -152.885099090   -8.37e-05    1.61e-03    2.76e-03    1.71e-02    4.12e-02    2.42e-02        0.92
  71      -152.885141875   -4.28e-05    1.35e-03    2.90e-03    2.28e-02    5.37e-02    3.43e-02        0.98
  72      -152.885220860   -7.90e-05    1.11e-03    2.71e-03    2.52e-02    4.70e-02    3.43e-02        0.90
  73      -152.885286759   -6.59e-05    1.50e-03    3.54e-03    3.43e-02    5.48e-02    4.84e-02        0.96
  74      -152.885367850   -8.11e-05    1.45e-03    2.95e-03    4.85e-02    8.46e-02    6.85e-02        0.96
  75      -152.885431443   -6.36e-05    1.06e-03    2.19e-03    4.95e-02    7.99e-02    6.85e-02        0.97
  76      -152.885455208   -2.38e-05    6.86e-04    1.43e-03    1.95e-02    2.55e-02    6.85e-02        0.98
Rejecting step due to low quality: Quality: -2.99086 New trust radius: 0.0342568
  77      -152.885366393    8.88e-05    6.86e-04    1.43e-03    6.85e-02    9.95e-02    3.43e-02        1.01
  78      -152.885457988   -2.78e-06    1.63e-03    3.97e-03    3.43e-02    4.98e-02    1.71e-02        0.98
  79      -152.885479436   -2.14e-05    6.40e-04    1.56e-03    5.17e-03    1.62e-02    1.71e-02        0.93
  80      -152.885493378   -1.39e-05    3.17e-04    7.34e-04    1.29e-02    1.88e-02    1.71e-02        0.96
  81      -152.885503232   -9.85e-06    2.22e-04    5.66e-04    1.71e-02    2.39e-02    2.42e-02        0.98
  82      -152.885509294   -6.06e-06    3.80e-04    7.94e-04    2.37e-02    3.84e-02    3.43e-02        1.01
  83      -152.885511125   -1.83e-06    1.20e-04    2.33e-04    1.94e-03    2.98e-03    3.43e-02        0.90
  84      -152.885512091   -9.66e-07    1.07e-04    2.41e-04    5.61e-03    7.28e-03    3.43e-02        0.93
  85      -152.885513266   -1.17e-06    1.71e-04    3.62e-04    7.22e-03    9.16e-03    3.43e-02        0.92
  86      -152.885514268   -1.00e-06    1.85e-04    4.22e-04    8.13e-03    1.08e-02    3.43e-02        0.93
  87      -152.885515898   -1.63e-06    2.00e-04    3.99e-04    9.83e-03    1.30e-02    3.43e-02        0.91
  88      -152.885518331   -2.43e-06    2.18e-04    5.22e-04    1.72e-02    2.57e-02    3.43e-02        0.97
  89      -152.885519805   -1.47e-06    1.90e-04    4.82e-04    1.22e-02    1.69e-02    3.43e-02        0.93
  90      -152.885520680   -8.76e-07    1.18e-04    2.50e-04    8.76e-03    1.00e-02    3.43e-02        0.96
  91      -152.885520911   -2.30e-07    6.61e-05    1.37e-04    2.30e-03    3.08e-03    3.43e-02        0.93
  92      -152.885521007   -9.61e-08    2.22e-05    4.92e-05    1.30e-03    1.60e-03    3.43e-02        0.88
  93      -152.885521028   -2.18e-08    1.66e-05    4.49e-05    1.01e-03    1.09e-03    3.43e-02        0.89
 Geometry optimization stopped:          thresholds achieved

 Final energy:                        -152.885521028

 -----------
  Final XYZ 
 -----------
6
Final structure: -152.886 hartree
O            0.367459815          1.255651137         -0.002086277
H           -0.419820672          1.803357412         -0.009702588
H            0.052798040          0.339600948         -0.000968772
O           -0.305463539         -1.534622878          0.000808624
H            0.095546792         -1.961277230         -0.761223789
H            0.077666486         -1.959112862          0.773172801

 Structure in entos input format:

  structure(
    xyz = [
      ['O'  ,          0.367459815,          1.255651137,         -0.002086277],
      ['H'  ,         -0.419820672,          1.803357412,         -0.009702588],
      ['H'  ,          0.052798040,          0.339600948,         -0.000968772],
      ['O'  ,         -0.305463539,         -1.534622878,          0.000808624],
      ['H'  ,          0.095546792,         -1.961277230,         -0.761223789],
      ['H'  ,          0.077666486,         -1.959112862,          0.773172801]
    ]
  )

 --------------------------------
  Geometry optimization finished 
 --------------------------------
 Saving results in set 'opt'

 --------------------------------------------------------------------------------
                                 command: hessian                                
 --------------------------------------------------------------------------------

WARNING: semianalytic method is specified for dft hessian, which is not efficient. Try switching to 'method = analytic'


 -------------------------------
  Numerical Geometrical Hessian 
 -------------------------------

 Compute hessian using two-point central differentiation.
 Step size (bohr):                       0.0100

 Frequencies (including translational and rotational modes):
 mode    frequency (cm-1)
    0                8.02 i (imaginary)
    1                4.09 i (imaginary)
    2                0.13 i (imaginary)
    3                0.04 i (imaginary)
    4                0.21
    5                6.06
    6              131.06
    7              150.25
    8              160.53
    9              197.27
   10              371.53
   11              650.96
   12             1622.45
   13             1643.13
   14             3704.14
   15             3828.27
   16             3908.55
   17             3925.71

 Project out translational and rotational motions 

 Degrees of freedom for translational and rotational motions: 6

 Vibrational frequencies:
 mode    frequency (cm-1)
    0              131.01
    1              150.25
    2              160.53
    3              197.27
    4              371.53
    5              650.96
    6             1622.45
    7             1643.13
    8             3704.14
    9             3828.27
   10             3908.55
   11             3925.71

 --------------------------------------------------------------------------------

 End time:                               Thu Jun 10 04:51:00 2021
 Total wall-clock time:                120.078 seconds
==================================================================================
