
================================================================================
          _____________ ________ _______________ ________     _________         
         / ___________// ______ \\_____   _____// ______ \   / ________)        
        / /_________  / /      \ \     | |     / /      \ \ | (_______          
       |  __________|| |        | |    | |    | |        | | \________ \        
        \ \_________ | |        | |    | |     \ \______/ /___________) |       
         \__________||_|        |_|    |_|      \________//____________/        
                                                                                
====================================[ Qcore ]===================================

 Git hash:   15a3e7daff0cda5fa9af010ccd19a80288182ecf
 Git date:   Fri, 16 Apr 2021 15:57:16 +0100
 Compiler:   GNU 9.1.0
 Build type: Release
 Version:    1.1.0

 Start time: Thu Jun 10 04:51:00 2021

 Data directory: /work/zw18965/.local/qcore/share/entos/1.1.0/data
 Number of threads: 24
 Number of threads was determined by: command line argument
  - More threads can be used by running 'qcore -n 32'

 --------------------------------------------------------------------------------
                                command: optimize                                
 --------------------------------------------------------------------------------
 Using coordinate system:                tric
 Hessian update scheme:                  bfgs

 ------------------------------------------------------------------------------------------------------------
                   energy      change    grad rms    grad max    step rms    step max       trust    time (s)
 ------------------------------------------------------------------------------------------------------------
   1      -229.342800154                1.64e-03    3.99e-03                            2.00e-01        2.85
   2      -229.342986912   -1.87e-04    8.69e-04    1.85e-03    2.66e-02    2.59e-02    2.00e-01        2.36
   3      -229.343045236   -5.83e-05    3.35e-04    6.75e-04    2.19e-02    2.02e-02    2.00e-01        2.43
   4      -229.343048695   -3.46e-06    1.68e-04    3.61e-04    2.48e-03    3.37e-03    2.00e-01        2.28
   5      -229.343050486   -1.79e-06    7.91e-05    1.70e-04    3.05e-03    5.07e-03    2.00e-01        2.29
   6      -229.343050893   -4.07e-07    5.95e-05    1.54e-04    1.85e-03    2.64e-03    2.00e-01        2.33
   7      -229.343051275   -3.82e-07    6.30e-05    1.24e-04    2.15e-03    3.79e-03    2.00e-01        2.28
   8      -229.343051569   -2.94e-07    5.41e-05    1.19e-04    1.99e-03    3.15e-03    2.00e-01        2.30
   9      -229.343051859   -2.90e-07    3.95e-05    7.05e-05    3.00e-03    4.65e-03    2.00e-01        2.27
  10      -229.343051958   -9.91e-08    2.22e-05    4.46e-05    1.61e-03    2.32e-03    2.00e-01        2.28
  11      -229.343051986   -2.83e-08    9.96e-06    2.62e-05    7.70e-04    9.35e-04    2.00e-01        2.25
 Geometry optimization stopped:          thresholds achieved

 Final energy:                        -229.343051986

 -----------
  Final XYZ 
 -----------
9
Final structure: -229.343 hartree
O           -1.455423382         -0.638728182         -0.079896192
H           -0.583294898         -1.072952655         -0.043728451
H           -2.010199398         -1.068390628          0.573911799
O            1.287588828         -0.930409270         -0.098165552
H            1.944308822         -1.200870711          0.546285891
H            1.200425885          0.038724544         -0.025255137
O            0.166690658          1.576067414          0.111010155
H           -0.633600940          1.020300698          0.061884568
H            0.093736425          2.227452790         -0.589596081

 Structure in entos input format:

  structure(
    xyz = [
      ['O'  ,         -1.455423382,         -0.638728182,         -0.079896192],
      ['H'  ,         -0.583294898,         -1.072952655,         -0.043728451],
      ['H'  ,         -2.010199398,         -1.068390628,          0.573911799],
      ['O'  ,          1.287588828,         -0.930409270,         -0.098165552],
      ['H'  ,          1.944308822,         -1.200870711,          0.546285891],
      ['H'  ,          1.200425885,          0.038724544,         -0.025255137],
      ['O'  ,          0.166690658,          1.576067414,          0.111010155],
      ['H'  ,         -0.633600940,          1.020300698,          0.061884568],
      ['H'  ,          0.093736425,          2.227452790,         -0.589596081]
    ]
  )

 --------------------------------
  Geometry optimization finished 
 --------------------------------
 Saving results in set 'opt'

 --------------------------------------------------------------------------------
                                 command: hessian                                
 --------------------------------------------------------------------------------

WARNING: semianalytic method is specified for dft hessian, which is not efficient. Try switching to 'method = analytic'


 -------------------------------
  Numerical Geometrical Hessian 
 -------------------------------

 Compute hessian using two-point central differentiation.
 Step size (bohr):                       0.0100

 Frequencies (including translational and rotational modes):
 mode    frequency (cm-1)
    0                3.82 i (imaginary)
    1                0.05 i (imaginary)
    2                0.03 i (imaginary)
    3                0.26
    4                7.73
    5               14.86
    6              183.03
    7              195.27
    8              202.93
    9              212.74
   10              236.12
   11              253.64
   12              367.17
   13              376.99
   14              471.64
   15              609.00
   16              702.19
   17              902.46
   18             1632.91
   19             1635.56
   20             1662.15
   21             3536.71
   22             3607.53
   23             3617.79
   24             3900.77
   25             3905.05
   26             3906.46

 Project out translational and rotational motions 

 Degrees of freedom for translational and rotational motions: 6

 Vibrational frequencies:
 mode    frequency (cm-1)
    0              183.03
    1              195.27
    2              202.92
    3              212.74
    4              236.12
    5              253.63
    6              367.17
    7              376.99
    8              471.64
    9              609.00
   10              702.19
   11              902.46
   12             1632.91
   13             1635.56
   14             1662.14
   15             3536.71
   16             3607.53
   17             3617.79
   18             3900.77
   19             3905.05
   20             3906.46

 --------------------------------------------------------------------------------

 End time:                               Thu Jun 10 04:53:32 2021
 Total wall-clock time:                152.031 seconds
==================================================================================
