
================================================================================
          _____________ ________ _______________ ________     _________         
         / ___________// ______ \\_____   _____// ______ \   / ________)        
        / /_________  / /      \ \     | |     / /      \ \ | (_______          
       |  __________|| |        | |    | |    | |        | | \________ \        
        \ \_________ | |        | |    | |     \ \______/ /___________) |       
         \__________||_|        |_|    |_|      \________//____________/        
                                                                                
====================================[ Qcore ]===================================

 Git hash:   15a3e7daff0cda5fa9af010ccd19a80288182ecf
 Git date:   Fri, 16 Apr 2021 15:57:16 +0100
 Compiler:   GNU 9.1.0
 Build type: Release
 Version:    1.1.0

 Start time: Thu Jun 10 04:53:32 2021

 Data directory: /work/zw18965/.local/qcore/share/entos/1.1.0/data
 Number of threads: 24
 Number of threads was determined by: command line argument
  - More threads can be used by running 'qcore -n 32'

 --------------------------------------------------------------------------------
                                command: optimize                                
 --------------------------------------------------------------------------------
 Using coordinate system:                tric
 Hessian update scheme:                  bfgs

 ------------------------------------------------------------------------------------------------------------
                   energy      change    grad rms    grad max    step rms    step max       trust    time (s)
 ------------------------------------------------------------------------------------------------------------
   1      -305.802628787                1.90e-03    4.64e-03                            2.00e-01        4.91
   2      -305.802942443   -3.14e-04    1.17e-03    2.63e-03    3.16e-02    2.31e-02    2.00e-01        4.26
   3      -305.803056998   -1.15e-04    3.25e-04    6.01e-04    2.87e-02    2.18e-02    2.00e-01        4.21
   4      -305.803059694   -2.70e-06    2.14e-04    4.11e-04    7.08e-03    6.79e-03    2.00e-01        4.11
   5      -305.803063819   -4.13e-06    1.01e-04    1.99e-04    3.44e-03    2.84e-03    2.00e-01        4.06
   6      -305.803064499   -6.79e-07    5.27e-05    1.20e-04    1.53e-03    1.40e-03    2.00e-01        3.98
   7      -305.803064814   -3.15e-07    1.95e-05    3.49e-05    1.77e-03    1.61e-03    2.00e-01        3.94
   8      -305.803064903   -8.83e-08    1.68e-05    3.16e-05    5.22e-04    6.41e-04    2.00e-01        3.97
 Geometry optimization stopped:          thresholds achieved

 Final energy:                        -305.803064903

 -----------
  Final XYZ 
 -----------
12
Final structure: -305.803 hartree
O            1.351999410         -1.347985916          0.019613204
H            0.378208929         -1.487345256         -0.004209296
H            1.685774147         -1.852653001          0.763902225
O           -1.347985820         -1.351999195         -0.019613361
H           -1.487344653         -0.378208676          0.004210750
H           -1.852652838         -1.685772680         -0.763902930
O           -1.351998170          1.347986036          0.019612610
H           -0.378207686          1.487345478         -0.004210137
H           -1.685772697          1.852652924          0.763901780
O            1.347985628          1.352000126         -0.019612933
H            1.487345076          0.378209618          0.004211332
H            1.852651674          1.685773541         -0.763903244

 Structure in entos input format:

  structure(
    xyz = [
      ['O'  ,          1.351999410,         -1.347985916,          0.019613204],
      ['H'  ,          0.378208929,         -1.487345256,         -0.004209296],
      ['H'  ,          1.685774147,         -1.852653001,          0.763902225],
      ['O'  ,         -1.347985820,         -1.351999195,         -0.019613361],
      ['H'  ,         -1.487344653,         -0.378208676,          0.004210750],
      ['H'  ,         -1.852652838,         -1.685772680,         -0.763902930],
      ['O'  ,         -1.351998170,          1.347986036,          0.019612610],
      ['H'  ,         -0.378207686,          1.487345478,         -0.004210137],
      ['H'  ,         -1.685772697,          1.852652924,          0.763901780],
      ['O'  ,          1.347985628,          1.352000126,         -0.019612933],
      ['H'  ,          1.487345076,          0.378209618,          0.004211332],
      ['H'  ,          1.852651674,          1.685773541,         -0.763903244]
    ]
  )

 --------------------------------
  Geometry optimization finished 
 --------------------------------
 Saving results in set 'opt'

 --------------------------------------------------------------------------------
                                 command: hessian                                
 --------------------------------------------------------------------------------

WARNING: semianalytic method is specified for dft hessian, which is not efficient. Try switching to 'method = analytic'


 -------------------------------
  Numerical Geometrical Hessian 
 -------------------------------

 Compute hessian using two-point central differentiation.
 Step size (bohr):                       0.0100

 Frequencies (including translational and rotational modes):
 mode    frequency (cm-1)
    0                0.10 i (imaginary)
    1                0.09 i (imaginary)
    2                0.01 i (imaginary)
    3                7.51
    4                7.54
    5               24.36
    6               54.23
    7               93.45
    8              220.83
    9              225.46
   10              250.79
   11              250.81
   12              272.99
   13              272.99
   14              279.12
   15              302.27
   16              425.04
   17              463.25
   18              475.51
   19              475.51
   20              792.60
   21              860.70
   22              860.70
   23             1025.39
   24             1638.13
   25             1653.05
   26             1653.05
   27             1684.54
   28             3322.35
   29             3433.56
   30             3433.56
   31             3476.97
   32             3899.18
   33             3899.84
   34             3899.84
   35             3901.15

 Project out translational and rotational motions 

 Degrees of freedom for translational and rotational motions: 6

 Vibrational frequencies:
 mode    frequency (cm-1)
    0               54.23
    1               93.45
    2              220.83
    3              225.46
    4              250.79
    5              250.81
    6              272.99
    7              272.99
    8              279.12
    9              302.27
   10              425.04
   11              463.25
   12              475.51
   13              475.51
   14              792.60
   15              860.70
   16              860.70
   17             1025.39
   18             1638.13
   19             1653.05
   20             1653.05
   21             1684.54
   22             3322.35
   23             3433.56
   24             3433.56
   25             3476.97
   26             3899.18
   27             3899.84
   28             3899.84
   29             3901.15

 --------------------------------------------------------------------------------

 End time:                               Thu Jun 10 04:59:17 2021
 Total wall-clock time:                345.171 seconds
==================================================================================
