
================================================================================
          _____________ ________ _______________ ________     _________         
         / ___________// ______ \\_____   _____// ______ \   / ________)        
        / /_________  / /      \ \     | |     / /      \ \ | (_______          
       |  __________|| |        | |    | |    | |        | | \________ \        
        \ \_________ | |        | |    | |     \ \______/ /___________) |       
         \__________||_|        |_|    |_|      \________//____________/        
                                                                                
====================================[ Qcore ]===================================

 Git hash:   15a3e7daff0cda5fa9af010ccd19a80288182ecf
 Git date:   Fri, 16 Apr 2021 15:57:16 +0100
 Compiler:   GNU 9.1.0
 Build type: Release
 Version:    1.1.0

 Start time: Thu Jun 10 04:59:17 2021

 Data directory: /work/zw18965/.local/qcore/share/entos/1.1.0/data
 Number of threads: 24
 Number of threads was determined by: command line argument
  - More threads can be used by running 'qcore -n 32'

 --------------------------------------------------------------------------------
                                command: optimize                                
 --------------------------------------------------------------------------------
 Using coordinate system:                tric
 Hessian update scheme:                  bfgs

 ------------------------------------------------------------------------------------------------------------
                   energy      change    grad rms    grad max    step rms    step max       trust    time (s)
 ------------------------------------------------------------------------------------------------------------
   1      -382.256659309                2.05e-03    5.00e-03                            2.00e-01        8.41
   2      -382.257077469   -4.18e-04    1.16e-03    2.77e-03    3.04e-02    2.88e-02    2.00e-01        7.19
   3      -382.257282665   -2.05e-04    4.00e-04    7.16e-04    4.50e-02    4.28e-02    2.00e-01        7.53
   4      -382.257288811   -6.15e-06    2.49e-04    5.40e-04    1.06e-02    1.26e-02    2.00e-01        7.21
   5      -382.257296503   -7.69e-06    8.37e-05    1.82e-04    4.95e-03    4.97e-03    2.00e-01        7.04
   6      -382.257297005   -5.02e-07    4.98e-05    1.47e-04    1.53e-03    1.13e-03    2.00e-01        6.93
 Geometry optimization stopped:          thresholds achieved

 Final energy:                        -382.257297005

 -----------
  Final XYZ 
 -----------
15
Final structure: -382.257 hartree
O            2.269321596          0.148705321          0.177027552
O            0.851733066         -2.100583730         -0.158649939
O           -1.746504288         -1.471173246          0.061587786
O           -1.928029279          1.211984822         -0.054401251
O            0.565158989          2.202576260         -0.078581782
H            1.788771580         -0.702968919          0.047130217
H           -0.111941038         -1.908320869         -0.074737797
H           -1.880349313         -0.495167622          0.045943804
H           -1.026883235          1.612852007         -0.070245050
H            1.223196238          1.477462682          0.040234914
H            2.802649988          0.045753589          0.967423035
H            0.960223559         -2.602436183         -0.968852528
H           -2.235709845         -1.806478954          0.815117145
H           -2.460147881          1.756499913          0.528361719
H            0.845734862          2.696727930         -0.851442825

 Structure in entos input format:

  structure(
    xyz = [
      ['O'  ,          2.269321596,          0.148705321,          0.177027552],
      ['O'  ,          0.851733066,         -2.100583730,         -0.158649939],
      ['O'  ,         -1.746504288,         -1.471173246,          0.061587786],
      ['O'  ,         -1.928029279,          1.211984822,         -0.054401251],
      ['O'  ,          0.565158989,          2.202576260,         -0.078581782],
      ['H'  ,          1.788771580,         -0.702968919,          0.047130217],
      ['H'  ,         -0.111941038,         -1.908320869,         -0.074737797],
      ['H'  ,         -1.880349313,         -0.495167622,          0.045943804],
      ['H'  ,         -1.026883235,          1.612852007,         -0.070245050],
      ['H'  ,          1.223196238,          1.477462682,          0.040234914],
      ['H'  ,          2.802649988,          0.045753589,          0.967423035],
      ['H'  ,          0.960223559,         -2.602436183,         -0.968852528],
      ['H'  ,         -2.235709845,         -1.806478954,          0.815117145],
      ['H'  ,         -2.460147881,          1.756499913,          0.528361719],
      ['H'  ,          0.845734862,          2.696727930,         -0.851442825]
    ]
  )

 --------------------------------
  Geometry optimization finished 
 --------------------------------
 Saving results in set 'opt'

 --------------------------------------------------------------------------------
                                 command: hessian                                
 --------------------------------------------------------------------------------

WARNING: semianalytic method is specified for dft hessian, which is not efficient. Try switching to 'method = analytic'


 -------------------------------
  Numerical Geometrical Hessian 
 -------------------------------

 Compute hessian using two-point central differentiation.
 Step size (bohr):                       0.0100

 Frequencies (including translational and rotational modes):
 mode    frequency (cm-1)
    0                5.74 i (imaginary)
    1                0.09 i (imaginary)
    2                0.05 i (imaginary)
    3                0.01
    4                3.80
    5                5.82
    6               24.96
    7               45.64
    8               68.20
    9               72.38
   10              192.38
   11              194.78
   12              206.67
   13              233.64
   14              252.72
   15              258.92
   16              274.32
   17              304.61
   18              322.41
   19              325.55
   20              438.85
   21              452.29
   22              475.00
   23              489.68
   24              551.88
   25              753.55
   26              829.57
   27              898.01
   28              918.30
   29             1016.88
   30             1642.20
   31             1652.94
   32             1665.21
   33             1683.16
   34             1693.23
   35             3265.35
   36             3365.71
   37             3374.88
   38             3427.96
   39             3436.87
   40             3897.89
   41             3899.35
   42             3901.50
   43             3902.34
   44             3904.66

 Project out translational and rotational motions 

 Degrees of freedom for translational and rotational motions: 6

 Vibrational frequencies:
 mode    frequency (cm-1)
    0               24.94
    1               45.63
    2               68.19
    3               72.36
    4              192.38
    5              194.78
    6              206.67
    7              233.64
    8              252.72
    9              258.92
   10              274.32
   11              304.61
   12              322.41
   13              325.55
   14              438.85
   15              452.28
   16              475.00
   17              489.68
   18              551.88
   19              753.55
   20              829.57
   21              898.01
   22              918.30
   23             1016.88
   24             1642.20
   25             1652.94
   26             1665.21
   27             1683.16
   28             1693.23
   29             3265.35
   30             3365.71
   31             3374.88
   32             3427.96
   33             3436.87
   34             3897.89
   35             3899.35
   36             3901.50
   37             3902.34
   38             3904.66

 --------------------------------------------------------------------------------

 End time:                               Thu Jun 10 05:10:52 2021
 Total wall-clock time:                695.324 seconds
==================================================================================
