
================================================================================
          _____________ ________ _______________ ________     _________         
         / ___________// ______ \\_____   _____// ______ \   / ________)        
        / /_________  / /      \ \     | |     / /      \ \ | (_______          
       |  __________|| |        | |    | |    | |        | | \________ \        
        \ \_________ | |        | |    | |     \ \______/ /___________) |       
         \__________||_|        |_|    |_|      \________//____________/        
                                                                                
====================================[ Qcore ]===================================

 Git hash:   15a3e7daff0cda5fa9af010ccd19a80288182ecf
 Git date:   Fri, 16 Apr 2021 15:57:16 +0100
 Compiler:   GNU 9.1.0
 Build type: Release
 Version:    1.1.0

 Start time: Thu Jun 10 05:10:53 2021

 Data directory: /work/zw18965/.local/qcore/share/entos/1.1.0/data
 Number of threads: 24
 Number of threads was determined by: command line argument
  - More threads can be used by running 'qcore -n 32'

 --------------------------------------------------------------------------------
                                command: optimize                                
 --------------------------------------------------------------------------------
 Using coordinate system:                tric
 Hessian update scheme:                  bfgs

 ------------------------------------------------------------------------------------------------------------
                   energy      change    grad rms    grad max    step rms    step max       trust    time (s)
 ------------------------------------------------------------------------------------------------------------
   1      -458.710196703                2.07e-03    4.73e-03                            2.00e-01       12.09
   2      -458.710685735   -4.89e-04    1.14e-03    2.57e-03    2.92e-02    2.58e-02    2.00e-01       11.08
   3      -458.710990169   -3.04e-04    5.90e-04    9.61e-04    5.65e-02    5.14e-02    2.00e-01       11.60
   4      -458.711012831   -2.27e-05    2.63e-04    4.61e-04    1.38e-02    1.19e-02    2.00e-01       10.89
   5      -458.711021816   -8.98e-06    8.70e-05    1.48e-04    5.00e-03    4.34e-03    2.00e-01       10.78
   6      -458.711022616   -8.00e-07    2.98e-05    6.28e-05    1.52e-03    1.20e-03    2.00e-01       10.23
   7      -458.711023647   -1.03e-06    6.79e-05    1.31e-04    3.70e-03    3.23e-03    2.00e-01       10.76
   8      -458.711024998   -1.35e-06    1.29e-04    2.12e-04    6.41e-03    5.86e-03    2.00e-01       10.78
   9      -458.711027018   -2.02e-06    1.64e-04    2.79e-04    1.23e-02    1.14e-02    2.00e-01       10.92
  10      -458.711028509   -1.49e-06    1.17e-04    2.54e-04    1.13e-02    1.06e-02    2.00e-01       10.90
  11      -458.711029166   -6.57e-07    4.31e-05    9.58e-05    4.97e-03    4.59e-03    2.00e-01       11.03
  12      -458.711029437   -2.71e-07    1.65e-05    2.98e-05    7.58e-04    7.54e-04    2.00e-01       10.29
 Geometry optimization stopped:          thresholds achieved

 Final energy:                        -458.711029437

 -----------
  Final XYZ 
 -----------
18
Final structure: -458.711 hartree
O            0.004884361          2.655547510          0.158758689
H           -0.107518014          3.186195124          0.949648615
H           -0.839864445          2.162946412          0.029500114
O           -2.302121479         -1.324514115          0.159620782
H           -1.453644219         -1.811620140          0.033845443
H           -2.709681586         -1.685762883          0.948996585
O            2.302121628          1.324514217         -0.159622001
H            2.709679028          1.685760262         -0.949000436
H            1.453645471          1.811621908         -0.033845357
O           -0.004885418         -2.655547468         -0.158757913
H            0.839862673         -2.162945543         -0.029497148
H            0.107519910         -3.186197015         -0.949646044
O            2.294423833         -1.329647735          0.165761343
H            2.811541594         -1.498812483          0.955493223
H            2.292410765         -0.351798208          0.036209299
O           -2.294422024          1.329651161         -0.165759917
H           -2.811539993          1.498814360         -0.955491965
H           -2.292408083          0.351801637         -0.036207312

 Structure in entos input format:

  structure(
    xyz = [
      ['O'  ,          0.004884361,          2.655547510,          0.158758689],
      ['H'  ,         -0.107518014,          3.186195124,          0.949648615],
      ['H'  ,         -0.839864445,          2.162946412,          0.029500114],
      ['O'  ,         -2.302121479,         -1.324514115,          0.159620782],
      ['H'  ,         -1.453644219,         -1.811620140,          0.033845443],
      ['H'  ,         -2.709681586,         -1.685762883,          0.948996585],
      ['O'  ,          2.302121628,          1.324514217,         -0.159622001],
      ['H'  ,          2.709679028,          1.685760262,         -0.949000436],
      ['H'  ,          1.453645471,          1.811621908,         -0.033845357],
      ['O'  ,         -0.004885418,         -2.655547468,         -0.158757913],
      ['H'  ,          0.839862673,         -2.162945543,         -0.029497148],
      ['H'  ,          0.107519910,         -3.186197015,         -0.949646044],
      ['O'  ,          2.294423833,         -1.329647735,          0.165761343],
      ['H'  ,          2.811541594,         -1.498812483,          0.955493223],
      ['H'  ,          2.292410765,         -0.351798208,          0.036209299],
      ['O'  ,         -2.294422024,          1.329651161,         -0.165759917],
      ['H'  ,         -2.811539993,          1.498814360,         -0.955491965],
      ['H'  ,         -2.292408083,          0.351801637,         -0.036207312]
    ]
  )

 --------------------------------
  Geometry optimization finished 
 --------------------------------
 Saving results in set 'opt'

 --------------------------------------------------------------------------------
                                 command: hessian                                
 --------------------------------------------------------------------------------

WARNING: semianalytic method is specified for dft hessian, which is not efficient. Try switching to 'method = analytic'


 -------------------------------
  Numerical Geometrical Hessian 
 -------------------------------

 Compute hessian using two-point central differentiation.
 Step size (bohr):                       0.0100

 Frequencies (including translational and rotational modes):
 mode    frequency (cm-1)
    0                0.09 i (imaginary)
    1                0.05 i (imaginary)
    2                0.03 i (imaginary)
    3                3.86
    4                6.03
    5                7.38
    6               32.79
    7               33.40
    8               49.88
    9               51.16
   10               56.09
   11               89.84
   12              172.00
   13              189.57
   14              210.28
   15              211.22
   16              233.47
   17              233.78
   18              269.18
   19              269.73
   20              301.09
   21              323.64
   22              323.72
   23              358.22
   24              443.32
   25              464.51
   26              464.53
   27              483.71
   28              490.41
   29              490.52
   30              823.28
   31              842.80
   32              843.77
   33              935.69
   34              936.21
   35             1010.81
   36             1637.26
   37             1648.85
   38             1649.05
   39             1678.09
   40             1678.41
   41             1695.85
   42             3255.02
   43             3346.17
   44             3346.57
   45             3412.84
   46             3413.16
   47             3434.13
   48             3900.94
   49             3901.02
   50             3901.11
   51             3901.77
   52             3901.86
   53             3902.76

 Project out translational and rotational motions 

 Degrees of freedom for translational and rotational motions: 6

 Vibrational frequencies:
 mode    frequency (cm-1)
    0               32.79
    1               33.40
    2               49.88
    3               51.15
    4               56.09
    5               89.84
    6              172.00
    7              189.57
    8              210.28
    9              211.22
   10              233.47
   11              233.78
   12              269.18
   13              269.73
   14              301.09
   15              323.64
   16              323.72
   17              358.22
   18              443.32
   19              464.51
   20              464.53
   21              483.71
   22              490.41
   23              490.52
   24              823.28
   25              842.80
   26              843.77
   27              935.69
   28              936.21
   29             1010.81
   30             1637.26
   31             1648.85
   32             1649.05
   33             1678.09
   34             1678.41
   35             1695.85
   36             3255.02
   37             3346.17
   38             3346.57
   39             3412.84
   40             3413.16
   41             3434.13
   42             3900.94
   43             3901.02
   44             3901.11
   45             3901.77
   46             3901.86
   47             3902.76

 --------------------------------------------------------------------------------

 End time:                               Thu Jun 10 05:33:00 2021
 Total wall-clock time:               1327.924 seconds
==================================================================================
