
================================================================================
          _____________ ________ _______________ ________     _________         
         / ___________// ______ \\_____   _____// ______ \   / ________)        
        / /_________  / /      \ \     | |     / /      \ \ | (_______          
       |  __________|| |        | |    | |    | |        | | \________ \        
        \ \_________ | |        | |    | |     \ \______/ /___________) |       
         \__________||_|        |_|    |_|      \________//____________/        
                                                                                
====================================[ Qcore ]===================================

 Git hash:   15a3e7daff0cda5fa9af010ccd19a80288182ecf
 Git date:   Fri, 16 Apr 2021 15:57:16 +0100
 Compiler:   GNU 9.1.0
 Build type: Release
 Version:    1.1.0

 Start time: Thu Jun 10 05:33:01 2021

 Data directory: /work/zw18965/.local/qcore/share/entos/1.1.0/data
 Number of threads: 24
 Number of threads was determined by: command line argument
  - More threads can be used by running 'qcore -n 32'

 --------------------------------------------------------------------------------
                                command: optimize                                
 --------------------------------------------------------------------------------
 Using coordinate system:                tric
 Hessian update scheme:                  bfgs

 ------------------------------------------------------------------------------------------------------------
                   energy      change    grad rms    grad max    step rms    step max       trust    time (s)
 ------------------------------------------------------------------------------------------------------------
   1      -458.711587690                1.93e-03    5.09e-03                            2.00e-01       13.54
   2      -458.712055002   -4.67e-04    1.18e-03    3.31e-03    3.08e-02    2.70e-02    2.00e-01       11.91
   3      -458.712257263   -2.02e-04    4.26e-04    8.44e-04    3.93e-02    3.52e-02    2.00e-01       12.22
   4      -458.712268443   -1.12e-05    2.78e-04    6.90e-04    1.30e-02    1.44e-02    2.00e-01       11.62
   5      -458.712282729   -1.43e-05    9.69e-05    2.67e-04    6.35e-03    7.99e-03    2.00e-01       11.36
   6      -458.712284374   -1.65e-06    6.01e-05    2.75e-04    3.05e-03    2.84e-03    2.00e-01       11.33
   7      -458.712286084   -1.71e-06    4.32e-05    1.42e-04    2.59e-03    2.67e-03    2.00e-01       11.28
   8      -458.712287837   -1.75e-06    5.63e-05    1.40e-04    5.94e-03    5.81e-03    2.00e-01       11.15
   9      -458.712288539   -7.03e-07    5.50e-05    1.49e-04    3.42e-03    3.41e-03    2.00e-01       11.35
  10      -458.712289592   -1.05e-06    4.79e-05    1.66e-04    5.91e-03    6.14e-03    2.00e-01       11.35
  11      -458.712290344   -7.52e-07    4.01e-05    1.19e-04    5.02e-03    5.51e-03    2.00e-01       11.28
  12      -458.712290812   -4.68e-07    3.22e-05    9.61e-05    3.89e-03    4.05e-03    2.00e-01       10.89
  13      -458.712291173   -3.61e-07    3.29e-05    8.35e-05    2.97e-03    2.98e-03    2.00e-01       11.03
  14      -458.712291600   -4.26e-07    3.73e-05    1.25e-04    3.23e-03    3.87e-03    2.00e-01       11.33
  15      -458.712292190   -5.90e-07    4.11e-05    1.35e-04    5.17e-03    6.43e-03    2.00e-01       11.35
  16      -458.712292552   -3.62e-07    3.00e-05    7.59e-05    5.11e-03    6.17e-03    2.00e-01       11.48
  17      -458.712292767   -2.15e-07    1.52e-05    3.57e-05    3.11e-03    3.95e-03    2.00e-01       11.03
  18      -458.712292882   -1.15e-07    1.13e-05    3.10e-05    9.84e-04    1.06e-03    2.00e-01       10.87
 Geometry optimization stopped:          thresholds achieved

 Final energy:                        -458.712292882

 -----------
  Final XYZ 
 -----------
18
Final structure: -458.712 hartree
O            0.115101994          1.543670934          0.861772569
H            0.962545662          1.508176997          0.347734565
H            0.256426328          2.138481696          1.601357120
O           -0.027195920         -1.355924254          0.911648902
H           -0.044598894         -0.410298486          1.120943594
H           -0.873092517         -1.525781242          0.451120790
O           -2.293897696          1.334392475         -0.433704761
H           -1.432239996          1.515793777         -0.007174146
H           -2.321681024          1.855529223         -1.238383359
O           -2.440115253         -1.395847908         -0.426488568
H           -2.508627331         -0.421307499         -0.496076904
H           -3.243483096         -1.697451434          0.002218738
O            2.381307230          1.194957927         -0.467542276
H            2.457087815          0.208172012         -0.496026612
H            2.517972261          1.509580132         -1.363234820
O            2.259563264         -1.457763171         -0.434368438
H            1.395962621         -1.551062057          0.043016902
H            2.888197553         -2.029226125          0.010419705

 Structure in entos input format:

  structure(
    xyz = [
      ['O'  ,          0.115101994,          1.543670934,          0.861772569],
      ['H'  ,          0.962545662,          1.508176997,          0.347734565],
      ['H'  ,          0.256426328,          2.138481696,          1.601357120],
      ['O'  ,         -0.027195920,         -1.355924254,          0.911648902],
      ['H'  ,         -0.044598894,         -0.410298486,          1.120943594],
      ['H'  ,         -0.873092517,         -1.525781242,          0.451120790],
      ['O'  ,         -2.293897696,          1.334392475,         -0.433704761],
      ['H'  ,         -1.432239996,          1.515793777,         -0.007174146],
      ['H'  ,         -2.321681024,          1.855529223,         -1.238383359],
      ['O'  ,         -2.440115253,         -1.395847908,         -0.426488568],
      ['H'  ,         -2.508627331,         -0.421307499,         -0.496076904],
      ['H'  ,         -3.243483096,         -1.697451434,          0.002218738],
      ['O'  ,          2.381307230,          1.194957927,         -0.467542276],
      ['H'  ,          2.457087815,          0.208172012,         -0.496026612],
      ['H'  ,          2.517972261,          1.509580132,         -1.363234820],
      ['O'  ,          2.259563264,         -1.457763171,         -0.434368438],
      ['H'  ,          1.395962621,         -1.551062057,          0.043016902],
      ['H'  ,          2.888197553,         -2.029226125,          0.010419705]
    ]
  )

 --------------------------------
  Geometry optimization finished 
 --------------------------------
 Saving results in set 'opt'

 --------------------------------------------------------------------------------
                                 command: hessian                                
 --------------------------------------------------------------------------------

WARNING: semianalytic method is specified for dft hessian, which is not efficient. Try switching to 'method = analytic'


 -------------------------------
  Numerical Geometrical Hessian 
 -------------------------------

 Compute hessian using two-point central differentiation.
 Step size (bohr):                       0.0100

 Frequencies (including translational and rotational modes):
 mode    frequency (cm-1)
    0                4.53 i (imaginary)
    1                1.81 i (imaginary)
    2                0.05 i (imaginary)
    3                0.02 i (imaginary)
    4                0.20
    5                4.50
    6               30.48
    7               41.45
    8               59.71
    9               76.44
   10               95.65
   11              157.73
   12              194.46
   13              202.48
   14              212.92
   15              245.13
   16              254.45
   17              259.29
   18              273.52
   19              291.91
   20              304.35
   21              318.96
   22              328.34
   23              411.35
   24              425.08
   25              469.08
   26              482.65
   27              505.62
   28              573.63
   29              635.65
   30              765.58
   31              789.67
   32              872.08
   33              894.09
   34              944.99
   35             1059.47
   36             1633.16
   37             1645.59
   38             1648.10
   39             1667.09
   40             1682.25
   41             1714.54
   42             3195.60
   43             3290.36
   44             3350.29
   45             3469.77
   46             3539.85
   47             3556.88
   48             3723.24
   49             3893.68
   50             3899.66
   51             3900.38
   52             3901.64
   53             3903.04

 Project out translational and rotational motions 

 Degrees of freedom for translational and rotational motions: 6

 Vibrational frequencies:
 mode    frequency (cm-1)
    0               30.47
    1               41.45
    2               59.70
    3               76.44
    4               95.65
    5              157.73
    6              194.46
    7              202.48
    8              212.92
    9              245.13
   10              254.45
   11              259.29
   12              273.52
   13              291.91
   14              304.35
   15              318.96
   16              328.34
   17              411.35
   18              425.08
   19              469.08
   20              482.65
   21              505.62
   22              573.63
   23              635.65
   24              765.58
   25              789.67
   26              872.08
   27              894.09
   28              944.99
   29             1059.47
   30             1633.16
   31             1645.59
   32             1648.10
   33             1667.09
   34             1682.25
   35             1714.54
   36             3195.60
   37             3290.36
   38             3350.29
   39             3469.77
   40             3539.85
   41             3556.88
   42             3723.24
   43             3893.68
   44             3899.66
   45             3900.38
   46             3901.64
   47             3903.04

 --------------------------------------------------------------------------------

 End time:                               Thu Jun 10 05:57:21 2021
 Total wall-clock time:               1460.562 seconds
==================================================================================
