
================================================================================
          _____________ ________ _______________ ________     _________         
         / ___________// ______ \\_____   _____// ______ \   / ________)        
        / /_________  / /      \ \     | |     / /      \ \ | (_______          
       |  __________|| |        | |    | |    | |        | | \________ \        
        \ \_________ | |        | |    | |     \ \______/ /___________) |       
         \__________||_|        |_|    |_|      \________//____________/        
                                                                                
====================================[ Qcore ]===================================

 Git hash:   15a3e7daff0cda5fa9af010ccd19a80288182ecf
 Git date:   Fri, 16 Apr 2021 15:57:16 +0100
 Compiler:   GNU 9.1.0
 Build type: Release
 Version:    1.1.0

 Start time: Thu Jun 10 05:57:21 2021

 Data directory: /work/zw18965/.local/qcore/share/entos/1.1.0/data
 Number of threads: 24
 Number of threads was determined by: command line argument
  - More threads can be used by running 'qcore -n 32'

 --------------------------------------------------------------------------------
                                command: optimize                                
 --------------------------------------------------------------------------------
 Using coordinate system:                tric
 Hessian update scheme:                  bfgs

 ------------------------------------------------------------------------------------------------------------
                   energy      change    grad rms    grad max    step rms    step max       trust    time (s)
 ------------------------------------------------------------------------------------------------------------
   1      -458.711772487                1.78e-03    3.93e-03                            2.00e-01       14.44
   2      -458.712155293   -3.83e-04    1.07e-03    2.46e-03    2.76e-02    2.81e-02    2.00e-01       12.74
   3      -458.712290238   -1.35e-04    3.39e-04    6.70e-04    2.57e-02    2.68e-02    2.00e-01       12.76
   4      -458.712301725   -1.15e-05    2.10e-04    7.80e-04    8.79e-03    8.78e-03    2.00e-01       12.27
   5      -458.712306715   -4.99e-06    8.62e-05    2.20e-04    3.76e-03    3.79e-03    2.00e-01       11.75
   6      -458.712308519   -1.80e-06    8.62e-05    2.38e-04    3.84e-03    3.48e-03    2.00e-01       11.75
   7      -458.712310023   -1.50e-06    6.04e-05    1.83e-04    2.62e-03    3.23e-03    2.00e-01       11.56
   8      -458.712311110   -1.09e-06    4.29e-05    1.33e-04    4.06e-03    4.89e-03    2.00e-01       11.22
   9      -458.712311461   -3.52e-07    3.87e-05    1.07e-04    2.34e-03    2.60e-03    2.00e-01       11.46
  10      -458.712311774   -3.13e-07    2.67e-05    7.42e-05    2.23e-03    2.52e-03    2.00e-01       11.13
  11      -458.712311885   -1.11e-07    1.40e-05    3.85e-05    9.35e-04    9.92e-04    2.00e-01       10.99
 Geometry optimization stopped:          thresholds achieved

 Final energy:                        -458.712311885

 -----------
  Final XYZ 
 -----------
18
Final structure: -458.712 hartree
O            0.855780814         -1.709237269         -0.436837634
H            1.674067125         -1.185128574         -0.277463167
H            1.123950781         -2.592074986         -0.699092802
O           -0.742695297          0.364964771         -1.627327137
H           -0.265465705         -0.468358165         -1.491160988
H           -1.620126760          0.221438090         -1.222138526
O            0.588120813          1.737462203          0.189000540
H            0.058024729          1.347717504         -0.561354114
H            0.507560971          2.691809169          0.134687393
O           -0.675504979         -0.450045629          1.654104035
H           -0.187973249         -1.071531950          1.090246940
H           -0.262104984          0.406954355          1.472232440
O            2.760711697          0.113705721          0.078999390
H            2.112689462          0.846340448          0.153201698
H            3.261370394          0.103604497          0.897526486
O           -2.859346680          0.002289448          0.086494116
H           -2.213714215         -0.233087930          0.787420384
H           -3.615354917         -0.579202702          0.181649946

 Structure in entos input format:

  structure(
    xyz = [
      ['O'  ,          0.855780814,         -1.709237269,         -0.436837634],
      ['H'  ,          1.674067125,         -1.185128574,         -0.277463167],
      ['H'  ,          1.123950781,         -2.592074986,         -0.699092802],
      ['O'  ,         -0.742695297,          0.364964771,         -1.627327137],
      ['H'  ,         -0.265465705,         -0.468358165,         -1.491160988],
      ['H'  ,         -1.620126760,          0.221438090,         -1.222138526],
      ['O'  ,          0.588120813,          1.737462203,          0.189000540],
      ['H'  ,          0.058024729,          1.347717504,         -0.561354114],
      ['H'  ,          0.507560971,          2.691809169,          0.134687393],
      ['O'  ,         -0.675504979,         -0.450045629,          1.654104035],
      ['H'  ,         -0.187973249,         -1.071531950,          1.090246940],
      ['H'  ,         -0.262104984,          0.406954355,          1.472232440],
      ['O'  ,          2.760711697,          0.113705721,          0.078999390],
      ['H'  ,          2.112689462,          0.846340448,          0.153201698],
      ['H'  ,          3.261370394,          0.103604497,          0.897526486],
      ['O'  ,         -2.859346680,          0.002289448,          0.086494116],
      ['H'  ,         -2.213714215,         -0.233087930,          0.787420384],
      ['H'  ,         -3.615354917,         -0.579202702,          0.181649946]
    ]
  )

 --------------------------------
  Geometry optimization finished 
 --------------------------------
 Saving results in set 'opt'

 --------------------------------------------------------------------------------
                                 command: hessian                                
 --------------------------------------------------------------------------------

WARNING: semianalytic method is specified for dft hessian, which is not efficient. Try switching to 'method = analytic'


 -------------------------------
  Numerical Geometrical Hessian 
 -------------------------------

 Compute hessian using two-point central differentiation.
 Step size (bohr):                       0.0100

 Frequencies (including translational and rotational modes):
 mode    frequency (cm-1)
    0               12.15 i (imaginary)
    1                6.07 i (imaginary)
    2                0.03 i (imaginary)
    3                0.02 i (imaginary)
    4                0.04
    5                9.77
    6               46.74
    7               62.88
    8               81.82
    9              108.27
   10              122.88
   11              151.41
   12              190.80
   13              200.54
   14              223.74
   15              240.43
   16              247.94
   17              255.99
   18              259.67
   19              267.75
   20              304.32
   21              316.44
   22              416.57
   23              429.44
   24              465.97
   25              485.56
   26              505.09
   27              566.97
   28              588.82
   29              658.37
   30              720.10
   31              770.26
   32              829.68
   33              842.18
   34              905.27
   35             1037.78
   36             1640.96
   37             1648.93
   38             1663.66
   39             1678.39
   40             1688.18
   41             1706.57
   42             3139.37
   43             3386.29
   44             3447.60
   45             3493.88
   46             3570.35
   47             3678.76
   48             3710.55
   49             3745.65
   50             3895.63
   51             3897.70
   52             3900.07
   53             3909.94

 Project out translational and rotational motions 

 Degrees of freedom for translational and rotational motions: 6

 Vibrational frequencies:
 mode    frequency (cm-1)
    0               46.73
    1               62.87
    2               81.80
    3              108.27
    4              122.86
    5              151.41
    6              190.80
    7              200.54
    8              223.74
    9              240.43
   10              247.94
   11              255.99
   12              259.67
   13              267.75
   14              304.32
   15              316.44
   16              416.57
   17              429.44
   18              465.97
   19              485.56
   20              505.09
   21              566.97
   22              588.82
   23              658.37
   24              720.10
   25              770.26
   26              829.68
   27              842.18
   28              905.27
   29             1037.78
   30             1640.96
   31             1648.93
   32             1663.66
   33             1678.39
   34             1688.18
   35             1706.57
   36             3139.37
   37             3386.29
   38             3447.60
   39             3493.88
   40             3570.35
   41             3678.76
   42             3710.55
   43             3745.65
   44             3895.63
   45             3897.70
   46             3900.07
   47             3909.94

 --------------------------------------------------------------------------------

 End time:                               Thu Jun 10 06:21:20 2021
 Total wall-clock time:               1438.265 seconds
==================================================================================
