
================================================================================
          _____________ ________ _______________ ________     _________         
         / ___________// ______ \\_____   _____// ______ \   / ________)        
        / /_________  / /      \ \     | |     / /      \ \ | (_______          
       |  __________|| |        | |    | |    | |        | | \________ \        
        \ \_________ | |        | |    | |     \ \______/ /___________) |       
         \__________||_|        |_|    |_|      \________//____________/        
                                                                                
====================================[ Qcore ]===================================

 Git hash:   15a3e7daff0cda5fa9af010ccd19a80288182ecf
 Git date:   Fri, 16 Apr 2021 15:57:16 +0100
 Compiler:   GNU 9.1.0
 Build type: Release
 Version:    1.1.0

 Start time: Thu Jun 10 06:21:20 2021

 Data directory: /work/zw18965/.local/qcore/share/entos/1.1.0/data
 Number of threads: 24
 Number of threads was determined by: command line argument
  - More threads can be used by running 'qcore -n 32'

 --------------------------------------------------------------------------------
                                command: optimize                                
 --------------------------------------------------------------------------------
 Using coordinate system:                tric
 Hessian update scheme:                  bfgs

 ------------------------------------------------------------------------------------------------------------
                   energy      change    grad rms    grad max    step rms    step max       trust    time (s)
 ------------------------------------------------------------------------------------------------------------
   1      -458.711825676                1.68e-03    5.04e-03                            2.00e-01       14.26
   2      -458.712154030   -3.28e-04    9.91e-04    3.58e-03    2.46e-02    2.35e-02    2.00e-01       13.03
   3      -458.712252986   -9.90e-05    3.78e-04    7.44e-04    2.40e-02    2.31e-02    2.00e-01       12.90
   4      -458.712274037   -2.11e-05    2.24e-04    6.76e-04    1.06e-02    1.79e-02    2.00e-01       12.61
   5      -458.712279715   -5.68e-06    8.55e-05    2.36e-04    3.96e-03    5.14e-03    2.00e-01       11.91
   6      -458.712281326   -1.61e-06    5.26e-05    2.11e-04    2.09e-03    3.68e-03    2.00e-01       12.01
   7      -458.712282145   -8.19e-07    4.46e-05    1.49e-04    2.18e-03    3.26e-03    2.00e-01       12.13
   8      -458.712282470   -3.24e-07    2.42e-05    6.42e-05    1.44e-03    1.98e-03    2.00e-01       11.41
   9      -458.712282666   -1.96e-07    1.87e-05    4.98e-05    1.04e-03    1.57e-03    2.00e-01       11.49
  10      -458.712282816   -1.49e-07    3.00e-05    1.18e-04    1.87e-03    2.91e-03    2.00e-01       11.94
  11      -458.712282979   -1.64e-07    2.58e-05    1.06e-04    1.54e-03    2.47e-03    2.00e-01       11.56
  12      -458.712283141   -1.62e-07    1.36e-05    3.14e-05    1.92e-03    2.97e-03    2.00e-01       11.68
  13      -458.712283262   -1.21e-07    1.60e-05    3.64e-05    1.39e-03    2.05e-03    2.00e-01       12.01
  14      -458.712283379   -1.17e-07    2.09e-05    7.17e-05    1.28e-03    2.03e-03    2.00e-01       11.90
  15      -458.712283485   -1.06e-07    2.00e-05    7.47e-05    1.42e-03    2.55e-03    2.00e-01       11.80
  16      -458.712283640   -1.55e-07    1.76e-05    5.23e-05    1.91e-03    3.94e-03    2.00e-01       11.90
  17      -458.712283909   -2.69e-07    2.61e-05    6.89e-05    2.65e-03    6.15e-03    2.00e-01       12.02
  18      -458.712284260   -3.50e-07    4.06e-05    1.07e-04    3.39e-03    8.88e-03    2.00e-01       12.00
  19      -458.712284762   -5.02e-07    4.93e-05    1.56e-04    4.20e-03    1.26e-02    2.00e-01       12.32
  20      -458.712285415   -6.53e-07    4.71e-05    1.47e-04    4.73e-03    1.70e-02    2.00e-01       12.11
  21      -458.712286445   -1.03e-06    4.35e-05    9.99e-05    5.49e-03    2.46e-02    2.00e-01       12.52
  22      -458.712288098   -1.65e-06    6.72e-05    1.69e-04    5.54e-03    3.26e-02    2.00e-01       12.39
  23      -458.712290701   -2.60e-06    1.12e-04    2.99e-04    5.11e-03    4.11e-02    2.00e-01       12.51
  24      -458.712294431   -3.73e-06    1.40e-04    4.32e-04    5.13e-03    4.39e-02    2.00e-01       12.56
  25      -458.712299230   -4.80e-06    1.26e-04    3.98e-04    5.59e-03    4.93e-02    2.00e-01       12.44
  26      -458.712304380   -5.15e-06    8.62e-05    2.11e-04    6.92e-03    4.26e-02    2.00e-01       12.58
  27      -458.712308767   -4.39e-06    9.40e-05    2.83e-04    5.47e-03    5.51e-02    2.00e-01       12.16
  28      -458.712311182   -2.41e-06    1.47e-04    5.35e-04    1.42e-02    2.02e-02    2.00e-01       12.30
  29      -458.712314229   -3.05e-06    9.62e-05    2.47e-04    6.08e-03    4.27e-02    2.00e-01       12.56
  30      -458.712315561   -1.33e-06    3.94e-05    1.33e-04    1.94e-03    5.25e-03    2.00e-01       12.00
  31      -458.712316491   -9.31e-07    3.43e-05    8.79e-05    3.53e-03    1.37e-02    2.00e-01       12.00
  32      -458.712316851   -3.60e-07    3.71e-05    9.92e-05    2.43e-03    1.09e-02    2.00e-01       12.00
  33      -458.712317147   -2.96e-07    2.39e-05    5.95e-05    2.46e-03    1.50e-02    2.00e-01       12.29
  34      -458.712317423   -2.76e-07    1.28e-05    3.71e-05    1.29e-03    8.24e-03    2.00e-01       12.08
  35      -458.712317465   -4.27e-08    1.68e-05    3.79e-05    1.28e-03    6.08e-03    2.00e-01       12.05
  36      -458.712317638   -1.72e-07    2.05e-05    5.31e-05    1.52e-03    3.48e-03    2.00e-01       12.06
  37      -458.712317769   -1.31e-07    1.64e-05    4.30e-05    1.64e-03    3.35e-03    2.00e-01       12.18
  38      -458.712317833   -6.38e-08    9.24e-06    2.55e-05    1.43e-03    2.24e-03    2.00e-01       12.09
  39      -458.712317861   -2.85e-08    8.16e-06    2.30e-05    1.02e-03    1.88e-03    2.00e-01       11.75
  40      -458.712317921   -5.97e-08    8.03e-06    2.51e-05    6.90e-04    7.77e-04    2.00e-01       11.04
 Geometry optimization stopped:          thresholds achieved

 Final energy:                        -458.712317921

 -----------
  Final XYZ 
 -----------
18
Final structure: -458.712 hartree
O           -1.605928572         -0.012305913          1.308917563
H           -0.737125096         -0.453080619          1.530505870
H           -2.199142827         -0.144161305          2.050866308
O           -1.636954192         -0.401679764         -1.399347853
H           -1.852873787         -0.404251806         -0.445419803
H           -2.391076846         -0.765112521         -1.868038841
O           -0.437411964          2.001617810         -0.314212210
H           -0.905990877          1.605396425          0.437661947
H           -0.813091988          1.533803969         -1.071918256
O            0.771815260         -1.092736966          1.584167653
H            0.836387229         -1.530216475          0.709630388
H            1.392944861         -0.356963862          1.483669238
O            0.993503924         -1.531684492         -1.126993063
H            0.116800255         -1.229795443         -1.412041767
H            1.532892469         -0.729268964         -1.072035068
O            2.033693673          0.942930657         -0.013567888
H            1.201328678          1.452931690         -0.142178262
H            2.762466811          1.558839577         -0.111104970

 Structure in entos input format:

  structure(
    xyz = [
      ['O'  ,         -1.605928572,         -0.012305913,          1.308917563],
      ['H'  ,         -0.737125096,         -0.453080619,          1.530505870],
      ['H'  ,         -2.199142827,         -0.144161305,          2.050866308],
      ['O'  ,         -1.636954192,         -0.401679764,         -1.399347853],
      ['H'  ,         -1.852873787,         -0.404251806,         -0.445419803],
      ['H'  ,         -2.391076846,         -0.765112521,         -1.868038841],
      ['O'  ,         -0.437411964,          2.001617810,         -0.314212210],
      ['H'  ,         -0.905990877,          1.605396425,          0.437661947],
      ['H'  ,         -0.813091988,          1.533803969,         -1.071918256],
      ['O'  ,          0.771815260,         -1.092736966,          1.584167653],
      ['H'  ,          0.836387229,         -1.530216475,          0.709630388],
      ['H'  ,          1.392944861,         -0.356963862,          1.483669238],
      ['O'  ,          0.993503924,         -1.531684492,         -1.126993063],
      ['H'  ,          0.116800255,         -1.229795443,         -1.412041767],
      ['H'  ,          1.532892469,         -0.729268964,         -1.072035068],
      ['O'  ,          2.033693673,          0.942930657,         -0.013567888],
      ['H'  ,          1.201328678,          1.452931690,         -0.142178262],
      ['H'  ,          2.762466811,          1.558839577,         -0.111104970]
    ]
  )

 --------------------------------
  Geometry optimization finished 
 --------------------------------
 Saving results in set 'opt'

 --------------------------------------------------------------------------------
                                 command: hessian                                
 --------------------------------------------------------------------------------

WARNING: semianalytic method is specified for dft hessian, which is not efficient. Try switching to 'method = analytic'


 -------------------------------
  Numerical Geometrical Hessian 
 -------------------------------

 Compute hessian using two-point central differentiation.
 Step size (bohr):                       0.0100

 Frequencies (including translational and rotational modes):
 mode    frequency (cm-1)
    0                6.21 i (imaginary)
    1                0.13 i (imaginary)
    2                0.06 i (imaginary)
    3                0.03 i (imaginary)
    4                1.63
    5               12.48
    6               66.49
    7               77.87
    8               84.03
    9               93.69
   10              107.53
   11              153.88
   12              179.05
   13              187.71
   14              226.02
   15              234.79
   16              253.23
   17              262.26
   18              290.64
   19              304.23
   20              310.09
   21              382.39
   22              396.15
   23              448.93
   24              457.81
   25              492.54
   26              521.83
   27              563.13
   28              581.04
   29              647.63
   30              669.79
   31              715.00
   32              756.42
   33              869.03
   34              915.93
   35             1063.16
   36             1636.54
   37             1648.41
   38             1658.64
   39             1677.23
   40             1696.80
   41             1717.78
   42             3119.34
   43             3396.14
   44             3513.13
   45             3532.50
   46             3681.85
   47             3696.97
   48             3743.75
   49             3761.63
   50             3789.73
   51             3898.70
   52             3900.32
   53             3900.81

 Project out translational and rotational motions 

 Degrees of freedom for translational and rotational motions: 6

 Vibrational frequencies:
 mode    frequency (cm-1)
    0               66.45
    1               77.84
    2               84.02
    3               93.61
    4              107.52
    5              153.86
    6              179.05
    7              187.71
    8              226.01
    9              234.79
   10              253.23
   11              262.26
   12              290.64
   13              304.23
   14              310.09
   15              382.39
   16              396.14
   17              448.93
   18              457.81
   19              492.54
   20              521.83
   21              563.13
   22              581.04
   23              647.63
   24              669.79
   25              715.00
   26              756.42
   27              869.03
   28              915.93
   29             1063.16
   30             1636.54
   31             1648.41
   32             1658.64
   33             1677.23
   34             1696.80
   35             1717.78
   36             3119.34
   37             3396.14
   38             3513.13
   39             3532.50
   40             3681.85
   41             3696.97
   42             3743.75
   43             3761.63
   44             3789.73
   45             3898.70
   46             3900.32
   47             3900.81

 --------------------------------------------------------------------------------

 End time:                               Thu Jun 10 06:51:37 2021
 Total wall-clock time:               1816.960 seconds
==================================================================================
