
================================================================================
          _____________ ________ _______________ ________     _________         
         / ___________// ______ \\_____   _____// ______ \   / ________)        
        / /_________  / /      \ \     | |     / /      \ \ | (_______          
       |  __________|| |        | |    | |    | |        | | \________ \        
        \ \_________ | |        | |    | |     \ \______/ /___________) |       
         \__________||_|        |_|    |_|      \________//____________/        
                                                                                
====================================[ Qcore ]===================================

 Git hash:   15a3e7daff0cda5fa9af010ccd19a80288182ecf
 Git date:   Fri, 16 Apr 2021 15:57:16 +0100
 Compiler:   GNU 9.1.0
 Build type: Release
 Version:    1.1.0

 Start time: Thu Jun 10 14:30:57 2021

 Data directory: /work/zw18965/.local/qcore/share/entos/1.1.0/data
 Number of threads: 32
 Number of threads was determined by: number of physical cores

 --------------------------------------------------------------------------------
                                command: optimize                                
 --------------------------------------------------------------------------------
 Using coordinate system:                tric
 Hessian update scheme:                  bfgs

 ------------------------------------------------------------------------------------------------------------
                   energy      change    grad rms    grad max    step rms    step max       trust    time (s)
 ------------------------------------------------------------------------------------------------------------
   1       -76.092838007                4.77e-02    8.92e-02                            2.00e-01        0.49
   2       -76.145286345   -5.24e-02    5.31e-02    9.07e-02    2.00e-01    2.16e-01    2.83e-01        0.27
   3       -76.113720765    3.16e-02    4.41e-02    8.03e-02    2.83e-01    3.12e-01    4.00e-01        0.28
   4       -76.189036566   -7.53e-02    5.78e-02    9.60e-02    4.00e-01    4.86e-01    5.66e-01        0.29
   5       -76.190056763   -1.02e-03    7.22e-02    1.65e-01    5.66e-01    5.85e-01    2.83e-01        0.26
   6       -76.144500502    4.56e-02    6.27e-02    1.36e-01    2.83e-01    3.46e-01    4.00e-01        0.28
   7       -76.222739631   -7.82e-02    7.62e-02    1.76e-01    4.00e-01    4.84e-01    5.66e-01        0.28
   8       -76.293077786   -7.03e-02    6.08e-02    1.35e-01    6.15e-01    7.39e-01    5.66e-01        0.28
   9       -76.311985869   -1.89e-02    6.74e-02    1.65e-01    1.80e-01    2.19e-01    5.66e-01        0.26
  10       -76.359270846   -4.73e-02    4.82e-02    1.17e-01    2.28e-01    2.28e-01    5.66e-01        0.27
  11       -76.375656513   -1.64e-02    3.11e-02    5.91e-02    2.99e-01    3.80e-01    5.66e-01        0.27
Rejecting step due to low quality: Quality: -28.8586 New trust radius: 0.194886
  12       -75.911290036    4.64e-01    3.11e-02    5.91e-02    3.90e-01    5.10e-01    1.95e-01        0.30
Rejecting step due to low quality: Quality: -6.49148 New trust radius: 0.0974428
  13       -76.297315222    7.83e-02    3.11e-02    5.91e-02    1.95e-01    2.55e-01    9.74e-02        0.29
Rejecting step due to low quality: Quality: -2.02725 New trust radius: 0.0487213
  14       -76.361384962    1.43e-02    3.11e-02    5.91e-02    9.74e-02    1.28e-01    4.87e-02        0.27
  15       -76.374140501    1.52e-03    3.90e-02    6.33e-02    4.87e-02    6.38e-02    2.44e-02        0.26
  16       -76.377398315   -3.26e-03    2.61e-02    4.45e-02    2.44e-02    3.32e-02    3.45e-02        0.25
  17       -76.379433074   -2.03e-03    1.69e-02    2.86e-02    3.45e-02    3.84e-02    4.87e-02        0.25
  18       -76.380729351   -1.30e-03    1.48e-03    2.77e-03    4.87e-02    8.36e-02    6.89e-02        0.26
  19       -76.380753478   -2.41e-05    3.90e-04    8.19e-04    8.11e-03    7.77e-03    6.89e-02        0.24
  20       -76.380754269   -7.91e-07    2.55e-06    5.75e-06    1.11e-03    2.20e-03    6.89e-02        0.24
  21       -76.380754271   -2.00e-09    1.09e-06    2.21e-06    1.70e-05    2.25e-05    6.89e-02        0.21
 Geometry optimization stopped:          thresholds achieved

 Final energy:                         -76.380754271

 -----------
  Final XYZ 
 -----------
3
Final structure: -76.3808 hartree
O            0.000001489         -0.018148774         -0.219307447
H           -0.000003168         -0.755564942         -0.849871536
H            0.000001680          0.773713717         -0.779969337

 Structure in entos input format:

  structure(
    xyz = [
      ['O'  ,          0.000001489,         -0.018148774,         -0.219307447],
      ['H'  ,         -0.000003168,         -0.755564942,         -0.849871536],
      ['H'  ,          0.000001680,          0.773713717,         -0.779969337]
    ]
  )

 --------------------------------
  Geometry optimization finished 
 --------------------------------
 Saving results in set 'opt1'

 --------------------------------------------------------------------------------
                                command: optimize                                
 --------------------------------------------------------------------------------
 Using coordinate system:                tric
 Hessian update scheme:                  bfgs

 ------------------------------------------------------------------------------------------------------------
                   energy      change    grad rms    grad max    step rms    step max       trust    time (s)
 ------------------------------------------------------------------------------------------------------------
   1       -76.380057796                6.94e-03    1.39e-02                            2.00e-01        0.42
   2       -76.380278999   -2.21e-04    1.97e-03    4.41e-03    1.09e-02    1.60e-02    2.00e-01        0.25
   3       -76.380298481   -1.95e-05    2.90e-04    5.31e-04    3.56e-03    5.55e-03    2.00e-01        0.26
   4       -76.380300175   -1.69e-06    1.38e-04    2.76e-04    1.56e-03    2.87e-03    2.00e-01        0.23
   5       -76.380300676   -5.00e-07    7.01e-06    1.22e-05    1.40e-03    2.37e-03    2.00e-01        0.24
Rejecting step due to low quality: Quality: -5.17537 New trust radius: 8.98592e-06
   6       -76.380300674    1.58e-09    7.01e-06    1.22e-05    1.80e-05    4.35e-05    8.99e-06        0.22
 Geometry optimization stopped:          thresholds achieved

 Final energy:                         -76.380300674

 -----------
  Final XYZ 
 -----------
3
Final structure: -76.3803 hartree
O            0.000001441         -0.017853551         -0.227068767
H           -0.000003165         -0.750261567         -0.845856069
H            0.000001724          0.768115119         -0.776223484

 Structure in entos input format:

  structure(
    xyz = [
      ['O'  ,          0.000001441,         -0.017853551,         -0.227068767],
      ['H'  ,         -0.000003165,         -0.750261567,         -0.845856069],
      ['H'  ,          0.000001724,          0.768115119,         -0.776223484]
    ]
  )

 --------------------------------
  Geometry optimization finished 
 --------------------------------
 Saving results in set 'opt'

 --------------------------------------------------------------------------------
                                 command: hessian                                
 --------------------------------------------------------------------------------

 -------------------------------
  Numerical Geometrical Hessian 
 -------------------------------

 Compute hessian using two-point central differentiation.
 Step size (bohr):                       0.0100

 Frequencies (including translational and rotational modes):
 mode    frequency (cm-1)
    0               33.48 i (imaginary)
    1               31.52 i (imaginary)
    2                0.08 i (imaginary)
    3                0.01
    4                0.08
    5               23.24
    6             1633.06
    7             3856.34
    8             3961.61

 Project out translational and rotational motions 

 Degrees of freedom for translational and rotational motions: 6

 Vibrational frequencies:
 mode    frequency (cm-1)
    0             1633.06
    1             3856.34
    2             3961.61

 --------------------------------------------------------------------------------

 End time:                               Thu Jun 10 14:31:09 2021
 Total wall-clock time:                 12.328 seconds
==================================================================================
