
================================================================================
          _____________ ________ _______________ ________     _________         
         / ___________// ______ \\_____   _____// ______ \   / ________)        
        / /_________  / /      \ \     | |     / /      \ \ | (_______          
       |  __________|| |        | |    | |    | |        | | \________ \        
        \ \_________ | |        | |    | |     \ \______/ /___________) |       
         \__________||_|        |_|    |_|      \________//____________/        
                                                                                
====================================[ Qcore ]===================================

 Git hash:   15a3e7daff0cda5fa9af010ccd19a80288182ecf
 Git date:   Fri, 16 Apr 2021 15:57:16 +0100
 Compiler:   GNU 9.1.0
 Build type: Release
 Version:    1.1.0

 Start time: Thu Jun 10 14:35:10 2021

 Data directory: /work/zw18965/.local/qcore/share/entos/1.1.0/data
 Number of threads: 32
 Number of threads was determined by: number of physical cores

 --------------------------------------------------------------------------------
                                command: optimize                                
 --------------------------------------------------------------------------------
 Using coordinate system:                tric
 Hessian update scheme:                  bfgs

 ------------------------------------------------------------------------------------------------------------
                   energy      change    grad rms    grad max    step rms    step max       trust    time (s)
 ------------------------------------------------------------------------------------------------------------
   1      -152.152132118                4.69e-02    7.61e-02                            2.00e-01        0.61
   2      -152.255188547   -1.03e-01    5.22e-02    8.96e-02    2.00e-01    1.87e-01    2.83e-01        0.36
   3      -152.193615767    6.16e-02    4.33e-02    8.03e-02    2.83e-01    3.13e-01    4.00e-01        0.36
   4      -152.342684569   -1.49e-01    5.69e-02    9.93e-02    4.00e-01    4.80e-01    5.66e-01        0.35
   5      -152.359142846   -1.65e-02    7.20e-02    1.41e-01    5.66e-01    6.23e-01    2.83e-01        0.37
   6      -152.256515860    1.03e-01    6.21e-02    1.16e-01    2.83e-01    3.43e-01    4.00e-01        0.36
   7      -152.407233682   -1.51e-01    7.54e-02    1.51e-01    4.03e-01    4.97e-01    5.66e-01        0.34
   8      -152.532076749   -1.25e-01    6.40e-02    1.30e-01    5.66e-01    7.03e-01    5.66e-01        0.33
Rejecting step due to low quality: Quality: -3.54366 New trust radius: 0.191756
   9      -152.407135518    1.25e-01    6.40e-02    1.30e-01    3.84e-01    5.21e-01    1.92e-01        0.40
  10      -152.528038308    4.04e-03    6.40e-02    1.43e-01    1.92e-01    2.60e-01    9.59e-02        0.34
  11      -152.549198224   -2.12e-02    6.31e-02    1.35e-01    9.59e-02    1.36e-01    1.36e-01        0.33
  12      -152.583478902   -3.43e-02    6.27e-02    1.46e-01    1.36e-01    1.99e-01    1.92e-01        0.32
  13      -152.627927500   -4.44e-02    5.70e-02    1.29e-01    1.92e-01    2.69e-01    1.92e-01        0.37
  14      -152.634152810   -6.23e-03    8.42e-02    2.21e-01    1.92e-01    2.56e-01    9.59e-02        0.33
  15      -152.660210575   -2.61e-02    6.06e-02    1.37e-01    9.59e-02    1.17e-01    1.36e-01        0.33
  16      -152.702035942   -4.18e-02    3.29e-02    7.25e-02    1.36e-01    2.29e-01    1.92e-01        0.32
  17      -152.712343452   -1.03e-02    2.46e-02    6.25e-02    1.42e-01    1.52e-01    1.92e-01        0.32
  18      -152.718837245   -6.49e-03    1.21e-02    3.16e-02    1.20e-01    2.07e-01    1.92e-01        0.34
Rejecting step due to low quality: Quality: -7.91749 New trust radius: 0.038655
  19      -152.704066509    1.48e-02    1.21e-02    3.16e-02    7.73e-02    1.35e-01    3.87e-02        0.32
Rejecting step due to low quality: Quality: -2.06415 New trust radius: 0.0193275
  20      -152.715949109    2.89e-03    1.21e-02    3.16e-02    3.87e-02    6.76e-02    1.93e-02        0.32
  21      -152.718559449    2.78e-04    1.40e-02    2.98e-02    1.93e-02    3.38e-02    9.66e-03        0.30
  22      -152.719460684   -9.01e-04    1.03e-02    2.17e-02    9.66e-03    1.23e-02    1.37e-02        0.31
  23      -152.720272150   -8.11e-04    5.10e-03    9.74e-03    1.37e-02    1.72e-02    1.93e-02        0.32
  24      -152.720542235   -2.70e-04    5.79e-04    1.38e-03    1.93e-02    2.79e-02    2.73e-02        0.31
  25      -152.720548092   -5.86e-06    2.68e-04    5.86e-04    3.85e-03    6.69e-03    2.73e-02        0.30
  26      -152.720552313   -4.22e-06    2.28e-04    5.03e-04    4.40e-03    7.03e-03    2.73e-02        0.30
  27      -152.720573956   -2.16e-05    6.63e-04    1.71e-03    2.73e-02    4.40e-02    3.87e-02        0.31
  28      -152.720602727   -2.88e-05    1.09e-03    2.96e-03    3.87e-02    6.21e-02    5.47e-02        0.31
  29      -152.720639006   -3.63e-05    1.59e-03    4.07e-03    5.47e-02    8.69e-02    7.73e-02        0.32
  30      -152.720666429   -2.74e-05    2.51e-03    4.54e-03    7.73e-02    1.18e-01    7.73e-02        0.32
  31      -152.720727288   -6.09e-05    2.02e-03    3.50e-03    3.38e-02    3.99e-02    7.73e-02        0.30
  32      -152.720821808   -9.45e-05    1.79e-03    3.15e-03    7.73e-02    9.80e-02    1.09e-01        0.32
  33      -152.720966448   -1.45e-04    1.58e-03    3.41e-03    1.09e-01    1.32e-01    1.55e-01        0.32
  34      -152.721174788   -2.08e-04    2.03e-03    4.47e-03    1.55e-01    1.80e-01    2.19e-01        0.32
  35      -152.721496102   -3.21e-04    3.27e-03    6.41e-03    2.19e-01    2.52e-01    3.09e-01        0.34
  36      -152.721977713   -4.82e-04    5.77e-03    1.09e-02    3.09e-01    3.59e-01    4.37e-01        0.34
  37      -152.722656748   -6.79e-04    1.03e-02    1.87e-02    4.37e-01    5.13e-01    6.00e-01        0.35
  38      -152.723234820   -5.78e-04    1.72e-02    3.10e-02    6.00e-01    7.08e-01    6.00e-01        0.35
  39      -152.724367159   -1.13e-03    1.51e-02    3.91e-02    3.87e-02    7.09e-02    6.00e-01        0.37
  40      -152.721957421    2.41e-03    2.25e-02    5.40e-02    3.69e-01    3.85e-01    1.85e-01        0.37
  41      -152.726942057   -4.98e-03    5.74e-03    1.45e-02    1.85e-01    1.94e-01    2.61e-01        0.35
Rejecting step due to low quality: Quality: -1.2886 New trust radius: 0.12583
  42      -152.726479275    4.63e-04    5.74e-03    1.45e-02    2.52e-01    2.89e-01    1.26e-01        0.37
  43      -152.727062000   -1.20e-04    5.11e-03    1.29e-02    1.26e-01    1.45e-01    1.26e-01        0.35
  44      -152.727294687   -2.33e-04    2.85e-03    5.73e-03    5.78e-02    7.60e-02    1.26e-01        0.35
  45      -152.727428751   -1.34e-04    2.91e-03    7.74e-03    2.71e-02    4.79e-02    1.26e-01        0.35
  46      -152.727498831   -7.01e-05    1.74e-03    4.03e-03    1.20e-02    1.77e-02    1.26e-01        0.35
  47      -152.727518312   -1.95e-05    9.01e-04    2.46e-03    5.76e-03    7.99e-03    1.26e-01        0.35
  48      -152.727526534   -8.22e-06    1.44e-04    3.70e-04    2.87e-03    3.36e-03    1.26e-01        0.35
  49      -152.727527182   -6.48e-07    1.40e-04    3.07e-04    1.20e-03    1.30e-03    1.26e-01        0.32
  50      -152.727534825   -7.64e-06    3.07e-04    9.21e-04    1.89e-02    2.08e-02    1.26e-01        0.35
  51      -152.727540453   -5.63e-06    2.61e-04    6.64e-04    2.17e-02    2.49e-02    1.26e-01        0.34
  52      -152.727542866   -2.41e-06    1.46e-04    3.17e-04    1.38e-02    1.63e-02    1.26e-01        0.35
  53      -152.727543559   -6.93e-07    1.15e-04    2.60e-04    2.42e-03    4.06e-03    1.26e-01        0.34
  54      -152.727544102   -5.43e-07    1.04e-04    2.71e-04    2.06e-03    4.08e-03    1.26e-01        0.35
  55      -152.727544655   -5.52e-07    1.20e-04    2.79e-04    2.15e-03    3.64e-03    1.26e-01        0.34
  56      -152.727545564   -9.09e-07    1.50e-04    3.51e-04    3.03e-03    5.71e-03    1.26e-01        0.33
  57      -152.727548145   -2.58e-06    2.18e-04    5.28e-04    7.47e-03    1.63e-02    1.26e-01        0.34
  58      -152.727555797   -7.65e-06    4.77e-04    1.00e-03    2.34e-02    5.32e-02    1.26e-01        0.35
  59      -152.727553093    2.70e-06    1.86e-03    4.92e-03    5.66e-02    1.39e-01    2.83e-02        0.36
  60      -152.727579955   -2.69e-05    6.23e-04    1.19e-03    2.83e-02    4.70e-02    4.00e-02        0.34
  61      -152.727609864   -2.99e-05    6.60e-04    1.30e-03    1.61e-02    4.07e-02    4.00e-02        0.35
  62      -152.727656424   -4.66e-05    1.68e-03    3.58e-03    4.00e-02    4.88e-02    4.00e-02        0.35
  63      -152.727593633    6.28e-05    1.34e-03    2.62e-03    4.00e-02    9.36e-02    5.66e-02        0.35
  64      -152.727492098    1.02e-04    2.21e-03    6.05e-03    5.66e-02    1.41e-01    8.00e-02        0.35
  65      -152.727644015   -1.52e-04    1.43e-03    2.91e-03    8.01e-02    2.12e-01    1.13e-01        0.35
  66      -152.727621191    2.28e-05    5.32e-03    1.32e-02    1.13e-01    2.97e-01    5.66e-02        0.38
  67      -152.727788019   -1.67e-04    1.26e-03    2.59e-03    5.66e-02    1.35e-01    5.66e-02        0.35
  68      -152.727854276   -6.63e-05    1.09e-03    2.46e-03    2.22e-02    5.38e-02    5.66e-02        0.35
  69      -152.727912962   -5.87e-05    3.09e-03    7.98e-03    5.66e-02    1.11e-01    5.66e-02        0.35
  70      -152.727973549   -6.06e-05    1.73e-03    4.28e-03    1.73e-02    3.72e-02    5.66e-02        0.35
  71      -152.728053541   -8.00e-05    1.71e-03    3.81e-03    2.87e-02    3.50e-02    5.66e-02        0.36
  72      -152.728123468   -6.99e-05    2.74e-03    5.88e-03    5.66e-02    6.87e-02    8.01e-02        0.35
  73      -152.728115754    7.71e-06    5.15e-03    1.05e-02    7.15e-02    1.38e-01    3.57e-02        0.35
  74      -152.728255867   -1.40e-04    2.93e-03    8.43e-03    2.66e-02    6.90e-02    3.57e-02        0.35
  75      -152.728313221   -5.74e-05    2.56e-03    7.07e-03    3.57e-02    5.49e-02    5.05e-02        0.36
  76      -152.728413097   -9.99e-05    2.48e-03    4.74e-03    5.05e-02    6.53e-02    7.15e-02        0.35
  77      -152.728521749   -1.09e-04    2.07e-03    4.21e-03    5.55e-02    7.97e-02    7.15e-02        0.35
  78      -152.728572554   -5.08e-05    9.51e-04    2.26e-03    2.29e-02    3.49e-02    7.15e-02        0.35
  79      -152.728591459   -1.89e-05    1.61e-03    3.19e-03    4.44e-02    5.35e-02    7.15e-02        0.36
  80      -152.728607818   -1.64e-05    8.43e-04    2.25e-03    1.01e-02    1.28e-02    7.15e-02        0.37
  81      -152.728617236   -9.42e-06    5.85e-04    1.69e-03    1.01e-02    1.10e-02    7.15e-02        0.39
  82      -152.728629633   -1.24e-05    3.48e-04    9.32e-04    2.80e-02    3.15e-02    7.15e-02        0.37
  83      -152.728632406   -2.77e-06    2.63e-04    8.06e-04    8.85e-03    9.26e-03    7.15e-02        0.35
  84      -152.728634212   -1.81e-06    2.27e-04    5.85e-04    1.23e-02    1.42e-02    7.15e-02        0.35
  85      -152.728635291   -1.08e-06    1.74e-04    2.84e-04    2.92e-03    4.42e-03    7.15e-02        0.38
  86      -152.728636114   -8.23e-07    1.51e-04    4.04e-04    3.40e-03    5.01e-03    7.15e-02        0.35
  87      -152.728637673   -1.56e-06    1.55e-04    3.99e-04    9.47e-03    1.14e-02    7.15e-02        0.34
  88      -152.728638498   -8.25e-07    1.41e-04    2.82e-04    6.94e-03    7.84e-03    7.15e-02        0.35
  89      -152.728639054   -5.56e-07    8.89e-05    1.91e-04    5.60e-03    7.12e-03    7.15e-02        0.35
  90      -152.728639269   -2.15e-07    7.49e-05    1.48e-04    2.01e-03    2.95e-03    7.15e-02        0.33
  91      -152.728639443   -1.74e-07    8.34e-05    2.42e-04    1.43e-03    2.18e-03    7.15e-02        0.33
  92      -152.728639541   -9.77e-08    8.11e-05    2.38e-04    1.47e-03    2.39e-03    7.15e-02        0.34
  93      -152.728639723   -1.82e-07    7.45e-05    2.00e-04    2.30e-03    3.34e-03    7.15e-02        0.33
  94      -152.728639823   -1.00e-07    5.25e-05    1.15e-04    3.17e-03    3.79e-03    7.15e-02        0.34
  95      -152.728639911   -8.78e-08    3.04e-05    7.93e-05    2.81e-03    3.52e-03    7.15e-02        0.34
  96      -152.728639932   -2.07e-08    1.07e-05    2.50e-05    8.30e-04    9.13e-04    7.15e-02        0.32
 Geometry optimization stopped:          thresholds achieved

 Final energy:                        -152.728639932

 -----------
  Final XYZ 
 -----------
6
Final structure: -152.729 hartree
O            0.249014711          1.263082756          0.047119497
H           -0.588968476          1.753930620          0.087668399
H           -0.025775995          0.318729433          0.023328919
O           -0.251118741         -1.572654441         -0.033848981
H            0.216130501         -1.884036933         -0.829649971
H            0.268904921         -1.935454903          0.705382137

 Structure in entos input format:

  structure(
    xyz = [
      ['O'  ,          0.249014711,          1.263082756,          0.047119497],
      ['H'  ,         -0.588968476,          1.753930620,          0.087668399],
      ['H'  ,         -0.025775995,          0.318729433,          0.023328919],
      ['O'  ,         -0.251118741,         -1.572654441,         -0.033848981],
      ['H'  ,          0.216130501,         -1.884036933,         -0.829649971],
      ['H'  ,          0.268904921,         -1.935454903,          0.705382137]
    ]
  )

 --------------------------------
  Geometry optimization finished 
 --------------------------------
 Saving results in set 'opt1'

 --------------------------------------------------------------------------------
                                command: optimize                                
 --------------------------------------------------------------------------------
 Using coordinate system:                tric
 Hessian update scheme:                  bfgs

 ------------------------------------------------------------------------------------------------------------
                   energy      change    grad rms    grad max    step rms    step max       trust    time (s)
 ------------------------------------------------------------------------------------------------------------
   1      -152.728744281                7.03e-03    1.31e-02                            2.00e-01        0.52
   2      -152.729215610   -4.71e-04    2.05e-03    4.15e-03    1.19e-02    1.78e-02    2.00e-01        0.38
   3      -152.729258671   -4.31e-05    2.67e-04    4.97e-04    4.21e-03    7.37e-03    2.00e-01        0.37
   4      -152.729262253   -3.58e-06    1.42e-04    2.90e-04    2.31e-03    3.51e-03    2.00e-01        0.37
   5      -152.729264584   -2.33e-06    6.85e-05    1.73e-04    4.19e-03    7.92e-03    2.00e-01        0.36
   6      -152.729265115   -5.31e-07    6.88e-05    1.62e-04    1.95e-03    4.57e-03    2.00e-01        0.36
   7      -152.729266594   -1.48e-06    6.57e-05    1.61e-04    7.27e-03    1.72e-02    2.00e-01        0.38
   8      -152.729267370   -7.76e-07    5.14e-05    1.49e-04    5.47e-03    1.18e-02    2.00e-01        0.37
   9      -152.729268198   -8.28e-07    3.83e-05    5.34e-05    7.59e-03    1.37e-02    2.00e-01        0.38
  10      -152.729268618   -4.20e-07    3.72e-05    7.59e-05    5.24e-03    7.06e-03    2.00e-01        0.38
  11      -152.729268814   -1.96e-07    2.54e-05    5.29e-05    3.07e-03    3.98e-03    2.00e-01        0.36
  12      -152.729268841   -2.69e-08    1.05e-05    2.56e-05    9.36e-04    7.88e-04    2.00e-01        0.33
 Geometry optimization stopped:          thresholds achieved

 Final energy:                        -152.729268841

 -----------
  Final XYZ 
 -----------
6
Final structure: -152.729 hartree
O            0.233088104          1.273554210          0.046761028
H           -0.601595765          1.747023693          0.087775748
H           -0.015216742          0.335822407          0.023094584
O           -0.225368463         -1.565417309         -0.034024446
H            0.212693518         -1.898228841         -0.823612993
H            0.264586269         -1.949157627          0.700006078

 Structure in entos input format:

  structure(
    xyz = [
      ['O'  ,          0.233088104,          1.273554210,          0.046761028],
      ['H'  ,         -0.601595765,          1.747023693,          0.087775748],
      ['H'  ,         -0.015216742,          0.335822407,          0.023094584],
      ['O'  ,         -0.225368463,         -1.565417309,         -0.034024446],
      ['H'  ,          0.212693518,         -1.898228841,         -0.823612993],
      ['H'  ,          0.264586269,         -1.949157627,          0.700006078]
    ]
  )

 --------------------------------
  Geometry optimization finished 
 --------------------------------
 Saving results in set 'opt2'

 --------------------------------------------------------------------------------
                                command: optimize                                
 --------------------------------------------------------------------------------
 Using coordinate system:                tric
 Hessian update scheme:                  bfgs

 ------------------------------------------------------------------------------------------------------------
                   energy      change    grad rms    grad max    step rms    step max       trust    time (s)
 ------------------------------------------------------------------------------------------------------------
   1      -152.769074440                1.72e-03    3.41e-03                            2.00e-01        0.98
   2      -152.769100510   -2.61e-05    5.86e-04    1.22e-03    2.74e-03    3.72e-03    2.00e-01        0.79
   3      -152.769105335   -4.83e-06    1.08e-04    2.33e-04    2.38e-03    3.09e-03    2.00e-01        0.74
   4      -152.769106031   -6.96e-07    7.06e-05    1.37e-04    1.50e-03    1.63e-03    2.00e-01        0.72
   5      -152.769106365   -3.33e-07    3.12e-05    8.42e-05    1.75e-03    2.49e-03    2.00e-01        0.74
   6      -152.769106425   -6.00e-08    2.14e-05    5.38e-05    7.69e-04    1.53e-03    2.00e-01        0.74
   7      -152.769106547   -1.22e-07    2.43e-05    6.19e-05    1.52e-03    3.36e-03    2.00e-01        0.73
   8      -152.769106606   -5.97e-08    2.43e-05    5.92e-05    1.40e-03    3.03e-03    2.00e-01        0.73
   9      -152.769106663   -5.63e-08    2.01e-05    4.67e-05    2.08e-03    3.99e-03    2.00e-01        0.72
  10      -152.769106729   -6.68e-08    1.80e-05    3.52e-05    1.92e-03    3.15e-03    2.00e-01        0.74
  11      -152.769106768   -3.89e-08    1.35e-05    3.01e-05    1.38e-03    1.83e-03    2.00e-01        0.73
  12      -152.769106775   -6.55e-09    6.12e-06    1.72e-05    5.19e-04    5.17e-04    2.00e-01        0.68
 Geometry optimization stopped:          thresholds achieved

 Final energy:                        -152.769106775

 -----------
  Final XYZ 
 -----------
6
Final structure: -152.769 hartree
O            0.228060297          1.278254368          0.046510154
H           -0.604241276          1.750374016          0.087852582
H           -0.013199335          0.341485279          0.022359504
O           -0.216732833         -1.566374112         -0.034107771
H            0.211031712         -1.905680934         -0.823245861
H            0.263268357         -1.954462084          0.700631392

 Structure in entos input format:

  structure(
    xyz = [
      ['O'  ,          0.228060297,          1.278254368,          0.046510154],
      ['H'  ,         -0.604241276,          1.750374016,          0.087852582],
      ['H'  ,         -0.013199335,          0.341485279,          0.022359504],
      ['O'  ,         -0.216732833,         -1.566374112,         -0.034107771],
      ['H'  ,          0.211031712,         -1.905680934,         -0.823245861],
      ['H'  ,          0.263268357,         -1.954462084,          0.700631392]
    ]
  )

 --------------------------------
  Geometry optimization finished 
 --------------------------------
 Saving results in set 'opt'

 --------------------------------------------------------------------------------
                                 command: hessian                                
 --------------------------------------------------------------------------------

 -------------------------------
  Numerical Geometrical Hessian 
 -------------------------------

 Compute hessian using two-point central differentiation.
 Step size (bohr):                       0.0100

 Frequencies (including translational and rotational modes):
 mode    frequency (cm-1)
    0               22.23 i (imaginary)
    1                0.22 i (imaginary)
    2                0.01 i (imaginary)
    3                0.14
    4                2.78
    5                5.38
    6              134.20
    7              158.18
    8              163.38
    9              195.29
   10              379.87
   11              648.30
   12             1633.53
   13             1654.27
   14             3713.31
   15             3849.24
   16             3930.99
   17             3950.63

 Project out translational and rotational motions 

 Degrees of freedom for translational and rotational motions: 6

 Vibrational frequencies:
 mode    frequency (cm-1)
    0              134.07
    1              158.17
    2              163.37
    3              195.28
    4              379.87
    5              648.30
    6             1633.53
    7             1654.27
    8             3713.31
    9             3849.24
   10             3930.99
   11             3950.63

 --------------------------------------------------------------------------------

 End time:                               Thu Jun 10 14:36:25 2021
 Total wall-clock time:                 75.267 seconds
==================================================================================
