
================================================================================
          _____________ ________ _______________ ________     _________         
         / ___________// ______ \\_____   _____// ______ \   / ________)        
        / /_________  / /      \ \     | |     / /      \ \ | (_______          
       |  __________|| |        | |    | |    | |        | | \________ \        
        \ \_________ | |        | |    | |     \ \______/ /___________) |       
         \__________||_|        |_|    |_|      \________//____________/        
                                                                                
====================================[ Qcore ]===================================

 Git hash:   15a3e7daff0cda5fa9af010ccd19a80288182ecf
 Git date:   Fri, 16 Apr 2021 15:57:16 +0100
 Compiler:   GNU 9.1.0
 Build type: Release
 Version:    1.1.0

 Start time: Thu Jun 10 04:56:07 2021

 Data directory: /work/zw18965/.local/qcore/share/entos/1.1.0/data
 Number of threads: 24
 Number of threads was determined by: command line argument
  - More threads can be used by running 'qcore -n 32'

 --------------------------------------------------------------------------------
                                command: optimize                                
 --------------------------------------------------------------------------------
 Using coordinate system:                tric
 Hessian update scheme:                  bfgs

 ------------------------------------------------------------------------------------------------------------
                   energy      change    grad rms    grad max    step rms    step max       trust    time (s)
 ------------------------------------------------------------------------------------------------------------
   1      -229.167503672                1.11e-03    2.64e-03                            2.00e-01        2.45
   2      -229.167614151   -1.10e-04    6.23e-04    1.39e-03    2.53e-02    2.48e-02    2.00e-01        2.02
   3      -229.167672205   -5.81e-05    3.16e-04    7.64e-04    4.03e-02    3.83e-02    2.00e-01        2.06
   4      -229.167687053   -1.48e-05    2.59e-04    6.05e-04    7.73e-03    1.00e-02    2.00e-01        1.95
   5      -229.167700488   -1.34e-05    2.44e-04    5.72e-04    7.30e-03    1.47e-02    2.00e-01        1.95
   6      -229.167724729   -2.42e-05    1.94e-04    4.26e-04    2.75e-02    5.18e-02    2.00e-01        2.01
   7      -229.167728285   -3.56e-06    1.19e-04    3.17e-04    8.23e-03    1.03e-02    2.00e-01        1.92
   8      -229.167730266   -1.98e-06    7.55e-05    1.83e-04    7.49e-03    9.55e-03    2.00e-01        1.94
   9      -229.167730826   -5.59e-07    5.58e-05    1.26e-04    2.76e-03    3.56e-03    2.00e-01        1.76
  10      -229.167731231   -4.06e-07    3.72e-05    7.57e-05    2.48e-03    2.90e-03    2.00e-01        1.78
  11      -229.167731461   -2.30e-07    3.30e-05    8.99e-05    1.57e-03    2.72e-03    2.00e-01        1.85
  12      -229.167731701   -2.40e-07    3.82e-05    7.79e-05    2.23e-03    4.21e-03    2.00e-01        1.88
  13      -229.167731904   -2.03e-07    3.84e-05    8.38e-05    2.35e-03    4.39e-03    2.00e-01        1.83
  14      -229.167732050   -1.46e-07    2.58e-05    5.80e-05    1.97e-03    3.50e-03    2.00e-01        1.80
  15      -229.167732089   -3.89e-08    1.17e-05    3.23e-05    8.61e-04    1.37e-03    2.00e-01        1.81
  16      -229.167732114   -2.56e-08    9.17e-06    2.34e-05    3.98e-04    5.71e-04    2.00e-01        1.79
 Geometry optimization stopped:          thresholds achieved

 Final energy:                        -229.167732114

 -----------
  Final XYZ 
 -----------
9
Final structure: -229.168 hartree
O           -1.461697497         -0.637060220         -0.094721421
H           -0.584832368         -1.061467747         -0.074926377
H           -1.968840048         -1.038358194          0.611986909
O            1.289849775         -0.931606301         -0.134720360
H            1.898057806         -1.205203069          0.552887885
H            1.192585194          0.034222147         -0.040545042
O            0.168504637          1.574741291          0.139354944
H           -0.625321839          1.011734000          0.077202747
H            0.101926340          2.204192093         -0.580068284

 Structure in entos input format:

  structure(
    xyz = [
      ['O'  ,         -1.461697497,         -0.637060220,         -0.094721421],
      ['H'  ,         -0.584832368,         -1.061467747,         -0.074926377],
      ['H'  ,         -1.968840048,         -1.038358194,          0.611986909],
      ['O'  ,          1.289849775,         -0.931606301,         -0.134720360],
      ['H'  ,          1.898057806,         -1.205203069,          0.552887885],
      ['H'  ,          1.192585194,          0.034222147,         -0.040545042],
      ['O'  ,          0.168504637,          1.574741291,          0.139354944],
      ['H'  ,         -0.625321839,          1.011734000,          0.077202747],
      ['H'  ,          0.101926340,          2.204192093,         -0.580068284]
    ]
  )

 --------------------------------
  Geometry optimization finished 
 --------------------------------
 Saving results in set 'opt'

 --------------------------------------------------------------------------------
                                 command: hessian                                
 --------------------------------------------------------------------------------

WARNING: semianalytic method is specified for dft hessian, which is not efficient. Try switching to 'method = analytic'


 -------------------------------
  Numerical Geometrical Hessian 
 -------------------------------

 Compute hessian using two-point central differentiation.
 Step size (bohr):                       0.0100

 Frequencies (including translational and rotational modes):
 mode    frequency (cm-1)
    0                4.97 i (imaginary)
    1                0.03 i (imaginary)
    2                0.02 i (imaginary)
    3                0.15
    4                9.30
    5               22.05
    6              188.90
    7              195.23
    8              207.00
    9              221.37
   10              225.89
   11              263.26
   12              372.22
   13              383.41
   14              475.23
   15              621.20
   16              704.51
   17              925.18
   18             1645.42
   19             1648.14
   20             1670.22
   21             3532.92
   22             3606.85
   23             3618.50
   24             3920.98
   25             3924.66
   26             3926.14

 Project out translational and rotational motions 

 Degrees of freedom for translational and rotational motions: 6

 Vibrational frequencies:
 mode    frequency (cm-1)
    0              188.89
    1              195.22
    2              207.00
    3              221.37
    4              225.88
    5              263.26
    6              372.22
    7              383.41
    8              475.23
    9              621.20
   10              704.51
   11              925.18
   12             1645.42
   13             1648.14
   14             1670.22
   15             3532.92
   16             3606.85
   17             3618.50
   18             3920.98
   19             3924.66
   20             3926.14

 --------------------------------------------------------------------------------

 End time:                               Thu Jun 10 04:58:25 2021
 Total wall-clock time:                137.368 seconds
==================================================================================
