
================================================================================
          _____________ ________ _______________ ________     _________         
         / ___________// ______ \\_____   _____// ______ \   / ________)        
        / /_________  / /      \ \     | |     / /      \ \ | (_______          
       |  __________|| |        | |    | |    | |        | | \________ \        
        \ \_________ | |        | |    | |     \ \______/ /___________) |       
         \__________||_|        |_|    |_|      \________//____________/        
                                                                                
====================================[ Qcore ]===================================

 Git hash:   15a3e7daff0cda5fa9af010ccd19a80288182ecf
 Git date:   Fri, 16 Apr 2021 15:57:16 +0100
 Compiler:   GNU 9.1.0
 Build type: Release
 Version:    1.1.0

 Start time: Thu Jun 10 04:58:25 2021

 Data directory: /work/zw18965/.local/qcore/share/entos/1.1.0/data
 Number of threads: 24
 Number of threads was determined by: command line argument
  - More threads can be used by running 'qcore -n 32'

 --------------------------------------------------------------------------------
                                command: optimize                                
 --------------------------------------------------------------------------------
 Using coordinate system:                tric
 Hessian update scheme:                  bfgs

 ------------------------------------------------------------------------------------------------------------
                   energy      change    grad rms    grad max    step rms    step max       trust    time (s)
 ------------------------------------------------------------------------------------------------------------
   1      -305.568888704                1.60e-03    3.89e-03                            2.00e-01        4.15
   2      -305.569150990   -2.62e-04    1.10e-03    2.55e-03    3.52e-02    2.84e-02    2.00e-01        3.56
   3      -305.569272630   -1.22e-04    3.59e-04    7.01e-04    4.47e-02    3.40e-02    2.00e-01        3.53
   4      -305.569280190   -7.56e-06    2.16e-04    3.39e-04    7.55e-03    9.08e-03    2.00e-01        3.35
   5      -305.569291213   -1.10e-05    1.37e-04    2.63e-04    5.94e-03    5.26e-03    2.00e-01        3.37
   6      -305.569299144   -7.93e-06    9.54e-05    1.57e-04    7.66e-03    9.41e-03    2.00e-01        3.38
   7      -305.569303993   -4.85e-06    4.38e-05    1.02e-04    8.65e-03    1.16e-02    2.00e-01        3.38
   8      -305.569304651   -6.58e-07    1.23e-05    2.36e-05    2.24e-03    2.96e-03    2.00e-01        3.22
   9      -305.569304849   -1.97e-07    1.35e-05    2.42e-05    5.97e-04    1.28e-03    2.00e-01        3.11
  10      -305.569305266   -4.17e-07    3.10e-05    6.46e-05    9.04e-04    2.86e-03    2.00e-01        3.31
  11      -305.569306232   -9.66e-07    5.18e-05    1.16e-04    1.77e-03    6.96e-03    2.00e-01        3.23
  12      -305.569307523   -1.29e-06    5.80e-05    1.34e-04    2.95e-03    1.20e-02    2.00e-01        3.38
  13      -305.569308597   -1.07e-06    3.64e-05    8.32e-05    2.92e-03    1.11e-02    2.00e-01        3.37
  14      -305.569309023   -4.26e-07    1.15e-05    2.13e-05    1.37e-03    3.50e-03    2.00e-01        3.28
  15      -305.569309036   -1.35e-08    5.95e-06    1.07e-05    4.57e-04    7.74e-04    2.00e-01        3.10
 Geometry optimization stopped:          thresholds achieved

 Final energy:                        -305.569309036

 -----------
  Final XYZ 
 -----------
12
Final structure: -305.569 hartree
O            1.369211893         -1.326787235         -0.003670193
H            0.395403574         -1.470290672         -0.009446744
H            1.701800876         -1.799838463          0.760098830
O           -1.326779304         -1.369239551          0.003664596
H           -1.470251425         -0.395425747          0.009459332
H           -1.799846202         -1.701802516         -0.760105569
O           -1.369250043          1.326796850         -0.003658328
H           -0.395434831          1.470265845         -0.009465853
H           -1.701802479          1.799872632          0.760110411
O            1.326806102          1.369230924          0.003667938
H            1.470305697          0.395421434          0.009466298
H            1.799839140          1.701799498         -0.760120720

 Structure in entos input format:

  structure(
    xyz = [
      ['O'  ,          1.369211893,         -1.326787235,         -0.003670193],
      ['H'  ,          0.395403574,         -1.470290672,         -0.009446744],
      ['H'  ,          1.701800876,         -1.799838463,          0.760098830],
      ['O'  ,         -1.326779304,         -1.369239551,          0.003664596],
      ['H'  ,         -1.470251425,         -0.395425747,          0.009459332],
      ['H'  ,         -1.799846202,         -1.701802516,         -0.760105569],
      ['O'  ,         -1.369250043,          1.326796850,         -0.003658328],
      ['H'  ,         -0.395434831,          1.470265845,         -0.009465853],
      ['H'  ,         -1.701802479,          1.799872632,          0.760110411],
      ['O'  ,          1.326806102,          1.369230924,          0.003667938],
      ['H'  ,          1.470305697,          0.395421434,          0.009466298],
      ['H'  ,          1.799839140,          1.701799498,         -0.760120720]
    ]
  )

 --------------------------------
  Geometry optimization finished 
 --------------------------------
 Saving results in set 'opt'

 --------------------------------------------------------------------------------
                                 command: hessian                                
 --------------------------------------------------------------------------------

WARNING: semianalytic method is specified for dft hessian, which is not efficient. Try switching to 'method = analytic'


 -------------------------------
  Numerical Geometrical Hessian 
 -------------------------------

 Compute hessian using two-point central differentiation.
 Step size (bohr):                       0.0100

 Frequencies (including translational and rotational modes):
 mode    frequency (cm-1)
    0                0.03 i (imaginary)
    1                0.02 i (imaginary)
    2                0.01 i (imaginary)
    3               10.32
    4               10.33
    5               37.08
    6               54.24
    7               98.98
    8              220.24
    9              232.01
   10              258.64
   11              258.65
   12              279.82
   13              279.83
   14              280.58
   15              313.80
   16              434.93
   17              480.65
   18              486.15
   19              486.15
   20              802.09
   21              882.57
   22              882.57
   23             1051.86
   24             1649.82
   25             1664.37
   26             1664.37
   27             1694.47
   28             3299.70
   29             3417.74
   30             3417.75
   31             3463.49
   32             3919.85
   33             3920.48
   34             3920.48
   35             3921.65

 Project out translational and rotational motions 

 Degrees of freedom for translational and rotational motions: 6

 Vibrational frequencies:
 mode    frequency (cm-1)
    0               54.24
    1               98.98
    2              220.24
    3              232.01
    4              258.64
    5              258.65
    6              279.82
    7              279.83
    8              280.58
    9              313.80
   10              434.93
   11              480.65
   12              486.15
   13              486.15
   14              802.09
   15              882.57
   16              882.57
   17             1051.86
   18             1649.82
   19             1664.37
   20             1664.37
   21             1694.47
   22             3299.70
   23             3417.74
   24             3417.75
   25             3463.49
   26             3919.85
   27             3920.48
   28             3920.48
   29             3921.65

 --------------------------------------------------------------------------------

 End time:                               Thu Jun 10 05:03:38 2021
 Total wall-clock time:                312.847 seconds
==================================================================================
