
================================================================================
          _____________ ________ _______________ ________     _________         
         / ___________// ______ \\_____   _____// ______ \   / ________)        
        / /_________  / /      \ \     | |     / /      \ \ | (_______          
       |  __________|| |        | |    | |    | |        | | \________ \        
        \ \_________ | |        | |    | |     \ \______/ /___________) |       
         \__________||_|        |_|    |_|      \________//____________/        
                                                                                
====================================[ Qcore ]===================================

 Git hash:   15a3e7daff0cda5fa9af010ccd19a80288182ecf
 Git date:   Fri, 16 Apr 2021 15:57:16 +0100
 Compiler:   GNU 9.1.0
 Build type: Release
 Version:    1.1.0

 Start time: Thu Jun 10 05:03:38 2021

 Data directory: /work/zw18965/.local/qcore/share/entos/1.1.0/data
 Number of threads: 24
 Number of threads was determined by: command line argument
  - More threads can be used by running 'qcore -n 32'

 --------------------------------------------------------------------------------
                                command: optimize                                
 --------------------------------------------------------------------------------
 Using coordinate system:                tric
 Hessian update scheme:                  bfgs

 ------------------------------------------------------------------------------------------------------------
                   energy      change    grad rms    grad max    step rms    step max       trust    time (s)
 ------------------------------------------------------------------------------------------------------------
   1      -381.964362651                1.73e-03    4.21e-03                            2.00e-01        7.23
   2      -381.964706360   -3.44e-04    1.12e-03    2.63e-03    3.36e-02    3.28e-02    2.00e-01        6.19
   3      -381.964940788   -2.34e-04    1.79e-04    3.62e-04    6.30e-02    6.13e-02    2.00e-01        6.44
   4      -381.964950767   -9.98e-06    1.99e-04    4.94e-04    9.43e-03    8.16e-03    2.00e-01        5.89
   5      -381.964961179   -1.04e-05    1.15e-04    3.30e-04    4.42e-03    7.40e-03    2.00e-01        5.85
   6      -381.964970651   -9.47e-06    1.36e-04    2.89e-04    7.68e-03    1.59e-02    2.00e-01        5.85
   7      -381.964975506   -4.85e-06    1.19e-04    2.70e-04    9.55e-03    1.73e-02    2.00e-01        5.84
   8      -381.964976777   -1.27e-06    4.65e-05    1.28e-04    3.57e-03    5.30e-03    2.00e-01        5.86
   9      -381.964977337   -5.61e-07    3.45e-05    1.11e-04    1.36e-03    1.31e-03    2.00e-01        5.66
  10      -381.964977793   -4.56e-07    3.96e-05    8.56e-05    2.27e-03    2.33e-03    2.00e-01        5.54
  11      -381.964978109   -3.16e-07    3.41e-05    7.58e-05    2.42e-03    2.84e-03    2.00e-01        5.92
  12      -381.964978323   -2.14e-07    2.81e-05    8.10e-05    2.23e-03    3.18e-03    2.00e-01        5.64
  13      -381.964978492   -1.69e-07    2.48e-05    7.77e-05    1.57e-03    2.45e-03    2.00e-01        5.59
  14      -381.964978536   -4.41e-08    1.50e-05    4.46e-05    8.36e-04    1.23e-03    2.00e-01        5.62
  15      -381.964978546   -1.03e-08    5.01e-06    1.56e-05    2.95e-04    5.81e-04    2.00e-01        5.40
 Geometry optimization stopped:          thresholds achieved

 Final energy:                        -381.964978546

 -----------
  Final XYZ 
 -----------
15
Final structure: -381.965 hartree
O            2.261776032          0.147424748          0.150466458
O            0.850830390         -2.107199954         -0.127723552
O           -1.741486909         -1.466537784          0.045617952
O           -1.925288484          1.210749195         -0.086258715
O            0.561396571          2.202785081         -0.053125781
H            1.774844982         -0.703873241          0.041283108
H           -0.111953252         -1.901923411         -0.063660748
H           -1.866243548         -0.489153122          0.025228736
H           -1.021290266          1.606185184         -0.079459682
H            1.213060624          1.468174282          0.042822143
H            2.773752072          0.057131214          0.954840901
H            0.961965337         -2.590573419         -0.947214567
H           -2.200913231         -1.778596893          0.825731150
H           -2.442124364          1.725750177          0.533798636
H            0.828899048          2.685090944         -0.836431038

 Structure in entos input format:

  structure(
    xyz = [
      ['O'  ,          2.261776032,          0.147424748,          0.150466458],
      ['O'  ,          0.850830390,         -2.107199954,         -0.127723552],
      ['O'  ,         -1.741486909,         -1.466537784,          0.045617952],
      ['O'  ,         -1.925288484,          1.210749195,         -0.086258715],
      ['O'  ,          0.561396571,          2.202785081,         -0.053125781],
      ['H'  ,          1.774844982,         -0.703873241,          0.041283108],
      ['H'  ,         -0.111953252,         -1.901923411,         -0.063660748],
      ['H'  ,         -1.866243548,         -0.489153122,          0.025228736],
      ['H'  ,         -1.021290266,          1.606185184,         -0.079459682],
      ['H'  ,          1.213060624,          1.468174282,          0.042822143],
      ['H'  ,          2.773752072,          0.057131214,          0.954840901],
      ['H'  ,          0.961965337,         -2.590573419,         -0.947214567],
      ['H'  ,         -2.200913231,         -1.778596893,          0.825731150],
      ['H'  ,         -2.442124364,          1.725750177,          0.533798636],
      ['H'  ,          0.828899048,          2.685090944,         -0.836431038]
    ]
  )

 --------------------------------
  Geometry optimization finished 
 --------------------------------
 Saving results in set 'opt'

 --------------------------------------------------------------------------------
                                 command: hessian                                
 --------------------------------------------------------------------------------

WARNING: semianalytic method is specified for dft hessian, which is not efficient. Try switching to 'method = analytic'


 -------------------------------
  Numerical Geometrical Hessian 
 -------------------------------

 Compute hessian using two-point central differentiation.
 Step size (bohr):                       0.0100

 Frequencies (including translational and rotational modes):
 mode    frequency (cm-1)
    0                8.41 i (imaginary)
    1                0.10 i (imaginary)
    2                0.07 i (imaginary)
    3                0.03 i (imaginary)
    4                3.80
    5                6.90
    6               25.21
    7               44.88
    8               70.03
    9               75.06
   10              189.67
   11              211.74
   12              219.80
   13              244.96
   14              252.41
   15              260.13
   16              288.11
   17              316.84
   18              322.03
   19              325.73
   20              447.67
   21              460.80
   22              486.25
   23              502.87
   24              560.21
   25              764.70
   26              838.98
   27              917.60
   28              938.72
   29             1040.34
   30             1650.88
   31             1662.09
   32             1674.37
   33             1693.44
   34             1702.61
   35             3242.37
   36             3348.78
   37             3358.12
   38             3414.05
   39             3423.29
   40             3919.56
   41             3921.14
   42             3923.10
   43             3924.24
   44             3926.18

 Project out translational and rotational motions 

 Degrees of freedom for translational and rotational motions: 6

 Vibrational frequencies:
 mode    frequency (cm-1)
    0               25.14
    1               44.85
    2               70.03
    3               75.00
    4              189.67
    5              211.74
    6              219.80
    7              244.96
    8              252.41
    9              260.13
   10              288.11
   11              316.84
   12              322.03
   13              325.73
   14              447.67
   15              460.80
   16              486.25
   17              502.87
   18              560.21
   19              764.70
   20              838.98
   21              917.60
   22              938.72
   23             1040.34
   24             1650.88
   25             1662.09
   26             1674.37
   27             1693.44
   28             1702.61
   29             3242.37
   30             3348.78
   31             3358.12
   32             3414.05
   33             3423.29
   34             3919.56
   35             3921.14
   36             3923.10
   37             3924.24
   38             3926.18

 --------------------------------------------------------------------------------

 End time:                               Thu Jun 10 05:14:08 2021
 Total wall-clock time:                630.151 seconds
==================================================================================
