
================================================================================
          _____________ ________ _______________ ________     _________         
         / ___________// ______ \\_____   _____// ______ \   / ________)        
        / /_________  / /      \ \     | |     / /      \ \ | (_______          
       |  __________|| |        | |    | |    | |        | | \________ \        
        \ \_________ | |        | |    | |     \ \______/ /___________) |       
         \__________||_|        |_|    |_|      \________//____________/        
                                                                                
====================================[ Qcore ]===================================

 Git hash:   15a3e7daff0cda5fa9af010ccd19a80288182ecf
 Git date:   Fri, 16 Apr 2021 15:57:16 +0100
 Compiler:   GNU 9.1.0
 Build type: Release
 Version:    1.1.0

 Start time: Thu Jun 10 05:14:08 2021

 Data directory: /work/zw18965/.local/qcore/share/entos/1.1.0/data
 Number of threads: 24
 Number of threads was determined by: command line argument
  - More threads can be used by running 'qcore -n 32'

 --------------------------------------------------------------------------------
                                command: optimize                                
 --------------------------------------------------------------------------------
 Using coordinate system:                tric
 Hessian update scheme:                  bfgs

 ------------------------------------------------------------------------------------------------------------
                   energy      change    grad rms    grad max    step rms    step max       trust    time (s)
 ------------------------------------------------------------------------------------------------------------
   1      -458.359217081                1.74e-03    4.03e-03                            2.00e-01       10.28
   2      -458.359621950   -4.05e-04    1.08e-03    2.45e-03    3.26e-02    2.89e-02    2.00e-01        9.37
   3      -458.359974412   -3.52e-04    4.20e-04    9.12e-04    8.46e-02    7.64e-02    2.00e-01        9.47
   4      -458.360001610   -2.72e-05    2.03e-04    4.72e-04    1.33e-02    1.08e-02    2.00e-01        9.17
   5      -458.360013312   -1.17e-05    8.48e-05    1.61e-04    5.40e-03    5.00e-03    2.00e-01        9.09
   6      -458.360018560   -5.25e-06    6.50e-05    1.67e-04    2.96e-03    4.80e-03    2.00e-01        9.13
   7      -458.360025145   -6.58e-06    5.11e-05    8.48e-05    7.78e-03    1.36e-02    2.00e-01        9.12
   8      -458.360026077   -9.31e-07    2.28e-05    3.86e-05    2.45e-03    3.45e-03    2.00e-01        8.91
   9      -458.360026191   -1.14e-07    1.35e-05    3.84e-05    1.20e-03    1.52e-03    2.00e-01        8.39
  10      -458.360026389   -1.98e-07    1.47e-05    3.29e-05    8.75e-04    1.01e-03    2.00e-01        8.43
 Geometry optimization stopped:          thresholds achieved

 Final energy:                        -458.360026389

 -----------
  Final XYZ 
 -----------
18
Final structure: -458.36 hartree
O            0.003024891          2.657578342          0.118231033
H           -0.097848135          3.180984036          0.913921946
H           -0.839347551          2.153221786          0.020298412
O           -2.303092809         -1.327113351          0.118364832
H           -1.445537258         -1.805765402          0.023147419
H           -2.708949046         -1.674644757          0.913199940
O            2.303099617          1.327111976         -0.118366413
H            2.708947505          1.674647106         -0.913204172
H            1.445542274          1.805760087         -0.023142353
O           -0.003028416         -2.657580381         -0.118229483
H            0.839342790         -2.153221888         -0.020294866
H            0.097846989         -3.180985096         -0.913920706
O            2.298305658         -1.329974740          0.121889023
H            2.803173111         -1.505291793          0.916628417
H            2.284023655         -0.348234394          0.024149975
O           -2.298303878          1.329981049         -0.121890953
H           -2.803175783          1.505293418         -0.916628561
H           -2.284019613          0.348241003         -0.024147489

 Structure in entos input format:

  structure(
    xyz = [
      ['O'  ,          0.003024891,          2.657578342,          0.118231033],
      ['H'  ,         -0.097848135,          3.180984036,          0.913921946],
      ['H'  ,         -0.839347551,          2.153221786,          0.020298412],
      ['O'  ,         -2.303092809,         -1.327113351,          0.118364832],
      ['H'  ,         -1.445537258,         -1.805765402,          0.023147419],
      ['H'  ,         -2.708949046,         -1.674644757,          0.913199940],
      ['O'  ,          2.303099617,          1.327111976,         -0.118366413],
      ['H'  ,          2.708947505,          1.674647106,         -0.913204172],
      ['H'  ,          1.445542274,          1.805760087,         -0.023142353],
      ['O'  ,         -0.003028416,         -2.657580381,         -0.118229483],
      ['H'  ,          0.839342790,         -2.153221888,         -0.020294866],
      ['H'  ,          0.097846989,         -3.180985096,         -0.913920706],
      ['O'  ,          2.298305658,         -1.329974740,          0.121889023],
      ['H'  ,          2.803173111,         -1.505291793,          0.916628417],
      ['H'  ,          2.284023655,         -0.348234394,          0.024149975],
      ['O'  ,         -2.298303878,          1.329981049,         -0.121890953],
      ['H'  ,         -2.803175783,          1.505293418,         -0.916628561],
      ['H'  ,         -2.284019613,          0.348241003,         -0.024147489]
    ]
  )

 --------------------------------
  Geometry optimization finished 
 --------------------------------
 Saving results in set 'opt'

 --------------------------------------------------------------------------------
                                 command: hessian                                
 --------------------------------------------------------------------------------

WARNING: semianalytic method is specified for dft hessian, which is not efficient. Try switching to 'method = analytic'


 -------------------------------
  Numerical Geometrical Hessian 
 -------------------------------

 Compute hessian using two-point central differentiation.
 Step size (bohr):                       0.0100

 Frequencies (including translational and rotational modes):
 mode    frequency (cm-1)
    0                0.09 i (imaginary)
    1                0.03 i (imaginary)
    2                0.02 i (imaginary)
    3                5.57
    4                6.98
    5                9.88
    6               30.87
    7               33.28
    8               51.51
    9               53.48
   10               54.64
   11               93.45
   12              166.15
   13              200.54
   14              223.84
   15              224.77
   16              231.15
   17              231.30
   18              283.46
   19              285.04
   20              315.17
   21              323.66
   22              323.76
   23              358.79
   24              453.91
   25              474.92
   26              477.72
   27              495.31
   28              501.98
   29              505.20
   30              831.53
   31              854.02
   32              855.63
   33              954.31
   34              955.55
   35             1032.90
   36             1644.67
   37             1657.54
   38             1657.74
   39             1689.49
   40             1689.86
   41             1708.57
   42             3231.78
   43             3328.55
   44             3328.80
   45             3398.92
   46             3399.12
   47             3420.92
   48             3922.60
   49             3922.70
   50             3922.76
   51             3923.35
   52             3923.42
   53             3924.20

 Project out translational and rotational motions 

 Degrees of freedom for translational and rotational motions: 6

 Vibrational frequencies:
 mode    frequency (cm-1)
    0               30.87
    1               33.28
    2               51.50
    3               53.48
    4               54.62
    5               93.45
    6              166.15
    7              200.54
    8              223.84
    9              224.77
   10              231.15
   11              231.30
   12              283.46
   13              285.04
   14              315.17
   15              323.66
   16              323.76
   17              358.79
   18              453.91
   19              474.92
   20              477.72
   21              495.31
   22              501.98
   23              505.20
   24              831.53
   25              854.02
   26              855.63
   27              954.31
   28              955.55
   29             1032.90
   30             1644.67
   31             1657.54
   32             1657.74
   33             1689.49
   34             1689.86
   35             1708.57
   36             3231.78
   37             3328.55
   38             3328.80
   39             3398.92
   40             3399.12
   41             3420.92
   42             3922.60
   43             3922.70
   44             3922.76
   45             3923.35
   46             3923.42
   47             3924.20

 --------------------------------------------------------------------------------

 End time:                               Thu Jun 10 05:32:05 2021
 Total wall-clock time:               1077.097 seconds
==================================================================================
