
================================================================================
          _____________ ________ _______________ ________     _________         
         / ___________// ______ \\_____   _____// ______ \   / ________)        
        / /_________  / /      \ \     | |     / /      \ \ | (_______          
       |  __________|| |        | |    | |    | |        | | \________ \        
        \ \_________ | |        | |    | |     \ \______/ /___________) |       
         \__________||_|        |_|    |_|      \________//____________/        
                                                                                
====================================[ Qcore ]===================================

 Git hash:   15a3e7daff0cda5fa9af010ccd19a80288182ecf
 Git date:   Fri, 16 Apr 2021 15:57:16 +0100
 Compiler:   GNU 9.1.0
 Build type: Release
 Version:    1.1.0

 Start time: Thu Jun 10 05:32:05 2021

 Data directory: /work/zw18965/.local/qcore/share/entos/1.1.0/data
 Number of threads: 24
 Number of threads was determined by: command line argument
  - More threads can be used by running 'qcore -n 32'

 --------------------------------------------------------------------------------
                                command: optimize                                
 --------------------------------------------------------------------------------
 Using coordinate system:                tric
 Hessian update scheme:                  bfgs

 ------------------------------------------------------------------------------------------------------------
                   energy      change    grad rms    grad max    step rms    step max       trust    time (s)
 ------------------------------------------------------------------------------------------------------------
   1      -458.360588877                1.61e-03    4.46e-03                            2.00e-01       11.49
   2      -458.360973204   -3.84e-04    1.16e-03    3.25e-03    3.41e-02    3.48e-02    2.00e-01       10.15
   3      -458.361215302   -2.42e-04    2.61e-04    6.47e-04    5.55e-02    5.44e-02    2.00e-01        9.74
   4      -458.361240212   -2.49e-05    1.90e-04    4.89e-04    1.11e-02    1.23e-02    2.00e-01        9.62
   5      -458.361258156   -1.79e-05    1.47e-04    3.56e-04    7.29e-03    1.03e-02    2.00e-01        9.52
   6      -458.361278694   -2.05e-05    1.85e-04    5.12e-04    1.66e-02    2.27e-02    2.00e-01       10.17
   7      -458.361284762   -6.07e-06    1.34e-04    3.32e-04    1.17e-02    1.53e-02    2.00e-01        9.87
   8      -458.361289169   -4.41e-06    5.90e-05    1.85e-04    4.96e-03    4.83e-03    2.00e-01        9.40
   9      -458.361291138   -1.97e-06    4.75e-05    1.26e-04    3.32e-03    4.40e-03    2.00e-01        9.29
  10      -458.361293633   -2.49e-06    6.57e-05    1.80e-04    6.66e-03    7.75e-03    2.00e-01        9.55
  11      -458.361296803   -3.17e-06    8.21e-05    2.10e-04    1.25e-02    1.22e-02    2.00e-01        9.55
  12      -458.361298977   -2.17e-06    8.31e-05    2.77e-04    1.19e-02    1.29e-02    2.00e-01        9.54
  13      -458.361300720   -1.74e-06    5.49e-05    1.85e-04    9.70e-03    1.03e-02    2.00e-01        9.37
  14      -458.361302312   -1.59e-06    4.80e-05    1.53e-04    6.26e-03    6.64e-03    2.00e-01        8.87
  15      -458.361304284   -1.97e-06    6.84e-05    1.49e-04    8.56e-03    1.03e-02    2.00e-01        9.40
  16      -458.361305806   -1.52e-06    7.30e-05    2.26e-04    8.97e-03    1.15e-02    2.00e-01        9.29
  17      -458.361306784   -9.78e-07    4.84e-05    1.58e-04    6.86e-03    8.65e-03    2.00e-01        9.24
  18      -458.361307046   -2.62e-07    2.42e-05    9.66e-05    2.42e-03    2.81e-03    2.00e-01        8.96
  19      -458.361307108   -6.20e-08    1.34e-05    4.87e-05    6.05e-04    6.85e-04    2.00e-01        8.87
 Geometry optimization stopped:          thresholds achieved

 Final energy:                        -458.361307108

 -----------
  Final XYZ 
 -----------
18
Final structure: -458.361 hartree
O            0.109843817          1.532019863          0.873703286
H            0.958187799          1.497576277          0.359856590
H            0.252146443          2.140070071          1.600203169
O           -0.025920895         -1.373559345          0.944249618
H           -0.038307592         -0.429116249          1.154635121
H           -0.861351848         -1.521017844          0.457024943
O           -2.288486420          1.340838786         -0.435359128
H           -1.428605494          1.513156799         -0.002405763
H           -2.273362243          1.825266884         -1.261509257
O           -2.398659680         -1.389093379         -0.455821610
H           -2.469050819         -0.413739044         -0.510828852
H           -3.191498502         -1.683857622         -0.005996348
O            2.370496313          1.196122597         -0.453027925
H            2.424138270          0.207260833         -0.494140912
H            2.460172743          1.504121646         -1.355598788
O            2.219354312         -1.448319569         -0.462609505
H            1.369372525         -1.540328658          0.040455674
H            2.860764272         -1.993309048         -0.005597313

 Structure in entos input format:

  structure(
    xyz = [
      ['O'  ,          0.109843817,          1.532019863,          0.873703286],
      ['H'  ,          0.958187799,          1.497576277,          0.359856590],
      ['H'  ,          0.252146443,          2.140070071,          1.600203169],
      ['O'  ,         -0.025920895,         -1.373559345,          0.944249618],
      ['H'  ,         -0.038307592,         -0.429116249,          1.154635121],
      ['H'  ,         -0.861351848,         -1.521017844,          0.457024943],
      ['O'  ,         -2.288486420,          1.340838786,         -0.435359128],
      ['H'  ,         -1.428605494,          1.513156799,         -0.002405763],
      ['H'  ,         -2.273362243,          1.825266884,         -1.261509257],
      ['O'  ,         -2.398659680,         -1.389093379,         -0.455821610],
      ['H'  ,         -2.469050819,         -0.413739044,         -0.510828852],
      ['H'  ,         -3.191498502,         -1.683857622,         -0.005996348],
      ['O'  ,          2.370496313,          1.196122597,         -0.453027925],
      ['H'  ,          2.424138270,          0.207260833,         -0.494140912],
      ['H'  ,          2.460172743,          1.504121646,         -1.355598788],
      ['O'  ,          2.219354312,         -1.448319569,         -0.462609505],
      ['H'  ,          1.369372525,         -1.540328658,          0.040455674],
      ['H'  ,          2.860764272,         -1.993309048,         -0.005597313]
    ]
  )

 --------------------------------
  Geometry optimization finished 
 --------------------------------
 Saving results in set 'opt'

 --------------------------------------------------------------------------------
                                 command: hessian                                
 --------------------------------------------------------------------------------

WARNING: semianalytic method is specified for dft hessian, which is not efficient. Try switching to 'method = analytic'


 -------------------------------
  Numerical Geometrical Hessian 
 -------------------------------

 Compute hessian using two-point central differentiation.
 Step size (bohr):                       0.0100

 Frequencies (including translational and rotational modes):
 mode    frequency (cm-1)
    0                7.34 i (imaginary)
    1                1.29 i (imaginary)
    2                0.05 i (imaginary)
    3                0.04 i (imaginary)
    4                0.11
    5                6.21
    6               31.20
    7               42.31
    8               59.98
    9               77.86
   10               97.61
   11              149.18
   12              191.67
   13              210.68
   14              217.02
   15              247.25
   16              266.95
   17              271.77
   18              274.02
   19              294.79
   20              310.95
   21              320.26
   22              334.53
   23              414.59
   24              434.36
   25              475.57
   26              492.88
   27              517.59
   28              578.51
   29              641.71
   30              773.11
   31              806.85
   32              889.83
   33              911.72
   34              964.48
   35             1083.14
   36             1642.09
   37             1655.93
   38             1659.18
   39             1676.82
   40             1691.34
   41             1721.23
   42             3163.16
   43             3266.45
   44             3325.66
   45             3458.24
   46             3533.21
   47             3547.03
   48             3735.13
   49             3918.54
   50             3920.61
   51             3921.10
   52             3922.10
   53             3924.58

 Project out translational and rotational motions 

 Degrees of freedom for translational and rotational motions: 6

 Vibrational frequencies:
 mode    frequency (cm-1)
    0               31.17
    1               42.29
    2               59.96
    3               77.86
    4               97.60
    5              149.17
    6              191.67
    7              210.68
    8              217.02
    9              247.25
   10              266.95
   11              271.77
   12              274.02
   13              294.79
   14              310.95
   15              320.26
   16              334.53
   17              414.59
   18              434.36
   19              475.57
   20              492.87
   21              517.59
   22              578.51
   23              641.71
   24              773.11
   25              806.85
   26              889.83
   27              911.72
   28              964.48
   29             1083.14
   30             1642.09
   31             1655.93
   32             1659.18
   33             1676.82
   34             1691.34
   35             1721.23
   36             3163.16
   37             3266.45
   38             3325.66
   39             3458.24
   40             3533.21
   41             3547.03
   42             3735.13
   43             3918.54
   44             3920.61
   45             3921.10
   46             3922.10
   47             3924.58

 --------------------------------------------------------------------------------

 End time:                               Thu Jun 10 05:52:26 2021
 Total wall-clock time:               1220.755 seconds
==================================================================================
