
================================================================================
          _____________ ________ _______________ ________     _________         
         / ___________// ______ \\_____   _____// ______ \   / ________)        
        / /_________  / /      \ \     | |     / /      \ \ | (_______          
       |  __________|| |        | |    | |    | |        | | \________ \        
        \ \_________ | |        | |    | |     \ \______/ /___________) |       
         \__________||_|        |_|    |_|      \________//____________/        
                                                                                
====================================[ Qcore ]===================================

 Git hash:   15a3e7daff0cda5fa9af010ccd19a80288182ecf
 Git date:   Fri, 16 Apr 2021 15:57:16 +0100
 Compiler:   GNU 9.1.0
 Build type: Release
 Version:    1.1.0

 Start time: Thu Jun 10 05:52:26 2021

 Data directory: /work/zw18965/.local/qcore/share/entos/1.1.0/data
 Number of threads: 24
 Number of threads was determined by: command line argument
  - More threads can be used by running 'qcore -n 32'

 --------------------------------------------------------------------------------
                                command: optimize                                
 --------------------------------------------------------------------------------
 Using coordinate system:                tric
 Hessian update scheme:                  bfgs

 ------------------------------------------------------------------------------------------------------------
                   energy      change    grad rms    grad max    step rms    step max       trust    time (s)
 ------------------------------------------------------------------------------------------------------------
   1      -458.360722767                1.45e-03    3.27e-03                            2.00e-01       12.04
   2      -458.361031859   -3.09e-04    1.04e-03    2.47e-03    3.09e-02    3.29e-02    2.00e-01       10.15
   3      -458.361177843   -1.46e-04    2.23e-04    7.46e-04    3.59e-02    4.25e-02    2.00e-01       10.67
   4      -458.361195770   -1.79e-05    1.42e-04    4.44e-04    8.17e-03    8.90e-03    2.00e-01        9.35
   5      -458.361210919   -1.51e-05    2.03e-04    4.85e-04    9.59e-03    1.27e-02    2.00e-01       10.15
   6      -458.361223122   -1.22e-05    2.29e-04    6.91e-04    1.32e-02    2.07e-02    2.00e-01       10.33
   7      -458.361229615   -6.49e-06    1.20e-04    3.46e-04    1.13e-02    1.78e-02    2.00e-01       10.05
   8      -458.361233799   -4.18e-06    9.80e-05    2.73e-04    4.32e-03    6.25e-03    2.00e-01       10.21
   9      -458.361236135   -2.34e-06    7.77e-05    2.20e-04    3.61e-03    5.37e-03    2.00e-01        9.82
  10      -458.361238065   -1.93e-06    7.05e-05    2.20e-04    4.32e-03    9.49e-03    2.00e-01        9.74
  11      -458.361240318   -2.25e-06    8.17e-05    2.54e-04    7.00e-03    1.57e-02    2.00e-01        9.65
  12      -458.361241783   -1.47e-06    8.38e-05    2.34e-04    5.98e-03    1.27e-02    2.00e-01        9.90
  13      -458.361243034   -1.25e-06    6.59e-05    2.09e-04    5.75e-03    1.04e-02    2.00e-01        9.76
  14      -458.361244031   -9.97e-07    4.65e-05    1.33e-04    4.57e-03    7.33e-03    2.00e-01        9.77
  15      -458.361244662   -6.31e-07    4.26e-05    1.23e-04    3.41e-03    6.25e-03    2.00e-01        9.85
  16      -458.361245082   -4.20e-07    3.57e-05    9.73e-05    2.75e-03    5.24e-03    2.00e-01        9.53
  17      -458.361245402   -3.20e-07    2.96e-05    1.13e-04    2.26e-03    4.42e-03    2.00e-01        9.41
  18      -458.361245571   -1.68e-07    2.71e-05    8.12e-05    2.18e-03    4.50e-03    2.00e-01        9.34
  19      -458.361245848   -2.78e-07    2.65e-05    6.51e-05    2.01e-03    4.32e-03    2.00e-01        9.33
  20      -458.361245945   -9.73e-08    2.39e-05    6.12e-05    1.54e-03    3.65e-03    2.00e-01        9.31
  21      -458.361246143   -1.98e-07    2.27e-05    9.74e-05    1.11e-03    2.87e-03    2.00e-01        9.50
  22      -458.361246396   -2.52e-07    2.72e-05    9.87e-05    1.12e-03    3.28e-03    2.00e-01        9.45
  23      -458.361246617   -2.21e-07    3.52e-05    8.35e-05    1.40e-03    4.98e-03    2.00e-01        9.47
  24      -458.361247092   -4.75e-07    4.54e-05    1.33e-04    2.07e-03    8.78e-03    2.00e-01        9.78
  25      -458.361247847   -7.55e-07    5.38e-05    1.40e-04    2.67e-03    1.36e-02    2.00e-01        9.82
  26      -458.361248793   -9.45e-07    6.11e-05    2.14e-04    3.49e-03    2.04e-02    2.00e-01        9.78
  27      -458.361250021   -1.23e-06    6.58e-05    2.26e-04    4.01e-03    2.43e-02    2.00e-01        9.63
  28      -458.361251567   -1.55e-06    6.56e-05    1.93e-04    4.68e-03    2.47e-02    2.00e-01        9.87
  29      -458.361252955   -1.39e-06    5.66e-05    2.25e-04    4.41e-03    1.68e-02    2.00e-01        9.88
  30      -458.361253803   -8.48e-07    4.17e-05    1.40e-04    3.06e-03    9.10e-03    2.00e-01        9.67
  31      -458.361254292   -4.89e-07    2.86e-05    1.04e-04    1.69e-03    5.25e-03    2.00e-01        9.92
  32      -458.361254554   -2.62e-07    1.99e-05    4.58e-05    1.15e-03    3.91e-03    2.00e-01        9.48
  33      -458.361254654   -1.00e-07    1.81e-05    7.12e-05    1.24e-03    4.23e-03    2.00e-01        9.46
  34      -458.361254788   -1.34e-07    2.26e-05    7.59e-05    1.75e-03    5.07e-03    2.00e-01        9.27
  35      -458.361254990   -2.03e-07    2.59e-05    9.32e-05    2.33e-03    5.94e-03    2.00e-01        9.36
  36      -458.361255145   -1.55e-07    2.35e-05    6.65e-05    2.56e-03    6.06e-03    2.00e-01        9.26
  37      -458.361255292   -1.47e-07    1.78e-05    6.69e-05    2.49e-03    5.75e-03    2.00e-01        8.87
  38      -458.361255454   -1.62e-07    1.69e-05    5.43e-05    2.29e-03    5.55e-03    2.00e-01        9.24
  39      -458.361255571   -1.17e-07    2.09e-05    5.74e-05    2.21e-03    5.62e-03    2.00e-01        9.52
  40      -458.361255739   -1.68e-07    2.22e-05    4.81e-05    2.20e-03    5.95e-03    2.00e-01        9.58
  41      -458.361255854   -1.15e-07    1.76e-05    5.64e-05    1.92e-03    5.23e-03    2.00e-01        9.53
  42      -458.361255891   -3.71e-08    1.08e-05    4.29e-05    1.34e-03    3.59e-03    2.00e-01        9.56
  43      -458.361255958   -6.76e-08    7.95e-06    3.00e-05    7.65e-04    1.59e-03    2.00e-01        9.40
  44      -458.361255947    1.13e-08    8.37e-06    2.18e-05    5.09e-04    9.64e-04    2.54e-04        9.53
 Geometry optimization stopped:          thresholds achieved

 Final energy:                        -458.361255947

 -----------
  Final XYZ 
 -----------
18
Final structure: -458.361 hartree
O            0.889064278         -1.689092974         -0.389781686
H            1.692982775         -1.131473957         -0.276460382
H            1.189343689         -2.570032742         -0.615761390
O           -0.805911014          0.298168461         -1.617599828
H           -0.300684943         -0.514898837         -1.469538143
H           -1.655173962          0.142742932         -1.158606449
O            0.543976959          1.748346397          0.111221786
H            0.001952932          1.317366667         -0.608512679
H            0.441727642          2.695266156          0.009587082
O           -0.628994123         -0.416797228          1.697698166
H           -0.137066132         -1.032899484          1.132862236
H           -0.248105487          0.444632011          1.476451501
O            2.760756951          0.196021042         -0.013025202
H            2.085718136          0.905039828          0.049359182
H            3.237922940          0.213465062          0.817888361
O           -2.856321098         -0.060741773          0.169150576
H           -2.181109376         -0.260409832          0.853184256
H           -3.530090168         -0.737082728          0.242071611

 Structure in entos input format:

  structure(
    xyz = [
      ['O'  ,          0.889064278,         -1.689092974,         -0.389781686],
      ['H'  ,          1.692982775,         -1.131473957,         -0.276460382],
      ['H'  ,          1.189343689,         -2.570032742,         -0.615761390],
      ['O'  ,         -0.805911014,          0.298168461,         -1.617599828],
      ['H'  ,         -0.300684943,         -0.514898837,         -1.469538143],
      ['H'  ,         -1.655173962,          0.142742932,         -1.158606449],
      ['O'  ,          0.543976959,          1.748346397,          0.111221786],
      ['H'  ,          0.001952932,          1.317366667,         -0.608512679],
      ['H'  ,          0.441727642,          2.695266156,          0.009587082],
      ['O'  ,         -0.628994123,         -0.416797228,          1.697698166],
      ['H'  ,         -0.137066132,         -1.032899484,          1.132862236],
      ['H'  ,         -0.248105487,          0.444632011,          1.476451501],
      ['O'  ,          2.760756951,          0.196021042,         -0.013025202],
      ['H'  ,          2.085718136,          0.905039828,          0.049359182],
      ['H'  ,          3.237922940,          0.213465062,          0.817888361],
      ['O'  ,         -2.856321098,         -0.060741773,          0.169150576],
      ['H'  ,         -2.181109376,         -0.260409832,          0.853184256],
      ['H'  ,         -3.530090168,         -0.737082728,          0.242071611]
    ]
  )

 --------------------------------
  Geometry optimization finished 
 --------------------------------
 Saving results in set 'opt'

 --------------------------------------------------------------------------------
                                 command: hessian                                
 --------------------------------------------------------------------------------

WARNING: semianalytic method is specified for dft hessian, which is not efficient. Try switching to 'method = analytic'


 -------------------------------
  Numerical Geometrical Hessian 
 -------------------------------

 Compute hessian using two-point central differentiation.
 Step size (bohr):                       0.0100

 Frequencies (including translational and rotational modes):
 mode    frequency (cm-1)
    0               15.10 i (imaginary)
    1                0.04 i (imaginary)
    2                0.03 i (imaginary)
    3                0.03
    4               10.86
    5               18.11
    6               46.31
    7               65.21
    8               82.10
    9              110.15
   10              115.83
   11              144.63
   12              190.41
   13              216.90
   14              234.16
   15              239.41
   16              248.62
   17              251.28
   18              260.66
   19              280.71
   20              305.51
   21              315.98
   22              422.14
   23              434.45
   24              465.37
   25              494.79
   26              512.71
   27              568.46
   28              608.30
   29              671.50
   30              728.88
   31              775.74
   32              847.31
   33              856.24
   34              920.19
   35             1058.13
   36             1650.11
   37             1663.22
   38             1672.53
   39             1687.50
   40             1694.45
   41             1712.78
   42             3112.22
   43             3369.47
   44             3435.14
   45             3484.29
   46             3547.91
   47             3683.86
   48             3726.37
   49             3761.53
   50             3916.74
   51             3920.92
   52             3923.80
   53             3928.28

 Project out translational and rotational motions 

 Degrees of freedom for translational and rotational motions: 6

 Vibrational frequencies:
 mode    frequency (cm-1)
    0               45.95
    1               65.13
    2               82.04
    3              110.14
    4              115.79
    5              144.62
    6              190.40
    7              216.89
    8              234.15
    9              239.41
   10              248.62
   11              251.28
   12              260.66
   13              280.71
   14              305.51
   15              315.98
   16              422.13
   17              434.45
   18              465.37
   19              494.78
   20              512.71
   21              568.46
   22              608.30
   23              671.49
   24              728.88
   25              775.74
   26              847.31
   27              856.24
   28              920.19
   29             1058.13
   30             1650.11
   31             1663.22
   32             1672.53
   33             1687.50
   34             1694.45
   35             1712.78
   36             3112.22
   37             3369.47
   38             3435.14
   39             3484.29
   40             3547.91
   41             3683.86
   42             3726.37
   43             3761.53
   44             3916.74
   45             3920.92
   46             3923.80
   47             3928.28

 --------------------------------------------------------------------------------

 End time:                               Thu Jun 10 06:17:43 2021
 Total wall-clock time:               1517.041 seconds
==================================================================================
