
================================================================================
          _____________ ________ _______________ ________     _________         
         / ___________// ______ \\_____   _____// ______ \   / ________)        
        / /_________  / /      \ \     | |     / /      \ \ | (_______          
       |  __________|| |        | |    | |    | |        | | \________ \        
        \ \_________ | |        | |    | |     \ \______/ /___________) |       
         \__________||_|        |_|    |_|      \________//____________/        
                                                                                
====================================[ Qcore ]===================================

 Git hash:   15a3e7daff0cda5fa9af010ccd19a80288182ecf
 Git date:   Fri, 16 Apr 2021 15:57:16 +0100
 Compiler:   GNU 9.1.0
 Build type: Release
 Version:    1.1.0

 Start time: Thu Jun 10 06:17:44 2021

 Data directory: /work/zw18965/.local/qcore/share/entos/1.1.0/data
 Number of threads: 24
 Number of threads was determined by: command line argument
  - More threads can be used by running 'qcore -n 32'

 --------------------------------------------------------------------------------
                                command: optimize                                
 --------------------------------------------------------------------------------
 Using coordinate system:                tric
 Hessian update scheme:                  bfgs

 ------------------------------------------------------------------------------------------------------------
                   energy      change    grad rms    grad max    step rms    step max       trust    time (s)
 ------------------------------------------------------------------------------------------------------------
   1      -458.360697046                1.32e-03    4.74e-03                            2.00e-01       12.37
   2      -458.360938088   -2.41e-04    9.44e-04    3.60e-03    2.69e-02    3.12e-02    2.00e-01       10.44
   3      -458.361044884   -1.07e-04    2.30e-04    5.98e-04    3.29e-02    3.63e-02    2.00e-01       10.65
   4      -458.361060476   -1.56e-05    1.84e-04    5.21e-04    1.02e-02    1.55e-02    2.00e-01       10.42
   5      -458.361068281   -7.80e-06    8.37e-05    2.42e-04    4.74e-03    3.82e-03    2.00e-01       10.61
   6      -458.361071970   -3.69e-06    6.88e-05    3.15e-04    4.94e-03    5.07e-03    2.00e-01       10.24
   7      -458.361074395   -2.43e-06    8.62e-05    3.21e-04    6.36e-03    6.56e-03    2.00e-01        9.78
   8      -458.361075936   -1.54e-06    5.87e-05    1.37e-04    4.04e-03    4.98e-03    2.00e-01        9.59
   9      -458.361077206   -1.27e-06    5.07e-05    1.61e-04    4.77e-03    6.62e-03    2.00e-01        9.71
  10      -458.361077836   -6.30e-07    4.17e-05    1.92e-04    3.45e-03    4.76e-03    2.00e-01        9.73
  11      -458.361078114   -2.78e-07    2.24e-05    9.49e-05    2.21e-03    2.73e-03    2.00e-01        9.41
  12      -458.361078312   -1.97e-07    1.80e-05    4.40e-05    1.35e-03    2.06e-03    2.00e-01        9.79
  13      -458.361078439   -1.28e-07    2.52e-05    8.92e-05    1.13e-03    2.42e-03    2.00e-01        9.70
  14      -458.361078716   -2.76e-07    2.97e-05    1.22e-04    1.31e-03    3.31e-03    2.00e-01        9.67
  15      -458.361079029   -3.13e-07    3.29e-05    1.11e-04    1.76e-03    4.96e-03    2.00e-01       10.11
  16      -458.361079573   -5.45e-07    4.03e-05    8.53e-05    2.53e-03    8.15e-03    2.00e-01       10.36
  17      -458.361080589   -1.02e-06    6.16e-05    1.40e-04    3.74e-03    1.45e-02    2.00e-01       10.12
  18      -458.361082293   -1.70e-06    9.78e-05    2.68e-04    5.68e-03    2.74e-02    2.00e-01       10.23
  19      -458.361085446   -3.15e-06    1.48e-04    4.50e-04    8.91e-03    5.32e-02    2.00e-01       10.62
  20      -458.361089978   -4.53e-06    1.79e-04    5.08e-04    7.20e-03    5.97e-02    2.00e-01       10.44
  21      -458.361099891   -9.91e-06    1.79e-04    5.66e-04    6.27e-03    6.15e-02    2.00e-01       10.39
  22      -458.361114538   -1.46e-05    1.90e-04    5.14e-04    1.40e-02    4.01e-02    2.00e-01       10.56
  23      -458.361123555   -9.02e-06    1.64e-04    4.26e-04    6.06e-03    5.08e-02    2.00e-01       10.49
  24      -458.361129911   -6.36e-06    1.12e-04    3.37e-04    1.05e-02    1.76e-02    2.00e-01       10.44
  25      -458.361132507   -2.60e-06    7.67e-05    3.06e-04    3.30e-03    3.04e-02    2.00e-01       10.41
  26      -458.361134326   -1.82e-06    5.89e-05    1.53e-04    3.45e-03    1.34e-02    2.00e-01       10.03
  27      -458.361135983   -1.66e-06    6.95e-05    1.76e-04    5.37e-03    1.56e-02    2.00e-01        9.88
  28      -458.361137043   -1.06e-06    6.13e-05    2.12e-04    4.96e-03    1.26e-02    2.00e-01        9.83
  29      -458.361137584   -5.40e-07    3.25e-05    1.12e-04    3.76e-03    8.33e-03    2.00e-01       10.00
  30      -458.361137789   -2.06e-07    1.59e-05    4.09e-05    1.44e-03    2.46e-03    2.00e-01        9.54
  31      -458.361137948   -1.58e-07    1.89e-05    5.79e-05    8.79e-04    1.95e-03    2.00e-01        9.51
  32      -458.361138080   -1.32e-07    2.05e-05    7.49e-05    9.67e-04    2.15e-03    2.00e-01        8.94
  33      -458.361138188   -1.09e-07    1.51e-05    4.34e-05    1.04e-03    2.22e-03    2.00e-01        9.49
  34      -458.361138248   -6.01e-08    1.19e-05    2.70e-05    1.02e-03    1.97e-03    2.00e-01        9.66
  35      -458.361138347   -9.82e-08    1.71e-05    5.10e-05    1.14e-03    2.77e-03    2.00e-01        9.50
  36      -458.361138445   -9.84e-08    2.54e-05    8.44e-05    1.71e-03    4.88e-03    2.00e-01        9.58
  37      -458.361138703   -2.58e-07    3.39e-05    9.87e-05    2.84e-03    9.27e-03    2.00e-01        9.92
  38      -458.361139192   -4.89e-07    3.64e-05    9.62e-05    4.36e-03    1.53e-02    2.00e-01        9.82
  39      -458.361139696   -5.04e-07    3.37e-05    9.10e-05    5.57e-03    2.07e-02    2.00e-01       10.04
  40      -458.361140274   -5.78e-07    3.05e-05    8.28e-05    5.48e-03    2.13e-02    2.00e-01       10.00
  41      -458.361140710   -4.37e-07    3.17e-05    1.07e-04    4.61e-03    1.90e-02    2.00e-01       10.19
  42      -458.361141153   -4.43e-07    3.47e-05    7.84e-05    3.66e-03    1.65e-02    2.00e-01       10.19
  43      -458.361141825   -6.72e-07    4.08e-05    1.07e-04    4.02e-03    2.09e-02    2.00e-01       10.14
  44      -458.361142803   -9.78e-07    5.19e-05    1.57e-04    4.43e-03    2.77e-02    2.00e-01       10.20
  45      -458.361144086   -1.28e-06    6.56e-05    2.00e-04    5.21e-03    4.02e-02    2.00e-01       10.50
  46      -458.361145736   -1.65e-06    7.12e-05    1.99e-04    4.36e-03    4.28e-02    2.00e-01       10.64
  47      -458.361147573   -1.84e-06    6.76e-05    2.17e-04    3.76e-03    3.72e-02    2.00e-01       10.42
  48      -458.361149359   -1.79e-06    6.55e-05    2.05e-04    4.15e-03    3.33e-02    2.00e-01       10.12
  49      -458.361151041   -1.68e-06    6.45e-05    1.84e-04    3.88e-03    3.27e-02    2.00e-01       10.45
  50      -458.361152513   -1.47e-06    6.03e-05    1.98e-04    4.08e-03    2.73e-02    2.00e-01       10.10
  51      -458.361153520   -1.01e-06    6.72e-05    1.97e-04    3.78e-03    5.94e-02    2.00e-01       10.56
  52      -458.361154774   -1.25e-06    8.96e-05    2.55e-04    1.13e-02    3.47e-02    2.00e-01       10.40
  53      -458.361156125   -1.35e-06    6.79e-05    2.01e-04    2.89e-03    4.24e-02    2.00e-01       10.10
  54      -458.361157045   -9.20e-07    7.70e-05    2.31e-04    5.96e-03    9.93e-02    2.00e-01       10.62
  55      -458.361158365   -1.32e-06    5.18e-05    1.65e-04    4.23e-03    1.35e-02    2.00e-01       10.04
  56      -458.361160048   -1.68e-06    5.56e-05    1.30e-04    8.27e-03    4.98e-02    2.00e-01       10.69
Rejecting step due to low quality: Quality: -46.1851 New trust radius: 0.0625732
  57      -458.360625277    5.35e-04    5.56e-05    1.30e-04    1.25e-01    7.11e-01    6.26e-02       11.35
Rejecting step due to low quality: Quality: -6.03022 New trust radius: 0.027658
  58      -458.361107681    5.24e-05    5.56e-05    1.30e-04    5.53e-02    3.56e-01    2.77e-02       10.96
  59      -458.361159692    3.56e-07    1.26e-04    4.28e-04    2.32e-02    1.57e-01    1.16e-02       11.13
  60      -458.361162975   -3.28e-06    5.40e-05    1.81e-04    9.06e-03    6.68e-02    1.16e-02       10.94
  61      -458.361164677   -1.70e-06    4.64e-05    1.40e-04    2.89e-03    2.10e-02    1.16e-02       10.19
  62      -458.361165774   -1.10e-06    7.67e-05    3.08e-04    7.97e-03    9.09e-02    1.16e-02       10.62
  63      -458.361167417   -1.64e-06    3.68e-05    1.37e-04    6.69e-03    3.17e-02    1.16e-02       10.57
  64      -458.361168120   -7.03e-07    2.14e-05    5.43e-05    2.93e-03    1.52e-02    1.16e-02       10.25
  65      -458.361168395   -2.75e-07    1.19e-05    2.81e-05    2.22e-03    1.82e-02    1.16e-02       10.20
  66      -458.361168379    1.59e-08    8.45e-06    2.01e-05    6.94e-04    3.38e-03    3.47e-04        9.71
  67      -458.361168423   -4.40e-08    5.46e-06    1.38e-05    3.47e-04    1.12e-03    4.90e-04        9.26
 Geometry optimization stopped:          thresholds achieved

 Final energy:                        -458.361168423

 -----------
  Final XYZ 
 -----------
18
Final structure: -458.361 hartree
O           -1.286405271          0.113255656          1.593300902
H           -0.452939317         -0.438716081          1.621195374
H           -1.724074904          0.012791282          2.439032179
O           -1.924220604         -0.161010332         -1.045886071
H           -1.931668842         -0.175119938         -0.068582020
H           -2.796349360         -0.431107967         -1.335921621
O           -0.252358873          2.068509437         -0.181164915
H           -0.595667780          1.671007299          0.634198533
H           -0.828073596          1.687289621         -0.855213480
O            0.933309683         -1.254028874          1.360145090
H            0.764290872         -1.639683853          0.474387626
H            1.599763122         -0.585520279          1.151417599
O            0.539205161         -1.609172882         -1.337031504
H           -0.332500921         -1.192796124         -1.420177339
H            1.165183020         -0.873667837         -1.392986948
O            2.068115667          0.702037855         -0.442199783
H            1.295720789          1.308625023         -0.379902510
H            2.820908160          1.241570027         -0.686050130

 Structure in entos input format:

  structure(
    xyz = [
      ['O'  ,         -1.286405271,          0.113255656,          1.593300902],
      ['H'  ,         -0.452939317,         -0.438716081,          1.621195374],
      ['H'  ,         -1.724074904,          0.012791282,          2.439032179],
      ['O'  ,         -1.924220604,         -0.161010332,         -1.045886071],
      ['H'  ,         -1.931668842,         -0.175119938,         -0.068582020],
      ['H'  ,         -2.796349360,         -0.431107967,         -1.335921621],
      ['O'  ,         -0.252358873,          2.068509437,         -0.181164915],
      ['H'  ,         -0.595667780,          1.671007299,          0.634198533],
      ['H'  ,         -0.828073596,          1.687289621,         -0.855213480],
      ['O'  ,          0.933309683,         -1.254028874,          1.360145090],
      ['H'  ,          0.764290872,         -1.639683853,          0.474387626],
      ['H'  ,          1.599763122,         -0.585520279,          1.151417599],
      ['O'  ,          0.539205161,         -1.609172882,         -1.337031504],
      ['H'  ,         -0.332500921,         -1.192796124,         -1.420177339],
      ['H'  ,          1.165183020,         -0.873667837,         -1.392986948],
      ['O'  ,          2.068115667,          0.702037855,         -0.442199783],
      ['H'  ,          1.295720789,          1.308625023,         -0.379902510],
      ['H'  ,          2.820908160,          1.241570027,         -0.686050130]
    ]
  )

 --------------------------------
  Geometry optimization finished 
 --------------------------------
 Saving results in set 'opt'

 --------------------------------------------------------------------------------
                                 command: hessian                                
 --------------------------------------------------------------------------------

WARNING: semianalytic method is specified for dft hessian, which is not efficient. Try switching to 'method = analytic'


 -------------------------------
  Numerical Geometrical Hessian 
 -------------------------------

 Compute hessian using two-point central differentiation.
 Step size (bohr):                       0.0100

 Frequencies (including translational and rotational modes):
 mode    frequency (cm-1)
    0                8.08 i (imaginary)
    1                0.04 i (imaginary)
    2                0.02 i (imaginary)
    3                0.03
    4               14.82
    5               24.31
    6               66.22
    7               74.19
    8               85.45
    9               88.42
   10               97.02
   11              146.40
   12              176.20
   13              182.65
   14              221.29
   15              232.97
   16              253.72
   17              258.76
   18              281.00
   19              296.87
   20              312.88
   21              381.41
   22              396.27
   23              453.19
   24              458.93
   25              497.26
   26              526.19
   27              566.41
   28              585.96
   29              655.91
   30              674.41
   31              717.97
   32              763.82
   33              880.62
   34              924.32
   35             1078.83
   36             1645.64
   37             1659.41
   38             1667.64
   39             1686.45
   40             1701.06
   41             1722.24
   42             3089.96
   43             3395.16
   44             3491.88
   45             3530.36
   46             3683.51
   47             3700.29
   48             3758.33
   49             3779.49
   50             3813.30
   51             3922.79
   52             3923.59
   53             3924.73

 Project out translational and rotational motions 

 Degrees of freedom for translational and rotational motions: 6

 Vibrational frequencies:
 mode    frequency (cm-1)
    0               66.12
    1               74.13
    2               85.43
    3               88.38
    4               97.00
    5              146.38
    6              176.20
    7              182.65
    8              221.29
    9              232.97
   10              253.72
   11              258.75
   12              281.00
   13              296.87
   14              312.88
   15              381.41
   16              396.26
   17              453.19
   18              458.93
   19              497.26
   20              526.19
   21              566.41
   22              585.96
   23              655.91
   24              674.41
   25              717.97
   26              763.82
   27              880.62
   28              924.32
   29             1078.83
   30             1645.64
   31             1659.41
   32             1667.64
   33             1686.45
   34             1701.06
   35             1722.24
   36             3089.96
   37             3395.16
   38             3491.88
   39             3530.36
   40             3683.51
   41             3700.29
   42             3758.33
   43             3779.49
   44             3813.30
   45             3922.79
   46             3923.59
   47             3924.73

 --------------------------------------------------------------------------------

 End time:                               Thu Jun 10 06:47:32 2021
 Total wall-clock time:               1788.936 seconds
==================================================================================
