
================================================================================
          _____________ ________ _______________ ________     _________         
         / ___________// ______ \\_____   _____// ______ \   / ________)        
        / /_________  / /      \ \     | |     / /      \ \ | (_______          
       |  __________|| |        | |    | |    | |        | | \________ \        
        \ \_________ | |        | |    | |     \ \______/ /___________) |       
         \__________||_|        |_|    |_|      \________//____________/        
                                                                                
====================================[ Qcore ]===================================

 Git hash:   15a3e7daff0cda5fa9af010ccd19a80288182ecf
 Git date:   Fri, 16 Apr 2021 15:57:16 +0100
 Compiler:   GNU 9.1.0
 Build type: Release
 Version:    1.1.0

 Start time: Thu Jun 10 04:54:51 2021

 Data directory: /work/zw18965/.local/qcore/share/entos/1.1.0/data
 Number of threads: 24
 Number of threads was determined by: command line argument
  - More threads can be used by running 'qcore -n 32'

 --------------------------------------------------------------------------------
                                command: optimize                                
 --------------------------------------------------------------------------------
 Using coordinate system:                tric
 Hessian update scheme:                  bfgs

 ------------------------------------------------------------------------------------------------------------
                   energy      change    grad rms    grad max    step rms    step max       trust    time (s)
 ------------------------------------------------------------------------------------------------------------
   1       -76.092838007                4.77e-02    8.92e-02                            2.00e-01        0.47
   2       -76.145286340   -5.24e-02    5.31e-02    9.07e-02    2.00e-01    2.16e-01    2.83e-01        0.25
   3       -76.113720815    3.16e-02    4.41e-02    8.03e-02    2.83e-01    3.12e-01    4.00e-01        0.24
   4       -76.189036645   -7.53e-02    5.78e-02    9.60e-02    4.00e-01    4.86e-01    5.66e-01        0.24
   5       -76.190056696   -1.02e-03    7.22e-02    1.65e-01    5.66e-01    5.85e-01    2.83e-01        0.24
   6       -76.144500552    4.56e-02    6.27e-02    1.36e-01    2.83e-01    3.46e-01    4.00e-01        0.24
   7       -76.222739706   -7.82e-02    7.62e-02    1.76e-01    4.00e-01    4.84e-01    5.66e-01        0.25
   8       -76.293077929   -7.03e-02    6.08e-02    1.35e-01    6.15e-01    7.39e-01    5.66e-01        0.26
   9       -76.311986087   -1.89e-02    6.74e-02    1.65e-01    1.80e-01    2.19e-01    5.66e-01        0.24
  10       -76.359271922   -4.73e-02    4.82e-02    1.17e-01    2.28e-01    2.28e-01    5.66e-01        0.23
  11       -76.376380189   -1.71e-02    2.60e-02    5.75e-02    2.98e-01    3.79e-01    5.66e-01        0.26
Rejecting step due to low quality: Quality: -2.7196 New trust radius: 0.0612793
  12       -76.362648910    1.37e-02    2.60e-02    5.75e-02    1.23e-01    1.39e-01    6.13e-02        0.23
  13       -76.374704053    1.68e-03    4.16e-02    8.54e-02    6.13e-02    6.93e-02    3.06e-02        0.23
  14       -76.377629778   -2.93e-03    2.76e-02    6.11e-02    3.06e-02    4.18e-02    4.33e-02        0.23
  15       -76.380460113   -2.83e-03    8.70e-03    1.93e-02    4.33e-02    4.89e-02    6.13e-02        0.23
  16       -76.380749045   -2.89e-04    1.01e-03    1.92e-03    1.37e-02    2.64e-02    6.13e-02        0.24
  17       -76.380754156   -5.11e-06    7.92e-05    1.49e-04    2.12e-03    2.62e-03    6.13e-02        0.23
  18       -76.380754234   -7.85e-08    7.57e-06    1.41e-05    5.81e-04    5.61e-04    6.13e-02        0.22
 Geometry optimization stopped:          thresholds achieved

 Final energy:                         -76.380754234

 -----------
  Final XYZ 
 -----------
3
Final structure: -76.3808 hartree
O            0.000000580          0.012857940         -0.219120424
H            0.000000802         -0.771489710         -0.790265963
H           -0.000001382          0.758631770         -0.839761933

 Structure in entos input format:

  structure(
    xyz = [
      ['O'  ,          0.000000580,          0.012857940,         -0.219120424],
      ['H'  ,          0.000000802,         -0.771489710,         -0.790265963],
      ['H'  ,         -0.000001382,          0.758631770,         -0.839761933]
    ]
  )

 --------------------------------
  Geometry optimization finished 
 --------------------------------
 Saving results in set 'opt'

 --------------------------------------------------------------------------------
                                 command: hessian                                
 --------------------------------------------------------------------------------

WARNING: semianalytic method is specified for dft hessian, which is not efficient. Try switching to 'method = analytic'


 -------------------------------
  Numerical Geometrical Hessian 
 -------------------------------

 Compute hessian using two-point central differentiation.
 Step size (bohr):                       0.0100

 Frequencies (including translational and rotational modes):
 mode    frequency (cm-1)
    0               29.90 i (imaginary)
    1               29.57 i (imaginary)
    2                0.02 i (imaginary)
    3                0.09
    4                0.31
    5               23.73
    6             1592.32
    7             3696.25
    8             3800.68

 Project out translational and rotational motions 

 Degrees of freedom for translational and rotational motions: 6

 Vibrational frequencies:
 mode    frequency (cm-1)
    0             1592.32
    1             3696.25
    2             3800.68

 --------------------------------------------------------------------------------

 End time:                               Thu Jun 10 04:54:59 2021
 Total wall-clock time:                  8.822 seconds
==================================================================================
