
================================================================================
          _____________ ________ _______________ ________     _________         
         / ___________// ______ \\_____   _____// ______ \   / ________)        
        / /_________  / /      \ \     | |     / /      \ \ | (_______          
       |  __________|| |        | |    | |    | |        | | \________ \        
        \ \_________ | |        | |    | |     \ \______/ /___________) |       
         \__________||_|        |_|    |_|      \________//____________/        
                                                                                
====================================[ Qcore ]===================================

 Git hash:   15a3e7daff0cda5fa9af010ccd19a80288182ecf
 Git date:   Fri, 16 Apr 2021 15:57:16 +0100
 Compiler:   GNU 9.1.0
 Build type: Release
 Version:    1.1.0

 Start time: Thu Jun 10 04:54:59 2021

 Data directory: /work/zw18965/.local/qcore/share/entos/1.1.0/data
 Number of threads: 24
 Number of threads was determined by: command line argument
  - More threads can be used by running 'qcore -n 32'

 --------------------------------------------------------------------------------
                                command: optimize                                
 --------------------------------------------------------------------------------
 Using coordinate system:                tric
 Hessian update scheme:                  bfgs

 ------------------------------------------------------------------------------------------------------------
                   energy      change    grad rms    grad max    step rms    step max       trust    time (s)
 ------------------------------------------------------------------------------------------------------------
   1      -152.185656234                4.72e-02    7.66e-02                            2.00e-01        1.01
   2      -152.289512738   -1.04e-01    5.27e-02    9.03e-02    2.00e-01    1.88e-01    2.83e-01        0.65
   3      -152.224678464    6.48e-02    4.36e-02    8.06e-02    2.83e-01    3.14e-01    4.00e-01        0.69
   4      -152.373507281   -1.49e-01    5.74e-02    9.97e-02    4.00e-01    4.81e-01    5.66e-01        0.70
   5      -152.353110404    2.04e-02    7.02e-02    1.38e-01    5.66e-01    6.10e-01    2.83e-01        0.62
   6      -152.288908495    6.42e-02    6.19e-02    1.15e-01    2.83e-01    3.34e-01    4.00e-01        0.64
   7      -152.419335598   -1.30e-01    7.48e-02    1.50e-01    4.00e-01    4.99e-01    5.66e-01        0.62
   8      -152.546898309   -1.28e-01    6.58e-02    1.40e-01    5.66e-01    7.66e-01    5.66e-01        0.71
Rejecting step due to low quality: Quality: -5.09764 New trust radius: 0.282843
   9      -152.077559140    4.69e-01    6.58e-02    1.40e-01    5.66e-01    6.86e-01    2.83e-01        0.77
  10      -152.559228846   -1.23e-02    7.09e-02    1.48e-01    2.83e-01    3.43e-01    1.41e-01        0.77
  11      -152.620389574   -6.12e-02    5.67e-02    1.14e-01    1.41e-01    1.88e-01    2.00e-01        0.55
  12      -152.686133942   -6.57e-02    5.17e-02    1.43e-01    2.00e-01    2.75e-01    2.83e-01        0.59
  13      -152.709683556   -2.35e-02    1.04e-01    3.15e-01    2.83e-01    3.95e-01    1.41e-01        0.58
  14      -152.743747445   -3.41e-02    4.42e-02    1.06e-01    1.41e-01    1.41e-01    1.41e-01        0.55
  15      -152.749928736   -6.18e-03    2.16e-02    5.37e-02    1.41e-01    1.96e-01    7.07e-02        0.60
  16      -152.755970974   -6.04e-03    2.10e-02    5.06e-02    7.07e-02    1.13e-01    1.00e-01        0.59
  17      -152.753746546    2.22e-03    3.36e-02    8.92e-02    1.00e-01    1.44e-01    5.00e-02        0.56
  18      -152.760767643   -7.02e-03    1.19e-02    2.99e-02    5.00e-02    4.88e-02    7.07e-02        0.56
  19      -152.762127110   -1.36e-03    4.66e-03    9.49e-03    5.14e-02    4.81e-02    7.07e-02        0.56
  20      -152.762392176   -2.65e-04    1.36e-03    3.93e-03    1.70e-02    1.78e-02    7.07e-02        0.54
  21      -152.762408014   -1.58e-05    5.57e-04    1.52e-03    3.51e-03    5.43e-03    7.07e-02        0.50
  22      -152.762415151   -7.14e-06    1.82e-04    6.06e-04    5.59e-03    8.05e-03    7.07e-02        0.50
  23      -152.762418910   -3.76e-06    3.68e-04    1.20e-03    5.66e-03    8.88e-03    7.07e-02        0.52
  24      -152.762439119   -2.02e-05    1.01e-03    3.09e-03    3.48e-02    5.64e-02    7.07e-02        0.56
  25      -152.762470343   -3.12e-05    1.95e-03    5.28e-03    7.07e-02    1.15e-01    1.00e-01        0.56
  26      -152.762501436   -3.11e-05    2.30e-03    4.79e-03    6.00e-02    9.14e-02    1.00e-01        0.54
  27      -152.762611605   -1.10e-04    1.47e-03    2.96e-03    9.87e-02    1.31e-01    1.41e-01        0.55
  28      -152.762661111   -4.95e-05    1.40e-03    4.07e-03    4.87e-02    5.25e-02    1.41e-01        0.51
  29      -152.762731485   -7.04e-05    2.73e-03    6.86e-03    1.41e-01    1.81e-01    2.00e-01        0.57
  30      -152.762851196   -1.20e-04    3.81e-03    9.06e-03    1.91e-01    2.22e-01    2.83e-01        0.58
  31      -152.763174101   -3.23e-04    4.48e-03    1.35e-02    2.83e-01    3.07e-01    4.00e-01        0.60
  32      -152.763852813   -6.79e-04    6.00e-03    1.76e-02    4.00e-01    4.41e-01    5.66e-01        0.60
  33      -152.765014509   -1.16e-03    1.06e-02    2.67e-02    5.66e-01    6.24e-01    6.00e-01        0.63
  34      -152.765417493   -4.03e-04    1.65e-02    3.99e-02    6.23e-01    6.88e-01    3.12e-01        0.69
  35      -152.766146048   -7.29e-04    1.33e-02    3.92e-02    2.46e-01    2.98e-01    3.12e-01        0.67
  36      -152.767315744   -1.17e-03    8.90e-03    1.74e-02    8.94e-02    1.28e-01    3.12e-01        0.66
  37      -152.768287293   -9.72e-04    9.05e-03    2.11e-02    2.97e-01    3.19e-01    4.41e-01        0.66
  38      -152.767454682    8.33e-04    9.76e-03    2.36e-02    2.09e-01    2.39e-01    1.05e-01        0.71
  39      -152.768365274   -9.11e-04    8.77e-03    2.18e-02    1.05e-01    1.17e-01    1.48e-01        0.68
  40      -152.768724181   -3.59e-04    7.26e-03    1.90e-02    7.10e-02    9.51e-02    1.48e-01        0.67
  41      -152.769215690   -4.92e-04    1.17e-03    2.60e-03    3.09e-02    3.90e-02    1.48e-01        0.66
  42      -152.769231654   -1.60e-05    4.90e-04    1.37e-03    9.34e-03    1.43e-02    1.48e-01        0.64
  43      -152.769234399   -2.75e-06    1.27e-04    2.91e-04    3.58e-03    4.99e-03    1.48e-01        0.61
  44      -152.769235192   -7.93e-07    6.43e-05    1.44e-04    2.43e-03    4.07e-03    1.48e-01        0.61
  45      -152.769235835   -6.43e-07    7.95e-05    1.85e-04    4.24e-03    7.03e-03    1.48e-01        0.62
  46      -152.769236284   -4.49e-07    8.11e-05    1.71e-04    2.80e-03    4.79e-03    1.48e-01        0.60
  47      -152.769237513   -1.23e-06    9.13e-05    2.33e-04    7.81e-03    1.28e-02    1.48e-01        0.61
  48      -152.769239034   -1.52e-06    1.20e-04    3.19e-04    1.06e-02    1.57e-02    1.48e-01        0.65
  49      -152.769240468   -1.43e-06    1.24e-04    2.97e-04    1.10e-02    1.36e-02    1.48e-01        0.64
  50      -152.769241242   -7.74e-07    7.21e-05    1.64e-04    5.31e-03    7.21e-03    1.48e-01        0.64
  51      -152.769241539   -2.97e-07    6.44e-05    1.70e-04    1.76e-03    2.85e-03    1.48e-01        0.58
  52      -152.769241844   -3.05e-07    8.52e-05    1.90e-04    1.46e-03    2.63e-03    1.48e-01        0.62
  53      -152.769242471   -6.28e-07    1.28e-04    3.36e-04    2.94e-03    6.49e-03    1.48e-01        0.61
  54      -152.769243649   -1.18e-06    1.74e-04    4.90e-04    5.73e-03    1.36e-02    1.48e-01        0.63
  55      -152.769245688   -2.04e-06    2.03e-04    5.66e-04    1.06e-02    2.64e-02    1.48e-01        0.62
  56      -152.769247972   -2.28e-06    1.80e-04    4.46e-04    1.19e-02    3.20e-02    1.48e-01        0.63
  57      -152.769249914   -1.94e-06    1.02e-04    2.05e-04    7.11e-03    2.01e-02    1.48e-01        0.61
  58      -152.769251201   -1.29e-06    1.16e-04    3.81e-04    3.55e-03    7.10e-03    1.48e-01        0.62
  59      -152.769252029   -8.28e-07    1.54e-04    4.66e-04    3.71e-03    5.37e-03    1.48e-01        0.62
  60      -152.769253404   -1.37e-06    2.18e-04    6.38e-04    5.45e-03    7.69e-03    1.48e-01        0.65
  61      -152.769255405   -2.00e-06    2.16e-04    6.86e-04    1.08e-02    1.38e-02    1.48e-01        0.65
  62      -152.769257644   -2.24e-06    2.27e-04    5.71e-04    1.17e-02    2.24e-02    1.48e-01        0.64
  63      -152.769259395   -1.75e-06    9.16e-05    1.72e-04    9.59e-03    1.66e-02    1.48e-01        0.65
  64      -152.769260077   -6.82e-07    8.01e-05    1.46e-04    8.87e-03    1.59e-02    1.48e-01        0.68
  65      -152.769260224   -1.48e-07    3.08e-05    6.38e-05    2.92e-03    5.30e-03    1.48e-01        0.58
  66      -152.769260267   -4.24e-08    1.26e-05    2.81e-05    1.91e-03    3.81e-03    1.48e-01        0.62
  67      -152.769260277   -1.03e-08    8.58e-06    1.90e-05    4.23e-04    7.06e-04    1.48e-01        0.54
 Geometry optimization stopped:          thresholds achieved

 Final energy:                        -152.769260277

 -----------
  Final XYZ 
 -----------
6
Final structure: -152.769 hartree
O           -0.100439196          1.406930008          0.023874255
H           -1.065070792          1.490942753         -0.015138099
H            0.062052691          0.441207737          0.013138533
O            0.481664857         -1.438553241          0.002145242
H            0.272531250         -1.970340728         -0.781955415
H            0.217448111         -1.986590009          0.757935484

 Structure in entos input format:

  structure(
    xyz = [
      ['O'  ,         -0.100439196,          1.406930008,          0.023874255],
      ['H'  ,         -1.065070792,          1.490942753,         -0.015138099],
      ['H'  ,          0.062052691,          0.441207737,          0.013138533],
      ['O'  ,          0.481664857,         -1.438553241,          0.002145242],
      ['H'  ,          0.272531250,         -1.970340728,         -0.781955415],
      ['H'  ,          0.217448111,         -1.986590009,          0.757935484]
    ]
  )

 --------------------------------
  Geometry optimization finished 
 --------------------------------
 Saving results in set 'opt'

 --------------------------------------------------------------------------------
                                 command: hessian                                
 --------------------------------------------------------------------------------

WARNING: semianalytic method is specified for dft hessian, which is not efficient. Try switching to 'method = analytic'


 -------------------------------
  Numerical Geometrical Hessian 
 -------------------------------

 Compute hessian using two-point central differentiation.
 Step size (bohr):                       0.0100

 Frequencies (including translational and rotational modes):
 mode    frequency (cm-1)
    0               32.46 i (imaginary)
    1                4.80 i (imaginary)
    2                0.05 i (imaginary)
    3                0.02
    4                0.14
    5                7.63
    6               39.48
    7              129.66
    8              171.42
    9              185.92
   10              315.64
   11              608.25
   12             1583.49
   13             1610.04
   14             3556.73
   15             3697.38
   16             3770.98
   17             3801.82

 Project out translational and rotational motions 

 Degrees of freedom for translational and rotational motions: 6

 Vibrational frequencies:
 mode    frequency (cm-1)
    0               25.47
    1              129.63
    2              171.42
    3              185.72
    4              315.64
    5              608.25
    6             1583.49
    7             1610.04
    8             3556.73
    9             3697.38
   10             3770.98
   11             3801.82

 --------------------------------------------------------------------------------

 End time:                               Thu Jun 10 04:56:05 2021
 Total wall-clock time:                 65.542 seconds
==================================================================================
