
================================================================================
          _____________ ________ _______________ ________     _________         
         / ___________// ______ \\_____   _____// ______ \   / ________)        
        / /_________  / /      \ \     | |     / /      \ \ | (_______          
       |  __________|| |        | |    | |    | |        | | \________ \        
        \ \_________ | |        | |    | |     \ \______/ /___________) |       
         \__________||_|        |_|    |_|      \________//____________/        
                                                                                
====================================[ Qcore ]===================================

 Git hash:   15a3e7daff0cda5fa9af010ccd19a80288182ecf
 Git date:   Fri, 16 Apr 2021 15:57:16 +0100
 Compiler:   GNU 9.1.0
 Build type: Release
 Version:    1.1.0

 Start time: Thu Jun 10 04:56:05 2021

 Data directory: /work/zw18965/.local/qcore/share/entos/1.1.0/data
 Number of threads: 24
 Number of threads was determined by: command line argument
  - More threads can be used by running 'qcore -n 32'

 --------------------------------------------------------------------------------
                                command: optimize                                
 --------------------------------------------------------------------------------
 Using coordinate system:                tric
 Hessian update scheme:                  bfgs

 ------------------------------------------------------------------------------------------------------------
                   energy      change    grad rms    grad max    step rms    step max       trust    time (s)
 ------------------------------------------------------------------------------------------------------------
   1      -229.168984857                7.46e-03    1.38e-02                            2.00e-01        2.11
   2      -229.169952422   -9.68e-04    2.59e-03    5.29e-03    2.53e-02    2.04e-02    2.00e-01        1.57
   3      -229.170191718   -2.39e-04    7.62e-04    1.50e-03    3.78e-02    3.45e-02    2.00e-01        1.48
   4      -229.170248630   -5.69e-05    6.75e-04    1.32e-03    2.38e-02    2.11e-02    2.00e-01        1.57
   5      -229.170305962   -5.73e-05    6.74e-04    1.40e-03    2.56e-02    3.15e-02    2.00e-01        1.48
   6      -229.170365647   -5.97e-05    6.30e-04    1.19e-03    3.52e-02    5.37e-02    2.00e-01        1.50
   7      -229.170391665   -2.60e-05    4.51e-04    8.10e-04    2.13e-02    3.27e-02    2.00e-01        1.47
   8      -229.170403393   -1.17e-05    1.95e-04    4.73e-04    1.50e-02    2.12e-02    2.00e-01        1.50
   9      -229.170406524   -3.13e-06    1.35e-04    2.96e-04    6.59e-03    6.96e-03    2.00e-01        1.49
  10      -229.170408144   -1.62e-06    1.19e-04    2.45e-04    4.76e-03    5.27e-03    2.00e-01        1.38
  11      -229.170409115   -9.71e-07    7.39e-05    1.57e-04    3.62e-03    5.41e-03    2.00e-01        1.47
  12      -229.170409699   -5.84e-07    4.59e-05    1.15e-04    2.88e-03    4.94e-03    2.00e-01        1.39
  13      -229.170410137   -4.38e-07    6.36e-05    1.43e-04    2.76e-03    4.80e-03    2.00e-01        1.44
  14      -229.170410556   -4.19e-07    6.58e-05    1.62e-04    3.02e-03    5.14e-03    2.00e-01        1.38
  15      -229.170410663   -1.07e-07    3.68e-05    8.97e-05    2.18e-03    3.65e-03    2.00e-01        1.38
  16      -229.170410758   -9.53e-08    1.11e-05    2.99e-05    8.75e-04    1.39e-03    2.00e-01        1.38
  17      -229.170410858   -1.00e-07    1.88e-05    4.02e-05    3.93e-04    8.35e-04    2.00e-01        1.38
 Geometry optimization stopped:          thresholds achieved

 Final energy:                        -229.170410858

 -----------
  Final XYZ 
 -----------
9
Final structure: -229.17 hartree
O           -1.462314917         -0.634829552         -0.108807648
H           -0.565872705         -1.054657862         -0.091454363
H           -1.939898704         -1.009092250          0.647280600
O            1.286414732         -0.929573482         -0.172661581
H            1.859491591         -1.217759580          0.554162688
H            1.179049912          0.048197524         -0.052047457
O            0.169418951          1.569057448          0.168148554
H           -0.630886047          0.990279166          0.086850461
H            0.114829188          2.189572588         -0.575020254

 Structure in entos input format:

  structure(
    xyz = [
      ['O'  ,         -1.462314917,         -0.634829552,         -0.108807648],
      ['H'  ,         -0.565872705,         -1.054657862,         -0.091454363],
      ['H'  ,         -1.939898704,         -1.009092250,          0.647280600],
      ['O'  ,          1.286414732,         -0.929573482,         -0.172661581],
      ['H'  ,          1.859491591,         -1.217759580,          0.554162688],
      ['H'  ,          1.179049912,          0.048197524,         -0.052047457],
      ['O'  ,          0.169418951,          1.569057448,          0.168148554],
      ['H'  ,         -0.630886047,          0.990279166,          0.086850461],
      ['H'  ,          0.114829188,          2.189572588,         -0.575020254]
    ]
  )

 --------------------------------
  Geometry optimization finished 
 --------------------------------
 Saving results in set 'opt'

 --------------------------------------------------------------------------------
                                 command: hessian                                
 --------------------------------------------------------------------------------

WARNING: semianalytic method is specified for dft hessian, which is not efficient. Try switching to 'method = analytic'


 -------------------------------
  Numerical Geometrical Hessian 
 -------------------------------

 Compute hessian using two-point central differentiation.
 Step size (bohr):                       0.0100

 Frequencies (including translational and rotational modes):
 mode    frequency (cm-1)
    0                0.10 i (imaginary)
    1                0.04 i (imaginary)
    2                0.04 i (imaginary)
    3                6.07
    4               11.83
    5               27.43
    6              199.49
    7              203.64
    8              225.18
    9              229.66
   10              240.84
   11              277.13
   12              389.86
   13              400.67
   14              489.80
   15              654.09
   16              723.21
   17              962.67
   18             1602.39
   19             1604.60
   20             1625.10
   21             3290.15
   22             3383.14
   23             3395.02
   24             3757.26
   25             3760.39
   26             3761.87

 Project out translational and rotational motions 

 Degrees of freedom for translational and rotational motions: 6

 Vibrational frequencies:
 mode    frequency (cm-1)
    0              199.47
    1              203.62
    2              225.18
    3              229.66
    4              240.83
    5              277.13
    6              389.85
    7              400.67
    8              489.80
    9              654.09
   10              723.21
   11              962.67
   12             1602.39
   13             1604.60
   14             1625.10
   15             3290.15
   16             3383.14
   17             3395.02
   18             3757.26
   19             3760.39
   20             3761.87

 --------------------------------------------------------------------------------

 End time:                               Thu Jun 10 04:57:50 2021
 Total wall-clock time:                105.357 seconds
==================================================================================
