
================================================================================
          _____________ ________ _______________ ________     _________         
         / ___________// ______ \\_____   _____// ______ \   / ________)        
        / /_________  / /      \ \     | |     / /      \ \ | (_______          
       |  __________|| |        | |    | |    | |        | | \________ \        
        \ \_________ | |        | |    | |     \ \______/ /___________) |       
         \__________||_|        |_|    |_|      \________//____________/        
                                                                                
====================================[ Qcore ]===================================

 Git hash:   15a3e7daff0cda5fa9af010ccd19a80288182ecf
 Git date:   Fri, 16 Apr 2021 15:57:16 +0100
 Compiler:   GNU 9.1.0
 Build type: Release
 Version:    1.1.0

 Start time: Thu Jun 10 04:57:51 2021

 Data directory: /work/zw18965/.local/qcore/share/entos/1.1.0/data
 Number of threads: 24
 Number of threads was determined by: command line argument
  - More threads can be used by running 'qcore -n 32'

 --------------------------------------------------------------------------------
                                command: optimize                                
 --------------------------------------------------------------------------------
 Using coordinate system:                tric
 Hessian update scheme:                  bfgs

 ------------------------------------------------------------------------------------------------------------
                   energy      change    grad rms    grad max    step rms    step max       trust    time (s)
 ------------------------------------------------------------------------------------------------------------
   1      -305.571419068                7.92e-03    1.51e-02                            2.00e-01        3.29
   2      -305.572952384   -1.53e-03    3.23e-03    6.87e-03    3.15e-02    2.31e-02    2.00e-01        2.55
   3      -305.573442337   -4.90e-04    1.36e-03    2.47e-03    5.41e-02    3.58e-02    2.00e-01        2.39
   4      -305.573507449   -6.51e-05    8.59e-04    1.30e-03    3.24e-02    2.62e-02    2.00e-01        2.59
   5      -305.573587599   -8.01e-05    3.91e-04    5.78e-04    1.41e-02    1.11e-02    2.00e-01        2.37
   6      -305.573621006   -3.34e-05    2.63e-04    4.57e-04    1.40e-02    1.63e-02    2.00e-01        2.39
   7      -305.573640876   -1.99e-05    2.99e-04    5.27e-04    1.39e-02    1.89e-02    2.00e-01        2.35
   8      -305.573647343   -6.47e-06    1.48e-04    2.71e-04    7.00e-03    1.01e-02    2.00e-01        2.35
   9      -305.573649002   -1.66e-06    2.93e-05    6.85e-05    2.33e-03    2.77e-03    2.00e-01        2.34
  10      -305.573649536   -5.34e-07    5.60e-05    1.20e-04    1.30e-03    2.13e-03    2.00e-01        2.18
  11      -305.573650762   -1.23e-06    1.08e-04    1.87e-04    2.33e-03    4.75e-03    2.00e-01        2.33
  12      -305.573652272   -1.51e-06    1.24e-04    2.13e-04    3.39e-03    7.87e-03    2.00e-01        2.48
  13      -305.573654012   -1.74e-06    8.92e-05    1.71e-04    4.11e-03    1.00e-02    2.00e-01        2.50
  14      -305.573655003   -9.90e-07    5.75e-05    9.80e-05    3.35e-03    7.70e-03    2.00e-01        2.47
  15      -305.573655513   -5.11e-07    5.99e-05    1.33e-04    2.08e-03    3.77e-03    2.00e-01        2.36
  16      -305.573655645   -1.31e-07    4.10e-05    8.44e-05    1.07e-03    9.86e-04    2.00e-01        2.34
 Geometry optimization stopped:          thresholds achieved

 Final energy:                        -305.573655645

 -----------
  Final XYZ 
 -----------
12
Final structure: -305.574 hartree
O            1.367735234         -1.321014527         -0.030705337
H            0.374728615         -1.459278658         -0.013362862
H            1.706161603         -1.772313813          0.757521690
O           -1.320914311         -1.367705040          0.030685717
H           -1.459128574         -0.374693611          0.013289382
H           -1.772278761         -1.706154171         -0.757496237
O           -1.367853724          1.320914398         -0.030643214
H           -0.374813090          1.458975015         -0.013343397
H           -1.706168725          1.772365786          0.757543697
O            1.321009439          1.367885174          0.030659512
H            1.459121842          0.374849071          0.013420800
H            1.772403452          1.706173375         -0.757569750

 Structure in entos input format:

  structure(
    xyz = [
      ['O'  ,          1.367735234,         -1.321014527,         -0.030705337],
      ['H'  ,          0.374728615,         -1.459278658,         -0.013362862],
      ['H'  ,          1.706161603,         -1.772313813,          0.757521690],
      ['O'  ,         -1.320914311,         -1.367705040,          0.030685717],
      ['H'  ,         -1.459128574,         -0.374693611,          0.013289382],
      ['H'  ,         -1.772278761,         -1.706154171,         -0.757496237],
      ['O'  ,         -1.367853724,          1.320914398,         -0.030643214],
      ['H'  ,         -0.374813090,          1.458975015,         -0.013343397],
      ['H'  ,         -1.706168725,          1.772365786,          0.757543697],
      ['O'  ,          1.321009439,          1.367885174,          0.030659512],
      ['H'  ,          1.459121842,          0.374849071,          0.013420800],
      ['H'  ,          1.772403452,          1.706173375,         -0.757569750]
    ]
  )

 --------------------------------
  Geometry optimization finished 
 --------------------------------
 Saving results in set 'opt'

 --------------------------------------------------------------------------------
                                 command: hessian                                
 --------------------------------------------------------------------------------

WARNING: semianalytic method is specified for dft hessian, which is not efficient. Try switching to 'method = analytic'


 -------------------------------
  Numerical Geometrical Hessian 
 -------------------------------

 Compute hessian using two-point central differentiation.
 Step size (bohr):                       0.0100

 Frequencies (including translational and rotational modes):
 mode    frequency (cm-1)
    0                0.05 i (imaginary)
    1                0.03 i (imaginary)
    2                0.02 i (imaginary)
    3               12.76
    4               12.85
    5               46.31
    6               54.50
    7              107.70
    8              225.21
    9              245.85
   10              272.52
   11              272.55
   12              293.34
   13              294.92
   14              294.93
   15              327.26
   16              447.63
   17              499.29
   18              499.31
   19              500.62
   20              819.24
   21              917.44
   22              917.45
   23             1090.86
   24             1600.35
   25             1618.36
   26             1618.36
   27             1650.90
   28             3011.20
   29             3160.62
   30             3160.63
   31             3215.78
   32             3758.86
   33             3759.12
   34             3759.13
   35             3759.82

 Project out translational and rotational motions 

 Degrees of freedom for translational and rotational motions: 6

 Vibrational frequencies:
 mode    frequency (cm-1)
    0               54.45
    1              107.70
    2              225.21
    3              245.85
    4              272.51
    5              272.54
    6              293.34
    7              294.92
    8              294.93
    9              327.25
   10              447.63
   11              499.29
   12              499.31
   13              500.62
   14              819.24
   15              917.44
   16              917.45
   17             1090.86
   18             1600.35
   19             1618.36
   20             1618.36
   21             1650.90
   22             3011.20
   23             3160.62
   24             3160.63
   25             3215.78
   26             3758.86
   27             3759.12
   28             3759.13
   29             3759.82

 --------------------------------------------------------------------------------

 End time:                               Thu Jun 10 05:01:39 2021
 Total wall-clock time:                228.627 seconds
==================================================================================
