
================================================================================
          _____________ ________ _______________ ________     _________         
         / ___________// ______ \\_____   _____// ______ \   / ________)        
        / /_________  / /      \ \     | |     / /      \ \ | (_______          
       |  __________|| |        | |    | |    | |        | | \________ \        
        \ \_________ | |        | |    | |     \ \______/ /___________) |       
         \__________||_|        |_|    |_|      \________//____________/        
                                                                                
====================================[ Qcore ]===================================

 Git hash:   15a3e7daff0cda5fa9af010ccd19a80288182ecf
 Git date:   Fri, 16 Apr 2021 15:57:16 +0100
 Compiler:   GNU 9.1.0
 Build type: Release
 Version:    1.1.0

 Start time: Thu Jun 10 05:01:39 2021

 Data directory: /work/zw18965/.local/qcore/share/entos/1.1.0/data
 Number of threads: 24
 Number of threads was determined by: command line argument
  - More threads can be used by running 'qcore -n 32'

 --------------------------------------------------------------------------------
                                command: optimize                                
 --------------------------------------------------------------------------------
 Using coordinate system:                tric
 Hessian update scheme:                  bfgs

 ------------------------------------------------------------------------------------------------------------
                   energy      change    grad rms    grad max    step rms    step max       trust    time (s)
 ------------------------------------------------------------------------------------------------------------
   1      -381.967455137                7.99e-03    1.51e-02                            2.00e-01        5.75
   2      -381.969408392   -1.95e-03    3.29e-03    7.00e-03    3.06e-02    2.51e-02    2.00e-01        4.28
   3      -381.970115191   -7.07e-04    1.23e-03    2.52e-03    5.42e-02    4.88e-02    2.00e-01        4.30
   4      -381.970234039   -1.19e-04    7.84e-04    1.34e-03    3.46e-02    2.89e-02    2.00e-01        4.31
   5      -381.970321614   -8.76e-05    5.17e-04    1.12e-03    2.54e-02    1.87e-02    2.00e-01        4.12
   6      -381.970358440   -3.68e-05    3.26e-04    6.81e-04    1.14e-02    1.94e-02    2.00e-01        3.91
   7      -381.970388469   -3.00e-05    4.85e-04    9.44e-04    1.84e-02    3.54e-02    2.00e-01        4.28
   8      -381.970398544   -1.01e-05    2.80e-04    7.52e-04    8.79e-03    1.75e-02    2.00e-01        4.08
   9      -381.970402541   -4.00e-06    8.37e-05    2.49e-04    3.56e-03    6.43e-03    2.00e-01        3.89
  10      -381.970404144   -1.60e-06    1.10e-04    2.65e-04    3.56e-03    4.63e-03    2.00e-01        3.87
  11      -381.970405518   -1.37e-06    1.16e-04    2.52e-04    2.99e-03    3.78e-03    2.00e-01        3.64
  12      -381.970407477   -1.96e-06    6.86e-05    1.79e-04    7.36e-03    9.63e-03    2.00e-01        3.88
  13      -381.970407880   -4.03e-07    3.62e-05    1.21e-04    2.34e-03    3.50e-03    2.00e-01        3.72
  14      -381.970408009   -1.29e-07    2.51e-05    5.99e-05    1.43e-03    2.25e-03    2.00e-01        3.64
  15      -381.970408216   -2.07e-07    2.00e-05    4.10e-05    1.15e-03    1.59e-03    2.00e-01        3.64
  16      -381.970408205    1.10e-08    1.49e-05    3.92e-05    1.12e-03    1.21e-03    5.59e-04        3.63
  17      -381.970408266   -6.09e-08    1.41e-05    4.52e-05    5.59e-04    5.71e-04    7.91e-04        3.62
 Geometry optimization stopped:          thresholds achieved

 Final energy:                        -381.970408266

 -----------
  Final XYZ 
 -----------
15
Final structure: -381.97 hartree
O            2.257767738          0.149744671          0.114423451
O            0.850254161         -2.105900334         -0.091385152
O           -1.736360295         -1.462923501          0.027327238
O           -1.923518551          1.203695063         -0.126760545
O            0.552678944          2.197293281         -0.019014710
H            1.753264264         -0.716343893          0.031915074
H           -0.129818429         -1.885291709         -0.051013808
H           -1.854598393         -0.465809318          0.006865332
H           -1.000664579          1.601405212         -0.088089685
H            1.213605500          1.442289082          0.047313806
H            2.760310999          0.078282542          0.939946715
H            0.973062066         -2.581206524         -0.927070849
H           -2.163912593         -1.762037748          0.843751636
H           -2.439650087          1.687136429          0.535527931
H            0.804804254          2.685099746         -0.817821435

 Structure in entos input format:

  structure(
    xyz = [
      ['O'  ,          2.257767738,          0.149744671,          0.114423451],
      ['O'  ,          0.850254161,         -2.105900334,         -0.091385152],
      ['O'  ,         -1.736360295,         -1.462923501,          0.027327238],
      ['O'  ,         -1.923518551,          1.203695063,         -0.126760545],
      ['O'  ,          0.552678944,          2.197293281,         -0.019014710],
      ['H'  ,          1.753264264,         -0.716343893,          0.031915074],
      ['H'  ,         -0.129818429,         -1.885291709,         -0.051013808],
      ['H'  ,         -1.854598393,         -0.465809318,          0.006865332],
      ['H'  ,         -1.000664579,          1.601405212,         -0.088089685],
      ['H'  ,          1.213605500,          1.442289082,          0.047313806],
      ['H'  ,          2.760310999,          0.078282542,          0.939946715],
      ['H'  ,          0.973062066,         -2.581206524,         -0.927070849],
      ['H'  ,         -2.163912593,         -1.762037748,          0.843751636],
      ['H'  ,         -2.439650087,          1.687136429,          0.535527931],
      ['H'  ,          0.804804254,          2.685099746,         -0.817821435]
    ]
  )

 --------------------------------
  Geometry optimization finished 
 --------------------------------
 Saving results in set 'opt'

 --------------------------------------------------------------------------------
                                 command: hessian                                
 --------------------------------------------------------------------------------

WARNING: semianalytic method is specified for dft hessian, which is not efficient. Try switching to 'method = analytic'


 -------------------------------
  Numerical Geometrical Hessian 
 -------------------------------

 Compute hessian using two-point central differentiation.
 Step size (bohr):                       0.0100

 Frequencies (including translational and rotational modes):
 mode    frequency (cm-1)
    0               12.88 i (imaginary)
    1                0.27 i (imaginary)
    2                0.07 i (imaginary)
    3                0.03 i (imaginary)
    4                0.80
    5                7.12
    6               25.09
    7               44.10
    8               73.46
    9               80.00
   10              193.84
   11              233.11
   12              240.08
   13              260.35
   14              265.31
   15              275.64
   16              309.11
   17              335.01
   18              336.70
   19              340.57
   20              459.21
   21              470.26
   22              499.67
   23              517.31
   24              572.64
   25              781.53
   26              855.60
   27              948.37
   28              969.73
   29             1074.68
   30             1599.08
   31             1613.22
   32             1626.40
   33             1650.03
   34             1659.08
   35             2945.21
   36             3082.52
   37             3091.42
   38             3161.26
   39             3169.77
   40             3757.69
   41             3759.74
   42             3761.01
   43             3762.38
   44             3763.95

 Project out translational and rotational motions 

 Degrees of freedom for translational and rotational motions: 6

 Vibrational frequencies:
 mode    frequency (cm-1)
    0               24.91
    1               43.97
    2               73.46
    3               79.86
    4              193.84
    5              233.10
    6              240.07
    7              260.35
    8              265.31
    9              275.64
   10              309.11
   11              335.01
   12              336.70
   13              340.57
   14              459.21
   15              470.26
   16              499.66
   17              517.31
   18              572.64
   19              781.53
   20              855.60
   21              948.37
   22              969.73
   23             1074.68
   24             1599.08
   25             1613.22
   26             1626.40
   27             1650.03
   28             1659.08
   29             2945.21
   30             3082.52
   31             3091.42
   32             3161.26
   33             3169.77
   34             3757.69
   35             3759.74
   36             3761.01
   37             3762.38
   38             3763.95

 --------------------------------------------------------------------------------

 End time:                               Thu Jun 10 05:08:56 2021
 Total wall-clock time:                436.387 seconds
==================================================================================
