
================================================================================
          _____________ ________ _______________ ________     _________         
         / ___________// ______ \\_____   _____// ______ \   / ________)        
        / /_________  / /      \ \     | |     / /      \ \ | (_______          
       |  __________|| |        | |    | |    | |        | | \________ \        
        \ \_________ | |        | |    | |     \ \______/ /___________) |       
         \__________||_|        |_|    |_|      \________//____________/        
                                                                                
====================================[ Qcore ]===================================

 Git hash:   15a3e7daff0cda5fa9af010ccd19a80288182ecf
 Git date:   Fri, 16 Apr 2021 15:57:16 +0100
 Compiler:   GNU 9.1.0
 Build type: Release
 Version:    1.1.0

 Start time: Thu Jun 10 05:08:56 2021

 Data directory: /work/zw18965/.local/qcore/share/entos/1.1.0/data
 Number of threads: 24
 Number of threads was determined by: command line argument
  - More threads can be used by running 'qcore -n 32'

 --------------------------------------------------------------------------------
                                command: optimize                                
 --------------------------------------------------------------------------------
 Using coordinate system:                tric
 Hessian update scheme:                  bfgs

 ------------------------------------------------------------------------------------------------------------
                   energy      change    grad rms    grad max    step rms    step max       trust    time (s)
 ------------------------------------------------------------------------------------------------------------
   1      -458.362749045                7.94e-03    1.51e-02                            2.00e-01        7.29
   2      -458.365083845   -2.33e-03    3.26e-03    6.91e-03    3.10e-02    2.27e-02    2.00e-01        5.75
   3      -458.365961555   -8.78e-04    1.06e-03    1.76e-03    5.37e-02    4.53e-02    2.00e-01        5.71
   4      -458.366179976   -2.18e-04    7.97e-04    1.41e-03    4.05e-02    3.51e-02    2.00e-01        5.43
   5      -458.366258486   -7.85e-05    5.63e-04    1.15e-03    3.87e-02    2.92e-02    2.00e-01        5.42
   6      -458.366297342   -3.89e-05    3.15e-04    5.63e-04    7.54e-03    1.02e-02    2.00e-01        5.41
   7      -458.366314824   -1.75e-05    2.41e-04    5.25e-04    5.89e-03    8.98e-03    2.00e-01        5.32
   8      -458.366325535   -1.07e-05    1.73e-04    3.15e-04    8.41e-03    1.31e-02    2.00e-01        5.30
   9      -458.366326982   -1.45e-06    8.00e-05    1.98e-04    3.42e-03    5.73e-03    2.00e-01        5.33
  10      -458.366327530   -5.48e-07    2.39e-05    5.35e-05    1.32e-03    1.29e-03    2.00e-01        5.04
  11      -458.366327632   -1.02e-07    6.87e-06    1.94e-05    4.89e-04    6.99e-04    2.00e-01        5.04
 Geometry optimization stopped:          thresholds achieved

 Final energy:                        -458.366327632

 -----------
  Final XYZ 
 -----------
18
Final structure: -458.366 hartree
O            0.006127309          2.653423072          0.083972529
H           -0.077444356          3.169905620          0.899601830
H           -0.849567023          2.130252070          0.013008659
O           -2.303148290         -1.323733169          0.083957615
H           -1.422331758         -1.803872958          0.016030084
H           -2.711068833         -1.652001879          0.899333830
O            2.303151234          1.323732232         -0.083957789
H            2.711069749          1.652001024         -0.899334916
H            1.422334290          1.803871414         -0.016028658
O           -0.006128540         -2.653425165         -0.083971395
H            0.849565795         -2.130254028         -0.013007336
H            0.077443737         -3.169908780         -0.899599956
O            2.294353284         -1.330463103          0.088130072
H            2.783769335         -1.517871291          0.903193886
H            2.271298171         -0.327727896          0.017580242
O           -2.294352966          1.330469194         -0.088129773
H           -2.783768674          1.517876681         -0.903193956
H           -2.271298466          0.327733963         -0.017578969

 Structure in entos input format:

  structure(
    xyz = [
      ['O'  ,          0.006127309,          2.653423072,          0.083972529],
      ['H'  ,         -0.077444356,          3.169905620,          0.899601830],
      ['H'  ,         -0.849567023,          2.130252070,          0.013008659],
      ['O'  ,         -2.303148290,         -1.323733169,          0.083957615],
      ['H'  ,         -1.422331758,         -1.803872958,          0.016030084],
      ['H'  ,         -2.711068833,         -1.652001879,          0.899333830],
      ['O'  ,          2.303151234,          1.323732232,         -0.083957789],
      ['H'  ,          2.711069749,          1.652001024,         -0.899334916],
      ['H'  ,          1.422334290,          1.803871414,         -0.016028658],
      ['O'  ,         -0.006128540,         -2.653425165,         -0.083971395],
      ['H'  ,          0.849565795,         -2.130254028,         -0.013007336],
      ['H'  ,          0.077443737,         -3.169908780,         -0.899599956],
      ['O'  ,          2.294353284,         -1.330463103,          0.088130072],
      ['H'  ,          2.783769335,         -1.517871291,          0.903193886],
      ['H'  ,          2.271298171,         -0.327727896,          0.017580242],
      ['O'  ,         -2.294352966,          1.330469194,         -0.088129773],
      ['H'  ,         -2.783768674,          1.517876681,         -0.903193956],
      ['H'  ,         -2.271298466,          0.327733963,         -0.017578969]
    ]
  )

 --------------------------------
  Geometry optimization finished 
 --------------------------------
 Saving results in set 'opt'

 --------------------------------------------------------------------------------
                                 command: hessian                                
 --------------------------------------------------------------------------------

WARNING: semianalytic method is specified for dft hessian, which is not efficient. Try switching to 'method = analytic'


 -------------------------------
  Numerical Geometrical Hessian 
 -------------------------------

 Compute hessian using two-point central differentiation.
 Step size (bohr):                       0.0100

 Frequencies (including translational and rotational modes):
 mode    frequency (cm-1)
    0                0.05 i (imaginary)
    1                0.03 i (imaginary)
    2                0.02 i (imaginary)
    3                6.91
    4                9.90
    5               13.18
    6               30.14
    7               34.67
    8               54.04
    9               55.72
   10               57.96
   11               99.33
   12              168.84
   13              216.29
   14              240.85
   15              241.08
   16              242.10
   17              242.74
   18              302.28
   19              304.71
   20              333.90
   21              338.09
   22              338.16
   23              374.95
   24              464.20
   25              485.80
   26              491.26
   27              511.56
   28              515.61
   29              523.45
   30              844.56
   31              872.06
   32              875.14
   33              982.25
   34              985.31
   35             1064.44
   36             1590.35
   37             1606.27
   38             1606.91
   39             1644.70
   40             1645.31
   41             1667.09
   42             2936.22
   43             3060.17
   44             3060.36
   45             3145.89
   46             3146.02
   47             3171.96
   48             3761.92
   49             3761.92
   50             3761.94
   51             3762.18
   52             3762.19
   53             3762.70

 Project out translational and rotational motions 

 Degrees of freedom for translational and rotational motions: 6

 Vibrational frequencies:
 mode    frequency (cm-1)
    0               30.14
    1               34.67
    2               54.01
    3               55.65
    4               57.94
    5               99.33
    6              168.84
    7              216.29
    8              240.85
    9              241.08
   10              242.10
   11              242.74
   12              302.28
   13              304.71
   14              333.90
   15              338.09
   16              338.16
   17              374.95
   18              464.20
   19              485.80
   20              491.26
   21              511.56
   22              515.61
   23              523.45
   24              844.56
   25              872.06
   26              875.14
   27              982.25
   28              985.31
   29             1064.44
   30             1590.35
   31             1606.27
   32             1606.91
   33             1644.70
   34             1645.31
   35             1667.09
   36             2936.22
   37             3060.17
   38             3060.36
   39             3145.89
   40             3146.02
   41             3171.96
   42             3761.92
   43             3761.92
   44             3761.94
   45             3762.18
   46             3762.19
   47             3762.70

 --------------------------------------------------------------------------------

 End time:                               Thu Jun 10 05:20:12 2021
 Total wall-clock time:                675.943 seconds
==================================================================================
