
================================================================================
          _____________ ________ _______________ ________     _________         
         / ___________// ______ \\_____   _____// ______ \   / ________)        
        / /_________  / /      \ \     | |     / /      \ \ | (_______          
       |  __________|| |        | |    | |    | |        | | \________ \        
        \ \_________ | |        | |    | |     \ \______/ /___________) |       
         \__________||_|        |_|    |_|      \________//____________/        
                                                                                
====================================[ Qcore ]===================================

 Git hash:   15a3e7daff0cda5fa9af010ccd19a80288182ecf
 Git date:   Fri, 16 Apr 2021 15:57:16 +0100
 Compiler:   GNU 9.1.0
 Build type: Release
 Version:    1.1.0

 Start time: Thu Jun 10 05:20:12 2021

 Data directory: /work/zw18965/.local/qcore/share/entos/1.1.0/data
 Number of threads: 24
 Number of threads was determined by: command line argument
  - More threads can be used by running 'qcore -n 32'

 --------------------------------------------------------------------------------
                                command: optimize                                
 --------------------------------------------------------------------------------
 Using coordinate system:                tric
 Hessian update scheme:                  bfgs

 ------------------------------------------------------------------------------------------------------------
                   energy      change    grad rms    grad max    step rms    step max       trust    time (s)
 ------------------------------------------------------------------------------------------------------------
   1      -458.364604890                7.94e-03    1.57e-02                            2.00e-01        8.86
   2      -458.366921920   -2.32e-03    3.30e-03    7.88e-03    3.11e-02    2.84e-02    2.00e-01        6.69
   3      -458.367727071   -8.05e-04    1.21e-03    3.10e-03    5.04e-02    4.62e-02    2.00e-01        6.69
   4      -458.367856531   -1.29e-04    9.44e-04    1.96e-03    3.72e-02    4.47e-02    2.00e-01        6.65
   5      -458.367995443   -1.39e-04    5.92e-04    1.19e-03    2.46e-02    3.03e-02    2.00e-01        6.73
   6      -458.368044690   -4.92e-05    3.70e-04    1.06e-03    1.67e-02    1.90e-02    2.00e-01        6.43
   7      -458.368084912   -4.02e-05    4.84e-04    9.58e-04    1.85e-02    2.50e-02    2.00e-01        6.66
   8      -458.368104004   -1.91e-05    3.04e-04    5.70e-04    1.01e-02    1.28e-02    2.00e-01        6.36
   9      -458.368114204   -1.02e-05    1.17e-04    3.08e-04    1.19e-02    1.27e-02    2.00e-01        6.28
  10      -458.368118290   -4.09e-06    1.37e-04    2.74e-04    6.55e-03    6.48e-03    2.00e-01        6.07
  11      -458.368125371   -7.08e-06    1.81e-04    3.35e-04    1.23e-02    1.30e-02    2.00e-01        6.46
  12      -458.368135418   -1.00e-05    1.84e-04    5.99e-04    2.61e-02    2.76e-02    2.00e-01        6.44
  13      -458.368140028   -4.61e-06    1.33e-04    4.80e-04    1.42e-02    1.71e-02    2.00e-01        6.33
  14      -458.368144081   -4.05e-06    8.88e-05    2.19e-04    9.65e-03    1.08e-02    2.00e-01        6.19
  15      -458.368149363   -5.28e-06    1.38e-04    3.82e-04    1.48e-02    1.55e-02    2.00e-01        6.26
  16      -458.368153931   -4.57e-06    1.67e-04    6.01e-04    1.59e-02    1.87e-02    2.00e-01        6.27
  17      -458.368156726   -2.79e-06    1.09e-04    3.99e-04    1.24e-02    1.42e-02    2.00e-01        6.09
  18      -458.368157533   -8.07e-07    4.23e-05    1.10e-04    2.77e-03    3.45e-03    2.00e-01        5.64
  19      -458.368157721   -1.88e-07    2.10e-05    5.93e-05    1.47e-03    1.73e-03    2.00e-01        5.51
  20      -458.368157777   -5.64e-08    1.62e-05    6.15e-05    7.55e-04    1.07e-03    2.00e-01        5.45
 Geometry optimization stopped:          thresholds achieved

 Final energy:                        -458.368157777

 -----------
  Final XYZ 
 -----------
18
Final structure: -458.368 hartree
O            0.101772804          1.508967648          0.883854167
H            0.969835143          1.483588601          0.361360137
H            0.234271355          2.141600998          1.605963010
O           -0.020643323         -1.388073257          0.975135203
H           -0.027136866         -0.429816072          1.186289746
H           -0.861236601         -1.516612368          0.457997059
O           -2.282230540          1.338707043         -0.437029002
H           -1.406756028          1.508054730          0.002533622
H           -2.239789467          1.796154550         -1.290358986
O           -2.350912310         -1.389589734         -0.482197728
H           -2.427591173         -0.397248172         -0.523202521
H           -3.142689121         -1.687248232         -0.008545506
O            2.360847001          1.200085764         -0.431353352
H            2.390486341          0.189828388         -0.492637590
H            2.406524045          1.517050367         -1.346202990
O            2.174995691         -1.431485174         -0.495011344
H            1.325432513         -1.524992411          0.049065757
H            2.844053535         -1.954879669         -0.028426683

 Structure in entos input format:

  structure(
    xyz = [
      ['O'  ,          0.101772804,          1.508967648,          0.883854167],
      ['H'  ,          0.969835143,          1.483588601,          0.361360137],
      ['H'  ,          0.234271355,          2.141600998,          1.605963010],
      ['O'  ,         -0.020643323,         -1.388073257,          0.975135203],
      ['H'  ,         -0.027136866,         -0.429816072,          1.186289746],
      ['H'  ,         -0.861236601,         -1.516612368,          0.457997059],
      ['O'  ,         -2.282230540,          1.338707043,         -0.437029002],
      ['H'  ,         -1.406756028,          1.508054730,          0.002533622],
      ['H'  ,         -2.239789467,          1.796154550,         -1.290358986],
      ['O'  ,         -2.350912310,         -1.389589734,         -0.482197728],
      ['H'  ,         -2.427591173,         -0.397248172,         -0.523202521],
      ['H'  ,         -3.142689121,         -1.687248232,         -0.008545506],
      ['O'  ,          2.360847001,          1.200085764,         -0.431353352],
      ['H'  ,          2.390486341,          0.189828388,         -0.492637590],
      ['H'  ,          2.406524045,          1.517050367,         -1.346202990],
      ['O'  ,          2.174995691,         -1.431485174,         -0.495011344],
      ['H'  ,          1.325432513,         -1.524992411,          0.049065757],
      ['H'  ,          2.844053535,         -1.954879669,         -0.028426683]
    ]
  )

 --------------------------------
  Geometry optimization finished 
 --------------------------------
 Saving results in set 'opt'

 --------------------------------------------------------------------------------
                                 command: hessian                                
 --------------------------------------------------------------------------------

WARNING: semianalytic method is specified for dft hessian, which is not efficient. Try switching to 'method = analytic'


 -------------------------------
  Numerical Geometrical Hessian 
 -------------------------------

 Compute hessian using two-point central differentiation.
 Step size (bohr):                       0.0100

 Frequencies (including translational and rotational modes):
 mode    frequency (cm-1)
    0                7.58 i (imaginary)
    1                0.07 i (imaginary)
    2                0.03 i (imaginary)
    3                0.02 i (imaginary)
    4                6.66
    5               11.37
    6               33.84
    7               44.94
    8               62.05
    9               81.96
   10              103.63
   11              153.61
   12              197.14
   13              221.28
   14              233.75
   15              258.31
   16              282.65
   17              285.79
   18              295.24
   19              304.60
   20              327.98
   21              335.87
   22              356.35
   23              423.39
   24              448.40
   25              486.24
   26              508.88
   27              533.94
   28              593.47
   29              662.72
   30              787.44
   31              834.69
   32              917.03
   33              941.10
   34              998.67
   35             1122.47
   36             1590.91
   37             1606.55
   38             1613.17
   39             1631.42
   40             1645.24
   41             1678.17
   42             2839.29
   43             2976.70
   44             3044.00
   45             3207.73
   46             3298.39
   47             3316.57
   48             3535.59
   49             3757.62
   50             3758.04
   51             3758.63
   52             3758.91
   53             3763.03

 Project out translational and rotational motions 

 Degrees of freedom for translational and rotational motions: 6

 Vibrational frequencies:
 mode    frequency (cm-1)
    0               33.84
    1               44.88
    2               61.98
    3               81.96
    4              103.63
    5              153.59
    6              197.14
    7              221.28
    8              233.74
    9              258.31
   10              282.65
   11              285.79
   12              295.23
   13              304.60
   14              327.98
   15              335.87
   16              356.35
   17              423.39
   18              448.40
   19              486.24
   20              508.88
   21              533.94
   22              593.47
   23              662.72
   24              787.44
   25              834.69
   26              917.03
   27              941.10
   28              998.67
   29             1122.47
   30             1590.91
   31             1606.55
   32             1613.17
   33             1631.42
   34             1645.24
   35             1678.17
   36             2839.29
   37             2976.70
   38             3044.00
   39             3207.73
   40             3298.39
   41             3316.57
   42             3535.59
   43             3757.62
   44             3758.04
   45             3758.63
   46             3758.91
   47             3763.03

 --------------------------------------------------------------------------------

 End time:                               Thu Jun 10 05:33:40 2021
 Total wall-clock time:                808.144 seconds
==================================================================================
