
================================================================================
          _____________ ________ _______________ ________     _________         
         / ___________// ______ \\_____   _____// ______ \   / ________)        
        / /_________  / /      \ \     | |     / /      \ \ | (_______          
       |  __________|| |        | |    | |    | |        | | \________ \        
        \ \_________ | |        | |    | |     \ \______/ /___________) |       
         \__________||_|        |_|    |_|      \________//____________/        
                                                                                
====================================[ Qcore ]===================================

 Git hash:   15a3e7daff0cda5fa9af010ccd19a80288182ecf
 Git date:   Fri, 16 Apr 2021 15:57:16 +0100
 Compiler:   GNU 9.1.0
 Build type: Release
 Version:    1.1.0

 Start time: Thu Jun 10 05:33:40 2021

 Data directory: /work/zw18965/.local/qcore/share/entos/1.1.0/data
 Number of threads: 24
 Number of threads was determined by: command line argument
  - More threads can be used by running 'qcore -n 32'

 --------------------------------------------------------------------------------
                                command: optimize                                
 --------------------------------------------------------------------------------
 Using coordinate system:                tric
 Hessian update scheme:                  bfgs

 ------------------------------------------------------------------------------------------------------------
                   energy      change    grad rms    grad max    step rms    step max       trust    time (s)
 ------------------------------------------------------------------------------------------------------------
   1      -458.364847153                7.86e-03    1.37e-02                            2.00e-01        9.83
   2      -458.367047881   -2.20e-03    3.17e-03    6.48e-03    2.81e-02    2.53e-02    2.00e-01        7.34
   3      -458.367708575   -6.61e-04    1.20e-03    3.80e-03    4.48e-02    4.74e-02    2.00e-01        7.39
   4      -458.367799789   -9.12e-05    8.34e-04    1.77e-03    2.98e-02    2.84e-02    2.00e-01        6.97
   5      -458.367904184   -1.04e-04    4.77e-04    1.28e-03    1.74e-02    1.73e-02    2.00e-01        6.86
   6      -458.367950132   -4.59e-05    2.79e-04    6.16e-04    1.79e-02    2.40e-02    2.00e-01        7.42
   7      -458.367984750   -3.46e-05    3.74e-04    8.24e-04    1.50e-02    2.20e-02    2.00e-01        6.94
   8      -458.368010876   -2.61e-05    3.01e-04    8.04e-04    1.80e-02    3.04e-02    2.00e-01        7.26
   9      -458.368020606   -9.73e-06    1.56e-04    3.91e-04    8.46e-03    1.61e-02    2.00e-01        6.92
  10      -458.368026957   -6.35e-06    1.32e-04    3.32e-04    6.65e-03    1.36e-02    2.00e-01        6.86
  11      -458.368032740   -5.78e-06    1.71e-04    5.71e-04    8.15e-03    1.53e-02    2.00e-01        6.68
  12      -458.368038203   -5.46e-06    1.65e-04    5.03e-04    1.12e-02    1.99e-02    2.00e-01        7.15
  13      -458.368041781   -3.58e-06    1.33e-04    3.12e-04    9.95e-03    1.73e-02    2.00e-01        6.75
  14      -458.368044394   -2.61e-06    8.04e-05    1.89e-04    6.02e-03    9.50e-03    2.00e-01        6.48
  15      -458.368046257   -1.86e-06    7.52e-05    2.44e-04    5.49e-03    9.15e-03    2.00e-01        6.53
  16      -458.368047425   -1.17e-06    7.50e-05    2.18e-04    4.72e-03    8.03e-03    2.00e-01        6.44
  17      -458.368048232   -8.07e-07    5.67e-05    1.54e-04    4.87e-03    8.60e-03    2.00e-01        6.67
  18      -458.368048807   -5.76e-07    3.37e-05    7.98e-05    2.82e-03    5.14e-03    2.00e-01        6.04
  19      -458.368049087   -2.79e-07    3.22e-05    1.00e-04    2.04e-03    4.02e-03    2.00e-01        6.09
  20      -458.368049467   -3.80e-07    3.97e-05    1.01e-04    1.39e-03    2.63e-03    2.00e-01        6.17
  21      -458.368049860   -3.94e-07    3.96e-05    1.04e-04    1.54e-03    3.02e-03    2.00e-01        6.70
  22      -458.368050155   -2.94e-07    3.43e-05    8.76e-05    1.44e-03    3.76e-03    2.00e-01        6.65
  23      -458.368050812   -6.57e-07    4.60e-05    1.92e-04    1.92e-03    7.10e-03    2.00e-01        6.46
  24      -458.368051765   -9.54e-07    7.87e-05    2.87e-04    2.65e-03    1.26e-02    2.00e-01        6.53
  25      -458.368053150   -1.38e-06    1.11e-04    3.19e-04    3.92e-03    2.24e-02    2.00e-01        6.69
  26      -458.368055011   -1.86e-06    1.12e-04    2.74e-04    4.50e-03    2.88e-02    2.00e-01        6.70
  27      -458.368057065   -2.05e-06    7.66e-05    1.98e-04    4.17e-03    2.63e-02    2.00e-01        6.59
  28      -458.368058733   -1.67e-06    5.91e-05    1.89e-04    3.76e-03    1.53e-02    2.00e-01        6.45
  29      -458.368059930   -1.20e-06    7.12e-05    2.20e-04    3.19e-03    8.30e-03    2.00e-01        6.27
  30      -458.368060828   -8.98e-07    6.05e-05    1.38e-04    2.78e-03    7.36e-03    2.00e-01        6.35
  31      -458.368061280   -4.52e-07    3.09e-05    8.14e-05    1.77e-03    6.10e-03    2.00e-01        6.55
  32      -458.368061477   -1.97e-07    2.02e-05    7.97e-05    1.07e-03    3.70e-03    2.00e-01        6.51
  33      -458.368061643   -1.66e-07    3.02e-05    1.06e-04    1.19e-03    3.75e-03    2.00e-01        5.98
  34      -458.368061767   -1.23e-07    3.14e-05    7.93e-05    1.49e-03    3.87e-03    2.00e-01        5.99
  35      -458.368061912   -1.45e-07    2.02e-05    4.92e-05    1.40e-03    3.69e-03    2.00e-01        6.01
  36      -458.368062000   -8.83e-08    1.35e-05    4.38e-05    1.12e-03    3.16e-03    2.00e-01        6.09
  37      -458.368062027   -2.71e-08    2.41e-05    8.93e-05    1.04e-03    3.84e-03    2.00e-01        6.08
  38      -458.368062271   -2.43e-07    3.83e-05    1.19e-04    1.50e-03    6.16e-03    2.00e-01        5.86
  39      -458.368062635   -3.65e-07    4.84e-05    1.14e-04    2.48e-03    1.19e-02    2.00e-01        6.35
  40      -458.368063286   -6.51e-07    5.14e-05    1.22e-04    4.11e-03    2.07e-02    2.00e-01        6.26
  41      -458.368064304   -1.02e-06    5.27e-05    1.57e-04    6.71e-03    3.62e-02    2.00e-01        6.79
  42      -458.368065972   -1.67e-06    7.29e-05    2.18e-04    1.16e-02    6.41e-02    2.00e-01        6.60
  43      -458.368068347   -2.38e-06    1.23e-04    4.53e-04    2.03e-02    1.13e-01    2.00e-01        7.08
  44      -458.368071090   -2.74e-06    1.35e-04    4.45e-04    9.21e-03    4.30e-02    2.00e-01        7.32
  45      -458.368076002   -4.91e-06    1.33e-04    3.88e-04    1.48e-02    8.97e-02    2.00e-01        7.18
  46      -458.368078305   -2.30e-06    1.61e-04    4.03e-04    1.42e-02    3.55e-02    2.00e-01        7.21
  47      -458.368084666   -6.36e-06    1.40e-04    5.28e-04    1.43e-02    8.47e-02    2.00e-01        7.10
  48      -458.368088989   -4.32e-06    8.61e-05    3.79e-04    4.13e-03    9.89e-03    2.00e-01        6.58
  49      -458.368093096   -4.11e-06    6.23e-05    1.79e-04    6.35e-03    1.96e-02    2.00e-01        6.76
  50      -458.368095916   -2.82e-06    5.89e-05    1.78e-04    5.07e-03    2.56e-02    2.00e-01        6.79
  51      -458.368098286   -2.37e-06    6.69e-05    2.67e-04    4.18e-03    2.59e-02    2.00e-01        6.80
  52      -458.368100581   -2.29e-06    7.10e-05    3.13e-04    4.02e-03    2.63e-02    2.00e-01        6.74
  53      -458.368102805   -2.22e-06    7.05e-05    2.64e-04    6.20e-03    1.69e-02    2.00e-01        6.61
  54      -458.368104839   -2.03e-06    5.16e-05    1.59e-04    5.89e-03    2.18e-02    2.00e-01        6.55
  55      -458.368106721   -1.88e-06    4.95e-05    1.49e-04    1.14e-02    2.67e-02    2.00e-01        6.84
  56      -458.368108024   -1.30e-06    5.83e-05    2.59e-04    4.29e-03    1.29e-02    2.00e-01        6.35
  57      -458.368109210   -1.19e-06    5.17e-05    2.19e-04    5.37e-03    1.19e-02    2.00e-01        6.21
  58      -458.368110234   -1.02e-06    3.56e-05    8.72e-05    4.47e-03    7.38e-03    2.00e-01        6.53
  59      -458.368110992   -7.58e-07    2.92e-05    8.84e-05    3.85e-03    1.03e-02    2.00e-01        6.24
  60      -458.368111692   -7.00e-07    3.75e-05    1.40e-04    3.68e-03    1.20e-02    2.00e-01        6.40
  61      -458.368112333   -6.42e-07    4.43e-05    1.70e-04    3.90e-03    1.42e-02    2.00e-01        6.37
  62      -458.368113046   -7.13e-07    4.26e-05    1.36e-04    4.56e-03    1.61e-02    2.00e-01        6.42
  63      -458.368113987   -9.41e-07    3.56e-05    9.49e-05    4.57e-03    1.60e-02    2.00e-01        6.46
  64      -458.368114910   -9.23e-07    3.94e-05    1.04e-04    4.13e-03    1.39e-02    2.00e-01        6.46
  65      -458.368116247   -1.34e-06    6.49e-05    2.08e-04    4.64e-03    2.05e-02    2.00e-01        6.43
  66      -458.368118780   -2.53e-06    1.11e-04    3.72e-04    7.54e-03    3.74e-02    2.00e-01        7.03
  67      -458.368122947   -4.17e-06    1.64e-04    5.40e-04    1.25e-02    6.23e-02    2.00e-01        7.23
  68      -458.368128407   -5.46e-06    1.70e-04    5.34e-04    9.71e-03    5.56e-02    2.00e-01        7.35
  69      -458.368134307   -5.90e-06    1.04e-04    2.52e-04    9.76e-03    3.83e-02    2.00e-01        6.96
  70      -458.368135718   -1.41e-06    3.98e-05    1.00e-04    6.31e-03    3.92e-02    2.00e-01        6.87
  71      -458.368136073   -3.56e-07    2.61e-05    8.80e-05    3.12e-03    1.91e-02    2.00e-01        6.83
  72      -458.368136163   -8.96e-08    1.20e-05    3.53e-05    1.68e-03    1.12e-02    2.00e-01        6.43
Rejecting step due to low quality: Quality: -1.41374 New trust radius: 0.000360358
  73      -458.368136133    3.02e-08    1.20e-05    3.53e-05    7.21e-04    3.90e-03    3.60e-04        5.93
  74      -458.368136117    4.63e-08    8.48e-06    2.34e-05    3.60e-04    1.95e-03    1.80e-04        5.94
  75      -458.368136143   -2.65e-08    5.77e-06    1.46e-05    1.80e-04    1.24e-03    2.55e-04        6.10
  76      -458.368136168   -2.49e-08    1.69e-06    3.59e-06    2.55e-04    1.91e-03    3.60e-04        6.17
  77      -458.368136176   -7.75e-09    6.20e-07    1.62e-06    1.23e-04    4.06e-04    3.60e-04        5.80
 Geometry optimization stopped:          thresholds achieved

 Final energy:                        -458.368136176

 -----------
  Final XYZ 
 -----------
18
Final structure: -458.368 hartree
O            0.627357899         -1.800947792         -0.247121638
H            1.517776630         -1.339301146         -0.224774729
H            0.806142100         -2.741988923         -0.393186276
O           -0.838900924          0.258348068         -1.615581061
H           -0.427914700         -0.605876963         -1.393182830
H           -1.679139939          0.261435196         -1.082135195
O            0.765674337          1.656054364         -0.090850202
H            0.124841555          1.223151965         -0.759254124
H            0.798437208          2.600581181         -0.304620934
O           -0.582160936         -0.140993123          1.776390274
H           -0.198011786         -0.878879478          1.251958414
H           -0.108967628          0.643042696          1.424305134
O            2.751443998         -0.171358418         -0.145268606
H            2.159567141          0.632561701         -0.128481220
H            3.224593643         -0.157394839          0.701180361
O           -2.810777000          0.328110847          0.281193422
H           -2.115906591          0.109719858          0.964943338
H           -3.514065007         -0.328646194          0.394674863

 Structure in entos input format:

  structure(
    xyz = [
      ['O'  ,          0.627357899,         -1.800947792,         -0.247121638],
      ['H'  ,          1.517776630,         -1.339301146,         -0.224774729],
      ['H'  ,          0.806142100,         -2.741988923,         -0.393186276],
      ['O'  ,         -0.838900924,          0.258348068,         -1.615581061],
      ['H'  ,         -0.427914700,         -0.605876963,         -1.393182830],
      ['H'  ,         -1.679139939,          0.261435196,         -1.082135195],
      ['O'  ,          0.765674337,          1.656054364,         -0.090850202],
      ['H'  ,          0.124841555,          1.223151965,         -0.759254124],
      ['H'  ,          0.798437208,          2.600581181,         -0.304620934],
      ['O'  ,         -0.582160936,         -0.140993123,          1.776390274],
      ['H'  ,         -0.198011786,         -0.878879478,          1.251958414],
      ['H'  ,         -0.108967628,          0.643042696,          1.424305134],
      ['O'  ,          2.751443998,         -0.171358418,         -0.145268606],
      ['H'  ,          2.159567141,          0.632561701,         -0.128481220],
      ['H'  ,          3.224593643,         -0.157394839,          0.701180361],
      ['O'  ,         -2.810777000,          0.328110847,          0.281193422],
      ['H'  ,         -2.115906591,          0.109719858,          0.964943338],
      ['H'  ,         -3.514065007,         -0.328646194,          0.394674863]
    ]
  )

 --------------------------------
  Geometry optimization finished 
 --------------------------------
 Saving results in set 'opt'

 --------------------------------------------------------------------------------
                                 command: hessian                                
 --------------------------------------------------------------------------------

WARNING: semianalytic method is specified for dft hessian, which is not efficient. Try switching to 'method = analytic'


 -------------------------------
  Numerical Geometrical Hessian 
 -------------------------------

 Compute hessian using two-point central differentiation.
 Step size (bohr):                       0.0100

 Frequencies (including translational and rotational modes):
 mode    frequency (cm-1)
    0                0.05 i (imaginary)
    1                0.05 i (imaginary)
    2                0.03 i (imaginary)
    3               14.50
    4               18.50
    5               27.14
    6               50.12
    7               70.02
    8               89.68
    9              116.32
   10              119.36
   11              150.85
   12              195.63
   13              226.81
   14              242.90
   15              251.31
   16              257.97
   17              261.64
   18              271.06
   19              296.17
   20              321.36
   21              325.65
   22              432.95
   23              445.70
   24              492.33
   25              502.57
   26              534.39
   27              581.72
   28              643.77
   29              705.82
   30              752.24
   31              798.21
   32              874.21
   33              879.88
   34              948.13
   35             1098.06
   36             1601.72
   37             1621.87
   38             1625.59
   39             1641.92
   40             1657.00
   41             1671.24
   42             2786.25
   43             3103.31
   44             3181.34
   45             3238.37
   46             3299.41
   47             3488.71
   48             3524.53
   49             3560.94
   50             3753.47
   51             3760.20
   52             3762.90
   53             3764.06

 Project out translational and rotational motions 

 Degrees of freedom for translational and rotational motions: 6

 Vibrational frequencies:
 mode    frequency (cm-1)
    0               48.58
    1               69.96
    2               89.67
    3              116.30
    4              119.30
    5              150.83
    6              195.62
    7              226.81
    8              242.89
    9              251.30
   10              257.97
   11              261.64
   12              271.06
   13              296.16
   14              321.36
   15              325.65
   16              432.93
   17              445.70
   18              492.32
   19              502.57
   20              534.39
   21              581.72
   22              643.77
   23              705.82
   24              752.24
   25              798.21
   26              874.21
   27              879.88
   28              948.13
   29             1098.06
   30             1601.72
   31             1621.87
   32             1625.59
   33             1641.92
   34             1657.00
   35             1671.24
   36             2786.25
   37             3103.31
   38             3181.34
   39             3238.37
   40             3299.41
   41             3488.71
   42             3524.53
   43             3560.94
   44             3753.47
   45             3760.20
   46             3762.90
   47             3764.06

 --------------------------------------------------------------------------------

 End time:                               Thu Jun 10 05:54:34 2021
 Total wall-clock time:               1253.136 seconds
==================================================================================
