
================================================================================
          _____________ ________ _______________ ________     _________         
         / ___________// ______ \\_____   _____// ______ \   / ________)        
        / /_________  / /      \ \     | |     / /      \ \ | (_______          
       |  __________|| |        | |    | |    | |        | | \________ \        
        \ \_________ | |        | |    | |     \ \______/ /___________) |       
         \__________||_|        |_|    |_|      \________//____________/        
                                                                                
====================================[ Qcore ]===================================

 Git hash:   15a3e7daff0cda5fa9af010ccd19a80288182ecf
 Git date:   Fri, 16 Apr 2021 15:57:16 +0100
 Compiler:   GNU 9.1.0
 Build type: Release
 Version:    1.1.0

 Start time: Thu Jun 10 05:54:34 2021

 Data directory: /work/zw18965/.local/qcore/share/entos/1.1.0/data
 Number of threads: 24
 Number of threads was determined by: command line argument
  - More threads can be used by running 'qcore -n 32'

 --------------------------------------------------------------------------------
                                command: optimize                                
 --------------------------------------------------------------------------------
 Using coordinate system:                tric
 Hessian update scheme:                  bfgs

 ------------------------------------------------------------------------------------------------------------
                   energy      change    grad rms    grad max    step rms    step max       trust    time (s)
 ------------------------------------------------------------------------------------------------------------
   1      -458.364795217                7.81e-03    1.52e-02                            2.00e-01       10.52
   2      -458.366882391   -2.09e-03    3.06e-03    8.03e-03    2.51e-02    2.55e-02    2.00e-01        7.57
   3      -458.367439627   -5.57e-04    1.15e-03    4.33e-03    3.92e-02    3.28e-02    2.00e-01        7.72
   4      -458.367516424   -7.68e-05    7.32e-04    1.44e-03    2.54e-02    2.70e-02    2.00e-01        7.56
   5      -458.367585025   -6.86e-05    3.49e-04    8.28e-04    1.26e-02    1.75e-02    2.00e-01        7.01
   6      -458.367600361   -1.53e-05    1.13e-04    2.63e-04    9.04e-03    9.48e-03    2.00e-01        7.26
   7      -458.367608396   -8.03e-06    1.67e-04    5.46e-04    8.00e-03    8.81e-03    2.00e-01        7.03
   8      -458.367616001   -7.61e-06    1.96e-04    4.69e-04    1.14e-02    1.36e-02    2.00e-01        7.04
   9      -458.367621822   -5.82e-06    1.66e-04    4.93e-04    1.35e-02    1.73e-02    2.00e-01        7.10
  10      -458.367624436   -2.61e-06    8.88e-05    2.89e-04    4.98e-03    7.72e-03    2.00e-01        6.60
  11      -458.367625710   -1.27e-06    5.12e-05    2.05e-04    3.58e-03    5.27e-03    2.00e-01        6.83
  12      -458.367626252   -5.43e-07    4.01e-05    1.79e-04    1.94e-03    2.41e-03    2.00e-01        6.46
  13      -458.367626678   -4.26e-07    3.77e-05    1.14e-04    1.77e-03    3.10e-03    2.00e-01        6.23
  14      -458.367627040   -3.61e-07    3.87e-05    8.86e-05    1.57e-03    3.67e-03    2.00e-01        6.24
  15      -458.367627730   -6.91e-07    5.23e-05    2.12e-04    2.18e-03    6.03e-03    2.00e-01        6.67
  16      -458.367628785   -1.06e-06    7.92e-05    3.11e-04    3.25e-03    1.00e-02    2.00e-01        6.52
  17      -458.367630931   -2.15e-06    1.19e-04    3.62e-04    5.49e-03    1.87e-02    2.00e-01        7.16
  18      -458.367634906   -3.97e-06    1.70e-04    4.19e-04    1.01e-02    3.87e-02    2.00e-01        7.57
  19      -458.367640821   -5.92e-06    2.10e-04    5.18e-04    1.35e-02    6.08e-02    2.00e-01        7.30
  20      -458.367649532   -8.71e-06    1.97e-04    4.90e-04    8.11e-03    4.60e-02    2.00e-01        7.43
  21      -458.367669733   -2.02e-05    2.29e-04    7.52e-04    1.50e-02    6.93e-02    2.00e-01        7.47
  22      -458.367681639   -1.19e-05    2.52e-04    7.99e-04    9.16e-03    2.06e-02    2.00e-01        6.61
  23      -458.367696325   -1.47e-05    2.20e-04    6.53e-04    1.36e-02    6.38e-02    2.00e-01        6.99
  24      -458.367702018   -5.69e-06    1.24e-04    3.45e-04    1.12e-02    1.33e-02    2.00e-01        7.32
  25      -458.367705680   -3.66e-06    8.37e-05    3.12e-04    4.18e-03    2.66e-02    2.00e-01        6.61
  26      -458.367708078   -2.40e-06    9.66e-05    2.62e-04    4.46e-03    6.80e-03    2.00e-01        6.90
  27      -458.367710412   -2.33e-06    1.03e-04    2.40e-04    6.02e-03    7.94e-03    2.00e-01        6.73
  28      -458.367712098   -1.69e-06    7.36e-05    1.69e-04    6.55e-03    9.62e-03    2.00e-01        6.76
  29      -458.367713323   -1.22e-06    4.55e-05    1.11e-04    5.02e-03    7.89e-03    2.00e-01        6.86
  30      -458.367713975   -6.53e-07    3.85e-05    1.20e-04    2.26e-03    5.13e-03    2.00e-01        6.69
  31      -458.367714428   -4.52e-07    3.38e-05    8.29e-05    1.43e-03    3.99e-03    2.00e-01        6.38
  32      -458.367714978   -5.50e-07    3.86e-05    7.81e-05    1.79e-03    4.90e-03    2.00e-01        6.65
  33      -458.367715997   -1.02e-06    6.50e-05    1.71e-04    3.31e-03    9.07e-03    2.00e-01        6.59
  34      -458.367717782   -1.79e-06    1.05e-04    3.14e-04    6.07e-03    1.70e-02    2.00e-01        6.75
  35      -458.367720534   -2.75e-06    1.31e-04    4.02e-04    9.91e-03    2.84e-02    2.00e-01        6.84
  36      -458.367723947   -3.41e-06    1.14e-04    3.18e-04    1.21e-02    3.47e-02    2.00e-01        6.90
  37      -458.367726871   -2.92e-06    6.53e-05    1.75e-04    9.40e-03    2.70e-02    2.00e-01        6.76
  38      -458.367729061   -2.19e-06    6.10e-05    1.77e-04    6.02e-03    1.83e-02    2.00e-01        6.80
  39      -458.367731021   -1.96e-06    8.60e-05    2.76e-04    4.72e-03    1.42e-02    2.00e-01        6.41
  40      -458.367733113   -2.09e-06    9.01e-05    2.67e-04    5.34e-03    1.76e-02    2.00e-01        6.56
  41      -458.367735186   -2.07e-06    6.63e-05    1.55e-04    4.74e-03    1.74e-02    2.00e-01        6.69
  42      -458.367737286   -2.10e-06    6.16e-05    1.41e-04    4.46e-03    1.72e-02    2.00e-01        6.78
  43      -458.367739992   -2.71e-06    1.01e-04    3.43e-04    5.59e-03    1.89e-02    2.00e-01        7.11
  44      -458.367743706   -3.71e-06    1.37e-04    4.59e-04    8.51e-03    2.73e-02    2.00e-01        6.93
  45      -458.367747694   -3.99e-06    1.26e-04    3.93e-04    1.08e-02    3.06e-02    2.00e-01        7.41
  46      -458.367750415   -2.72e-06    6.60e-05    1.42e-04    8.11e-03    1.78e-02    2.00e-01        6.91
  47      -458.367751531   -1.12e-06    4.47e-05    1.03e-04    6.48e-03    1.72e-02    2.00e-01        6.83
  48      -458.367752191   -6.60e-07    5.00e-05    1.78e-04    2.40e-03    1.05e-02    2.00e-01        6.70
  49      -458.367752609   -4.18e-07    3.29e-05    9.97e-05    1.65e-03    2.76e-03    2.00e-01        6.72
  50      -458.367753314   -7.05e-07    3.29e-05    7.87e-05    3.78e-03    6.44e-03    2.00e-01        6.65
  51      -458.367753657   -3.43e-07    4.42e-05    1.41e-04    3.29e-03    5.90e-03    2.00e-01        6.63
  52      -458.367754175   -5.18e-07    4.29e-05    1.40e-04    3.51e-03    1.41e-02    2.00e-01        6.62
  53      -458.367754419   -2.44e-07    2.51e-05    7.20e-05    2.78e-03    8.19e-03    2.00e-01        6.75
  54      -458.367754657   -2.39e-07    1.52e-05    3.50e-05    1.64e-03    8.15e-03    2.00e-01        6.81
  55      -458.367754781   -1.24e-07    2.73e-05    9.44e-05    1.94e-03    6.52e-03    2.00e-01        6.59
  56      -458.367755038   -2.56e-07    3.71e-05    1.25e-04    2.79e-03    9.41e-03    2.00e-01        6.63
  57      -458.367755365   -3.28e-07    3.45e-05    8.84e-05    3.93e-03    1.17e-02    2.00e-01        6.70
  58      -458.367755593   -2.28e-07    2.52e-05    6.85e-05    4.36e-03    1.23e-02    2.00e-01        6.64
  59      -458.367755693   -9.95e-08    2.03e-05    5.67e-05    3.34e-03    1.00e-02    2.00e-01        6.43
Rejecting step due to low quality: Quality: -1.44493 New trust radius: 0.000984013
  60      -458.367755604    8.91e-08    2.03e-05    5.67e-05    1.97e-03    6.59e-03    9.84e-04        6.78
  61      -458.367755650    4.32e-08    1.72e-05    5.44e-05    9.84e-04    3.29e-03    4.92e-04        6.24
  62      -458.367755701   -5.18e-08    1.32e-05    4.40e-05    4.92e-04    1.68e-03    6.96e-04        6.33
  63      -458.367755716   -1.47e-08    6.00e-06    2.02e-05    6.96e-04    2.47e-03    6.96e-04        6.15
  64      -458.367755616    1.00e-07    3.99e-06    1.08e-05    4.74e-04    1.63e-03    2.37e-04        6.18
  65      -458.367755657   -4.09e-08    6.03e-06    1.79e-05    2.34e-04    4.60e-04    3.35e-04        5.65
 Geometry optimization stopped:          thresholds achieved

 Final energy:                        -458.367755657

 -----------
  Final XYZ 
 -----------
18
Final structure: -458.368 hartree
O           -1.423726689          0.009323053          1.436411087
H           -0.572910449         -0.551742478          1.532060876
H           -1.958965412         -0.141681060          2.229451176
O           -1.786654789         -0.159296018         -1.259149270
H           -1.890462913         -0.222398418         -0.273858988
H           -2.624677255         -0.457301691         -1.644017076
O           -0.296190681          2.097341268         -0.079560755
H           -0.710988954          1.604426676          0.665490386
H           -0.787820738          1.744959286         -0.846650377
O            0.811873098         -1.327932090          1.397768572
H            0.755637497         -1.634696903          0.447304117
H            1.484540220         -0.621271347          1.318284787
O            0.739702933         -1.518540980         -1.326950996
H           -0.147765723         -1.129986749         -1.496248837
H            1.331612316         -0.737420205         -1.269755515
O            2.059285214          0.772181664         -0.186035423
H            1.257254635          1.371729655         -0.167227911
H            2.822494697          1.346568342         -0.348754855

 Structure in entos input format:

  structure(
    xyz = [
      ['O'  ,         -1.423726689,          0.009323053,          1.436411087],
      ['H'  ,         -0.572910449,         -0.551742478,          1.532060876],
      ['H'  ,         -1.958965412,         -0.141681060,          2.229451176],
      ['O'  ,         -1.786654789,         -0.159296018,         -1.259149270],
      ['H'  ,         -1.890462913,         -0.222398418,         -0.273858988],
      ['H'  ,         -2.624677255,         -0.457301691,         -1.644017076],
      ['O'  ,         -0.296190681,          2.097341268,         -0.079560755],
      ['H'  ,         -0.710988954,          1.604426676,          0.665490386],
      ['H'  ,         -0.787820738,          1.744959286,         -0.846650377],
      ['O'  ,          0.811873098,         -1.327932090,          1.397768572],
      ['H'  ,          0.755637497,         -1.634696903,          0.447304117],
      ['H'  ,          1.484540220,         -0.621271347,          1.318284787],
      ['O'  ,          0.739702933,         -1.518540980,         -1.326950996],
      ['H'  ,         -0.147765723,         -1.129986749,         -1.496248837],
      ['H'  ,          1.331612316,         -0.737420205,         -1.269755515],
      ['O'  ,          2.059285214,          0.772181664,         -0.186035423],
      ['H'  ,          1.257254635,          1.371729655,         -0.167227911],
      ['H'  ,          2.822494697,          1.346568342,         -0.348754855]
    ]
  )

 --------------------------------
  Geometry optimization finished 
 --------------------------------
 Saving results in set 'opt'

 --------------------------------------------------------------------------------
                                 command: hessian                                
 --------------------------------------------------------------------------------

WARNING: semianalytic method is specified for dft hessian, which is not efficient. Try switching to 'method = analytic'


 -------------------------------
  Numerical Geometrical Hessian 
 -------------------------------

 Compute hessian using two-point central differentiation.
 Step size (bohr):                       0.0100

 Frequencies (including translational and rotational modes):
 mode    frequency (cm-1)
    0                0.22 i (imaginary)
    1                0.04 i (imaginary)
    2                0.02 i (imaginary)
    3                2.48
    4                5.69
    5               24.47
    6               66.42
    7               75.43
    8               86.69
    9               89.67
   10               93.27
   11              148.81
   12              183.26
   13              187.63
   14              226.03
   15              235.73
   16              263.63
   17              265.37
   18              282.66
   19              301.60
   20              328.16
   21              401.52
   22              417.59
   23              468.80
   24              476.45
   25              513.92
   26              541.58
   27              574.56
   28              599.59
   29              666.96
   30              704.46
   31              745.16
   32              780.78
   33              907.18
   34              941.64
   35             1115.61
   36             1599.66
   37             1611.94
   38             1615.70
   39             1643.34
   40             1658.56
   41             1682.62
   42             2764.31
   43             3146.74
   44             3205.69
   45             3306.71
   46             3480.03
   47             3484.89
   48             3546.16
   49             3607.43
   50             3642.45
   51             3762.36
   52             3762.99
   53             3764.91

 Project out translational and rotational motions 

 Degrees of freedom for translational and rotational motions: 6

 Vibrational frequencies:
 mode    frequency (cm-1)
    0               66.11
    1               74.92
    2               86.36
    3               89.61
    4               93.20
    5              148.76
    6              183.26
    7              187.58
    8              226.02
    9              235.72
   10              263.62
   11              265.36
   12              282.66
   13              301.60
   14              328.15
   15              401.51
   16              417.58
   17              468.80
   18              476.45
   19              513.92
   20              541.58
   21              574.56
   22              599.59
   23              666.96
   24              704.45
   25              745.16
   26              780.78
   27              907.18
   28              941.64
   29             1115.61
   30             1599.66
   31             1611.94
   32             1615.70
   33             1643.34
   34             1658.56
   35             1682.62
   36             2764.31
   37             3146.74
   38             3205.69
   39             3306.71
   40             3480.03
   41             3484.89
   42             3546.16
   43             3607.43
   44             3642.45
   45             3762.36
   46             3762.99
   47             3764.91

 --------------------------------------------------------------------------------

 End time:                               Thu Jun 10 06:14:46 2021
 Total wall-clock time:               1212.371 seconds
==================================================================================
