
================================================================================
          _____________ ________ _______________ ________     _________         
         / ___________// ______ \\_____   _____// ______ \   / ________)        
        / /_________  / /      \ \     | |     / /      \ \ | (_______          
       |  __________|| |        | |    | |    | |        | | \________ \        
        \ \_________ | |        | |    | |     \ \______/ /___________) |       
         \__________||_|        |_|    |_|      \________//____________/        
                                                                                
====================================[ Qcore ]===================================

 Git hash:   15a3e7daff0cda5fa9af010ccd19a80288182ecf
 Git date:   Fri, 16 Apr 2021 15:57:16 +0100
 Compiler:   GNU 9.1.0
 Build type: Release
 Version:    1.1.0

 Start time: Thu Jun 10 04:48:33 2021

 Data directory: /work/zw18965/.local/qcore/share/entos/1.1.0/data
 Number of threads: 24
 Number of threads was determined by: command line argument
  - More threads can be used by running 'qcore -n 32'

 --------------------------------------------------------------------------------
                                command: optimize                                
 --------------------------------------------------------------------------------
 Using coordinate system:                tric
 Hessian update scheme:                  bfgs

 ------------------------------------------------------------------------------------------------------------
                   energy      change    grad rms    grad max    step rms    step max       trust    time (s)
 ------------------------------------------------------------------------------------------------------------
   1       -76.171373163                4.63e-02    8.65e-02                            2.00e-01        0.47
   2       -76.222247557   -5.09e-02    5.15e-02    8.79e-02    2.00e-01    2.16e-01    2.83e-01        0.26
   3       -76.191179667    3.11e-02    4.27e-02    7.78e-02    2.83e-01    3.13e-01    4.00e-01        0.26
   4       -76.264209530   -7.30e-02    5.61e-02    9.32e-02    4.00e-01    4.86e-01    5.66e-01        0.28
   5       -76.263447338    7.62e-04    7.00e-02    1.60e-01    5.66e-01    5.84e-01    2.83e-01        0.25
   6       -76.221250817    4.22e-02    6.09e-02    1.32e-01    2.83e-01    3.46e-01    4.00e-01        0.26
   7       -76.296420522   -7.52e-02    7.41e-02    1.72e-01    4.00e-01    4.84e-01    5.66e-01        0.28
   8       -76.365933440   -6.95e-02    6.16e-02    1.45e-01    5.66e-01    6.79e-01    5.66e-01        0.28
   9       -76.388378813   -2.24e-02    5.99e-02    1.44e-01    9.64e-02    9.82e-02    5.66e-01        0.25
  10       -76.416078500   -2.77e-02    9.59e-02    1.76e-01    5.66e-01    6.89e-01    2.83e-01        0.27
Rejecting step due to low quality: Quality: -2.1597 New trust radius: 0.14142
  11       -76.307031263    1.09e-01    9.59e-02    1.76e-01    2.83e-01    3.59e-01    1.41e-01        0.28
  12       -76.399400385    1.67e-02    1.53e-01    2.97e-01    1.41e-01    1.79e-01    7.07e-02        0.25
  13       -76.417879414   -1.85e-02    9.61e-02    2.01e-01    7.07e-02    9.19e-02    7.07e-02        0.26
  14       -76.430572966   -1.27e-02    7.53e-02    1.54e-01    7.10e-02    7.66e-02    1.00e-01        0.25
  15       -76.443415107   -1.28e-02    4.46e-02    8.83e-02    1.02e-01    1.34e-01    1.41e-01        0.25
  16       -76.448047914   -4.63e-03    1.38e-02    3.20e-02    1.44e-01    3.07e-01    1.41e-01        0.27
  17       -76.449923979   -1.88e-03    6.09e-03    1.23e-02    7.38e-02    1.01e-01    1.41e-01        0.24
  18       -76.450061830   -1.38e-04    1.73e-03    3.55e-03    6.87e-03    2.83e-02    1.41e-01        0.23
  19       -76.450079083   -1.73e-05    1.01e-04    1.76e-04    4.84e-03    1.41e-02    1.41e-01        0.24
  20       -76.450079334   -2.51e-07    1.54e-05    2.91e-05    9.34e-04    1.18e-03    1.41e-01        0.22
 Geometry optimization stopped:          thresholds achieved

 Final energy:                         -76.450079334

 -----------
  Final XYZ 
 -----------
3
Final structure: -76.4501 hartree
O           -0.000057811          0.066239907         -0.225130235
H           -0.000030251         -0.790660664         -0.683729375
H            0.000088062          0.724420757         -0.940288710

 Structure in entos input format:

  structure(
    xyz = [
      ['O'  ,         -0.000057811,          0.066239907,         -0.225130235],
      ['H'  ,         -0.000030251,         -0.790660664,         -0.683729375],
      ['H'  ,          0.000088062,          0.724420757,         -0.940288710]
    ]
  )

 --------------------------------
  Geometry optimization finished 
 --------------------------------
 Saving results in set 'opt'

 --------------------------------------------------------------------------------
                                 command: hessian                                
 --------------------------------------------------------------------------------

WARNING: semianalytic method is specified for dft hessian, which is not efficient. Try switching to 'method = analytic'


 -------------------------------
  Numerical Geometrical Hessian 
 -------------------------------

 Compute hessian using two-point central differentiation.
 Step size (bohr):                       0.0100

 Frequencies (including translational and rotational modes):
 mode    frequency (cm-1)
    0                0.16 i (imaginary)
    1                0.03 i (imaginary)
    2                0.01 i (imaginary)
    3               13.74
    4               22.43
    5               45.43
    6             1596.12
    7             3654.58
    8             3755.92

 Project out translational and rotational motions 

 Degrees of freedom for translational and rotational motions: 6

 Vibrational frequencies:
 mode    frequency (cm-1)
    0             1596.12
    1             3654.58
    2             3755.92

 --------------------------------------------------------------------------------

 End time:                               Thu Jun 10 04:48:43 2021
 Total wall-clock time:                  9.978 seconds
==================================================================================
