
================================================================================
          _____________ ________ _______________ ________     _________         
         / ___________// ______ \\_____   _____// ______ \   / ________)        
        / /_________  / /      \ \     | |     / /      \ \ | (_______          
       |  __________|| |        | |    | |    | |        | | \________ \        
        \ \_________ | |        | |    | |     \ \______/ /___________) |       
         \__________||_|        |_|    |_|      \________//____________/        
                                                                                
====================================[ Qcore ]===================================

 Git hash:   bfa4c3a672cc1ff01df8911b87991f8932a2a687
 Git date:   Fri, 12 Feb 2021 10:05:04 +0000
 Compiler:   GNU 9.1.0
 Build type: Release
 Version:    0.8.19

 Start time: Tue Jun 15 14:51:05 2021

 Data directory: /home/zw18965/.local/qcore/share/entos/0.8.19/data
 Number of threads: 32
 Number of threads was determined by: number of physical cores

 --------------------------------------------------------------------------------
                                command: optimize                                
 --------------------------------------------------------------------------------
 Using coordinate system:                tric
 Hessian update scheme:                  bfgs

 ------------------------------------------------------------------------------------------------------------
                   energy      change    grad rms    grad max    step rms    step max       trust    time (s)
 ------------------------------------------------------------------------------------------------------------
   1      -152.342388307                4.58e-02    7.44e-02                            2.00e-01        0.87
   2      -152.443205746   -1.01e-01    5.11e-02    8.79e-02    2.00e-01    1.88e-01    2.83e-01        0.54
   3      -152.379538718    6.37e-02    4.22e-02    7.83e-02    2.83e-01    3.14e-01    4.00e-01        0.55
   4      -152.523981628   -1.44e-01    5.57e-02    9.69e-02    4.00e-01    4.81e-01    5.66e-01        0.56
   5      -152.503868277    2.01e-02    6.84e-02    1.34e-01    5.66e-01    6.10e-01    2.83e-01        0.52
   6      -152.441944304    6.19e-02    6.01e-02    1.12e-01    2.83e-01    3.35e-01    4.00e-01        0.51
   7      -152.568521659   -1.27e-01    7.29e-02    1.47e-01    4.00e-01    4.89e-01    5.66e-01        0.55
   8      -152.692676810   -1.24e-01    6.39e-02    1.34e-01    5.66e-01    7.46e-01    5.66e-01        0.55
Rejecting step due to low quality: Quality: -4.07697 New trust radius: 0.256054
   9      -152.377702385    3.15e-01    6.39e-02    1.34e-01    5.12e-01    5.93e-01    2.56e-01        0.62
  10      -152.708878638   -1.62e-02    6.68e-02    1.36e-01    2.56e-01    2.96e-01    2.56e-01        0.59
  11      -152.800310233   -9.14e-02    5.00e-02    1.16e-01    2.56e-01    3.11e-01    3.62e-01        0.47
  12      -152.859045975   -5.87e-02    3.93e-02    1.20e-01    3.62e-01    4.08e-01    3.62e-01        0.53
  13      -152.862722383   -3.68e-03    8.35e-02    2.43e-01    2.45e-01    4.36e-01    1.23e-01        0.46
  14      -152.854274471    8.45e-03    1.01e-01    2.79e-01    1.23e-01    1.88e-01    6.13e-02        0.47
  15      -152.885119183   -3.08e-02    4.58e-02    1.09e-01    6.13e-02    9.69e-02    6.13e-02        0.45
  16      -152.895448321   -1.03e-02    2.83e-02    7.34e-02    6.13e-02    8.09e-02    8.67e-02        0.47
  17      -152.898824804   -3.38e-03    9.88e-03    2.54e-02    8.67e-02    1.49e-01    8.67e-02        0.44
Rejecting step due to low quality: Quality: -3.38817 New trust radius: 0.0433379
  18      -152.884005982    1.48e-02    9.88e-03    2.54e-02    8.67e-02    1.40e-01    4.33e-02        0.45
  19      -152.896682234    2.14e-03    2.16e-02    6.56e-02    4.33e-02    6.98e-02    2.17e-02        0.45
  20      -152.898416992   -1.73e-03    1.68e-02    5.19e-02    2.17e-02    2.61e-02    3.06e-02        0.43
  21      -152.900842524   -2.43e-03    3.75e-03    1.06e-02    3.06e-02    3.25e-02    4.33e-02        0.44
  22      -152.900999594   -1.57e-04    4.79e-04    9.93e-04    1.29e-02    1.43e-02    4.33e-02        0.44
  23      -152.901004336   -4.74e-06    8.70e-05    2.55e-04    3.18e-03    5.91e-03    4.33e-02        0.38
  24      -152.901007637   -3.30e-06    2.52e-04    5.70e-04    5.21e-03    9.45e-03    4.33e-02        0.39
  25      -152.901015175   -7.54e-06    7.06e-04    1.46e-03    1.64e-02    2.88e-02    4.33e-02        0.42
  26      -152.901025429   -1.03e-05    1.15e-03    2.28e-03    2.59e-02    4.35e-02    4.33e-02        0.42
  27      -152.901045059   -1.96e-05    1.42e-03    2.70e-03    3.73e-02    5.86e-02    6.13e-02        0.43
  28      -152.901089132   -4.41e-05    1.43e-03    3.00e-03    6.13e-02    8.90e-02    8.67e-02        0.42
  29      -152.901166377   -7.72e-05    8.65e-04    1.93e-03    8.67e-02    1.14e-01    1.23e-01        0.43
  30      -152.901242210   -7.58e-05    1.45e-03    3.86e-03    1.23e-01    1.59e-01    1.73e-01        0.43
  31      -152.901381156   -1.39e-04    1.60e-03    4.65e-03    1.73e-01    2.05e-01    2.45e-01        0.44
  32      -152.901634670   -2.54e-04    1.58e-03    4.78e-03    2.45e-01    2.70e-01    3.47e-01        0.43
  33      -152.902056008   -4.21e-04    2.86e-03    8.85e-03    3.47e-01    3.64e-01    4.90e-01        0.47
  34      -152.902402085   -3.46e-04    8.47e-03    2.60e-02    4.90e-01    5.00e-01    4.90e-01        0.49
  35      -152.904008700   -1.61e-03    9.07e-03    2.54e-02    4.69e-01    4.99e-01    6.00e-01        0.48
  36      -152.904878152   -8.69e-04    7.59e-03    1.86e-02    6.01e-01    6.69e-01    6.00e-01        0.54
Rejecting step due to low quality: Quality: -3.19432 New trust radius: 0.270899
  37      -152.885519408    1.94e-02    7.59e-03    1.86e-02    5.42e-01    6.61e-01    2.71e-01        0.53
  38      -152.902052765    2.83e-03    2.28e-02    5.85e-02    2.71e-01    3.31e-01    1.35e-01        0.52
  39      -152.905832833   -3.78e-03    5.96e-03    1.60e-02    1.35e-01    1.64e-01    1.35e-01        0.52
  40      -152.905538922    2.94e-04    1.09e-02    3.38e-02    1.35e-01    1.47e-01    6.77e-02        0.51
  41      -152.906732150   -1.19e-03    3.12e-03    9.56e-03    6.77e-02    7.17e-02    9.58e-02        0.51
  42      -152.906928404   -1.96e-04    9.75e-04    2.47e-03    8.42e-02    9.36e-02    1.35e-01        0.53
  43      -152.906969285   -4.09e-05    7.90e-04    1.94e-03    1.92e-02    2.14e-02    1.35e-01        0.50
  44      -152.907003035   -3.38e-05    5.77e-04    1.64e-03    2.31e-02    3.15e-02    1.35e-01        0.48
  45      -152.907014201   -1.12e-05    3.89e-04    9.15e-04    7.66e-03    1.10e-02    1.35e-01        0.49
  46      -152.907034950   -2.07e-05    3.26e-04    6.40e-04    2.17e-02    3.53e-02    1.35e-01        0.50
  47      -152.907045009   -1.01e-05    3.59e-04    8.48e-04    1.56e-02    2.45e-02    1.35e-01        0.49
  48      -152.907051642   -6.63e-06    2.22e-04    5.21e-04    1.48e-02    2.09e-02    1.35e-01        0.49
  49      -152.907053077   -1.43e-06    1.28e-04    3.18e-04    4.15e-03    7.65e-03    1.35e-01        0.48
  50      -152.907053719   -6.41e-07    8.81e-05    1.83e-04    1.78e-03    2.93e-03    1.35e-01        0.48
  51      -152.907054936   -1.22e-06    1.41e-04    2.97e-04    3.99e-03    4.93e-03    1.35e-01        0.51
  52      -152.907057019   -2.08e-06    2.44e-04    6.57e-04    8.45e-03    1.09e-02    1.35e-01        0.50
  53      -152.907059949   -2.93e-06    2.95e-04    8.00e-04    1.46e-02    2.16e-02    1.35e-01        0.51
  54      -152.907062345   -2.40e-06    2.10e-04    5.04e-04    1.33e-02    2.14e-02    1.35e-01        0.49
  55      -152.907063579   -1.23e-06    5.94e-05    1.31e-04    6.84e-03    1.19e-02    1.35e-01        0.48
  56      -152.907063789   -2.10e-07    5.64e-05    1.09e-04    2.39e-03    3.72e-03    1.35e-01        0.49
  57      -152.907063963   -1.74e-07    6.97e-05    1.41e-04    1.58e-03    2.68e-03    1.35e-01        0.49
  58      -152.907064431   -4.68e-07    1.01e-04    2.54e-04    3.60e-03    7.13e-03    1.35e-01        0.48
  59      -152.907065325   -8.94e-07    1.43e-04    3.67e-04    5.89e-03    1.29e-02    1.35e-01        0.49
  60      -152.907066914   -1.59e-06    1.61e-04    3.92e-04    1.08e-02    2.30e-02    1.35e-01        0.52
  61      -152.907068617   -1.70e-06    1.66e-04    4.55e-04    1.42e-02    2.59e-02    1.35e-01        0.50
  62      -152.907069425   -8.08e-07    9.27e-05    2.83e-04    9.06e-03    1.22e-02    1.35e-01        0.50
  63      -152.907069519   -9.38e-08    2.73e-05    7.56e-05    3.23e-03    4.47e-03    1.35e-01        0.48
  64      -152.907069537   -1.81e-08    1.33e-05    3.04e-05    7.82e-04    1.05e-03    1.35e-01        0.46
 Geometry optimization stopped:          thresholds achieved

 Final energy:                        -152.907069537

 -----------
  Final XYZ 
 -----------
6
Final structure: -152.907 hartree
O            0.003113775          1.433644611          0.010692578
H           -0.956016034          1.582026156          0.026600039
H            0.104044120          0.459463103          0.010359469
O            0.389691981         -1.481642958         -0.006598556
H            0.174256838         -2.009588581         -0.793405389
H            0.153096240         -2.040305816          0.752351858

 Structure in entos input format:

  structure(
    xyz = [
      ['O'  ,          0.003113775,          1.433644611,          0.010692578],
      ['H'  ,         -0.956016034,          1.582026156,          0.026600039],
      ['H'  ,          0.104044120,          0.459463103,          0.010359469],
      ['O'  ,          0.389691981,         -1.481642958,         -0.006598556],
      ['H'  ,          0.174256838,         -2.009588581,         -0.793405389],
      ['H'  ,          0.153096240,         -2.040305816,          0.752351858]
    ]
  )

 --------------------------------
  Geometry optimization finished 
 --------------------------------
 Saving results in set 'opt1'

 --------------------------------------------------------------------------------
                                 command: hessian                                
 --------------------------------------------------------------------------------

 -------------------------------
  Numerical Geometrical Hessian 
 -------------------------------

 Compute hessian using two-point central differentiation.
 Step size (bohr):                       0.0100

 Frequencies (including translational and rotational modes):
 mode    frequency (cm-1)
    0               39.76 i (imaginary)
    1                0.15 i (imaginary)
    2                0.09 i (imaginary)
    3                0.02 i (imaginary)
    4                3.32
    5               10.63
    6               34.09
    7               84.92
    8              164.90
    9              171.93
   10              301.44
   11              583.46
   12             1588.18
   13             1613.12
   14             3547.35
   15             3658.67
   16             3729.40
   17             3760.29

 Project out translational and rotational motions 

 Degrees of freedom for translational and rotational motions: 6

 Vibrational frequencies:
 mode    frequency (cm-1)
    0               28.21
    1               84.78
    2              164.90
    3              171.69
    4              301.41
    5              583.45
    6             1588.18
    7             1613.12
    8             3547.35
    9             3658.67
   10             3729.40
   11             3760.29
 Saving results in set 'hess'

 --------------------------------------------------------------------------------
                                command: optimize                                
 --------------------------------------------------------------------------------
 Using coordinate system:                xyz
 Hessian update scheme:                  bfgs

 Degrees of freedom for translational and rotational motions: 6

 ------------------------------------------------------------------------------------------------------------
                   energy      change    grad rms    grad max    step rms    step max       trust    time (s)
 ------------------------------------------------------------------------------------------------------------
   1      -152.907069537                1.33e-05    3.04e-05                            2.00e-01        0.71
   2      -152.907069635   -9.77e-08    8.15e-05    2.39e-04    1.57e-02    2.35e-02    2.00e-01        0.51
   3      -152.907069603    3.20e-08    2.72e-05    7.35e-05    9.58e-03    1.66e-02    4.79e-03        0.49
   4      -152.907069705   -1.02e-07    7.92e-06    2.11e-05    3.17e-03    5.02e-03    4.79e-03        0.44
   5      -152.907069711   -5.99e-09    3.16e-05    1.00e-04    4.79e-03    8.98e-03    4.79e-03        0.48
   6      -152.907069718   -7.30e-09    5.50e-06    1.72e-05    2.37e-03    4.09e-03    4.79e-03        0.43
   7      -152.907069721   -2.72e-09    6.49e-06    2.30e-05    1.29e-03    2.36e-03    4.79e-03        0.45
   8      -152.907069721   -3.91e-10    3.54e-06    1.09e-05    3.68e-04    5.76e-04    4.79e-03        0.44
 Geometry optimization stopped:          thresholds achieved

 Final energy:                        -152.907069721

 -----------
  Final XYZ 
 -----------
6
Final structure: -152.907 hartree
O            0.003135128          1.434353946          0.020555175
H           -0.955990169          1.583663446          0.018958488
H            0.103024302          0.460134347          0.011222248
O            0.386228933         -1.481079936         -0.010293441
H            0.173155815         -2.015609067         -0.793256432
H            0.158632912         -2.037866225          0.752813961

 Structure in entos input format:

  structure(
    xyz = [
      ['O'  ,          0.003135128,          1.434353946,          0.020555175],
      ['H'  ,         -0.955990169,          1.583663446,          0.018958488],
      ['H'  ,          0.103024302,          0.460134347,          0.011222248],
      ['O'  ,          0.386228933,         -1.481079936,         -0.010293441],
      ['H'  ,          0.173155815,         -2.015609067,         -0.793256432],
      ['H'  ,          0.158632912,         -2.037866225,          0.752813961]
    ]
  )

 --------------------------------
  Geometry optimization finished 
 --------------------------------
 Saving results in set 'opt'

 --------------------------------------------------------------------------------
                                 command: hessian                                
 --------------------------------------------------------------------------------

 -------------------------------
  Numerical Geometrical Hessian 
 -------------------------------

 Compute hessian using two-point central differentiation.
 Step size (bohr):                       0.0100

 Frequencies (including translational and rotational modes):
 mode    frequency (cm-1)
    0               37.48 i (imaginary)
    1                0.10 i (imaginary)
    2                0.08 i (imaginary)
    3                0.02 i (imaginary)
    4                4.80
    5               11.24
    6               38.00
    7               80.91
    8              164.92
    9              172.44
   10              300.34
   11              582.88
   12             1588.22
   13             1613.08
   14             3547.91
   15             3658.64
   16             3729.33
   17             3760.29

 Project out translational and rotational motions 

 Degrees of freedom for translational and rotational motions: 6

 Vibrational frequencies:
 mode    frequency (cm-1)
    0               33.24
    1               80.78
    2              164.92
    3              172.26
    4              300.31
    5              582.88
    6             1588.22
    7             1613.08
    8             3547.91
    9             3658.64
   10             3729.33
   11             3760.29

 --------------------------------------------------------------------------------

 End time:                               Tue Jun 15 14:52:17 2021
 Total wall-clock time:                 71.894 seconds
==================================================================================
