
================================================================================
          _____________ ________ _______________ ________     _________         
         / ___________// ______ \\_____   _____// ______ \   / ________)        
        / /_________  / /      \ \     | |     / /      \ \ | (_______          
       |  __________|| |        | |    | |    | |        | | \________ \        
        \ \_________ | |        | |    | |     \ \______/ /___________) |       
         \__________||_|        |_|    |_|      \________//____________/        
                                                                                
====================================[ Qcore ]===================================

 Git hash:   15a3e7daff0cda5fa9af010ccd19a80288182ecf
 Git date:   Fri, 16 Apr 2021 15:57:16 +0100
 Compiler:   GNU 9.1.0
 Build type: Release
 Version:    1.1.0

 Start time: Thu Jun 10 04:50:06 2021

 Data directory: /work/zw18965/.local/qcore/share/entos/1.1.0/data
 Number of threads: 24
 Number of threads was determined by: command line argument
  - More threads can be used by running 'qcore -n 32'

 --------------------------------------------------------------------------------
                                command: optimize                                
 --------------------------------------------------------------------------------
 Using coordinate system:                tric
 Hessian update scheme:                  bfgs

 ------------------------------------------------------------------------------------------------------------
                   energy      change    grad rms    grad max    step rms    step max       trust    time (s)
 ------------------------------------------------------------------------------------------------------------
   1      -229.374285299                7.76e-03    1.39e-02                            2.00e-01        2.02
   2      -229.375297394   -1.01e-03    2.41e-03    4.51e-03    2.39e-02    2.09e-02    2.00e-01        1.62
   3      -229.375432448   -1.35e-04    4.93e-04    9.98e-04    2.04e-02    1.67e-02    2.00e-01        1.52
   4      -229.375459443   -2.70e-05    4.14e-04    8.83e-04    1.35e-02    1.19e-02    2.00e-01        1.51
   5      -229.375483050   -2.36e-05    3.66e-04    6.43e-04    1.28e-02    1.64e-02    2.00e-01        1.48
   6      -229.375519178   -3.61e-05    3.69e-04    7.26e-04    3.23e-02    4.82e-02    2.00e-01        1.51
   7      -229.375529629   -1.05e-05    2.91e-04    5.09e-04    1.29e-02    1.99e-02    2.00e-01        1.50
   8      -229.375537781   -8.15e-06    1.05e-04    2.71e-04    1.53e-02    2.33e-02    2.00e-01        1.48
   9      -229.375539346   -1.56e-06    8.59e-05    1.67e-04    4.67e-03    5.60e-03    2.00e-01        1.44
  10      -229.375540316   -9.70e-07    7.52e-05    1.61e-04    4.45e-03    4.74e-03    2.00e-01        1.41
  11      -229.375540826   -5.11e-07    4.38e-05    9.25e-05    2.85e-03    4.22e-03    2.00e-01        1.44
  12      -229.375541157   -3.30e-07    3.18e-05    9.17e-05    2.58e-03    4.44e-03    2.00e-01        1.45
  13      -229.375541476   -3.19e-07    4.83e-05    9.77e-05    2.36e-03    4.28e-03    2.00e-01        1.45
  14      -229.375541736   -2.61e-07    4.75e-05    1.14e-04    2.57e-03    4.63e-03    2.00e-01        1.43
  15      -229.375541906   -1.70e-07    2.64e-05    7.01e-05    1.93e-03    3.39e-03    2.00e-01        1.43
  16      -229.375541980   -7.37e-08    1.08e-05    3.01e-05    1.01e-03    1.62e-03    2.00e-01        1.45
  17      -229.375542024   -4.35e-08    1.55e-05    2.80e-05    5.68e-04    9.32e-04    2.00e-01        1.45
 Geometry optimization stopped:          thresholds achieved

 Final energy:                        -229.375542024

 -----------
  Final XYZ 
 -----------
9
Final structure: -229.376 hartree
O           -1.481657239         -0.652205462         -0.107344993
H           -0.591086438         -1.078966841         -0.079793961
H           -1.984118514         -1.040022911          0.627255332
O            1.311624401         -0.940961565         -0.153740081
H            1.909269399         -1.224809209          0.556662588
H            1.211790505          0.036717689         -0.044949566
O            0.165306212          1.596215678          0.156203765
H           -0.637664788          1.024559546          0.078787658
H            0.106768463          2.230667075         -0.576629742

 Structure in entos input format:

  structure(
    xyz = [
      ['O'  ,         -1.481657239,         -0.652205462,         -0.107344993],
      ['H'  ,         -0.591086438,         -1.078966841,         -0.079793961],
      ['H'  ,         -1.984118514,         -1.040022911,          0.627255332],
      ['O'  ,          1.311624401,         -0.940961565,         -0.153740081],
      ['H'  ,          1.909269399,         -1.224809209,          0.556662588],
      ['H'  ,          1.211790505,          0.036717689,         -0.044949566],
      ['O'  ,          0.165306212,          1.596215678,          0.156203765],
      ['H'  ,         -0.637664788,          1.024559546,          0.078787658],
      ['H'  ,          0.106768463,          2.230667075,         -0.576629742]
    ]
  )

 --------------------------------
  Geometry optimization finished 
 --------------------------------
 Saving results in set 'opt'

 --------------------------------------------------------------------------------
                                 command: hessian                                
 --------------------------------------------------------------------------------

WARNING: semianalytic method is specified for dft hessian, which is not efficient. Try switching to 'method = analytic'


 -------------------------------
  Numerical Geometrical Hessian 
 -------------------------------

 Compute hessian using two-point central differentiation.
 Step size (bohr):                       0.0100

 Frequencies (including translational and rotational modes):
 mode    frequency (cm-1)
    0                0.16 i (imaginary)
    1                0.07 i (imaginary)
    2                0.03 i (imaginary)
    3                3.97
    4               12.32
    5               21.33
    6              186.20
    7              190.79
    8              208.78
    9              220.37
   10              225.82
   11              264.36
   12              366.78
   13              377.77
   14              465.34
   15              612.91
   16              685.16
   17              909.73
   18             1604.76
   19             1606.74
   20             1626.67
   21             3332.87
   22             3408.11
   23             3418.39
   24             3718.29
   25             3721.53
   26             3722.76

 Project out translational and rotational motions 

 Degrees of freedom for translational and rotational motions: 6

 Vibrational frequencies:
 mode    frequency (cm-1)
    0              186.18
    1              190.78
    2              208.77
    3              220.37
    4              225.81
    5              264.35
    6              366.78
    7              377.77
    8              465.34
    9              612.91
   10              685.15
   11              909.73
   12             1604.76
   13             1606.74
   14             1626.67
   15             3332.87
   16             3408.11
   17             3418.39
   18             3718.29
   19             3721.53
   20             3722.76

 --------------------------------------------------------------------------------

 End time:                               Thu Jun 10 04:51:54 2021
 Total wall-clock time:                107.353 seconds
==================================================================================
