
================================================================================
          _____________ ________ _______________ ________     _________         
         / ___________// ______ \\_____   _____// ______ \   / ________)        
        / /_________  / /      \ \     | |     / /      \ \ | (_______          
       |  __________|| |        | |    | |    | |        | | \________ \        
        \ \_________ | |        | |    | |     \ \______/ /___________) |       
         \__________||_|        |_|    |_|      \________//____________/        
                                                                                
====================================[ Qcore ]===================================

 Git hash:   15a3e7daff0cda5fa9af010ccd19a80288182ecf
 Git date:   Fri, 16 Apr 2021 15:57:16 +0100
 Compiler:   GNU 9.1.0
 Build type: Release
 Version:    1.1.0

 Start time: Thu Jun 10 04:51:54 2021

 Data directory: /work/zw18965/.local/qcore/share/entos/1.1.0/data
 Number of threads: 24
 Number of threads was determined by: command line argument
  - More threads can be used by running 'qcore -n 32'

 --------------------------------------------------------------------------------
                                command: optimize                                
 --------------------------------------------------------------------------------
 Using coordinate system:                tric
 Hessian update scheme:                  bfgs

 ------------------------------------------------------------------------------------------------------------
                   energy      change    grad rms    grad max    step rms    step max       trust    time (s)
 ------------------------------------------------------------------------------------------------------------
   1      -305.844278376                8.04e-03    1.47e-02                            2.00e-01        3.09
   2      -305.845717586   -1.44e-03    2.82e-03    5.56e-03    2.10e-02    2.23e-02    2.00e-01        2.60
   3      -305.845959008   -2.41e-04    9.81e-04    1.77e-03    3.27e-02    2.06e-02    2.00e-01        2.40
   4      -305.846031184   -7.22e-05    5.94e-04    9.80e-04    2.12e-02    1.86e-02    2.00e-01        2.70
   5      -305.846058390   -2.72e-05    2.23e-04    4.34e-04    8.33e-03    6.66e-03    2.00e-01        2.41
   6      -305.846082785   -2.44e-05    2.66e-04    5.43e-04    1.81e-02    1.70e-02    2.00e-01        2.44
   7      -305.846090137   -7.35e-06    2.45e-04    4.45e-04    8.19e-03    9.60e-03    2.00e-01        2.42
   8      -305.846095361   -5.22e-06    7.77e-05    1.07e-04    8.06e-03    9.78e-03    2.00e-01        2.38
   9      -305.846096426   -1.07e-06    2.54e-05    5.26e-05    2.34e-03    2.64e-03    2.00e-01        2.28
  10      -305.846096988   -5.61e-07    5.54e-05    1.11e-04    1.80e-03    2.98e-03    2.00e-01        2.25
  11      -305.846098124   -1.14e-06    8.28e-05    1.38e-04    2.35e-03    5.79e-03    2.00e-01        2.36
  12      -305.846100135   -2.01e-06    9.29e-05    1.55e-04    3.27e-03    1.13e-02    2.00e-01        2.35
  13      -305.846102069   -1.93e-06    7.51e-05    1.51e-04    3.55e-03    1.51e-02    2.00e-01        2.48
  14      -305.846103468   -1.40e-06    5.69e-05    9.37e-05    3.29e-03    1.19e-02    2.00e-01        2.49
  15      -305.846104098   -6.29e-07    4.76e-05    9.87e-05    2.54e-03    4.65e-03    2.00e-01        2.38
  16      -305.846104334   -2.36e-07    2.90e-05    6.24e-05    1.26e-03    1.09e-03    2.00e-01        2.41
 Geometry optimization stopped:          thresholds achieved

 Final energy:                        -305.846104334

 -----------
  Final XYZ 
 -----------
12
Final structure: -305.846 hartree
O            1.392334350         -1.339646537         -0.027846659
H            0.404579126         -1.485721329         -0.013649976
H            1.739088106         -1.808479424          0.748211792
O           -1.339684804         -1.392221400          0.027886976
H           -1.485906285         -0.404493527          0.013642563
H           -1.808403116         -1.739067684         -0.748200904
O           -1.392147279          1.339609251         -0.027885119
H           -0.404426781          1.485849287         -0.013552541
H           -1.739070032          1.808350551          0.748157365
O            1.339574048          1.392252939          0.027849318
H            1.485666395          0.404504997          0.013577072
H            1.808399270          1.739065876         -0.748189887

 Structure in entos input format:

  structure(
    xyz = [
      ['O'  ,          1.392334350,         -1.339646537,         -0.027846659],
      ['H'  ,          0.404579126,         -1.485721329,         -0.013649976],
      ['H'  ,          1.739088106,         -1.808479424,          0.748211792],
      ['O'  ,         -1.339684804,         -1.392221400,          0.027886976],
      ['H'  ,         -1.485906285,         -0.404493527,          0.013642563],
      ['H'  ,         -1.808403116,         -1.739067684,         -0.748200904],
      ['O'  ,         -1.392147279,          1.339609251,         -0.027885119],
      ['H'  ,         -0.404426781,          1.485849287,         -0.013552541],
      ['H'  ,         -1.739070032,          1.808350551,          0.748157365],
      ['O'  ,          1.339574048,          1.392252939,          0.027849318],
      ['H'  ,          1.485666395,          0.404504997,          0.013577072],
      ['H'  ,          1.808399270,          1.739065876,         -0.748189887]
    ]
  )

 --------------------------------
  Geometry optimization finished 
 --------------------------------
 Saving results in set 'opt'

 --------------------------------------------------------------------------------
                                 command: hessian                                
 --------------------------------------------------------------------------------

WARNING: semianalytic method is specified for dft hessian, which is not efficient. Try switching to 'method = analytic'


 -------------------------------
  Numerical Geometrical Hessian 
 -------------------------------

 Compute hessian using two-point central differentiation.
 Step size (bohr):                       0.0100

 Frequencies (including translational and rotational modes):
 mode    frequency (cm-1)
    0                0.05 i (imaginary)
    1                0.02 i (imaginary)
    2                0.01 i (imaginary)
    3               12.27
    4               12.30
    5               39.69
    6               51.97
    7              101.32
    8              214.96
    9              232.00
   10              256.70
   11              256.72
   12              273.86
   13              275.86
   14              275.86
   15              310.75
   16              424.94
   17              472.75
   18              474.66
   19              474.67
   20              777.88
   21              865.05
   22              865.05
   23             1032.16
   24             1603.78
   25             1620.22
   26             1620.22
   27             1650.07
   28             3097.06
   29             3219.24
   30             3219.24
   31             3265.94
   32             3718.60
   33             3718.92
   34             3718.92
   35             3719.51

 Project out translational and rotational motions 

 Degrees of freedom for translational and rotational motions: 6

 Vibrational frequencies:
 mode    frequency (cm-1)
    0               51.94
    1              101.32
    2              214.96
    3              232.00
    4              256.70
    5              256.71
    6              273.86
    7              275.85
    8              275.86
    9              310.75
   10              424.94
   11              472.75
   12              474.66
   13              474.67
   14              777.88
   15              865.05
   16              865.05
   17             1032.16
   18             1603.78
   19             1620.22
   20             1620.22
   21             1650.07
   22             3097.06
   23             3219.24
   24             3219.24
   25             3265.94
   26             3718.60
   27             3718.92
   28             3718.92
   29             3719.51

 --------------------------------------------------------------------------------

 End time:                               Thu Jun 10 04:55:45 2021
 Total wall-clock time:                231.015 seconds
==================================================================================
