
================================================================================
          _____________ ________ _______________ ________     _________         
         / ___________// ______ \\_____   _____// ______ \   / ________)        
        / /_________  / /      \ \     | |     / /      \ \ | (_______          
       |  __________|| |        | |    | |    | |        | | \________ \        
        \ \_________ | |        | |    | |     \ \______/ /___________) |       
         \__________||_|        |_|    |_|      \________//____________/        
                                                                                
====================================[ Qcore ]===================================

 Git hash:   15a3e7daff0cda5fa9af010ccd19a80288182ecf
 Git date:   Fri, 16 Apr 2021 15:57:16 +0100
 Compiler:   GNU 9.1.0
 Build type: Release
 Version:    1.1.0

 Start time: Thu Jun 10 04:55:45 2021

 Data directory: /work/zw18965/.local/qcore/share/entos/1.1.0/data
 Number of threads: 24
 Number of threads was determined by: command line argument
  - More threads can be used by running 'qcore -n 32'

 --------------------------------------------------------------------------------
                                command: optimize                                
 --------------------------------------------------------------------------------
 Using coordinate system:                tric
 Hessian update scheme:                  bfgs

 ------------------------------------------------------------------------------------------------------------
                   energy      change    grad rms    grad max    step rms    step max       trust    time (s)
 ------------------------------------------------------------------------------------------------------------
   1      -382.308129615                8.08e-03    1.48e-02                            2.00e-01        5.73
   2      -382.309964471   -1.83e-03    2.91e-03    5.86e-03    1.89e-02    2.27e-02    2.00e-01        4.29
   3      -382.310300453   -3.36e-04    9.39e-04    2.13e-03    3.09e-02    2.55e-02    2.00e-01        4.36
   4      -382.310377328   -7.69e-05    5.66e-04    1.04e-03    2.03e-02    1.89e-02    2.00e-01        4.18
   5      -382.310415324   -3.80e-05    2.51e-04    4.67e-04    1.09e-02    8.10e-03    2.00e-01        3.93
   6      -382.310445011   -2.97e-05    2.20e-04    5.32e-04    2.07e-02    1.96e-02    2.00e-01        4.12
   7      -382.310453717   -8.71e-06    2.18e-04    4.77e-04    8.27e-03    1.23e-02    2.00e-01        3.87
   8      -382.310462947   -9.23e-06    1.16e-04    3.06e-04    1.14e-02    2.15e-02    2.00e-01        3.93
   9      -382.310465112   -2.17e-06    4.30e-05    9.72e-05    4.48e-03    7.57e-03    2.00e-01        4.00
  10      -382.310465947   -8.35e-07    5.02e-05    1.27e-04    2.76e-03    2.78e-03    2.00e-01        3.84
  11      -382.310466641   -6.94e-07    4.47e-05    1.10e-04    2.63e-03    3.57e-03    2.00e-01        3.78
  12      -382.310467782   -1.14e-06    3.01e-05    7.24e-05    5.59e-03    7.84e-03    2.00e-01        3.86
  13      -382.310468128   -3.46e-07    2.80e-05    9.86e-05    3.54e-03    4.53e-03    2.00e-01        3.90
  14      -382.310468397   -2.68e-07    2.16e-05    6.71e-05    1.99e-03    2.38e-03    2.00e-01        3.70
  15      -382.310468470   -7.33e-08    1.27e-05    3.17e-05    1.22e-03    1.32e-03    2.00e-01        3.67
  16      -382.310468604   -1.34e-07    1.00e-05    2.76e-05    1.29e-03    1.37e-03    2.00e-01        3.66
  17      -382.310468613   -8.64e-09    1.74e-05    5.83e-05    1.51e-03    1.40e-03    7.57e-04        3.77
  18      -382.310468734   -1.21e-07    1.90e-05    6.15e-05    7.57e-04    7.37e-04    1.07e-03        3.70
 Geometry optimization stopped:          thresholds achieved

 Final energy:                        -382.310468734

 -----------
  Final XYZ 
 -----------
15
Final structure: -382.31 hartree
O            2.292904350          0.147825415          0.133709462
O            0.861783658         -2.141502460         -0.111115170
O           -1.764820742         -1.483268596          0.040332503
O           -1.953672175          1.228391300         -0.113175477
O            0.567163828          2.233109882         -0.036965541
H            1.795084906         -0.715231259          0.038063522
H           -0.113871885         -1.925251209         -0.059845759
H           -1.887426085         -0.491322413          0.020430584
H           -1.035761374          1.626630997         -0.088091929
H            1.224994930          1.483230098          0.044299550
H            2.802278649          0.066812956          0.955849165
H            0.979299525         -2.623682312         -0.945287411
H           -2.207405455         -1.790501038          0.847379331
H           -2.473453176          1.729950710          0.534765489
H            0.830126047          2.720240930         -0.834433320

 Structure in entos input format:

  structure(
    xyz = [
      ['O'  ,          2.292904350,          0.147825415,          0.133709462],
      ['O'  ,          0.861783658,         -2.141502460,         -0.111115170],
      ['O'  ,         -1.764820742,         -1.483268596,          0.040332503],
      ['O'  ,         -1.953672175,          1.228391300,         -0.113175477],
      ['O'  ,          0.567163828,          2.233109882,         -0.036965541],
      ['H'  ,          1.795084906,         -0.715231259,          0.038063522],
      ['H'  ,         -0.113871885,         -1.925251209,         -0.059845759],
      ['H'  ,         -1.887426085,         -0.491322413,          0.020430584],
      ['H'  ,         -1.035761374,          1.626630997,         -0.088091929],
      ['H'  ,          1.224994930,          1.483230098,          0.044299550],
      ['H'  ,          2.802278649,          0.066812956,          0.955849165],
      ['H'  ,          0.979299525,         -2.623682312,         -0.945287411],
      ['H'  ,         -2.207405455,         -1.790501038,          0.847379331],
      ['H'  ,         -2.473453176,          1.729950710,          0.534765489],
      ['H'  ,          0.830126047,          2.720240930,         -0.834433320]
    ]
  )

 --------------------------------
  Geometry optimization finished 
 --------------------------------
 Saving results in set 'opt'

 --------------------------------------------------------------------------------
                                 command: hessian                                
 --------------------------------------------------------------------------------

WARNING: semianalytic method is specified for dft hessian, which is not efficient. Try switching to 'method = analytic'


 -------------------------------
  Numerical Geometrical Hessian 
 -------------------------------

 Compute hessian using two-point central differentiation.
 Step size (bohr):                       0.0100

 Frequencies (including translational and rotational modes):
 mode    frequency (cm-1)
    0               11.00 i (imaginary)
    1                0.08 i (imaginary)
    2                0.05 i (imaginary)
    3                0.03 i (imaginary)
    4                5.13
    5                8.07
    6               24.17
    7               43.20
    8               69.31
    9               75.53
   10              184.92
   11              217.39
   12              224.82
   13              244.95
   14              248.40
   15              258.26
   16              291.69
   17              313.16
   18              316.30
   19              319.44
   20              435.32
   21              446.80
   22              473.51
   23              490.98
   24              544.81
   25              737.42
   26              809.40
   27              894.47
   28              915.26
   29             1015.93
   30             1604.04
   31             1616.47
   32             1628.05
   33             1648.65
   34             1656.80
   35             3045.95
   36             3156.11
   37             3164.42
   38             3222.29
   39             3230.10
   40             3717.66
   41             3719.73
   42             3720.94
   43             3722.31
   44             3723.68

 Project out translational and rotational motions 

 Degrees of freedom for translational and rotational motions: 6

 Vibrational frequencies:
 mode    frequency (cm-1)
    0               24.00
    1               43.11
    2               69.30
    3               75.39
    4              184.92
    5              217.39
    6              224.81
    7              244.95
    8              248.40
    9              258.26
   10              291.69
   11              313.16
   12              316.30
   13              319.44
   14              435.32
   15              446.80
   16              473.51
   17              490.98
   18              544.81
   19              737.42
   20              809.40
   21              894.47
   22              915.26
   23             1015.93
   24             1604.04
   25             1616.47
   26             1628.05
   27             1648.65
   28             1656.80
   29             3045.95
   30             3156.11
   31             3164.42
   32             3222.29
   33             3230.10
   34             3717.66
   35             3719.73
   36             3720.94
   37             3722.31
   38             3723.68

 --------------------------------------------------------------------------------

 End time:                               Thu Jun 10 05:03:07 2021
 Total wall-clock time:                442.090 seconds
==================================================================================
