
================================================================================
          _____________ ________ _______________ ________     _________         
         / ___________// ______ \\_____   _____// ______ \   / ________)        
        / /_________  / /      \ \     | |     / /      \ \ | (_______          
       |  __________|| |        | |    | |    | |        | | \________ \        
        \ \_________ | |        | |    | |     \ \______/ /___________) |       
         \__________||_|        |_|    |_|      \________//____________/        
                                                                                
====================================[ Qcore ]===================================

 Git hash:   15a3e7daff0cda5fa9af010ccd19a80288182ecf
 Git date:   Fri, 16 Apr 2021 15:57:16 +0100
 Compiler:   GNU 9.1.0
 Build type: Release
 Version:    1.1.0

 Start time: Thu Jun 10 05:03:07 2021

 Data directory: /work/zw18965/.local/qcore/share/entos/1.1.0/data
 Number of threads: 24
 Number of threads was determined by: command line argument
  - More threads can be used by running 'qcore -n 32'

 --------------------------------------------------------------------------------
                                command: optimize                                
 --------------------------------------------------------------------------------
 Using coordinate system:                tric
 Hessian update scheme:                  bfgs

 ------------------------------------------------------------------------------------------------------------
                   energy      change    grad rms    grad max    step rms    step max       trust    time (s)
 ------------------------------------------------------------------------------------------------------------
   1      -458.771403393                8.02e-03    1.46e-02                            2.00e-01        7.29
   2      -458.773614363   -2.21e-03    2.92e-03    5.92e-03    1.94e-02    2.25e-02    2.00e-01        5.79
   3      -458.774025798   -4.11e-04    8.12e-04    1.64e-03    2.55e-02    1.45e-02    2.00e-01        5.65
   4      -458.774101539   -7.57e-05    4.74e-04    8.60e-04    1.83e-02    1.39e-02    2.00e-01        5.38
   5      -458.774150731   -4.92e-05    3.23e-04    5.62e-04    1.53e-02    1.11e-02    2.00e-01        5.40
   6      -458.774182717   -3.20e-05    1.88e-04    3.46e-04    2.12e-02    1.51e-02    2.00e-01        5.36
   7      -458.774188520   -5.80e-06    1.40e-04    2.97e-04    4.59e-03    6.10e-03    2.00e-01        5.37
   8      -458.774194349   -5.83e-06    5.67e-05    1.33e-04    7.00e-03    1.01e-02    2.00e-01        5.41
   9      -458.774195070   -7.22e-07    3.66e-05    1.10e-04    2.58e-03    2.63e-03    2.00e-01        5.04
  10      -458.774195400   -3.30e-07    1.87e-05    4.71e-05    1.50e-03    1.72e-03    2.00e-01        5.14
  11      -458.774195473   -7.34e-08    9.53e-06    2.30e-05    3.75e-04    4.76e-04    2.00e-01        5.13
 Geometry optimization stopped:          thresholds achieved

 Final energy:                        -458.774195473

 -----------
  Final XYZ 
 -----------
18
Final structure: -458.774 hartree
O            0.002195527          2.696620547          0.105228003
H           -0.090255648          3.214518587          0.920715691
H           -0.849856570          2.179123165          0.019269262
O           -2.337971477         -1.348475419          0.105807251
H           -1.464114281         -1.828961140          0.023795223
H           -2.744004959         -1.684972752          0.920485749
O            2.337969593          1.348478836         -0.105803296
H            2.744003038          1.684970757         -0.920484077
H            1.464112604          1.828964836         -0.023794185
O           -0.002189389         -2.696619073         -0.105225812
H            0.849863776         -2.179122868         -0.019271616
H            0.090255528         -3.214515916         -0.920714933
O            2.332778668         -1.348200130          0.110851179
H            2.828696070         -1.528398799          0.925323118
H            2.312801913         -0.351474631          0.025053668
O           -2.332779908          1.348199626         -0.110851993
H           -2.828698094          1.528397071         -0.925323660
H           -2.312802393          0.351474302         -0.025053574

 Structure in entos input format:

  structure(
    xyz = [
      ['O'  ,          0.002195527,          2.696620547,          0.105228003],
      ['H'  ,         -0.090255648,          3.214518587,          0.920715691],
      ['H'  ,         -0.849856570,          2.179123165,          0.019269262],
      ['O'  ,         -2.337971477,         -1.348475419,          0.105807251],
      ['H'  ,         -1.464114281,         -1.828961140,          0.023795223],
      ['H'  ,         -2.744004959,         -1.684972752,          0.920485749],
      ['O'  ,          2.337969593,          1.348478836,         -0.105803296],
      ['H'  ,          2.744003038,          1.684970757,         -0.920484077],
      ['H'  ,          1.464112604,          1.828964836,         -0.023794185],
      ['O'  ,         -0.002189389,         -2.696619073,         -0.105225812],
      ['H'  ,          0.849863776,         -2.179122868,         -0.019271616],
      ['H'  ,          0.090255528,         -3.214515916,         -0.920714933],
      ['O'  ,          2.332778668,         -1.348200130,          0.110851179],
      ['H'  ,          2.828696070,         -1.528398799,          0.925323118],
      ['H'  ,          2.312801913,         -0.351474631,          0.025053668],
      ['O'  ,         -2.332779908,          1.348199626,         -0.110851993],
      ['H'  ,         -2.828698094,          1.528397071,         -0.925323660],
      ['H'  ,         -2.312802393,          0.351474302,         -0.025053574]
    ]
  )

 --------------------------------
  Geometry optimization finished 
 --------------------------------
 Saving results in set 'opt'

 --------------------------------------------------------------------------------
                                 command: hessian                                
 --------------------------------------------------------------------------------

WARNING: semianalytic method is specified for dft hessian, which is not efficient. Try switching to 'method = analytic'


 -------------------------------
  Numerical Geometrical Hessian 
 -------------------------------

 Compute hessian using two-point central differentiation.
 Step size (bohr):                       0.0100

 Frequencies (including translational and rotational modes):
 mode    frequency (cm-1)
    0                0.06 i (imaginary)
    1                0.03 i (imaginary)
    2                0.03 i (imaginary)
    3                7.03
    4                9.91
    5               12.70
    6               29.92
    7               33.74
    8               51.15
    9               53.21
   10               53.75
   11               92.64
   12              161.26
   13              204.11
   14              225.60
   15              225.86
   16              227.93
   17              229.37
   18              284.28
   19              288.01
   20              314.26
   21              314.50
   22              315.69
   23              348.38
   24              441.14
   25              461.12
   26              465.57
   27              484.34
   28              489.20
   29              494.73
   30              798.08
   31              822.90
   32              825.61
   33              926.19
   34              928.76
   35             1004.47
   36             1597.38
   37             1611.19
   38             1611.67
   39             1644.55
   40             1645.17
   41             1664.02
   42             3041.58
   43             3140.29
   44             3140.55
   45             3211.24
   46             3211.43
   47             3233.53
   48             3721.87
   49             3721.88
   50             3721.92
   51             3722.13
   52             3722.18
   53             3722.56

 Project out translational and rotational motions 

 Degrees of freedom for translational and rotational motions: 6

 Vibrational frequencies:
 mode    frequency (cm-1)
    0               29.92
    1               33.74
    2               51.10
    3               53.16
    4               53.73
    5               92.64
    6              161.26
    7              204.11
    8              225.60
    9              225.86
   10              227.93
   11              229.37
   12              284.28
   13              288.01
   14              314.26
   15              314.50
   16              315.69
   17              348.38
   18              441.14
   19              461.12
   20              465.57
   21              484.34
   22              489.20
   23              494.73
   24              798.08
   25              822.90
   26              825.61
   27              926.19
   28              928.76
   29             1004.47
   30             1597.38
   31             1611.19
   32             1611.67
   33             1644.55
   34             1645.17
   35             1664.02
   36             3041.58
   37             3140.29
   38             3140.55
   39             3211.24
   40             3211.43
   41             3233.53
   42             3721.87
   43             3721.88
   44             3721.92
   45             3722.13
   46             3722.18
   47             3722.56

 --------------------------------------------------------------------------------

 End time:                               Thu Jun 10 05:14:15 2021
 Total wall-clock time:                668.150 seconds
==================================================================================
