
================================================================================
          _____________ ________ _______________ ________     _________         
         / ___________// ______ \\_____   _____// ______ \   / ________)        
        / /_________  / /      \ \     | |     / /      \ \ | (_______          
       |  __________|| |        | |    | |    | |        | | \________ \        
        \ \_________ | |        | |    | |     \ \______/ /___________) |       
         \__________||_|        |_|    |_|      \________//____________/        
                                                                                
====================================[ Qcore ]===================================

 Git hash:   15a3e7daff0cda5fa9af010ccd19a80288182ecf
 Git date:   Fri, 16 Apr 2021 15:57:16 +0100
 Compiler:   GNU 9.1.0
 Build type: Release
 Version:    1.1.0

 Start time: Thu Jun 10 05:14:15 2021

 Data directory: /work/zw18965/.local/qcore/share/entos/1.1.0/data
 Number of threads: 24
 Number of threads was determined by: command line argument
  - More threads can be used by running 'qcore -n 32'

 --------------------------------------------------------------------------------
                                command: optimize                                
 --------------------------------------------------------------------------------
 Using coordinate system:                tric
 Hessian update scheme:                  bfgs

 ------------------------------------------------------------------------------------------------------------
                   energy      change    grad rms    grad max    step rms    step max       trust    time (s)
 ------------------------------------------------------------------------------------------------------------
   1      -458.773301057                8.00e-03    1.52e-02                            2.00e-01        8.41
   2      -458.775486227   -2.19e-03    2.88e-03    6.26e-03    2.10e-02    2.34e-02    2.00e-01        6.54
   3      -458.775892210   -4.06e-04    9.70e-04    2.67e-03    3.02e-02    2.63e-02    2.00e-01        6.49
   4      -458.775972166   -8.00e-05    6.62e-04    1.33e-03    2.15e-02    3.29e-02    2.00e-01        6.28
   5      -458.776035476   -6.33e-05    3.16e-04    6.91e-04    1.25e-02    1.39e-02    2.00e-01        6.18
   6      -458.776075528   -4.01e-05    2.08e-04    5.02e-04    2.00e-02    2.44e-02    2.00e-01        6.25
   7      -458.776092149   -1.66e-05    2.49e-04    4.98e-04    1.25e-02    1.68e-02    2.00e-01        6.14
   8      -458.776103896   -1.17e-05    1.65e-04    4.17e-04    1.11e-02    1.48e-02    2.00e-01        6.25
   9      -458.776109210   -5.31e-06    5.35e-05    1.37e-04    7.70e-03    7.86e-03    2.00e-01        6.25
  10      -458.776111727   -2.52e-06    7.03e-05    1.70e-04    5.19e-03    5.38e-03    2.00e-01        6.02
  11      -458.776114795   -3.07e-06    9.98e-05    2.17e-04    8.28e-03    7.84e-03    2.00e-01        5.92
  12      -458.776118987   -4.19e-06    1.02e-04    2.52e-04    1.37e-02    1.26e-02    2.00e-01        5.81
  13      -458.776122762   -3.77e-06    8.01e-05    2.00e-04    1.59e-02    1.54e-02    2.00e-01        6.17
  14      -458.776125447   -2.68e-06    5.99e-05    1.62e-04    1.21e-02    1.24e-02    2.00e-01        6.28
  15      -458.776127142   -1.70e-06    4.88e-05    1.26e-04    6.27e-03    6.47e-03    2.00e-01        5.95
  16      -458.776129064   -1.92e-06    5.30e-05    1.26e-04    6.85e-03    9.12e-03    2.00e-01        5.79
  17      -458.776131209   -2.14e-06    5.96e-05    1.42e-04    1.03e-02    1.38e-02    2.00e-01        5.84
  18      -458.776132426   -1.22e-06    4.25e-05    1.14e-04    8.13e-03    1.03e-02    2.00e-01        5.87
  19      -458.776132803   -3.76e-07    2.10e-05    5.85e-05    3.06e-03    3.45e-03    2.00e-01        5.60
  20      -458.776132927   -1.24e-07    1.02e-05    2.26e-05    7.16e-04    7.41e-04    2.00e-01        5.60
 Geometry optimization stopped:          thresholds achieved

 Final energy:                        -458.776132927

 -----------
  Final XYZ 
 -----------
18
Final structure: -458.776 hartree
O            0.107193002          1.533309407          0.891341042
H            0.970097532          1.510332314          0.372600977
H            0.240628737          2.159746985          1.620613376
O           -0.023605398         -1.394309870          0.987514332
H           -0.032447232         -0.435158601          1.192841948
H           -0.865259981         -1.536200041          0.482258686
O           -2.316142831          1.360437031         -0.444689414
H           -1.441351748          1.531415885         -0.010243768
H           -2.289044307          1.833762782         -1.291591553
O           -2.404297008         -1.409039526         -0.476718420
H           -2.482356777         -0.420219649         -0.526162857
H           -3.205409014         -1.710092615         -0.018276902
O            2.404989127          1.215315760         -0.445391741
H            2.443310532          0.211551421         -0.502501488
H            2.475208135          1.534037492         -1.359548714
O            2.217937396         -1.461647824         -0.491887669
H            1.369472923         -1.554389502          0.042602246
H            2.880309911         -2.004758449         -0.035527082

 Structure in entos input format:

  structure(
    xyz = [
      ['O'  ,          0.107193002,          1.533309407,          0.891341042],
      ['H'  ,          0.970097532,          1.510332314,          0.372600977],
      ['H'  ,          0.240628737,          2.159746985,          1.620613376],
      ['O'  ,         -0.023605398,         -1.394309870,          0.987514332],
      ['H'  ,         -0.032447232,         -0.435158601,          1.192841948],
      ['H'  ,         -0.865259981,         -1.536200041,          0.482258686],
      ['O'  ,         -2.316142831,          1.360437031,         -0.444689414],
      ['H'  ,         -1.441351748,          1.531415885,         -0.010243768],
      ['H'  ,         -2.289044307,          1.833762782,         -1.291591553],
      ['O'  ,         -2.404297008,         -1.409039526,         -0.476718420],
      ['H'  ,         -2.482356777,         -0.420219649,         -0.526162857],
      ['H'  ,         -3.205409014,         -1.710092615,         -0.018276902],
      ['O'  ,          2.404989127,          1.215315760,         -0.445391741],
      ['H'  ,          2.443310532,          0.211551421,         -0.502501488],
      ['H'  ,          2.475208135,          1.534037492,         -1.359548714],
      ['O'  ,          2.217937396,         -1.461647824,         -0.491887669],
      ['H'  ,          1.369472923,         -1.554389502,          0.042602246],
      ['H'  ,          2.880309911,         -2.004758449,         -0.035527082]
    ]
  )

 --------------------------------
  Geometry optimization finished 
 --------------------------------
 Saving results in set 'opt'

 --------------------------------------------------------------------------------
                                 command: hessian                                
 --------------------------------------------------------------------------------

WARNING: semianalytic method is specified for dft hessian, which is not efficient. Try switching to 'method = analytic'


 -------------------------------
  Numerical Geometrical Hessian 
 -------------------------------

 Compute hessian using two-point central differentiation.
 Step size (bohr):                       0.0100

 Frequencies (including translational and rotational modes):
 mode    frequency (cm-1)
    0                4.76 i (imaginary)
    1                0.09 i (imaginary)
    2                0.02 i (imaginary)
    3                0.07
    4                7.45
    5               12.33
    6               32.31
    7               42.43
    8               59.40
    9               78.45
   10               98.23
   11              154.12
   12              188.70
   13              208.07
   14              221.68
   15              243.21
   16              266.01
   17              269.89
   18              277.97
   19              291.47
   20              306.86
   21              314.37
   22              335.13
   23              403.13
   24              424.32
   25              463.11
   26              482.09
   27              506.97
   28              564.89
   29              636.21
   30              748.88
   31              788.09
   32              867.85
   33              888.80
   34              942.55
   35             1061.90
   36             1596.49
   37             1609.75
   38             1615.71
   39             1632.27
   40             1645.56
   41             1676.94
   42             2959.85
   43             3068.31
   44             3127.18
   45             3261.61
   46             3338.81
   47             3352.27
   48             3530.20
   49             3718.20
   50             3718.36
   51             3718.78
   52             3719.14
   53             3723.11

 Project out translational and rotational motions 

 Degrees of freedom for translational and rotational motions: 6

 Vibrational frequencies:
 mode    frequency (cm-1)
    0               32.30
    1               42.37
    2               59.34
    3               78.45
    4               98.23
    5              154.11
    6              188.70
    7              208.07
    8              221.67
    9              243.21
   10              266.01
   11              269.89
   12              277.96
   13              291.47
   14              306.86
   15              314.37
   16              335.13
   17              403.13
   18              424.32
   19              463.11
   20              482.09
   21              506.97
   22              564.89
   23              636.21
   24              748.88
   25              788.09
   26              867.85
   27              888.80
   28              942.55
   29             1061.90
   30             1596.49
   31             1609.75
   32             1615.71
   33             1632.27
   34             1645.56
   35             1676.94
   36             2959.85
   37             3068.31
   38             3127.18
   39             3261.61
   40             3338.81
   41             3352.27
   42             3530.20
   43             3718.20
   44             3718.36
   45             3718.78
   46             3719.14
   47             3723.11

 --------------------------------------------------------------------------------

 End time:                               Thu Jun 10 05:27:27 2021
 Total wall-clock time:                791.901 seconds
==================================================================================
