
================================================================================
          _____________ ________ _______________ ________     _________         
         / ___________// ______ \\_____   _____// ______ \   / ________)        
        / /_________  / /      \ \     | |     / /      \ \ | (_______          
       |  __________|| |        | |    | |    | |        | | \________ \        
        \ \_________ | |        | |    | |     \ \______/ /___________) |       
         \__________||_|        |_|    |_|      \________//____________/        
                                                                                
====================================[ Qcore ]===================================

 Git hash:   15a3e7daff0cda5fa9af010ccd19a80288182ecf
 Git date:   Fri, 16 Apr 2021 15:57:16 +0100
 Compiler:   GNU 9.1.0
 Build type: Release
 Version:    1.1.0

 Start time: Thu Jun 10 05:27:27 2021

 Data directory: /work/zw18965/.local/qcore/share/entos/1.1.0/data
 Number of threads: 24
 Number of threads was determined by: command line argument
  - More threads can be used by running 'qcore -n 32'

 --------------------------------------------------------------------------------
                                command: optimize                                
 --------------------------------------------------------------------------------
 Using coordinate system:                tric
 Hessian update scheme:                  bfgs

 ------------------------------------------------------------------------------------------------------------
                   energy      change    grad rms    grad max    step rms    step max       trust    time (s)
 ------------------------------------------------------------------------------------------------------------
   1      -458.773597478                7.93e-03    1.36e-02                            2.00e-01        9.42
   2      -458.775723350   -2.13e-03    2.73e-03    5.13e-03    2.61e-02    2.71e-02    2.00e-01        7.00
   3      -458.776066746   -3.43e-04    9.77e-04    3.55e-03    3.29e-02    3.18e-02    2.00e-01        7.15
   4      -458.776159238   -9.25e-05    5.84e-04    1.43e-03    2.10e-02    2.39e-02    2.00e-01        6.82
   5      -458.776203879   -4.46e-05    2.17e-04    5.74e-04    1.14e-02    1.27e-02    2.00e-01        6.73
   6      -458.776232995   -2.91e-05    1.77e-04    4.52e-04    1.33e-02    1.46e-02    2.00e-01        6.76
   7      -458.776250460   -1.75e-05    2.24e-04    4.71e-04    1.33e-02    1.84e-02    2.00e-01        7.17
   8      -458.776262419   -1.20e-05    1.82e-04    5.29e-04    1.25e-02    2.04e-02    2.00e-01        6.83
   9      -458.776268217   -5.80e-06    9.16e-05    2.79e-04    7.03e-03    1.38e-02    2.00e-01        6.86
  10      -458.776271697   -3.48e-06    7.47e-05    1.79e-04    5.18e-03    1.17e-02    2.00e-01        6.83
  11      -458.776274208   -2.51e-06    9.74e-05    2.58e-04    4.83e-03    9.71e-03    2.00e-01        6.89
  12      -458.776277077   -2.87e-06    9.33e-05    3.18e-04    7.01e-03    1.37e-02    2.00e-01        6.83
  13      -458.776279031   -1.95e-06    6.72e-05    1.97e-04    6.51e-03    1.22e-02    2.00e-01        6.82
  14      -458.776280412   -1.38e-06    4.88e-05    1.39e-04    5.07e-03    8.25e-03    2.00e-01        6.69
  15      -458.776281433   -1.02e-06    5.29e-05    1.38e-04    4.27e-03    7.44e-03    2.00e-01        6.38
  16      -458.776282290   -8.57e-07    4.89e-05    1.67e-04    3.99e-03    7.67e-03    2.00e-01        6.37
  17      -458.776282912   -6.22e-07    3.56e-05    9.47e-05    4.05e-03    8.16e-03    2.00e-01        6.38
  18      -458.776283303   -3.91e-07    2.90e-05    9.03e-05    2.78e-03    5.96e-03    2.00e-01        6.16
  19      -458.776283637   -3.34e-07    2.81e-05    9.52e-05    2.16e-03    5.00e-03    2.00e-01        6.04
  20      -458.776283820   -1.83e-07    2.72e-05    1.02e-04    1.69e-03    4.34e-03    2.00e-01        5.99
  21      -458.776284126   -3.06e-07    2.68e-05    6.91e-05    1.64e-03    4.76e-03    2.00e-01        6.05
  22      -458.776284450   -3.24e-07    2.86e-05    8.72e-05    1.40e-03    4.56e-03    2.00e-01        6.14
  23      -458.776284787   -3.37e-07    3.45e-05    1.35e-04    1.48e-03    5.59e-03    2.00e-01        6.39
  24      -458.776285201   -4.14e-07    4.36e-05    1.94e-04    1.65e-03    8.49e-03    2.00e-01        6.47
  25      -458.776285963   -7.62e-07    5.43e-05    2.01e-04    2.27e-03    1.44e-02    2.00e-01        6.32
  26      -458.776286803   -8.40e-07    6.06e-05    1.25e-04    2.80e-03    1.98e-02    2.00e-01        6.29
  27      -458.776287967   -1.16e-06    6.04e-05    1.39e-04    3.21e-03    2.33e-02    2.00e-01        6.49
  28      -458.776289033   -1.07e-06    5.71e-05    1.67e-04    3.24e-03    1.88e-02    2.00e-01        6.69
  29      -458.776289867   -8.35e-07    5.09e-05    1.96e-04    3.00e-03    1.22e-02    2.00e-01        6.27
  30      -458.776290439   -5.71e-07    3.69e-05    1.15e-04    2.23e-03    6.10e-03    2.00e-01        6.39
  31      -458.776290711   -2.72e-07    2.06e-05    5.21e-05    1.36e-03    3.32e-03    2.00e-01        6.44
  32      -458.776290760   -4.93e-08    1.26e-05    4.13e-05    7.54e-04    1.88e-03    2.00e-01        5.98
  33      -458.776290827   -6.65e-08    1.29e-05    5.48e-05    6.42e-04    1.37e-03    2.00e-01        6.03
  34      -458.776290954   -1.27e-07    1.41e-05    4.08e-05    7.85e-04    1.39e-03    2.00e-01        5.92
  35      -458.776290925    2.93e-08    1.18e-05    3.46e-05    8.23e-04    1.28e-03    4.11e-04        6.04
  36      -458.776290941   -1.61e-08    8.71e-06    2.48e-05    4.11e-04    7.68e-04    4.11e-04        6.02
 Geometry optimization stopped:          thresholds achieved

 Final energy:                        -458.776290941

 -----------
  Final XYZ 
 -----------
18
Final structure: -458.776 hartree
O            0.885131408         -1.700481896         -0.395136846
H            1.705543739         -1.144685867         -0.267728782
H            1.186382371         -2.593283989         -0.627149798
O           -0.784527905          0.322684249         -1.663497743
H           -0.275222728         -0.502120492         -1.507365679
H           -1.647481668          0.161997549         -1.202318002
O            0.547402027          1.752134329          0.146913570
H            0.011981456          1.333975624         -0.606278999
H            0.455005692          2.713911959          0.056496821
O           -0.661609802         -0.431034117          1.726358744
H           -0.161568215         -1.053565032          1.153485895
H           -0.271818232          0.440202813          1.500355031
O            2.796761114          0.189435973          0.013559514
H            2.110408269          0.906389235          0.083758244
H            3.250364907          0.178844155          0.872204795
O           -2.881884314         -0.036018673          0.129053990
H           -2.211720063         -0.255047159          0.832383511
H           -3.553158056         -0.735719659          0.165094729

 Structure in entos input format:

  structure(
    xyz = [
      ['O'  ,          0.885131408,         -1.700481896,         -0.395136846],
      ['H'  ,          1.705543739,         -1.144685867,         -0.267728782],
      ['H'  ,          1.186382371,         -2.593283989,         -0.627149798],
      ['O'  ,         -0.784527905,          0.322684249,         -1.663497743],
      ['H'  ,         -0.275222728,         -0.502120492,         -1.507365679],
      ['H'  ,         -1.647481668,          0.161997549,         -1.202318002],
      ['O'  ,          0.547402027,          1.752134329,          0.146913570],
      ['H'  ,          0.011981456,          1.333975624,         -0.606278999],
      ['H'  ,          0.455005692,          2.713911959,          0.056496821],
      ['O'  ,         -0.661609802,         -0.431034117,          1.726358744],
      ['H'  ,         -0.161568215,         -1.053565032,          1.153485895],
      ['H'  ,         -0.271818232,          0.440202813,          1.500355031],
      ['O'  ,          2.796761114,          0.189435973,          0.013559514],
      ['H'  ,          2.110408269,          0.906389235,          0.083758244],
      ['H'  ,          3.250364907,          0.178844155,          0.872204795],
      ['O'  ,         -2.881884314,         -0.036018673,          0.129053990],
      ['H'  ,         -2.211720063,         -0.255047159,          0.832383511],
      ['H'  ,         -3.553158056,         -0.735719659,          0.165094729]
    ]
  )

 --------------------------------
  Geometry optimization finished 
 --------------------------------
 Saving results in set 'opt'

 --------------------------------------------------------------------------------
                                 command: hessian                                
 --------------------------------------------------------------------------------

WARNING: semianalytic method is specified for dft hessian, which is not efficient. Try switching to 'method = analytic'


 -------------------------------
  Numerical Geometrical Hessian 
 -------------------------------

 Compute hessian using two-point central differentiation.
 Step size (bohr):                       0.0100

 Frequencies (including translational and rotational modes):
 mode    frequency (cm-1)
    0               15.08 i (imaginary)
    1                0.05 i (imaginary)
    2                0.03 i (imaginary)
    3                0.01 i (imaginary)
    4               14.27
    5               21.32
    6               50.20
    7               67.59
    8               84.60
    9              113.66
   10              117.23
   11              146.39
   12              189.83
   13              216.21
   14              234.62
   15              236.63
   16              250.67
   17              253.83
   18              257.23
   19              298.98
   20              301.97
   21              314.72
   22              416.80
   23              428.06
   24              459.30
   25              484.99
   26              503.35
   27              555.62
   28              600.46
   29              670.53
   30              720.02
   31              761.12
   32              829.09
   33              839.17
   34              902.08
   35             1038.16
   36             1606.51
   37             1622.02
   38             1627.89
   39             1644.09
   40             1654.93
   41             1668.75
   42             2908.67
   43             3169.36
   44             3231.67
   45             3285.03
   46             3347.86
   47             3488.70
   48             3522.56
   49             3554.37
   50             3714.87
   51             3720.10
   52             3722.64
   53             3724.86

 Project out translational and rotational motions 

 Degrees of freedom for translational and rotational motions: 6

 Vibrational frequencies:
 mode    frequency (cm-1)
    0               50.05
    1               67.50
    2               84.51
    3              113.60
    4              117.17
    5              146.39
    6              189.83
    7              216.20
    8              234.61
    9              236.63
   10              250.66
   11              253.83
   12              257.22
   13              298.98
   14              301.97
   15              314.72
   16              416.79
   17              428.06
   18              459.30
   19              484.99
   20              503.35
   21              555.62
   22              600.46
   23              670.52
   24              720.02
   25              761.11
   26              829.08
   27              839.17
   28              902.08
   29             1038.16
   30             1606.51
   31             1622.02
   32             1627.89
   33             1644.09
   34             1654.93
   35             1668.75
   36             2908.67
   37             3169.36
   38             3231.67
   39             3285.03
   40             3347.86
   41             3488.70
   42             3522.56
   43             3554.37
   44             3714.87
   45             3720.10
   46             3722.64
   47             3724.86

 --------------------------------------------------------------------------------

 End time:                               Thu Jun 10 05:43:28 2021
 Total wall-clock time:                960.841 seconds
==================================================================================
