
================================================================================
          _____________ ________ _______________ ________     _________         
         / ___________// ______ \\_____   _____// ______ \   / ________)        
        / /_________  / /      \ \     | |     / /      \ \ | (_______          
       |  __________|| |        | |    | |    | |        | | \________ \        
        \ \_________ | |        | |    | |     \ \______/ /___________) |       
         \__________||_|        |_|    |_|      \________//____________/        
                                                                                
====================================[ Qcore ]===================================

 Git hash:   15a3e7daff0cda5fa9af010ccd19a80288182ecf
 Git date:   Fri, 16 Apr 2021 15:57:16 +0100
 Compiler:   GNU 9.1.0
 Build type: Release
 Version:    1.1.0

 Start time: Thu Jun 10 05:43:28 2021

 Data directory: /work/zw18965/.local/qcore/share/entos/1.1.0/data
 Number of threads: 24
 Number of threads was determined by: command line argument
  - More threads can be used by running 'qcore -n 32'

 --------------------------------------------------------------------------------
                                command: optimize                                
 --------------------------------------------------------------------------------
 Using coordinate system:                tric
 Hessian update scheme:                  bfgs

 ------------------------------------------------------------------------------------------------------------
                   energy      change    grad rms    grad max    step rms    step max       trust    time (s)
 ------------------------------------------------------------------------------------------------------------
   1      -458.773393223                7.88e-03    1.45e-02                            2.00e-01       10.69
   2      -458.775460861   -2.07e-03    2.64e-03    5.90e-03    2.69e-02    2.74e-02    2.00e-01        7.24
   3      -458.775752007   -2.91e-04    9.58e-04    3.96e-03    3.18e-02    4.24e-02    2.00e-01        7.22
   4      -458.775843336   -9.13e-05    4.40e-04    9.64e-04    1.77e-02    2.64e-02    2.00e-01        6.86
   5      -458.775869436   -2.61e-05    1.81e-04    3.92e-04    8.52e-03    8.69e-03    2.00e-01        6.80
   6      -458.775882951   -1.35e-05    1.13e-04    3.18e-04    1.08e-02    9.97e-03    2.00e-01        6.84
   7      -458.775887433   -4.48e-06    1.14e-04    4.52e-04    6.77e-03    6.65e-03    2.00e-01        6.60
   8      -458.775892152   -4.72e-06    1.28e-04    5.04e-04    7.91e-03    9.01e-03    2.00e-01        6.87
   9      -458.775895983   -3.83e-06    9.43e-05    2.92e-04    9.95e-03    1.22e-02    2.00e-01        6.87
  10      -458.775897208   -1.23e-06    5.44e-05    1.86e-04    4.99e-03    6.70e-03    2.00e-01        6.16
  11      -458.775897933   -7.25e-07    4.01e-05    1.52e-04    3.20e-03    4.01e-03    2.00e-01        6.12
  12      -458.775898308   -3.75e-07    3.47e-05    1.42e-04    2.03e-03    2.56e-03    2.00e-01        6.07
  13      -458.775898658   -3.49e-07    2.61e-05    7.67e-05    1.54e-03    1.94e-03    2.00e-01        6.29
  14      -458.775898811   -1.54e-07    2.72e-05    7.64e-05    1.54e-03    2.15e-03    2.00e-01        6.29
  15      -458.775899112   -3.00e-07    4.05e-05    1.45e-04    2.05e-03    3.26e-03    2.00e-01        6.46
  16      -458.775899767   -6.55e-07    5.58e-05    2.01e-04    3.04e-03    6.03e-03    2.00e-01        6.58
  17      -458.775900512   -7.45e-07    6.71e-05    1.94e-04    4.49e-03    1.08e-02    2.00e-01        6.67
  18      -458.775901904   -1.39e-06    7.36e-05    2.06e-04    6.63e-03    1.89e-02    2.00e-01        6.57
  19      -458.775904100   -2.20e-06    8.83e-05    2.23e-04    9.04e-03    3.01e-02    2.00e-01        7.28
  20      -458.775907742   -3.64e-06    1.28e-04    3.59e-04    1.02e-02    4.02e-02    2.00e-01        7.16
  21      -458.775914070   -6.33e-06    1.83e-04    5.95e-04    8.94e-03    4.12e-02    2.00e-01        7.25
  22      -458.775923827   -9.76e-06    2.17e-04    6.45e-04    9.66e-03    4.68e-02    2.00e-01        7.36
  23      -458.775933009   -9.18e-06    1.74e-04    4.67e-04    7.81e-03    5.21e-02    2.00e-01        7.22
  24      -458.775941425   -8.42e-06    9.90e-05    2.32e-04    8.79e-03    4.22e-02    2.00e-01        6.82
  25      -458.775945847   -4.42e-06    1.19e-04    4.25e-04    6.68e-03    4.96e-02    2.00e-01        7.28
  26      -458.775950357   -4.51e-06    1.50e-04    3.90e-04    9.55e-03    1.60e-02    2.00e-01        6.84
  27      -458.775954729   -4.37e-06    1.36e-04    3.48e-04    5.20e-03    2.55e-02    2.00e-01        6.55
  28      -458.775960746   -6.02e-06    9.32e-05    2.47e-04    9.91e-03    4.43e-02    2.00e-01        6.92
  29      -458.775963523   -2.78e-06    7.45e-05    1.90e-04    5.10e-03    2.56e-02    2.00e-01        6.62
  30      -458.775966157   -2.63e-06    6.59e-05    2.03e-04    5.47e-03    3.20e-02    2.00e-01        6.55
  31      -458.775967733   -1.58e-06    5.76e-05    1.73e-04    3.09e-03    2.17e-02    2.00e-01        6.56
  32      -458.775969352   -1.62e-06    5.56e-05    1.29e-04    3.78e-03    2.43e-02    2.00e-01        6.52
  33      -458.775971136   -1.78e-06    6.87e-05    1.82e-04    5.17e-03    2.65e-02    2.00e-01        6.48
  34      -458.775972891   -1.76e-06    7.45e-05    2.28e-04    6.95e-03    2.70e-02    2.00e-01        6.68
  35      -458.775974220   -1.33e-06    5.63e-05    1.76e-04    6.05e-03    1.92e-02    2.00e-01        6.57
  36      -458.775974974   -7.53e-07    3.37e-05    6.98e-05    3.83e-03    6.59e-03    2.00e-01        6.50
  37      -458.775975188   -2.15e-07    2.67e-05    7.65e-05    2.30e-03    9.54e-03    2.00e-01        6.57
  38      -458.775975523   -3.35e-07    3.68e-05    1.13e-04    2.60e-03    1.04e-02    2.00e-01        6.48
  39      -458.775975661   -1.38e-07    2.25e-05    7.93e-05    8.87e-04    5.16e-03    2.00e-01        6.54
  40      -458.775975932   -2.71e-07    1.64e-05    5.96e-05    1.73e-03    7.40e-03    2.00e-01        6.53
  41      -458.775976147   -2.15e-07    2.26e-05    6.31e-05    1.47e-03    3.50e-03    2.00e-01        6.17
  42      -458.775976320   -1.73e-07    3.04e-05    1.06e-04    3.42e-03    5.99e-03    2.00e-01        6.43
  43      -458.775976606   -2.86e-07    2.81e-05    9.75e-05    3.35e-03    4.18e-03    2.00e-01        6.17
  44      -458.775976935   -3.29e-07    1.88e-05    6.48e-05    3.01e-03    3.78e-03    2.00e-01        6.72
  45      -458.775976984   -4.85e-08    1.43e-05    5.73e-05    1.59e-03    2.85e-03    2.00e-01        6.65
  46      -458.775977179   -1.95e-07    1.41e-05    4.52e-05    8.16e-04    1.78e-03    2.00e-01        6.42
  47      -458.775977176    3.07e-09    1.29e-05    3.90e-05    6.35e-04    1.63e-03    3.17e-04        6.26
  48      -458.775977243   -6.75e-08    1.20e-05    2.56e-05    3.17e-04    1.24e-03    4.49e-04        6.29
  49      -458.775977283   -4.01e-08    1.28e-05    4.25e-05    4.48e-04    2.27e-03    4.49e-04        6.81
  50      -458.775977419   -1.36e-07    1.61e-05    5.39e-05    4.48e-04    2.57e-03    6.35e-04        6.53
  51      -458.775977561   -1.42e-07    2.18e-05    6.44e-05    6.33e-04    4.25e-03    8.97e-04        6.48
  52      -458.775977755   -1.94e-07    2.98e-05    8.23e-05    8.96e-04    6.48e-03    1.27e-03        6.48
  53      -458.775978001   -2.46e-07    3.96e-05    1.15e-04    1.27e-03    1.05e-02    1.79e-03        6.55
  54      -458.775978417   -4.15e-07    4.97e-05    1.46e-04    1.79e-03    1.73e-02    2.54e-03        6.55
  55      -458.775978904   -4.87e-07    5.32e-05    1.54e-04    2.11e-03    2.59e-02    3.59e-03        6.53
  56      -458.775979464   -5.60e-07    4.25e-05    1.33e-04    1.44e-03    2.07e-02    3.59e-03        6.55
  57      -458.775980113   -6.49e-07    1.67e-05    5.12e-05    2.36e-03    2.25e-02    3.59e-03        6.65
  58      -458.775980403   -2.89e-07    1.83e-05    5.47e-05    2.01e-03    5.58e-03    3.59e-03        6.58
  59      -458.775980624   -2.21e-07    2.39e-05    6.20e-05    1.93e-03    1.83e-03    3.59e-03        6.29
  60      -458.775980781   -1.58e-07    2.04e-05    6.45e-05    1.83e-03    1.89e-03    3.59e-03        6.10
  61      -458.775980819   -3.74e-08    1.07e-05    4.19e-05    1.14e-03    2.10e-03    3.59e-03        6.18
  62      -458.775980873   -5.39e-08    5.05e-06    1.29e-05    6.79e-04    3.29e-03    3.59e-03        6.52
  63      -458.775980846    2.68e-08    5.24e-06    1.58e-05    5.15e-04    3.07e-03    2.57e-04        6.42
  64      -458.775980888   -4.18e-08    4.78e-06    1.48e-05    2.57e-04    1.54e-03    3.64e-04        6.17
  65      -458.775980877    1.11e-08    3.90e-06    1.41e-05    3.64e-04    2.01e-03    1.82e-04        6.09
  66      -458.775980928   -5.15e-08    3.90e-06    1.41e-05    1.82e-04    9.45e-04    2.57e-04        6.21
 Geometry optimization stopped:          thresholds achieved

 Final energy:                        -458.775980928

 -----------
  Final XYZ 
 -----------
18
Final structure: -458.776 hartree
O           -1.623754160         -0.029807252          1.272971208
H           -0.732368906         -0.438547233          1.538114753
H           -2.237047165         -0.179236635          2.009612812
O           -1.574745880         -0.534697258         -1.441648031
H           -1.814222573         -0.514970438         -0.480298729
H           -2.310951792         -0.967271973         -1.903088416
O           -0.547050558          2.038160317         -0.385642860
H           -1.003176381          1.606687714          0.371130126
H           -0.884311230          1.525459798         -1.146773800
O            0.799790712         -1.025291200          1.672712982
H            0.904583928         -1.477988134          0.792993364
H            1.379322682         -0.244517065          1.550888840
O            1.111761561         -1.565913110         -1.044249472
H            0.215397720         -1.316771916         -1.360705804
H            1.600939990         -0.716582808         -1.020499148
O            1.978768206          1.049464122         -0.007824289
H            1.117345622          1.526915964         -0.171940490
H            2.681955224          1.709169104         -0.117192044

 Structure in entos input format:

  structure(
    xyz = [
      ['O'  ,         -1.623754160,         -0.029807252,          1.272971208],
      ['H'  ,         -0.732368906,         -0.438547233,          1.538114753],
      ['H'  ,         -2.237047165,         -0.179236635,          2.009612812],
      ['O'  ,         -1.574745880,         -0.534697258,         -1.441648031],
      ['H'  ,         -1.814222573,         -0.514970438,         -0.480298729],
      ['H'  ,         -2.310951792,         -0.967271973,         -1.903088416],
      ['O'  ,         -0.547050558,          2.038160317,         -0.385642860],
      ['H'  ,         -1.003176381,          1.606687714,          0.371130126],
      ['H'  ,         -0.884311230,          1.525459798,         -1.146773800],
      ['O'  ,          0.799790712,         -1.025291200,          1.672712982],
      ['H'  ,          0.904583928,         -1.477988134,          0.792993364],
      ['H'  ,          1.379322682,         -0.244517065,          1.550888840],
      ['O'  ,          1.111761561,         -1.565913110,         -1.044249472],
      ['H'  ,          0.215397720,         -1.316771916,         -1.360705804],
      ['H'  ,          1.600939990,         -0.716582808,         -1.020499148],
      ['O'  ,          1.978768206,          1.049464122,         -0.007824289],
      ['H'  ,          1.117345622,          1.526915964,         -0.171940490],
      ['H'  ,          2.681955224,          1.709169104,         -0.117192044]
    ]
  )

 --------------------------------
  Geometry optimization finished 
 --------------------------------
 Saving results in set 'opt'

 --------------------------------------------------------------------------------
                                 command: hessian                                
 --------------------------------------------------------------------------------

WARNING: semianalytic method is specified for dft hessian, which is not efficient. Try switching to 'method = analytic'


 -------------------------------
  Numerical Geometrical Hessian 
 -------------------------------

 Compute hessian using two-point central differentiation.
 Step size (bohr):                       0.0100

 Frequencies (including translational and rotational modes):
 mode    frequency (cm-1)
    0                0.10 i (imaginary)
    1                0.04 i (imaginary)
    2                0.03 i (imaginary)
    3                7.01
    4               14.18
    5               15.33
    6               66.42
    7               80.83
    8               85.66
    9               89.77
   10               92.88
   11              147.06
   12              174.80
   13              182.32
   14              217.16
   15              227.13
   16              247.85
   17              254.68
   18              275.36
   19              291.13
   20              306.11
   21              380.39
   22              405.23
   23              445.53
   24              463.63
   25              491.20
   26              520.08
   27              554.37
   28              580.31
   29              644.47
   30              667.81
   31              705.40
   32              750.06
   33              859.01
   34              901.07
   35             1061.25
   36             1602.54
   37             1614.67
   38             1618.16
   39             1646.87
   40             1661.40
   41             1683.20
   42             2884.33
   43             3191.28
   44             3287.95
   45             3332.73
   46             3487.62
   47             3496.68
   48             3554.40
   49             3574.85
   50             3613.47
   51             3722.08
   52             3722.36
   53             3724.18

 Project out translational and rotational motions 

 Degrees of freedom for translational and rotational motions: 6

 Vibrational frequencies:
 mode    frequency (cm-1)
    0               66.32
    1               80.64
    2               85.53
    3               89.66
    4               92.85
    5              147.05
    6              174.80
    7              182.32
    8              217.15
    9              227.12
   10              247.84
   11              254.67
   12              275.35
   13              291.12
   14              306.11
   15              380.39
   16              405.22
   17              445.53
   18              463.61
   19              491.20
   20              520.07
   21              554.37
   22              580.30
   23              644.47
   24              667.81
   25              705.40
   26              750.06
   27              859.01
   28              901.07
   29             1061.25
   30             1602.54
   31             1614.67
   32             1618.16
   33             1646.87
   34             1661.40
   35             1683.20
   36             2884.33
   37             3191.28
   38             3287.95
   39             3332.73
   40             3487.62
   41             3496.68
   42             3554.40
   43             3574.85
   44             3613.47
   45             3722.08
   46             3722.36
   47             3724.18

 --------------------------------------------------------------------------------

 End time:                               Thu Jun 10 06:03:08 2021
 Total wall-clock time:               1179.781 seconds
==================================================================================
